   1: variable x,y;
   2: parameter b;
   3: function y=3.41*(x^b);
   4: Plot xlabel="x-Achse",ylabel="y-Achse";
   5: data;

Beginning computation...
Stopped due to: Relative function convergence.


   ----  Final Results  ----

NLREG version 5.4
Copyright (c) 1992-2002 Phillip H. Sherrod.  All rights reserved.
This is a registered copy of NLREG that may not be redistributed.

Number of observations = 3
Maximum allowed number of iterations = 500
Convergence tolerance factor = 1.000000E-010
Stopped due to: Relative function convergence.
Number of iterations performed = 8
Final sum of squared deviations = 1.1843971E-001
Final sum of deviations = -1.1345147E-001
Standard error of estimate = 0.243351
Average deviation = 0.157765
Maximum deviation for any observation = 0.293373
Proportion of variance explained (R^2) = 0.7599  (75.99%)
Adjusted coefficient of multiple determination (Ra^2) = 0.7599  (75.99%)
Durbin-Watson test for autocorrelation = 2.618
Parameter values will be written to C:\Users\peleg\OneDrive\doktorát\experiment_disertace\výsledky\fin_výsl\syntax\typ2\VKF2\dop_VKF2\vysl_trunc_VKF2_dop\param_trunc_VKF2_dop_01.par
Analysis completed  4-Jan-2023 19:54.  Runtime = 0.00 seconds.


             ----  Descriptive Statistics for Variables  ----

 Variable    Minimum value   Maximum value    Mean value     Standard dev.
----------  --------------  --------------  --------------  --------------
         x               1            3.84            2.28        1.440555
         y            2.54            3.41        2.836667       0.4966219


                   ----  Calculated Parameter Values  ----

 Parameter  Initial guess   Final estimate   Standard error      t      Prob(t)
----------  -------------  ----------------  --------------  ---------  -------
         b              1      -0.267251075      0.06477978      -4.13  0.05404

