   1: variable x,y;
   2: parameter b;
   3: function y=2.85*(x^b);
   4: Plot xlabel="x-Achse",ylabel="y-Achse";
   5: data;

Beginning computation...
Stopped due to: Relative function convergence.


   ----  Final Results  ----

NLREG version 5.4
Copyright (c) 1992-2002 Phillip H. Sherrod.  All rights reserved.
This is a registered copy of NLREG that may not be redistributed.

Number of observations = 3
Maximum allowed number of iterations = 500
Convergence tolerance factor = 1.000000E-010
Stopped due to: Relative function convergence.
Number of iterations performed = 8
Final sum of squared deviations = 2.3707691E-001
Final sum of deviations = -1.7879196E-001
Standard error of estimate = 0.344294
Average deviation = 0.221657
Maximum deviation for any observation = 0.421882
Proportion of variance explained (R^2) = 0.3682  (36.82%)
Adjusted coefficient of multiple determination (Ra^2) = 0.3682  (36.82%)
Durbin-Watson test for autocorrelation = 2.616
Parameter values will be written to C:\Users\peleg\OneDrive\doktorát\experiment_disertace\výsledky\fin_výsl\syntax\typ2\VKF2\dop_VKF2\vysl_trunc_VKF2_dop\param_trunc_VKF2_dop_05.par
Analysis completed  4-Jan-2023 19:54.  Runtime = 0.00 seconds.


             ----  Descriptive Statistics for Variables  ----

 Variable    Minimum value   Maximum value    Mean value     Standard dev.
----------  --------------  --------------  --------------  --------------
         x               1            4.18        2.393333        1.626079
         y               2            2.85        2.376667       0.4331666


                   ----  Calculated Parameter Values  ----

 Parameter  Initial guess   Final estimate   Standard error      t      Prob(t)
----------  -------------  ----------------  --------------  ---------  -------
         b              1      -0.234833471       0.1023937      -2.29  0.14882

