   1: variable x,y;
   2: parameter b;
   3: function y=2.81*(x^b);
   4: Plot xlabel="x-Achse",ylabel="y-Achse";
   5: data;

Beginning computation...
Stopped due to: Relative function convergence.


   ----  Final Results  ----

NLREG version 5.4
Copyright (c) 1992-2002 Phillip H. Sherrod.  All rights reserved.
This is a registered copy of NLREG that may not be redistributed.

Number of observations = 3
Maximum allowed number of iterations = 500
Convergence tolerance factor = 1.000000E-010
Stopped due to: Relative function convergence.
Number of iterations performed = 7
Final sum of squared deviations = 7.7067734E-003
Final sum of deviations = 3.6644929E-002
Standard error of estimate = 0.0620757
Average deviation = 0.03954
Maximum deviation for any observation = 0.0776324
Proportion of variance explained (R^2) = 0.6798  (67.98%)
Adjusted coefficient of multiple determination (Ra^2) = 0.6798  (67.98%)
Durbin-Watson test for autocorrelation = 2.608
Parameter values will be written to C:\Users\peleg\OneDrive\doktorát\experiment_disertace\výsledky\fin_výsl\syntax\typ2\VKF2\dop_VKF2\vysl_trunc_VKF2_dop\param_trunc_VKF2_dop_03.par
Analysis completed  4-Jan-2023 19:54.  Runtime = 0.00 seconds.


             ----  Descriptive Statistics for Variables  ----

 Variable    Minimum value   Maximum value    Mean value     Standard dev.
----------  --------------  --------------  --------------  --------------
         x               1            3.85        2.283333        1.445971
         y            2.62            2.81        2.746667       0.1096966


                   ----  Calculated Parameter Values  ----

 Parameter  Initial guess   Final estimate   Standard error      t      Prob(t)
----------  -------------  ----------------  --------------  ---------  -------
         b              1     -0.0404185649      0.01530284      -2.64  0.11842

