   1: variable x,y;
   2: parameter b;
   3: function y=2.67*(x^b);
   4: Plot xlabel="x-Achse",ylabel="y-Achse";
   5: data;

Beginning computation...
Stopped due to: Relative function convergence.


   ----  Final Results  ----

NLREG version 5.4
Copyright (c) 1992-2002 Phillip H. Sherrod.  All rights reserved.
This is a registered copy of NLREG that may not be redistributed.

Number of observations = 3
Maximum allowed number of iterations = 500
Convergence tolerance factor = 1.000000E-010
Stopped due to: Relative function convergence.
Number of iterations performed = 7
Final sum of squared deviations = 3.7880415E-003
Final sum of deviations = 3.4562864E-002
Standard error of estimate = 0.0435203
Average deviation = 0.0266281
Maximum deviation for any observation = 0.0572236
Proportion of variance explained (R^2) = 0.9862  (98.62%)
Adjusted coefficient of multiple determination (Ra^2) = 0.9862  (98.62%)
Durbin-Watson test for autocorrelation = 2.549
Parameter values will be written to C:\Users\peleg\OneDrive\doktorát\experiment_disertace\výsledky\fin_výsl\syntax\typ2\VKF2\dop_VKF2\vysl_trunc_VKF2_dop\param_trunc_VKF2_dop_06.par
Analysis completed  4-Jan-2023 19:54.  Runtime = 0.00 seconds.


             ----  Descriptive Statistics for Variables  ----

 Variable    Minimum value   Maximum value    Mean value     Standard dev.
----------  --------------  --------------  --------------  --------------
         x               1             4.6        2.533333        1.858315
         y            2.67            3.41        3.043333        0.370045


                   ----  Calculated Parameter Values  ----

 Parameter  Initial guess   Final estimate   Standard error      t      Prob(t)
----------  -------------  ----------------  --------------  ---------  -------
         b              1       0.164644776     0.007724286      21.32  0.00219

