   1: variable x,y;
   2: parameter a,b;
   3: function y=a*(x^b);
   4: Plot xlabel="x-Achse",ylabel="y-Achse";
   5: data;

Beginning computation...
Stopped due to: Parameter convergence.


   ----  Final Results  ----

NLREG version 5.4
Copyright (c) 1992-2002 Phillip H. Sherrod.  All rights reserved.
This is a registered copy of NLREG that may not be redistributed.

Number of observations = 2
Maximum allowed number of iterations = 500
Convergence tolerance factor = 1.000000E-010
Stopped due to: Parameter convergence.
Number of iterations performed = 7
Final sum of squared deviations = 1.9721523E-031
Final sum of deviations = -4.4408921E-016
Average deviation = 2.22045E-016
Maximum deviation for any observation = 4.44089E-016
Proportion of variance explained (R^2) = 1.0000  (100.00%)
Adjusted coefficient of multiple determination (Ra^2) = 0.0000  (0.00%)
Durbin-Watson test for autocorrelation = 1.000
Parameter values will be written to C:\Users\peleg\OneDrive\doktorát\experiment_disertace\výsledky\fin_výsl\syntax\typ2\VKF2\dop_VKF2\vysl_trunc_VKF2_dop\param_trunc_VKF2_dop_08.par
Analysis completed  4-Jan-2023 19:54.  Runtime = 0.00 seconds.


             ----  Descriptive Statistics for Variables  ----

 Variable    Minimum value   Maximum value    Mean value     Standard dev.
----------  --------------  --------------  --------------  --------------
         x            1.59             3.8           2.695        1.562706
         y            2.68            2.89           2.785       0.1484924


  ----  Calculated Parameter Values  ----

 Parameter  Initial guess   Final estimate 
----------  -------------  ----------------
         a              1        3.00840329
         b              1     -0.0865862052


----  Analysis of Variance  ----

  Source     DF   Sum of Squares
----------  ----  --------------
Regression     1         0.02205
Error          0   1.972152E-031
Total          1         0.02205

