   1: variable x,y;
   2: parameter b;
   3: function y=3.46*(x^b);
   4: Plot xlabel="x-Achse",ylabel="y-Achse";
   5: data;

Beginning computation...
Stopped due to: Both parameter and relative function convergence.


   ----  Final Results  ----

NLREG version 5.4
Copyright (c) 1992-2002 Phillip H. Sherrod.  All rights reserved.
This is a registered copy of NLREG that may not be redistributed.

Number of observations = 3
Maximum allowed number of iterations = 500
Convergence tolerance factor = 1.000000E-010
Stopped due to: Both parameter and relative function convergence.
Number of iterations performed = 9
Final sum of squared deviations = 4.0233291E-002
Final sum of deviations = -6.6493615E-002
Standard error of estimate = 0.141833
Average deviation = 0.091921
Maximum deviation for any observation = 0.171128
Proportion of variance explained (R^2) = 0.9031  (90.31%)
Adjusted coefficient of multiple determination (Ra^2) = 0.9031  (90.31%)
Durbin-Watson test for autocorrelation = 2.618
Parameter values will be written to C:\Users\peleg\OneDrive\doktorát\experiment_disertace\výsledky\fin_výsl\syntax\typ2\VKF2\dop_VKF2\vysl_trunc_VKF2_dop\param_trunc_VKF2_dop_09.par
Analysis completed  4-Jan-2023 19:54.  Runtime = 0.00 seconds.


             ----  Descriptive Statistics for Variables  ----

 Variable    Minimum value   Maximum value    Mean value     Standard dev.
----------  --------------  --------------  --------------  --------------
         x               1            3.75            2.25        1.391941
         y            2.61            3.46            2.94       0.4557412


                   ----  Calculated Parameter Values  ----

 Parameter  Initial guess   Final estimate   Standard error      t      Prob(t)
----------  -------------  ----------------  --------------  ---------  -------
         b              1      -0.244246332      0.03654134      -6.68  0.02166

