   1: variable x,y;
   2: parameter a,b;
   3: function y=a*(x^b);
   4: Plot xlabel="x-Achse",ylabel="y-Achse";
   5: data;

Beginning computation...
Stopped due to: Relative function convergence.


   ----  Final Results  ----

NLREG version 5.4
Copyright (c) 1992-2002 Phillip H. Sherrod.  All rights reserved.
This is a registered copy of NLREG that may not be redistributed.

Number of observations = 3
Maximum allowed number of iterations = 500
Convergence tolerance factor = 1.000000E-010
Stopped due to: Relative function convergence.
Number of iterations performed = 9
Final sum of squared deviations = 1.6540249E-001
Final sum of deviations = 2.3504032E-003
Standard error of estimate = 0.406697
Average deviation = 0.221238
Maximum deviation for any observation = 0.330681
Proportion of variance explained (R^2) = 0.4818  (48.18%)
Adjusted coefficient of multiple determination (Ra^2) = -0.0364  (-3.64%)
Durbin-Watson test for autocorrelation = 2.993
Parameter values will be written to C:\Users\peleg\OneDrive\doktorát\experiment_disertace\výsledky\fin_výsl\zvukové_jednotky\VKT\dop_VKT\tokens_dop_VKT\vysl_trunc_VKT_tokens_dop\param_trunc_tokens_dop_05.par
Analysis completed 21-Feb-2023 07:46.  Runtime = 0.00 seconds.


             ----  Descriptive Statistics for Variables  ----

 Variable    Minimum value   Maximum value    Mean value     Standard dev.
----------  --------------  --------------  --------------  --------------
         x            1.45             7.7            4.15         3.21053
         y            2.08            2.86            2.42       0.3994997


                   ----  Calculated Parameter Values  ----

 Parameter  Initial guess   Final estimate   Standard error      t      Prob(t)
----------  -------------  ----------------  --------------  ---------  -------
         a              1          2.858339       0.5201714       5.49  0.11460
         b              1      -0.142665297       0.1439848      -0.99  0.50293


                  ----  Analysis of Variance  ----

  Source     DF   Sum of Squares    Mean Square    F value   Prob(F)
----------  ----  --------------  --------------  ---------  -------
Regression     1       0.1537975       0.1537975       0.93  0.51158
Error          1       0.1654025       0.1654025
Total          2          0.3192

