   1: variable x,y;
   2: parameter b;
   3: function y=3.91*(x^b);
   4: Plot xlabel="x-Achse",ylabel="y-Achse";
   5: data;

Beginning computation...
Stopped due to: Both parameter and relative function convergence.


   ----  Final Results  ----

NLREG version 5.4
Copyright (c) 1992-2002 Phillip H. Sherrod.  All rights reserved.
This is a registered copy of NLREG that may not be redistributed.

Number of observations = 3
Maximum allowed number of iterations = 500
Convergence tolerance factor = 1.000000E-010
Stopped due to: Both parameter and relative function convergence.
Number of iterations performed = 12
Final sum of squared deviations = 1.3756134E-001
Final sum of deviations = -1.3539394E-001
Standard error of estimate = 0.262261
Average deviation = 0.168915
Maximum deviation for any observation = 0.32107
Proportion of variance explained (R^2) = 0.8673  (86.73%)
Adjusted coefficient of multiple determination (Ra^2) = 0.8673  (86.73%)
Durbin-Watson test for autocorrelation = 2.616
Parameter values will be written to C:\Users\peleg\OneDrive\doktorát\experiment_disertace\výsledky\fin_výsl\zvukové_jednotky\VKT\dop_VKT\tokens_dop_VKT\vysl_trunc_VKT_tokens_dop\param_trunc_tokens_dop_06.par
Analysis completed 21-Feb-2023 07:46.  Runtime = 0.00 seconds.


             ----  Descriptive Statistics for Variables  ----

 Variable    Minimum value   Maximum value    Mean value     Standard dev.
----------  --------------  --------------  --------------  --------------
         x               1            7.33            3.57        3.328558
         y            2.55            3.91        3.093333       0.7200231


                   ----  Calculated Parameter Values  ----

 Parameter  Initial guess   Final estimate   Standard error      t      Prob(t)
----------  -------------  ----------------  --------------  ---------  -------
         b              1      -0.252535819      0.04820515      -5.24  0.03456

