   1: variable x,y;
   2: parameter a,b;
   3: function y=a*(x^b);
   4: Plot xlabel="x-Achse",ylabel="y-Achse";
   5: data;

Beginning computation...
Stopped due to: Relative function convergence.


   ----  Final Results  ----

NLREG version 5.4
Copyright (c) 1992-2002 Phillip H. Sherrod.  All rights reserved.
This is a registered copy of NLREG that may not be redistributed.

Number of observations = 4
Maximum allowed number of iterations = 500
Convergence tolerance factor = 1.000000E-010
Stopped due to: Relative function convergence.
Number of iterations performed = 8
Final sum of squared deviations = 1.0744263E-001
Final sum of deviations = 3.4141231E-005
Standard error of estimate = 0.231779
Average deviation = 0.163707
Maximum deviation for any observation = 0.173608
Proportion of variance explained (R^2) = 0.0292  (2.92%)
Adjusted coefficient of multiple determination (Ra^2) = -0.4562  (-45.62%)
Durbin-Watson test for autocorrelation = 2.000
Parameter values will be written to C:\Users\peleg\OneDrive\doktorát\experiment_disertace\výsledky\fin_výsl\zvukové_jednotky\VKT\dop_VKT\tokens_dop_VKT\vysl_trunc_VKT_tokens_dop\param_trunc_tokens_dop_01.par
Analysis completed 21-Feb-2023 07:46.  Runtime = 0.00 seconds.


             ----  Descriptive Statistics for Variables  ----

 Variable    Minimum value   Maximum value    Mean value     Standard dev.
----------  --------------  --------------  --------------  --------------
         x            1.75            8.38          4.3825        2.876437
         y            2.52             2.9          2.6875        0.192072


                   ----  Calculated Parameter Values  ----

 Parameter  Initial guess   Final estimate   Standard error      t      Prob(t)
----------  -------------  ----------------  --------------  ---------  -------
         a              1        2.75563897       0.2967431       9.29  0.01140
         b              1      -0.019067089      0.07567069      -0.25  0.82459


                  ----  Analysis of Variance  ----

  Source     DF   Sum of Squares    Mean Square    F value   Prob(F)
----------  ----  --------------  --------------  ---------  -------
Regression     1     0.003232372     0.003232372       0.06  0.82910
Error          2       0.1074426      0.05372131
Total          3        0.110675

