   1: variable x,y;
   2: parameter b;
   3: function y=3.17*(x^b);
   4: Plot xlabel="x-Achse",ylabel="y-Achse";
   5: data;

Beginning computation...
Stopped due to: Both parameter and relative function convergence.


   ----  Final Results  ----

NLREG version 5.4
Copyright (c) 1992-2002 Phillip H. Sherrod.  All rights reserved.
This is a registered copy of NLREG that may not be redistributed.

Number of observations = 10
Maximum allowed number of iterations = 500
Convergence tolerance factor = 1.000000E-010
Stopped due to: Both parameter and relative function convergence.
Number of iterations performed = 11
Final sum of squared deviations = 3.2809698E-001
Final sum of deviations = -3.7040247E-001
Standard error of estimate = 0.190933
Average deviation = 0.154998
Maximum deviation for any observation = 0.327099
Proportion of variance explained (R^2) = 0.2426  (24.26%)
Adjusted coefficient of multiple determination (Ra^2) = 0.2426  (24.26%)
Durbin-Watson test for autocorrelation = 1.304
Parameter values will be written to C:\Users\peleg\OneDrive\doktorát\experiment_disertace\výsledky\fin_výsl\zvukové_jednotky\VKT\dop_VKT\tokens_dop_VKT\vysl_trunc_VKT_tokens_dop\param_trunc_tokens_dop_slouè.par
Analysis completed 21-Feb-2023 07:46.  Runtime = 0.00 seconds.


             ----  Descriptive Statistics for Variables  ----

 Variable    Minimum value   Maximum value    Mean value     Standard dev.
----------  --------------  --------------  --------------  --------------
         x               1              13           5.831        3.646467
         y            2.36            3.17           2.628        0.219383


                   ----  Calculated Parameter Values  ----

 Parameter  Initial guess   Final estimate   Standard error      t      Prob(t)
----------  -------------  ----------------  --------------  ---------  -------
         b              1      -0.115011224      0.01404683      -8.19  0.00002

