   1: variable x,y;
   2: parameter a,b;
   3: function y=a*(x^b);
   4: Plot xlabel="x-Achse",ylabel="y-Achse";
   5: data;

Beginning computation...
Stopped due to: Parameter convergence.


   ----  Final Results  ----

NLREG version 5.4
Copyright (c) 1992-2002 Phillip H. Sherrod.  All rights reserved.
This is a registered copy of NLREG that may not be redistributed.

Number of observations = 2
Maximum allowed number of iterations = 500
Convergence tolerance factor = 1.000000E-010
Stopped due to: Parameter convergence.
Number of iterations performed = 8
Final sum of squared deviations = 1.6763294E-029
Final sum of deviations = -3.1086245E-015
Average deviation = 2.44249E-015
Maximum deviation for any observation = 3.9968E-015
Proportion of variance explained (R^2) = 1.0000  (100.00%)
Adjusted coefficient of multiple determination (Ra^2) = 0.0000  (0.00%)
Durbin-Watson test for autocorrelation = 1.424
Parameter values will be written to C:\Users\peleg\OneDrive\doktorát\experiment_disertace\výsledky\fin_výsl\zvukové_jednotky\VKT\dop_VKT\tokens_dop_VKT\vysl_trunc_VKT_tokens_dop\param_trunc_tokens_dop_10.par
Analysis completed 21-Feb-2023 07:46.  Runtime = 0.00 seconds.


             ----  Descriptive Statistics for Variables  ----

 Variable    Minimum value   Maximum value    Mean value     Standard dev.
----------  --------------  --------------  --------------  --------------
         x            1.45             5.9           3.675        3.146625
         y             2.6            2.63           2.615       0.0212132


  ----  Calculated Parameter Values  ----

 Parameter  Initial guess   Final estimate 
----------  -------------  ----------------
         a              1        2.63800064
         b              1    -0.00817478464


----  Analysis of Variance  ----

  Source     DF   Sum of Squares
----------  ----  --------------
Regression     1         0.00045
Error          0   1.676329E-029
Total          1         0.00045

