   1: variable x,y;
   2: parameter a,b,c;
   3: function y=a*(x^b)*exp(c*x);
   4: Plot xlabel="x-Achse",ylabel="y-Achse";
   5: data;

Beginning computation...
Stopped due to: Relative function convergence.


   ----  Final Results  ----

NLREG version 5.4
Copyright (c) 1992-2002 Phillip H. Sherrod.  All rights reserved.
This is a registered copy of NLREG that may not be redistributed.

Number of observations = 11
Maximum allowed number of iterations = 500
Convergence tolerance factor = 1.000000E-010
Stopped due to: Relative function convergence.
Number of iterations performed = 46
Final sum of squared deviations = 4.0161161E-002
Final sum of deviations = -2.6238103E-004
Standard error of estimate = 0.070853
Average deviation = 0.0493761
Maximum deviation for any observation = 0.112672
Proportion of variance explained (R^2) = 0.7721  (77.21%)
Adjusted coefficient of multiple determination (Ra^2) = 0.7152  (71.52%)
Durbin-Watson test for autocorrelation = 1.212
Parameter values will be written to C:\Users\peleg\OneDrive\doktorát\experiment_disertace\výsledky\fin_výsl\syntax\typ1\KSM1_oprava\poh_KSM1\vysl_compl_KSM1_poh\param_compl_KSM1_poh_08.par
Analysis completed  5-Apr-2023 12:16.  Runtime = 0.00 seconds.


             ----  Descriptive Statistics for Variables  ----

 Variable    Minimum value   Maximum value    Mean value     Standard dev.
----------  --------------  --------------  --------------  --------------
         x               1            17.4        6.654545        4.661408
         y            2.01            2.44        2.196364       0.1327609


                   ----  Calculated Parameter Values  ----

 Parameter  Initial guess   Final estimate   Standard error      t      Prob(t)
----------  -------------  ----------------  --------------  ---------  -------
         a              1        2.45513273      0.05557449      44.18  0.00001
         b              1     -0.0939401033      0.02898586      -3.24  0.01186
         c              1     0.00622974521     0.005280719       1.18  0.27200


                  ----  Analysis of Variance  ----

  Source     DF   Sum of Squares    Mean Square    F value   Prob(F)
----------  ----  --------------  --------------  ---------  -------
Regression     2       0.1360934      0.06804669      13.55  0.00270
Error          8      0.04016116     0.005020145
Total         10       0.1762545

