   1: variable x,y;
   2: parameter a,b,c;
   3: function y=a*(x^b)*exp(-c*x);
   4: Plot xlabel="x-Achse",ylabel="y-Achse";
   5: data;

Beginning computation...
Stopped due to: Relative function convergence.


   ----  Final Results  ----

NLREG version 5.4
Copyright (c) 1992-2002 Phillip H. Sherrod.  All rights reserved.
This is a registered copy of NLREG that may not be redistributed.

Number of observations = 12
Maximum allowed number of iterations = 500
Convergence tolerance factor = 1.000000E-010
Stopped due to: Relative function convergence.
Number of iterations performed = 13
Final sum of squared deviations = 4.5871898E-001
Final sum of deviations = 3.2276701E-002
Standard error of estimate = 0.225763
Average deviation = 0.169983
Maximum deviation for any observation = 0.327692
Proportion of variance explained (R^2) = 0.8359  (83.59%)
Adjusted coefficient of multiple determination (Ra^2) = 0.7995  (79.95%)
Durbin-Watson test for autocorrelation = 1.227
Parameter values will be written to C:\Users\peleg\OneDrive\doktorát\experiment_disertace\výsledky\fin_výsl\syntax\typ1\KSM1\poh_KSM1\vysl_compl_KSM1_poh_minus_c\param_compl_KSM1_poh_03_minus_c.par
Analysis completed 13-Apr-2023 16:12.  Runtime = 0.00 seconds.


             ----  Descriptive Statistics for Variables  ----

 Variable    Minimum value   Maximum value    Mean value     Standard dev.
----------  --------------  --------------  --------------  --------------
         x               1            23.7        7.528333         6.04581
         y            2.17               4        2.451667       0.5041434


                   ----  Calculated Parameter Values  ----

 Parameter  Initial guess   Final estimate   Standard error      t      Prob(t)
----------  -------------  ----------------  --------------  ---------  -------
         a              1        3.59048593       0.1810741      19.83  0.00001
         b              1      -0.393558992      0.05819815      -6.76  0.00008
         c              1     -0.0375155465       0.0090251      -4.16  0.00246


                  ----  Analysis of Variance  ----

  Source     DF   Sum of Squares    Mean Square    F value   Prob(F)
----------  ----  --------------  --------------  ---------  -------
Regression     2        2.337048        1.168524      22.93  0.00029
Error          9        0.458719      0.05096878
Total         11        2.795767

