   1: variable x,y;
   2: parameter a,b,c;
   3: function y=a*(x^b)*exp(-c*x);
   4: Plot xlabel="x-Achse",ylabel="y-Achse";
   5: data;

Beginning computation...
Stopped due to: Both parameter and relative function convergence.


   ----  Final Results  ----

NLREG version 5.4
Copyright (c) 1992-2002 Phillip H. Sherrod.  All rights reserved.
This is a registered copy of NLREG that may not be redistributed.

Number of observations = 13
Maximum allowed number of iterations = 500
Convergence tolerance factor = 1.000000E-010
Stopped due to: Both parameter and relative function convergence.
Number of iterations performed = 13
Final sum of squared deviations = 1.0374371E-001
Final sum of deviations = 7.9527691E-003
Standard error of estimate = 0.101855
Average deviation = 0.0764837
Maximum deviation for any observation = 0.187303
Proportion of variance explained (R^2) = 0.9323  (93.23%)
Adjusted coefficient of multiple determination (Ra^2) = 0.9188  (91.88%)
Durbin-Watson test for autocorrelation = 1.580
Parameter values will be written to C:\Users\peleg\OneDrive\doktorát\experiment_disertace\výsledky\fin_výsl\syntax\typ1\KSM1\poh_KSM1\vysl_compl_KSM1_poh_minus_c\param_compl_KSM1_poh_06_minus_c.par
Analysis completed 13-Apr-2023 16:12.  Runtime = 0.00 seconds.


             ----  Descriptive Statistics for Variables  ----

 Variable    Minimum value   Maximum value    Mean value     Standard dev.
----------  --------------  --------------  --------------  --------------
         x               1           18.09        7.513077        4.848696
         y            2.07            3.44        2.334615       0.3574823


                   ----  Calculated Parameter Values  ----

 Parameter  Initial guess   Final estimate   Standard error      t      Prob(t)
----------  -------------  ----------------  --------------  ---------  -------
         a              1        3.21931549      0.08073082      39.88  0.00001
         b              1      -0.318032189      0.03416432      -9.31  0.00001
         c              1     -0.0309470868     0.006305999      -4.91  0.00062


                  ----  Analysis of Variance  ----

  Source     DF   Sum of Squares    Mean Square    F value   Prob(F)
----------  ----  --------------  --------------  ---------  -------
Regression     2        1.429779       0.7148897      68.91  0.00001
Error         10       0.1037437      0.01037437
Total         12        1.533523

