   1: variable x,y;
   2: parameter a,b,c;
   3: function y=a*(x^b)*exp(c*x);
   4: Plot xlabel="x-Achse",ylabel="y-Achse";
   5: data;

Beginning computation...
Stopped due to: Singular convergence.  Mutually dependent parameters?


   ----  Final Results  ----

NLREG version 5.4
Copyright (c) 1992-2002 Phillip H. Sherrod.  All rights reserved.
This is a registered copy of NLREG that may not be redistributed.

Number of observations = 14
Maximum allowed number of iterations = 500
Convergence tolerance factor = 1.000000E-010
Stopped due to: Singular convergence.  Mutually dependent parameters?
Number of iterations performed = 1
Final sum of squared deviations = 9.1642924E+024
Final sum of deviations = -3.0273115E+012
Standard error of estimate = 9.12753E+011
Average deviation = 2.16237E+011
Maximum deviation for any observation = 3.02726E+012
Parameter values will be written to C:\Users\peleg\OneDrive\doktorát\experiment_disertace\výsledky\fin_výsl\syntax\typ1\KSM1_oprava\poh_KSM1\vysl_compl_KSM1_poh\param_compl_KSM1_poh_09.par
Analysis completed  5-Apr-2023 12:16.  Runtime = 0.00 seconds.


             ----  Descriptive Statistics for Variables  ----

 Variable    Minimum value   Maximum value    Mean value     Standard dev.
----------  --------------  --------------  --------------  --------------
         x               1            25.5        8.497143        6.359012
         y            2.08            3.09        2.312857       0.2374035


  ----  Calculated Parameter Values  ----

 Parameter  Initial guess   Final estimate 
----------  -------------  ----------------
         a              1                 1
         b              1                 1
         c              1                 1


                  ----  Analysis of Variance  ----

  Source     DF   Sum of Squares    Mean Square    F value   Prob(F)
----------  ----  --------------  --------------  ---------  -------
Regression     2               0               0       0.00  1.00000
Error         11   9.164292E+024   8.331175E+023
Total         13       0.7326857

