   1: variable x,y;
   2: parameter a,b,c;
   3: function y=a*(x^b)*exp(-c*x);
   4: Plot xlabel="x-Achse",ylabel="y-Achse";
   5: data;

Beginning computation...
Stopped due to: Relative function convergence.


   ----  Final Results  ----

NLREG version 5.4
Copyright (c) 1992-2002 Phillip H. Sherrod.  All rights reserved.
This is a registered copy of NLREG that may not be redistributed.

Number of observations = 14
Maximum allowed number of iterations = 500
Convergence tolerance factor = 1.000000E-010
Stopped due to: Relative function convergence.
Number of iterations performed = 14
Final sum of squared deviations = 2.2436134E-001
Final sum of deviations = 1.0443834E-002
Standard error of estimate = 0.142816
Average deviation = 0.102115
Maximum deviation for any observation = 0.288528
Proportion of variance explained (R^2) = 0.8607  (86.07%)
Adjusted coefficient of multiple determination (Ra^2) = 0.8353  (83.53%)
Durbin-Watson test for autocorrelation = 2.020
Parameter values will be written to C:\Users\peleg\OneDrive\doktorát\experiment_disertace\výsledky\fin_výsl\syntax\typ1\KSM1\poh_KSM1\vysl_compl_KSM1_poh_minus_c\param_compl_KSM1_poh_10_minus_c.par
Analysis completed 13-Apr-2023 16:12.  Runtime = 0.00 seconds.


             ----  Descriptive Statistics for Variables  ----

 Variable    Minimum value   Maximum value    Mean value     Standard dev.
----------  --------------  --------------  --------------  --------------
         x               1           27.38        8.827143        6.927248
         y            1.85            3.25        2.213571        0.351953


                   ----  Calculated Parameter Values  ----

 Parameter  Initial guess   Final estimate   Standard error      t      Prob(t)
----------  -------------  ----------------  --------------  ---------  -------
         a              1        3.07605239       0.1136556      27.06  0.00001
         b              1      -0.253976564      0.03843424      -6.61  0.00004
         c              1     -0.0155698281     0.005488825      -2.84  0.01618


                  ----  Analysis of Variance  ----

  Source     DF   Sum of Squares    Mean Square    F value   Prob(F)
----------  ----  --------------  --------------  ---------  -------
Regression     2         1.38596         0.69298      33.98  0.00002
Error         11       0.2243613      0.02039649
Total         13        1.610321

