   1: variable x,y;
   2: parameter a,b,c;
   3: function y=a*(x^b)*exp(-c*x);
   4: Plot xlabel="x-Achse",ylabel="y-Achse";
   5: data;

Beginning computation...
Stopped due to: Relative function convergence.


   ----  Final Results  ----

NLREG version 5.4
Copyright (c) 1992-2002 Phillip H. Sherrod.  All rights reserved.
This is a registered copy of NLREG that may not be redistributed.

Number of observations = 14
Maximum allowed number of iterations = 500
Convergence tolerance factor = 1.000000E-010
Stopped due to: Relative function convergence.
Number of iterations performed = 13
Final sum of squared deviations = 1.3827739E-001
Final sum of deviations = 4.4109358E-003
Standard error of estimate = 0.112119
Average deviation = 0.0833315
Maximum deviation for any observation = 0.182183
Proportion of variance explained (R^2) = 0.8113  (81.13%)
Adjusted coefficient of multiple determination (Ra^2) = 0.7770  (77.70%)
Durbin-Watson test for autocorrelation = 1.574
Parameter values will be written to C:\Users\peleg\OneDrive\doktorát\experiment_disertace\výsledky\fin_výsl\syntax\typ1\KSM1\poh_KSM1\vysl_compl_KSM1_poh_minus_c\param_compl_KSM1_poh_09_minus_c.par
Analysis completed 13-Apr-2023 16:12.  Runtime = 0.00 seconds.


             ----  Descriptive Statistics for Variables  ----

 Variable    Minimum value   Maximum value    Mean value     Standard dev.
----------  --------------  --------------  --------------  --------------
         x               1            25.5        8.497143        6.359012
         y            2.08            3.09        2.312857       0.2374035


                   ----  Calculated Parameter Values  ----

 Parameter  Initial guess   Final estimate   Standard error      t      Prob(t)
----------  -------------  ----------------  --------------  ---------  -------
         a              1        2.87490436      0.08758233      32.83  0.00001
         b              1      -0.200411977      0.03083326      -6.50  0.00004
         c              1     -0.0176980681     0.004370322      -4.05  0.00192


                  ----  Analysis of Variance  ----

  Source     DF   Sum of Squares    Mean Square    F value   Prob(F)
----------  ----  --------------  --------------  ---------  -------
Regression     2       0.5944083       0.2972042      23.64  0.00010
Error         11       0.1382774      0.01257067
Total         13       0.7326857

