   1: variable x,y;
   2: parameter b;
   3: function y=3.12*(x^b);
   4: Plot xlabel="x-Achse",ylabel="y-Achse";
   5: data;

Beginning computation...
Stopped due to: Both parameter and relative function convergence.


   ----  Final Results  ----

NLREG version 5.4
Copyright (c) 1992-2002 Phillip H. Sherrod.  All rights reserved.
This is a registered copy of NLREG that may not be redistributed.

Number of observations = 10
Maximum allowed number of iterations = 500
Convergence tolerance factor = 1.000000E-010
Stopped due to: Both parameter and relative function convergence.
Number of iterations performed = 11
Final sum of squared deviations = 3.3920342E-001
Final sum of deviations = -1.6642138E-001
Standard error of estimate = 0.194137
Average deviation = 0.156013
Maximum deviation for any observation = 0.296885
Proportion of variance explained (R^2) = 0.3108  (31.08%)
Adjusted coefficient of multiple determination (Ra^2) = 0.3108  (31.08%)
Durbin-Watson test for autocorrelation = 1.301
Parameter values will be written to C:\Users\peleg\OneDrive\doktorát\experiment_disertace\výsledky\fin_výsl\syntax\typ2\VKF2\poh_VKF2\vysl_trunc_VKF2_poh\param_trunc_VKF2_poh_slouè.par
Analysis completed  4-Jan-2023 19:54.  Runtime = 0.00 seconds.


             ----  Descriptive Statistics for Variables  ----

 Variable    Minimum value   Maximum value    Mean value     Standard dev.
----------  --------------  --------------  --------------  --------------
         x               1           12.93           5.793        3.599327
         y            2.31            3.12            2.74       0.2338566


                   ----  Calculated Parameter Values  ----

 Parameter  Initial guess   Final estimate   Standard error      t      Prob(t)
----------  -------------  ----------------  --------------  ---------  -------
         b              1     -0.0817745846      0.01362118      -6.00  0.00020

