   1: variable x,y;
   2: parameter b;
   3: function y=2.97*(x^b);
   4: Plot xlabel="x-Achse",ylabel="y-Achse";
   5: data;

Beginning computation...
Stopped due to: Relative function convergence.


   ----  Final Results  ----

NLREG version 5.4
Copyright (c) 1992-2002 Phillip H. Sherrod.  All rights reserved.
This is a registered copy of NLREG that may not be redistributed.

Number of observations = 4
Maximum allowed number of iterations = 500
Convergence tolerance factor = 1.000000E-010
Stopped due to: Relative function convergence.
Number of iterations performed = 8
Final sum of squared deviations = 2.9432588E-002
Final sum of deviations = 2.2023738E-002
Standard error of estimate = 0.0990498
Average deviation = 0.0678794
Maximum deviation for any observation = 0.146771
Proportion of variance explained (R^2) = 0.3139  (31.39%)
Adjusted coefficient of multiple determination (Ra^2) = 0.3139  (31.39%)
Durbin-Watson test for autocorrelation = 3.079
Parameter values will be written to C:\Users\peleg\OneDrive\doktorát\experiment_disertace\výsledky\fin_výsl\syntax\typ2\VKF2\poh_VKF2\vysl_trunc_VKF2_poh\param_trunc_VKF2_poh_08.par
Analysis completed  4-Jan-2023 19:54.  Runtime = 0.00 seconds.


             ----  Descriptive Statistics for Variables  ----

 Variable    Minimum value   Maximum value    Mean value     Standard dev.
----------  --------------  --------------  --------------  --------------
         x               1               6               3        2.160247
         y            2.76            3.03           2.905       0.1195826


                   ----  Calculated Parameter Values  ----

 Parameter  Initial guess   Final estimate   Standard error      t      Prob(t)
----------  -------------  ----------------  --------------  ---------  -------
         b              1     -0.0269894834      0.01569576      -1.72  0.18401

