   1: variable x,y;
   2: parameter b;
   3: function y=3.78*(x^b);
   4: Plot xlabel="x-Achse",ylabel="y-Achse";
   5: data;

Beginning computation...
Stopped due to: Relative function convergence.


   ----  Final Results  ----

NLREG version 5.4
Copyright (c) 1992-2002 Phillip H. Sherrod.  All rights reserved.
This is a registered copy of NLREG that may not be redistributed.

Number of observations = 6
Maximum allowed number of iterations = 500
Convergence tolerance factor = 1.000000E-010
Stopped due to: Relative function convergence.
Number of iterations performed = 10
Final sum of squared deviations = 7.0317009E-001
Final sum of deviations = -4.0024623E-001
Standard error of estimate = 0.375012
Average deviation = 0.309546
Maximum deviation for any observation = 0.424312
Proportion of variance explained (R^2) = 0.1671  (16.71%)
Adjusted coefficient of multiple determination (Ra^2) = 0.1671  (16.71%)
Durbin-Watson test for autocorrelation = 0.985
Parameter values will be written to C:\Users\peleg\OneDrive\doktorát\experiment_disertace\výsledky\fin_výsl\syntax\typ2\VKF2\poh_VKF2\vysl_trunc_VKF2_poh\param_trunc_VKF2_poh_09.par
Analysis completed  4-Jan-2023 19:54.  Runtime = 0.00 seconds.


             ----  Descriptive Statistics for Variables  ----

 Variable    Minimum value   Maximum value    Mean value     Standard dev.
----------  --------------  --------------  --------------  --------------
         x               1            7.56            3.76        2.337862
         y            2.68            3.78        3.061667       0.4109217


                   ----  Calculated Parameter Values  ----

 Parameter  Initial guess   Final estimate   Standard error      t      Prob(t)
----------  -------------  ----------------  --------------  ---------  -------
         b              1      -0.172369324      0.04077109      -4.23  0.00827

