   1: variable x,y;
   2: parameter b;
   3: function y=3.3*(x^b);
   4: Plot xlabel="x-Achse",ylabel="y-Achse";
   5: data;

Beginning computation...
Stopped due to: Both parameter and relative function convergence.


   ----  Final Results  ----

NLREG version 5.4
Copyright (c) 1992-2002 Phillip H. Sherrod.  All rights reserved.
This is a registered copy of NLREG that may not be redistributed.

Number of observations = 6
Maximum allowed number of iterations = 500
Convergence tolerance factor = 1.000000E-010
Stopped due to: Both parameter and relative function convergence.
Number of iterations performed = 10
Final sum of squared deviations = 1.5063569E-001
Final sum of deviations = -2.0157059E-001
Standard error of estimate = 0.173572
Average deviation = 0.125203
Maximum deviation for any observation = 0.274823
Proportion of variance explained (R^2) = 0.4717  (47.17%)
Adjusted coefficient of multiple determination (Ra^2) = 0.4717  (47.17%)
Durbin-Watson test for autocorrelation = 1.261
Parameter values will be written to C:\Users\peleg\OneDrive\doktorát\experiment_disertace\výsledky\fin_výsl\syntax\typ2\VKF2\poh_VKF2\vysl_trunc_VKF2_poh\param_trunc_VKF2_poh_01.par
Analysis completed  4-Jan-2023 19:54.  Runtime = 0.00 seconds.


             ----  Descriptive Statistics for Variables  ----

 Variable    Minimum value   Maximum value    Mean value     Standard dev.
----------  --------------  --------------  --------------  --------------
         x               1            7.36        3.726667        2.273382
         y            2.62             3.3        2.843333       0.2388026


                   ----  Calculated Parameter Values  ----

 Parameter  Initial guess   Final estimate   Standard error      t      Prob(t)
----------  -------------  ----------------  --------------  ---------  -------
         b              1      -0.124246821      0.02010017      -6.18  0.00162

