   1: variable x,y;
   2: parameter b;
   3: function y=3.05*(x^b);
   4: Plot xlabel="x-Achse",ylabel="y-Achse";
   5: data;

Beginning computation...
Stopped due to: Relative function convergence.


   ----  Final Results  ----

NLREG version 5.4
Copyright (c) 1992-2002 Phillip H. Sherrod.  All rights reserved.
This is a registered copy of NLREG that may not be redistributed.

Number of observations = 5
Maximum allowed number of iterations = 500
Convergence tolerance factor = 1.000000E-010
Stopped due to: Relative function convergence.
Number of iterations performed = 9
Final sum of squared deviations = 5.0447218E-001
Final sum of deviations = -2.1824262E-001
Standard error of estimate = 0.355131
Average deviation = 0.249948
Maximum deviation for any observation = 0.480721
Parameter values will be written to C:\Users\peleg\OneDrive\doktorát\experiment_disertace\výsledky\fin_výsl\syntax\typ2\VKF2\poh_VKF2\vysl_trunc_VKF2_poh\param_trunc_VKF2_poh_07.par
Analysis completed  4-Jan-2023 19:54.  Runtime = 0.00 seconds.


             ----  Descriptive Statistics for Variables  ----

 Variable    Minimum value   Maximum value    Mean value     Standard dev.
----------  --------------  --------------  --------------  --------------
         x               1            6.94           3.388        2.278754
         y            2.42            3.22            2.84       0.3434385


                   ----  Calculated Parameter Values  ----

 Parameter  Initial guess   Final estimate   Standard error      t      Prob(t)
----------  -------------  ----------------  --------------  ---------  -------
         b              1     -0.0554621626      0.04680487      -1.18  0.30162

