   1: variable x,y;
   2: parameter a,b,c;
   3: function y=a*(x^b)*exp(c*x);
   4: Plot xlabel="x-Achse",ylabel="y-Achse";
   5: data;

Beginning computation...
Stopped due to: Relative function convergence.


   ----  Final Results  ----

NLREG version 5.4
Copyright (c) 1992-2002 Phillip H. Sherrod.  All rights reserved.
This is a registered copy of NLREG that may not be redistributed.

Number of observations = 7
Maximum allowed number of iterations = 500
Convergence tolerance factor = 1.000000E-010
Stopped due to: Relative function convergence.
Number of iterations performed = 17
Final sum of squared deviations = 1.3897689E-002
Final sum of deviations = -5.6411191E-005
Standard error of estimate = 0.0589442
Average deviation = 0.0381778
Maximum deviation for any observation = 0.0786717
Proportion of variance explained (R^2) = 0.8045  (80.45%)
Adjusted coefficient of multiple determination (Ra^2) = 0.7067  (70.67%)
Durbin-Watson test for autocorrelation = 3.027
Parameter values will be written to C:\Users\peleg\OneDrive\doktorát\experiment_disertace\výsledky\fin_výsl\zvukové_jednotky\KTS\stud_KTS\tokens_stud_KTS\vysl_compl_KTS_tokens_stud\param_compl_tokens_stud_05.par
Analysis completed 21-Feb-2023 07:46.  Runtime = 0.00 seconds.


             ----  Descriptive Statistics for Variables  ----

 Variable    Minimum value   Maximum value    Mean value     Standard dev.
----------  --------------  --------------  --------------  --------------
         x               1            7.65        4.092857        2.318841
         y            2.97            3.29        3.108571       0.1088468


                   ----  Calculated Parameter Values  ----

 Parameter  Initial guess   Final estimate   Standard error      t      Prob(t)
----------  -------------  ----------------  --------------  ---------  -------
         a              1        3.24589409      0.04874867      66.58  0.00001
         b              1      -0.104815007      0.03719724      -2.82  0.04793
         c              1      0.0208530734      0.01141555       1.83  0.14177


                  ----  Analysis of Variance  ----

  Source     DF   Sum of Squares    Mean Square    F value   Prob(F)
----------  ----  --------------  --------------  ---------  -------
Regression     2      0.05718803      0.02859401       8.23  0.03822
Error          4      0.01389769     0.003474422
Total          6      0.07108571

