   1: variable x,y;
   2: parameter a,b,c;
   3: function y=a*(x^b)*exp(c*x);
   4: Plot xlabel="x-Achse",ylabel="y-Achse";
   5: data;

Beginning computation...
Stopped due to: Both parameter and relative function convergence.


   ----  Final Results  ----

NLREG version 5.4
Copyright (c) 1992-2002 Phillip H. Sherrod.  All rights reserved.
This is a registered copy of NLREG that may not be redistributed.

Number of observations = 8
Maximum allowed number of iterations = 500
Convergence tolerance factor = 1.000000E-010
Stopped due to: Both parameter and relative function convergence.
Number of iterations performed = 19
Final sum of squared deviations = 3.5312285E-002
Final sum of deviations = 6.6981958E-005
Standard error of estimate = 0.0840384
Average deviation = 0.0570007
Maximum deviation for any observation = 0.105922
Proportion of variance explained (R^2) = 0.8379  (83.79%)
Adjusted coefficient of multiple determination (Ra^2) = 0.7730  (77.30%)
Durbin-Watson test for autocorrelation = 3.353
Parameter values will be written to C:\Users\peleg\OneDrive\doktorát\experiment_disertace\výsledky\fin_výsl\zvukové_jednotky\KTS\stud_KTS\tokens_stud_KTS\vysl_compl_KTS_tokens_stud\param_compl_tokens_stud_08.par
Analysis completed 21-Feb-2023 07:46.  Runtime = 0.00 seconds.


             ----  Descriptive Statistics for Variables  ----

 Variable    Minimum value   Maximum value    Mean value     Standard dev.
----------  --------------  --------------  --------------  --------------
         x               1            8.23         4.52875        2.497321
         y            2.88            3.45         3.06375       0.1763874


                   ----  Calculated Parameter Values  ----

 Parameter  Initial guess   Final estimate   Standard error      t      Prob(t)
----------  -------------  ----------------  --------------  ---------  -------
         a              1        3.31791803      0.06731487      49.29  0.00001
         b              1      -0.180174589       0.0484033      -3.72  0.01368
         c              1      0.0350249334      0.01407764       2.49  0.05530


                  ----  Analysis of Variance  ----

  Source     DF   Sum of Squares    Mean Square    F value   Prob(F)
----------  ----  --------------  --------------  ---------  -------
Regression     2       0.1824752      0.09123761      12.92  0.01059
Error          5      0.03531228     0.007062457
Total          7       0.2177875

