   1: variable x,y;
   2: parameter a,b,c;
   3: function y=a*(x^b)*exp(c*x);
   4: Plot xlabel="x-Achse",ylabel="y-Achse";
   5: data;

Beginning computation...
Stopped due to: Relative function convergence.


   ----  Final Results  ----

NLREG version 5.4
Copyright (c) 1992-2002 Phillip H. Sherrod.  All rights reserved.
This is a registered copy of NLREG that may not be redistributed.

Number of observations = 11
Maximum allowed number of iterations = 500
Convergence tolerance factor = 1.000000E-010
Stopped due to: Relative function convergence.
Number of iterations performed = 30
Final sum of squared deviations = 2.9773475E-002
Final sum of deviations = 3.5942817E-004
Standard error of estimate = 0.0610056
Average deviation = 0.0438848
Maximum deviation for any observation = 0.0830603
Proportion of variance explained (R^2) = 0.8738  (87.38%)
Adjusted coefficient of multiple determination (Ra^2) = 0.8422  (84.22%)
Durbin-Watson test for autocorrelation = 2.039
Parameter values will be written to C:\Users\peleg\OneDrive\doktorát\experiment_disertace\výsledky\fin_výsl\zvukové_jednotky\KTS\stud_KTS\tokens_stud_KTS\vysl_compl_KTS_tokens_stud\param_compl_tokens_stud_slouè.par
Analysis completed 21-Feb-2023 07:46.  Runtime = 0.00 seconds.


             ----  Descriptive Statistics for Variables  ----

 Variable    Minimum value   Maximum value    Mean value     Standard dev.
----------  --------------  --------------  --------------  --------------
         x               1           12.79        6.162727        3.616805
         y            2.98            3.54        3.103636       0.1535756


                   ----  Calculated Parameter Values  ----

 Parameter  Initial guess   Final estimate   Standard error      t      Prob(t)
----------  -------------  ----------------  --------------  ---------  -------
         a              1        3.42443734      0.04733244      72.35  0.00001
         b              1      -0.128774803       0.0225043      -5.72  0.00044
         c              1      0.0174200709     0.004885418       3.57  0.00734


                  ----  Analysis of Variance  ----

  Source     DF   Sum of Squares    Mean Square    F value   Prob(F)
----------  ----  --------------  --------------  ---------  -------
Regression     2       0.2060811       0.1030405      27.69  0.00025
Error          8      0.02977347     0.003721684
Total         10       0.2358545

