   1: variable x,y;
   2: parameter a,b,c;
   3: function y=a*(x^b)*exp(c*x);
   4: Plot xlabel="x-Achse",ylabel="y-Achse";
   5: data;

Beginning computation...
Stopped due to: Relative function convergence.


   ----  Final Results  ----

NLREG version 5.4
Copyright (c) 1992-2002 Phillip H. Sherrod.  All rights reserved.
This is a registered copy of NLREG that may not be redistributed.

Number of observations = 6
Maximum allowed number of iterations = 500
Convergence tolerance factor = 1.000000E-010
Stopped due to: Relative function convergence.
Number of iterations performed = 18
Final sum of squared deviations = 1.4603675E-001
Final sum of deviations = 3.1091695E-004
Standard error of estimate = 0.220633
Average deviation = 0.123417
Maximum deviation for any observation = 0.275944
Proportion of variance explained (R^2) = 0.6736  (67.36%)
Adjusted coefficient of multiple determination (Ra^2) = 0.4560  (45.60%)
Durbin-Watson test for autocorrelation = 2.618
Parameter values will be written to C:\Users\peleg\OneDrive\doktorát\experiment_disertace\výsledky\fin_výsl\zvukové_jednotky\KTS\stud_KTS\tokens_stud_KTS\vysl_compl_KTS_tokens_stud\param_compl_tokens_stud_02.par
Analysis completed 21-Feb-2023 07:46.  Runtime = 0.00 seconds.


             ----  Descriptive Statistics for Variables  ----

 Variable    Minimum value   Maximum value    Mean value     Standard dev.
----------  --------------  --------------  --------------  --------------
         x               1               7        3.666667        2.160247
         y            3.13            3.94            3.44       0.2991321


                   ----  Calculated Parameter Values  ----

 Parameter  Initial guess   Final estimate   Standard error      t      Prob(t)
----------  -------------  ----------------  --------------  ---------  -------
         a              1        3.82073235       0.2028731      18.83  0.00033
         b              1      -0.138701899       0.1380593      -1.00  0.38908
         c              1      0.0132562891      0.04615787       0.29  0.79266


                  ----  Analysis of Variance  ----

  Source     DF   Sum of Squares    Mean Square    F value   Prob(F)
----------  ----  --------------  --------------  ---------  -------
Regression     2       0.3013633       0.1506816       3.10  0.18649
Error          3       0.1460367      0.04867892
Total          5          0.4474

