   1: variable x,y;
   2: parameter a,b,c;
   3: function y=a*(x^b)*exp(c*x);
   4: Plot xlabel="x-Achse",ylabel="y-Achse";
   5: data;

Beginning computation...
Stopped due to: Both parameter and relative function convergence.


   ----  Final Results  ----

NLREG version 5.4
Copyright (c) 1992-2002 Phillip H. Sherrod.  All rights reserved.
This is a registered copy of NLREG that may not be redistributed.

Number of observations = 7
Maximum allowed number of iterations = 500
Convergence tolerance factor = 1.000000E-010
Stopped due to: Both parameter and relative function convergence.
Number of iterations performed = 21
Final sum of squared deviations = 4.5022257E-002
Final sum of deviations = -5.9379167E-006
Standard error of estimate = 0.106092
Average deviation = 0.0662303
Maximum deviation for any observation = 0.14626
Proportion of variance explained (R^2) = 0.8559  (85.59%)
Adjusted coefficient of multiple determination (Ra^2) = 0.7838  (78.38%)
Durbin-Watson test for autocorrelation = 3.446
Parameter values will be written to C:\Users\peleg\OneDrive\doktorát\experiment_disertace\výsledky\fin_výsl\zvukové_jednotky\KTS\stud_KTS\tokens_stud_KTS\vysl_compl_KTS_tokens_stud\param_compl_tokens_stud_01.par
Analysis completed 21-Feb-2023 07:46.  Runtime = 0.00 seconds.


             ----  Descriptive Statistics for Variables  ----

 Variable    Minimum value   Maximum value    Mean value     Standard dev.
----------  --------------  --------------  --------------  --------------
         x               1            8.14        4.162857        2.447922
         y            3.17            3.86        3.425714       0.2281708


                   ----  Calculated Parameter Values  ----

 Parameter  Initial guess   Final estimate   Standard error      t      Prob(t)
----------  -------------  ----------------  --------------  ---------  -------
         a              1        3.74336315      0.08721594      42.92  0.00001
         b              1      -0.181589815      0.05579112      -3.25  0.03123
         c              1      0.0323939522      0.01675509       1.93  0.12533


                  ----  Analysis of Variance  ----

  Source     DF   Sum of Squares    Mean Square    F value   Prob(F)
----------  ----  --------------  --------------  ---------  -------
Regression     2       0.2673492       0.1336746      11.88  0.02077
Error          4      0.04502226      0.01125556
Total          6       0.3123714

