   1: variable x,y;
   2: parameter a,b,c;
   3: function y=a*(x^b)*exp(c*x);
   4: Plot xlabel="x-Achse",ylabel="y-Achse";
   5: data;

Beginning computation...
Stopped due to: Relative function convergence.


   ----  Final Results  ----

NLREG version 5.4
Copyright (c) 1992-2002 Phillip H. Sherrod.  All rights reserved.
This is a registered copy of NLREG that may not be redistributed.

Number of observations = 7
Maximum allowed number of iterations = 500
Convergence tolerance factor = 1.000000E-010
Stopped due to: Relative function convergence.
Number of iterations performed = 23
Final sum of squared deviations = 9.0317426E-002
Final sum of deviations = 8.3778128E-004
Standard error of estimate = 0.150264
Average deviation = 0.10058
Maximum deviation for any observation = 0.191145
Proportion of variance explained (R^2) = 0.7867  (78.67%)
Adjusted coefficient of multiple determination (Ra^2) = 0.6800  (68.00%)
Durbin-Watson test for autocorrelation = 1.919
Parameter values will be written to C:\Users\peleg\OneDrive\doktorát\experiment_disertace\výsledky\fin_výsl\zvukové_jednotky\KTS\stud_KTS\tokens_stud_KTS\vysl_compl_KTS_tokens_stud\param_compl_tokens_stud_03.par
Analysis completed 21-Feb-2023 07:46.  Runtime = 0.00 seconds.


             ----  Descriptive Statistics for Variables  ----

 Variable    Minimum value   Maximum value    Mean value     Standard dev.
----------  --------------  --------------  --------------  --------------
         x               1            8.76        4.251429        2.620912
         y             3.1             3.9            3.33       0.2656439


                   ----  Calculated Parameter Values  ----

 Parameter  Initial guess   Final estimate   Standard error      t      Prob(t)
----------  -------------  ----------------  --------------  ---------  -------
         a              1        3.70570446       0.1220849      30.35  0.00001
         b              1      -0.189180272      0.07488978      -2.53  0.06493
         c              1      0.0299811818      0.02160905       1.39  0.23760


                  ----  Analysis of Variance  ----

  Source     DF   Sum of Squares    Mean Square    F value   Prob(F)
----------  ----  --------------  --------------  ---------  -------
Regression     2       0.3330826       0.1665413       7.38  0.04550
Error          4      0.09031743      0.02257936
Total          6          0.4234

