   1: variable x,y;
   2: parameter a,b,c;
   3: function y=a*(x^b)*exp(c*x);
   4: Plot xlabel="x-Achse",ylabel="y-Achse";
   5: data;

Beginning computation...
Stopped due to: Both parameter and relative function convergence.


   ----  Final Results  ----

NLREG version 5.4
Copyright (c) 1992-2002 Phillip H. Sherrod.  All rights reserved.
This is a registered copy of NLREG that may not be redistributed.

Number of observations = 4
Maximum allowed number of iterations = 500
Convergence tolerance factor = 1.000000E-010
Stopped due to: Both parameter and relative function convergence.
Number of iterations performed = 14
Final sum of squared deviations = 4.7177858E-002
Final sum of deviations = -9.4036297E-006
Standard error of estimate = 0.217205
Average deviation = 0.091577
Maximum deviation for any observation = 0.155591
Proportion of variance explained (R^2) = 0.9613  (96.13%)
Adjusted coefficient of multiple determination (Ra^2) = 0.8839  (88.39%)
Durbin-Watson test for autocorrelation = 3.327
Parameter values will be written to C:\Users\peleg\OneDrive\doktorát\experiment_disertace\výsledky\fin_výsl\syntax\typ1\VKS1\poh_VKS1\vysl_compl_VKS1_poh\param_compl_VKS1_poh_08.par
Analysis completed  4-Jan-2023 19:48.  Runtime = 0.00 seconds.


             ----  Descriptive Statistics for Variables  ----

 Variable    Minimum value   Maximum value    Mean value     Standard dev.
----------  --------------  --------------  --------------  --------------
         x               1               6               3        2.160247
         y            5.47            7.03          6.2725       0.6375147


                   ----  Calculated Parameter Values  ----

 Parameter  Initial guess   Final estimate   Standard error      t      Prob(t)
----------  -------------  ----------------  --------------  ---------  -------
         a              1        7.10276951       0.2462429      28.84  0.02206
         b              1      -0.089655151      0.09671835      -0.93  0.52412
         c              1     -0.0159230864      0.03502236      -0.45  0.72834


                  ----  Analysis of Variance  ----

  Source     DF   Sum of Squares    Mean Square    F value   Prob(F)
----------  ----  --------------  --------------  ---------  -------
Regression     2        1.172097       0.5860486      12.42  0.19671
Error          1      0.04717786      0.04717786
Total          3        1.219275

