   1: variable x,y;
   2: parameter a,b,c;
   3: function y=a*(x^b)*exp(c*x);
   4: Plot xlabel="x-Achse",ylabel="y-Achse";
   5: data;

Beginning computation...
Stopped due to: Both parameter and relative function convergence.


   ----  Final Results  ----

NLREG version 5.4
Copyright (c) 1992-2002 Phillip H. Sherrod.  All rights reserved.
This is a registered copy of NLREG that may not be redistributed.

Number of observations = 6
Maximum allowed number of iterations = 500
Convergence tolerance factor = 1.000000E-010
Stopped due to: Both parameter and relative function convergence.
Number of iterations performed = 20
Final sum of squared deviations = 4.1292685E-001
Final sum of deviations = 1.0900829E-003
Standard error of estimate = 0.371002
Average deviation = 0.222501
Maximum deviation for any observation = 0.456763
Proportion of variance explained (R^2) = 0.5814  (58.14%)
Adjusted coefficient of multiple determination (Ra^2) = 0.3024  (30.24%)
Durbin-Watson test for autocorrelation = 2.326
Parameter values will be written to C:\Users\peleg\OneDrive\doktorát\experiment_disertace\výsledky\fin_výsl\syntax\typ1\VKS1\poh_VKS1\vysl_compl_VKS1_poh\param_compl_VKS1_poh_10.par
Analysis completed  4-Jan-2023 19:48.  Runtime = 0.00 seconds.


             ----  Descriptive Statistics for Variables  ----

 Variable    Minimum value   Maximum value    Mean value     Standard dev.
----------  --------------  --------------  --------------  --------------
         x               1            7.44            3.74        2.299043
         y               5            6.28           5.565       0.4441959


                   ----  Calculated Parameter Values  ----

 Parameter  Initial guess   Final estimate   Standard error      t      Prob(t)
----------  -------------  ----------------  --------------  ---------  -------
         a              1        5.33176575       0.2912067      18.31  0.00036
         b              1      -0.241885113       0.1348673      -1.79  0.17079
         c              1      0.0842672523      0.04133542       2.04  0.13422


                  ----  Analysis of Variance  ----

  Source     DF   Sum of Squares    Mean Square    F value   Prob(F)
----------  ----  --------------  --------------  ---------  -------
Regression     2       0.5736231       0.2868116       2.08  0.27079
Error          3       0.4129269       0.1376423
Total          5         0.98655

