   1: variable x,y;
   2: parameter a,b,c;
   3: function y=a*(x^b)*exp(c*x);
   4: Plot xlabel="x-Achse",ylabel="y-Achse";
   5: data;

Beginning computation...
Stopped due to: Both parameter and relative function convergence.


   ----  Final Results  ----

NLREG version 5.4
Copyright (c) 1992-2002 Phillip H. Sherrod.  All rights reserved.
This is a registered copy of NLREG that may not be redistributed.

Number of observations = 5
Maximum allowed number of iterations = 500
Convergence tolerance factor = 1.000000E-010
Stopped due to: Both parameter and relative function convergence.
Number of iterations performed = 15
Final sum of squared deviations = 6.3245974E-002
Final sum of deviations = 9.4509369E-004
Standard error of estimate = 0.177829
Average deviation = 0.0943901
Maximum deviation for any observation = 0.201303
Proportion of variance explained (R^2) = 0.9790  (97.90%)
Adjusted coefficient of multiple determination (Ra^2) = 0.9579  (95.79%)
Durbin-Watson test for autocorrelation = 2.657
Parameter values will be written to C:\Users\peleg\OneDrive\doktorát\experiment_disertace\výsledky\fin_výsl\syntax\typ1\VKS1\poh_VKS1\vysl_compl_VKS1_poh\param_compl_VKS1_poh_04.par
Analysis completed  4-Jan-2023 19:48.  Runtime = 0.00 seconds.


             ----  Descriptive Statistics for Variables  ----

 Variable    Minimum value   Maximum value    Mean value     Standard dev.
----------  --------------  --------------  --------------  --------------
         x               1            5.58           3.116        1.774057
         y             4.7            6.99           5.572       0.8669314


                   ----  Calculated Parameter Values  ----

 Parameter  Initial guess   Final estimate   Standard error      t      Prob(t)
----------  -------------  ----------------  --------------  ---------  -------
         a              1        6.69839189       0.2347334      28.54  0.00123
         b              1      -0.316662456      0.09059819      -3.50  0.07300
         c              1      0.0375725525      0.03600253       1.04  0.40623


                  ----  Analysis of Variance  ----

  Source     DF   Sum of Squares    Mean Square    F value   Prob(F)
----------  ----  --------------  --------------  ---------  -------
Regression     2        2.943034        1.471517      46.53  0.02104
Error          2      0.06324597      0.03162299
Total          4         3.00628

