   1: variable x,y;
   2: parameter a,b,c;
   3: function y=a*(x^b)*exp(c*x);
   4: Plot xlabel="x-Achse",ylabel="y-Achse";
   5: data;

Beginning computation...
Stopped due to: Relative function convergence.


   ----  Final Results  ----

NLREG version 5.4
Copyright (c) 1992-2002 Phillip H. Sherrod.  All rights reserved.
This is a registered copy of NLREG that may not be redistributed.

Number of observations = 10
Maximum allowed number of iterations = 500
Convergence tolerance factor = 1.000000E-010
Stopped due to: Relative function convergence.
Number of iterations performed = 40
Final sum of squared deviations = 1.4980513E+000
Final sum of deviations = 3.2435382E-003
Standard error of estimate = 0.462609
Average deviation = 0.322857
Maximum deviation for any observation = 0.77728
Proportion of variance explained (R^2) = 0.3962  (39.62%)
Adjusted coefficient of multiple determination (Ra^2) = 0.2237  (22.37%)
Durbin-Watson test for autocorrelation = 1.138
Parameter values will be written to C:\Users\peleg\OneDrive\doktorát\experiment_disertace\výsledky\fin_výsl\syntax\typ1\VKS1\poh_VKS1\vysl_compl_VKS1_poh\param_compl_VKS1_poh_slouè.par
Analysis completed  4-Jan-2023 19:48.  Runtime = 0.00 seconds.


             ----  Descriptive Statistics for Variables  ----

 Variable    Minimum value   Maximum value    Mean value     Standard dev.
----------  --------------  --------------  --------------  --------------
         x               1           12.93           5.793        3.599327
         y            4.81            6.59           5.468       0.5250566


                   ----  Calculated Parameter Values  ----

 Parameter  Initial guess   Final estimate   Standard error      t      Prob(t)
----------  -------------  ----------------  --------------  ---------  -------
         a              1        6.18669043       0.3630366      17.04  0.00001
         b              1      -0.128232292      0.09618662      -1.33  0.22423
         c              1       0.012397817      0.02140612       0.58  0.58062


                  ----  Analysis of Variance  ----

  Source     DF   Sum of Squares    Mean Square    F value   Prob(F)
----------  ----  --------------  --------------  ---------  -------
Regression     2       0.9831087       0.4915544       2.30  0.17102
Error          7        1.498051       0.2140073
Total          9         2.48116

