   1: variable x,y;
   2: parameter a,b,c;
   3: function y=a*(x^b)*exp(c*x);
   4: Plot xlabel="x-Achse",ylabel="y-Achse";
   5: data;

Beginning computation...
Stopped due to: Both parameter and relative function convergence.


   ----  Final Results  ----

NLREG version 5.4
Copyright (c) 1992-2002 Phillip H. Sherrod.  All rights reserved.
This is a registered copy of NLREG that may not be redistributed.

Number of observations = 5
Maximum allowed number of iterations = 500
Convergence tolerance factor = 1.000000E-010
Stopped due to: Both parameter and relative function convergence.
Number of iterations performed = 18
Final sum of squared deviations = 6.9074523E-002
Final sum of deviations = 2.7711376E-003
Standard error of estimate = 0.185842
Average deviation = 0.0969243
Maximum deviation for any observation = 0.188958
Proportion of variance explained (R^2) = 0.9789  (97.89%)
Adjusted coefficient of multiple determination (Ra^2) = 0.9578  (95.78%)
Durbin-Watson test for autocorrelation = 2.541
Parameter values will be written to C:\Users\peleg\OneDrive\doktorát\experiment_disertace\výsledky\fin_výsl\syntax\typ1\VKS1\poh_VKS1\vysl_compl_VKS1_poh\param_compl_VKS1_poh_02.par
Analysis completed  4-Jan-2023 19:48.  Runtime = 0.00 seconds.


             ----  Descriptive Statistics for Variables  ----

 Variable    Minimum value   Maximum value    Mean value     Standard dev.
----------  --------------  --------------  --------------  --------------
         x               1            7.31            3.57        2.465928
         y            4.38            6.69           5.154       0.9050856


                   ----  Calculated Parameter Values  ----

 Parameter  Initial guess   Final estimate   Standard error      t      Prob(t)
----------  -------------  ----------------  --------------  ---------  -------
         a              1        6.21311991       0.1777855      34.95  0.00082
         b              1       -0.40885783      0.07670708      -5.33  0.03344
         c              1      0.0657350103      0.02549467       2.58  0.12323


                  ----  Analysis of Variance  ----

  Source     DF   Sum of Squares    Mean Square    F value   Prob(F)
----------  ----  --------------  --------------  ---------  -------
Regression     2        3.207645        1.603823      46.44  0.02108
Error          2      0.06907452      0.03453726
Total          4         3.27672

