   1: variable x,y;
   2: parameter a,b,c;
   3: function y=a*(x^b)*exp(c*x);
   4: Plot xlabel="x-Achse",ylabel="y-Achse";
   5: data;

Beginning computation...
Stopped due to: Relative function convergence.


   ----  Final Results  ----

NLREG version 5.4
Copyright (c) 1992-2002 Phillip H. Sherrod.  All rights reserved.
This is a registered copy of NLREG that may not be redistributed.

Number of observations = 5
Maximum allowed number of iterations = 500
Convergence tolerance factor = 1.000000E-010
Stopped due to: Relative function convergence.
Number of iterations performed = 16
Final sum of squared deviations = 4.3120331E-001
Final sum of deviations = 7.9553513E-004
Standard error of estimate = 0.464329
Average deviation = 0.215686
Maximum deviation for any observation = 0.464118
Proportion of variance explained (R^2) = 0.6843  (68.43%)
Adjusted coefficient of multiple determination (Ra^2) = 0.3687  (36.87%)
Durbin-Watson test for autocorrelation = 3.237
Parameter values will be written to C:\Users\peleg\OneDrive\doktorát\experiment_disertace\výsledky\fin_výsl\syntax\typ1\VKS1\poh_VKS1\vysl_compl_VKS1_poh\param_compl_VKS1_poh_03.par
Analysis completed  4-Jan-2023 19:48.  Runtime = 0.00 seconds.


             ----  Descriptive Statistics for Variables  ----

 Variable    Minimum value   Maximum value    Mean value     Standard dev.
----------  --------------  --------------  --------------  --------------
         x               1            7.16           3.432        2.364978
         y            4.56            6.16           5.302       0.5843971


                   ----  Calculated Parameter Values  ----

 Parameter  Initial guess   Final estimate   Standard error      t      Prob(t)
----------  -------------  ----------------  --------------  ---------  -------
         a              1        5.72811641       0.4070935      14.07  0.00501
         b              1      -0.305598567        0.187133      -1.63  0.24406
         c              1      0.0681991426      0.06059338       1.13  0.37728


                  ----  Analysis of Variance  ----

  Source     DF   Sum of Squares    Mean Square    F value   Prob(F)
----------  ----  --------------  --------------  ---------  -------
Regression     2       0.9348767       0.4674383       2.17  0.31565
Error          2       0.4312033       0.2156017
Total          4         1.36608

