   1: variable x,y;
   2: parameter b;
   3: function y=2.66*(x^b);
   4: Plot xlabel="x-Achse",ylabel="y-Achse";
   5: data;

Beginning computation...
Stopped due to: Relative function convergence.


   ----  Final Results  ----

NLREG version 5.4
Copyright (c) 1992-2002 Phillip H. Sherrod.  All rights reserved.
This is a registered copy of NLREG that may not be redistributed.

Number of observations = 4
Maximum allowed number of iterations = 500
Convergence tolerance factor = 1.000000E-010
Stopped due to: Relative function convergence.
Number of iterations performed = 7
Final sum of squared deviations = 6.2272617E-003
Final sum of deviations = 7.6486623E-003
Standard error of estimate = 0.0455604
Average deviation = 0.0324355
Maximum deviation for any observation = 0.0610466
Proportion of variance explained (R^2) = 0.9327  (93.27%)
Adjusted coefficient of multiple determination (Ra^2) = 0.9327  (93.27%)
Durbin-Watson test for autocorrelation = 3.239
Parameter values will be written to C:\Users\peleg\OneDrive\doktorát\experiment_disertace\výsledky\fin_výsl\slovo_slabika_foném\dop_SSF\tokens_dop_SSF\vysl_trunc_SSF_tokens_dop\param_trunc_tokens_dop_08.par
Analysis completed  9-Mar-2023 13:16.  Runtime = 0.00 seconds.


             ----  Descriptive Statistics for Variables  ----

 Variable    Minimum value   Maximum value    Mean value     Standard dev.
----------  --------------  --------------  --------------  --------------
         x               1            4.24            2.56        1.386025
         y             2.3            2.66          2.4425       0.1755705


                   ----  Calculated Parameter Values  ----

 Parameter  Initial guess   Final estimate   Standard error      t      Prob(t)
----------  -------------  ----------------  --------------  ---------  -------
         b              1      -0.108519736      0.01007635     -10.77  0.00171

