   1: variable x,y;
   2: parameter b;
   3: function y=2.73*(x^b);
   4: Plot xlabel="x-Achse",ylabel="y-Achse";
   5: data;

Beginning computation...
Stopped due to: Both parameter and relative function convergence.


   ----  Final Results  ----

NLREG version 5.4
Copyright (c) 1992-2002 Phillip H. Sherrod.  All rights reserved.
This is a registered copy of NLREG that may not be redistributed.

Number of observations = 5
Maximum allowed number of iterations = 500
Convergence tolerance factor = 1.000000E-010
Stopped due to: Both parameter and relative function convergence.
Number of iterations performed = 9
Final sum of squared deviations = 1.4076616E-002
Final sum of deviations = 5.1958077E-002
Standard error of estimate = 0.0593225
Average deviation = 0.041204
Maximum deviation for any observation = 0.0954057
Proportion of variance explained (R^2) = 0.9369  (93.69%)
Adjusted coefficient of multiple determination (Ra^2) = 0.9369  (93.69%)
Durbin-Watson test for autocorrelation = 1.658
Parameter values will be written to C:\Users\peleg\OneDrive\doktorát\experiment_disertace\výsledky\fin_výsl\slovo_slabika_foném\dop_SSF\types_dop_SSF\vysl_trunc_SSF_types_dop\param_trunc_types_dop_06.par
Analysis completed  9-Mar-2023 13:16.  Runtime = 0.00 seconds.


             ----  Descriptive Statistics for Variables  ----

 Variable    Minimum value   Maximum value    Mean value     Standard dev.
----------  --------------  --------------  --------------  --------------
         x               1             5.3            3.06         1.67869
         y            2.18            2.73           2.424        0.236072


                   ----  Calculated Parameter Values  ----

 Parameter  Initial guess   Final estimate   Standard error      t      Prob(t)
----------  -------------  ----------------  --------------  ---------  -------
         b              1      -0.130095718      0.01030088     -12.63  0.00023

