   1: variable x,y;
   2: parameter b;
   3: function y=2.47*(x^b);
   4: Plot xlabel="x-Achse",ylabel="y-Achse";
   5: data;

Beginning computation...
Stopped due to: Both parameter and relative function convergence.


   ----  Final Results  ----

NLREG version 5.4
Copyright (c) 1992-2002 Phillip H. Sherrod.  All rights reserved.
This is a registered copy of NLREG that may not be redistributed.

Number of observations = 4
Maximum allowed number of iterations = 500
Convergence tolerance factor = 1.000000E-010
Stopped due to: Both parameter and relative function convergence.
Number of iterations performed = 9
Final sum of squared deviations = 2.7022677E-003
Final sum of deviations = 1.7099386E-002
Standard error of estimate = 0.0300126
Average deviation = 0.0184794
Maximum deviation for any observation = 0.0455084
Proportion of variance explained (R^2) = 0.9178  (91.78%)
Adjusted coefficient of multiple determination (Ra^2) = 0.9178  (91.78%)
Durbin-Watson test for autocorrelation = 2.768
Parameter values will be written to C:\Users\peleg\OneDrive\doktorát\experiment_disertace\výsledky\fin_výsl\slovo_slabika_foném\dop_SSF\tokens_dop_SSF\vysl_trunc_SSF_tokens_dop\param_trunc_tokens_dop_04.par
Analysis completed  9-Mar-2023 13:16.  Runtime = 0.00 seconds.


             ----  Descriptive Statistics for Variables  ----

 Variable    Minimum value   Maximum value    Mean value     Standard dev.
----------  --------------  --------------  --------------  --------------
         x               1            4.29          2.5725        1.406304
         y            2.25            2.47          2.3525       0.1046821


                   ----  Calculated Parameter Values  ----

 Parameter  Initial guess   Final estimate   Standard error      t      Prob(t)
----------  -------------  ----------------  --------------  ---------  -------
         b              1      -0.062981037     0.006733254      -9.35  0.00259

