   1: variable x,y;
   2: parameter b;
   3: function y=2.8*(x^b);
   4: Plot xlabel="x-Achse",ylabel="y-Achse";
   5: data;

Beginning computation...
Stopped due to: Both parameter and relative function convergence.


   ----  Final Results  ----

NLREG version 5.4
Copyright (c) 1992-2002 Phillip H. Sherrod.  All rights reserved.
This is a registered copy of NLREG that may not be redistributed.

Number of observations = 4
Maximum allowed number of iterations = 500
Convergence tolerance factor = 1.000000E-010
Stopped due to: Both parameter and relative function convergence.
Number of iterations performed = 10
Final sum of squared deviations = 3.5058109E-003
Final sum of deviations = -2.4430671E-002
Standard error of estimate = 0.0341848
Average deviation = 0.0205704
Maximum deviation for any observation = 0.0516349
Proportion of variance explained (R^2) = 0.9687  (96.87%)
Adjusted coefficient of multiple determination (Ra^2) = 0.9687  (96.87%)
Durbin-Watson test for autocorrelation = 1.739
Parameter values will be written to C:\Users\peleg\OneDrive\doktorát\experiment_disertace\výsledky\fin_výsl\slovo_slabika_foném\dop_SSF\types_dop_SSF\vysl_trunc_SSF_types_dop\param_trunc_types_dop_10.par
Analysis completed  9-Mar-2023 13:16.  Runtime = 0.00 seconds.


             ----  Descriptive Statistics for Variables  ----

 Variable    Minimum value   Maximum value    Mean value     Standard dev.
----------  --------------  --------------  --------------  --------------
         x               1            4.17          2.5425          1.3579
         y            2.36             2.8           2.525       0.1933046


                   ----  Calculated Parameter Values  ----

 Parameter  Initial guess   Final estimate   Standard error      t      Prob(t)
----------  -------------  ----------------  --------------  ---------  -------
         b              1      -0.128361972     0.007395028     -17.36  0.00042

