   1: variable x,y;
   2: parameter b;
   3: function y=2.98*(x^b);
   4: Plot xlabel="x-Achse",ylabel="y-Achse";
   5: data;

Beginning computation...
Stopped due to: Both parameter and relative function convergence.


   ----  Final Results  ----

NLREG version 5.4
Copyright (c) 1992-2002 Phillip H. Sherrod.  All rights reserved.
This is a registered copy of NLREG that may not be redistributed.

Number of observations = 4
Maximum allowed number of iterations = 500
Convergence tolerance factor = 1.000000E-010
Stopped due to: Both parameter and relative function convergence.
Number of iterations performed = 8
Final sum of squared deviations = 1.4519624E-002
Final sum of deviations = -2.9942961E-002
Standard error of estimate = 0.0695692
Average deviation = 0.0495134
Maximum deviation for any observation = 0.0840553
Proportion of variance explained (R^2) = 0.9530  (95.30%)
Adjusted coefficient of multiple determination (Ra^2) = 0.9530  (95.30%)
Durbin-Watson test for autocorrelation = 2.045
Parameter values will be written to C:\Users\peleg\OneDrive\doktorát\experiment_disertace\výsledky\fin_výsl\slovo_slabika_foném\dop_SSF\types_dop_SSF\vysl_trunc_SSF_types_dop\param_trunc_types_dop_08.par
Analysis completed  9-Mar-2023 13:16.  Runtime = 0.00 seconds.


             ----  Descriptive Statistics for Variables  ----

 Variable    Minimum value   Maximum value    Mean value     Standard dev.
----------  --------------  --------------  --------------  --------------
         x               1            4.24            2.56        1.386025
         y             2.3            2.98          2.5325       0.3207673


                   ----  Calculated Parameter Values  ----

 Parameter  Initial guess   Final estimate   Standard error      t      Prob(t)
----------  -------------  ----------------  --------------  ---------  -------
         b              1       -0.20507548      0.01544541     -13.28  0.00092

