   1: variable x,y;
   2: parameter b;
   3: function y=2.51*(x^b);
   4: Plot xlabel="x-Achse",ylabel="y-Achse";
   5: data;

Beginning computation...
Stopped due to: Both parameter and relative function convergence.


   ----  Final Results  ----

NLREG version 5.4
Copyright (c) 1992-2002 Phillip H. Sherrod.  All rights reserved.
This is a registered copy of NLREG that may not be redistributed.

Number of observations = 4
Maximum allowed number of iterations = 500
Convergence tolerance factor = 1.000000E-010
Stopped due to: Both parameter and relative function convergence.
Number of iterations performed = 8
Final sum of squared deviations = 3.0605420E-004
Final sum of deviations = 7.6941968E-003
Standard error of estimate = 0.0101004
Average deviation = 0.006768
Maximum deviation for any observation = 0.0142185
Proportion of variance explained (R^2) = 0.9886  (98.86%)
Adjusted coefficient of multiple determination (Ra^2) = 0.9886  (98.86%)
Durbin-Watson test for autocorrelation = 1.600
Parameter values will be written to C:\Users\peleg\OneDrive\doktorát\experiment_disertace\výsledky\fin_výsl\slovo_slabika_foném\dop_SSF\tokens_dop_SSF\vysl_trunc_SSF_tokens_dop\param_trunc_tokens_dop_01.par
Analysis completed  9-Mar-2023 13:16.  Runtime = 0.00 seconds.


             ----  Descriptive Statistics for Variables  ----

 Variable    Minimum value   Maximum value    Mean value     Standard dev.
----------  --------------  --------------  --------------  --------------
         x               1            4.18           2.545        1.361898
         y            2.29            2.51          2.3925      0.09464847


                   ----  Calculated Parameter Values  ----

 Parameter  Initial guess   Final estimate   Standard error      t      Prob(t)
----------  -------------  ----------------  --------------  ---------  -------
         b              1     -0.0611817188     0.002244672     -27.26  0.00011

