   1: variable x,y;
   2: parameter b;
   3: function y=2.77*(x^b);
   4: Plot xlabel="x-Achse",ylabel="y-Achse";
   5: data;

Beginning computation...
Stopped due to: Both parameter and relative function convergence.


   ----  Final Results  ----

NLREG version 5.4
Copyright (c) 1992-2002 Phillip H. Sherrod.  All rights reserved.
This is a registered copy of NLREG that may not be redistributed.

Number of observations = 4
Maximum allowed number of iterations = 500
Convergence tolerance factor = 1.000000E-010
Stopped due to: Both parameter and relative function convergence.
Number of iterations performed = 8
Final sum of squared deviations = 7.4977723E-003
Final sum of deviations = -3.5271033E-002
Standard error of estimate = 0.0499926
Average deviation = 0.0361492
Maximum deviation for any observation = 0.0602261
Proportion of variance explained (R^2) = 0.9352  (93.52%)
Adjusted coefficient of multiple determination (Ra^2) = 0.9352  (93.52%)
Durbin-Watson test for autocorrelation = 1.557
Parameter values will be written to C:\Users\peleg\OneDrive\doktorát\experiment_disertace\výsledky\fin_výsl\slovo_slabika_foném\dop_SSF\types_dop_SSF\vysl_trunc_SSF_types_dop\param_trunc_types_dop_05.par
Analysis completed  9-Mar-2023 13:16.  Runtime = 0.00 seconds.


             ----  Descriptive Statistics for Variables  ----

 Variable    Minimum value   Maximum value    Mean value     Standard dev.
----------  --------------  --------------  --------------  --------------
         x               1            4.36            2.59        1.434945
         y            2.34            2.77          2.4875       0.1963628


                   ----  Calculated Parameter Values  ----

 Parameter  Initial guess   Final estimate   Standard error      t      Prob(t)
----------  -------------  ----------------  --------------  ---------  -------
         b              1      -0.130619644      0.01081946     -12.07  0.00122

