   1: variable x,y;
   2: parameter b;
   3: function y=2.66*(x^b);
   4: Plot xlabel="x-Achse",ylabel="y-Achse";
   5: data;

Beginning computation...
Stopped due to: Both parameter and relative function convergence.


   ----  Final Results  ----

NLREG version 5.4
Copyright (c) 1992-2002 Phillip H. Sherrod.  All rights reserved.
This is a registered copy of NLREG that may not be redistributed.

Number of observations = 4
Maximum allowed number of iterations = 500
Convergence tolerance factor = 1.000000E-010
Stopped due to: Both parameter and relative function convergence.
Number of iterations performed = 10
Final sum of squared deviations = 1.4708330E-003
Final sum of deviations = -1.3361121E-002
Standard error of estimate = 0.0221422
Average deviation = 0.0164502
Maximum deviation for any observation = 0.0262199
Proportion of variance explained (R^2) = 0.9853  (98.53%)
Adjusted coefficient of multiple determination (Ra^2) = 0.9853  (98.53%)
Durbin-Watson test for autocorrelation = 1.702
Parameter values will be written to C:\Users\peleg\OneDrive\doktorát\experiment_disertace\výsledky\fin_výsl\slovo_slabika_foném\dop_SSF\types_dop_SSF\vysl_trunc_SSF_types_dop\param_trunc_types_dop_04.par
Analysis completed  9-Mar-2023 13:16.  Runtime = 0.00 seconds.


             ----  Descriptive Statistics for Variables  ----

 Variable    Minimum value   Maximum value    Mean value     Standard dev.
----------  --------------  --------------  --------------  --------------
         x               1            4.21          2.5525        1.373933
         y            2.25            2.66          2.4075       0.1828251


                   ----  Calculated Parameter Values  ----

 Parameter  Initial guess   Final estimate   Standard error      t      Prob(t)
----------  -------------  ----------------  --------------  ---------  -------
         b              1      -0.124606802      0.00500487     -24.90  0.00014

