   1: variable x,y;
   2: parameter b;
   3: function y=2.41*(x^b);
   4: Plot xlabel="x-Achse",ylabel="y-Achse";
   5: data;

Beginning computation...
Stopped due to: Both parameter and relative function convergence.


   ----  Final Results  ----

NLREG version 5.4
Copyright (c) 1992-2002 Phillip H. Sherrod.  All rights reserved.
This is a registered copy of NLREG that may not be redistributed.

Number of observations = 4
Maximum allowed number of iterations = 500
Convergence tolerance factor = 1.000000E-010
Stopped due to: Both parameter and relative function convergence.
Number of iterations performed = 8
Final sum of squared deviations = 7.5925825E-004
Final sum of deviations = -1.0638106E-002
Standard error of estimate = 0.0159087
Average deviation = 0.0117909
Maximum deviation for any observation = 0.0182628
Proportion of variance explained (R^2) = 0.6004  (60.04%)
Adjusted coefficient of multiple determination (Ra^2) = 0.6004  (60.04%)
Durbin-Watson test for autocorrelation = 1.813
Parameter values will be written to C:\Users\peleg\OneDrive\doktorát\experiment_disertace\výsledky\fin_výsl\slovo_slabika_foném\dop_SSF\tokens_dop_SSF\vysl_trunc_SSF_tokens_dop\param_trunc_tokens_dop_05.par
Analysis completed  9-Mar-2023 13:16.  Runtime = 0.00 seconds.


             ----  Descriptive Statistics for Variables  ----

 Variable    Minimum value   Maximum value    Mean value     Standard dev.
----------  --------------  --------------  --------------  --------------
         x               1            4.37          2.5925        1.439059
         y            2.35            2.41           2.375      0.02516611


                   ----  Calculated Parameter Values  ----

 Parameter  Initial guess   Final estimate   Standard error      t      Prob(t)
----------  -------------  ----------------  --------------  ---------  -------
         b              1      -0.016594169     0.003429763      -4.84  0.01684

