   1: variable x,y;
   2: parameter b;
   3: function y=3.09*(x^b);
   4: Plot xlabel="x-Achse",ylabel="y-Achse";
   5: data;

Beginning computation...
Stopped due to: Both parameter and relative function convergence.


   ----  Final Results  ----

NLREG version 5.4
Copyright (c) 1992-2002 Phillip H. Sherrod.  All rights reserved.
This is a registered copy of NLREG that may not be redistributed.

Number of observations = 5
Maximum allowed number of iterations = 500
Convergence tolerance factor = 1.000000E-010
Stopped due to: Both parameter and relative function convergence.
Number of iterations performed = 10
Final sum of squared deviations = 1.1163032E-002
Final sum of deviations = -4.6227002E-002
Standard error of estimate = 0.0528276
Average deviation = 0.0385263
Maximum deviation for any observation = 0.0851621
Proportion of variance explained (R^2) = 0.9761  (97.61%)
Adjusted coefficient of multiple determination (Ra^2) = 0.9761  (97.61%)
Durbin-Watson test for autocorrelation = 1.277
Parameter values will be written to C:\Users\peleg\OneDrive\doktorát\experiment_disertace\výsledky\fin_výsl\slovo_slabika_foném\dop_SSF\types_dop_SSF\vysl_trunc_SSF_types_dop\param_trunc_types_dop_slouè.par
Analysis completed  9-Mar-2023 13:16.  Runtime = 0.00 seconds.


             ----  Descriptive Statistics for Variables  ----

 Variable    Minimum value   Maximum value    Mean value     Standard dev.
----------  --------------  --------------  --------------  --------------
         x               1            5.15            3.03        1.629264
         y            2.22            3.09           2.526       0.3415113


                   ----  Calculated Parameter Values  ----

 Parameter  Initial guess   Final estimate   Standard error      t      Prob(t)
----------  -------------  ----------------  --------------  ---------  -------
         b              1      -0.213383543     0.009124161     -23.39  0.00002

