   1: variable x,y;
   2: parameter b;
   3: function y=2.45*(x^b);
   4: Plot xlabel="x-Achse",ylabel="y-Achse";
   5: data;

Beginning computation...
Stopped due to: Relative function convergence.


   ----  Final Results  ----

NLREG version 5.4
Copyright (c) 1992-2002 Phillip H. Sherrod.  All rights reserved.
This is a registered copy of NLREG that may not be redistributed.

Number of observations = 4
Maximum allowed number of iterations = 500
Convergence tolerance factor = 1.000000E-010
Stopped due to: Relative function convergence.
Number of iterations performed = 7
Final sum of squared deviations = 2.1745574E-002
Final sum of deviations = 6.4971647E-002
Standard error of estimate = 0.0851383
Average deviation = 0.0604489
Maximum deviation for any observation = 0.109598
Proportion of variance explained (R^2) = 0.4289  (42.89%)
Adjusted coefficient of multiple determination (Ra^2) = 0.4289  (42.89%)
Durbin-Watson test for autocorrelation = 1.555
Parameter values will be written to C:\Users\peleg\OneDrive\doktorát\experiment_disertace\výsledky\fin_výsl\slovo_slabika_foném\dop_SSF\tokens_dop_SSF\vysl_trunc_SSF_tokens_dop\param_trunc_tokens_dop_09.par
Analysis completed  9-Mar-2023 13:16.  Runtime = 0.00 seconds.


             ----  Descriptive Statistics for Variables  ----

 Variable    Minimum value   Maximum value    Mean value     Standard dev.
----------  --------------  --------------  --------------  --------------
         x               1            4.19          2.5475        1.365903
         y            2.24             2.5          2.3975       0.1126573


                   ----  Calculated Parameter Values  ----

 Parameter  Initial guess   Final estimate   Standard error      t      Prob(t)
----------  -------------  ----------------  --------------  ---------  -------
         b              1     -0.0355283618       0.0187699      -1.89  0.15472

