   1: variable x,y;
   2: parameter a,b,c;
   3: function y=a*(x^b)*exp(c*x);
   4: Plot xlabel="x-Achse",ylabel="y-Achse";
   5: data;

Beginning computation...
Stopped due to: Both parameter and relative function convergence.


   ----  Final Results  ----

NLREG version 5.4
Copyright (c) 1992-2002 Phillip H. Sherrod.  All rights reserved.
This is a registered copy of NLREG that may not be redistributed.

Number of observations = 8
Maximum allowed number of iterations = 500
Convergence tolerance factor = 1.000000E-010
Stopped due to: Both parameter and relative function convergence.
Number of iterations performed = 21
Final sum of squared deviations = 1.0626688E-001
Final sum of deviations = 1.8996995E-002
Standard error of estimate = 0.145785
Average deviation = 0.0916073
Maximum deviation for any observation = 0.252142
Proportion of variance explained (R^2) = 0.9949  (99.49%)
Adjusted coefficient of multiple determination (Ra^2) = 0.9928  (99.28%)
Durbin-Watson test for autocorrelation = 2.207
Parameter values will be written to C:\Users\peleg\OneDrive\doktorát\experiment_disertace\výsledky\fin_výsl\syntax\typ3\VFS3\povVFS3\vysl_compl_VFS3_pov\param_compl_VFS3_pov_slouè.par
Analysis completed  4-Jan-2023 19:59.  Runtime = 0.00 seconds.


             ----  Descriptive Statistics for Variables  ----

 Variable    Minimum value   Maximum value    Mean value     Standard dev.
----------  --------------  --------------  --------------  --------------
         x               1            8.42          4.5525        2.538119
         y            3.35            8.47          4.3675        1.717113


                   ----  Calculated Parameter Values  ----

 Parameter  Initial guess   Final estimate   Standard error      t      Prob(t)
----------  -------------  ----------------  --------------  ---------  -------
         a              1        7.01375657       0.1362624      51.47  0.00001
         b              1       -1.01624898       0.0518101     -19.61  0.00001
         c              1       0.182200844      0.01666466      10.93  0.00011


                  ----  Analysis of Variance  ----

  Source     DF   Sum of Squares    Mean Square    F value   Prob(F)
----------  ----  --------------  --------------  ---------  -------
Regression     2        20.53308        10.26654     483.05  0.00001
Error          5       0.1062669      0.02125338
Total          7        20.63935

