   1: variable x,y;
   2: parameter a,b,c;
   3: function y=a*(x^b)*exp(c*x);
   4: Plot xlabel="x-Achse",ylabel="y-Achse";
   5: data;

Beginning computation...
Stopped due to: Relative function convergence.


   ----  Final Results  ----

NLREG version 5.4
Copyright (c) 1992-2002 Phillip H. Sherrod.  All rights reserved.
This is a registered copy of NLREG that may not be redistributed.

Number of observations = 5
Maximum allowed number of iterations = 500
Convergence tolerance factor = 1.000000E-010
Stopped due to: Relative function convergence.
Number of iterations performed = 19
Final sum of squared deviations = 7.7243072E-002
Final sum of deviations = -2.3166377E-003
Standard error of estimate = 0.196524
Average deviation = 0.0927278
Maximum deviation for any observation = 0.203442
Proportion of variance explained (R^2) = 0.9839  (98.39%)
Adjusted coefficient of multiple determination (Ra^2) = 0.9678  (96.78%)
Durbin-Watson test for autocorrelation = 3.286
Parameter values will be written to C:\Users\peleg\OneDrive\doktorát\experiment_disertace\výsledky\fin_výsl\syntax\typ3\VFS3\povVFS3\vysl_compl_VFS3_pov\param_compl_VFS3_pov_03.par
Analysis completed  4-Jan-2023 19:59.  Runtime = 0.00 seconds.


             ----  Descriptive Statistics for Variables  ----

 Variable    Minimum value   Maximum value    Mean value     Standard dev.
----------  --------------  --------------  --------------  --------------
         x            1.95            6.87           4.164        1.891092
         y            2.81            5.62           3.762         1.09566


                   ----  Calculated Parameter Values  ----

 Parameter  Initial guess   Final estimate   Standard error      t      Prob(t)
----------  -------------  ----------------  --------------  ---------  -------
         a              1        9.35527829       0.7126372      13.13  0.00575
         b              1       -1.65853518        0.269709      -6.15  0.02544
         c              1       0.307290322      0.07315998       4.20  0.05228


                  ----  Analysis of Variance  ----

  Source     DF   Sum of Squares    Mean Square    F value   Prob(F)
----------  ----  --------------  --------------  ---------  -------
Regression     2        4.724637        2.362318      61.17  0.01609
Error          2      0.07724307      0.03862154
Total          4         4.80188

