   1: variable x,y;
   2: parameter a,b,c;
   3: function y=a*(x^b)*exp(c*x);
   4: Plot xlabel="x-Achse",ylabel="y-Achse";
   5: data;

Beginning computation...
Stopped due to: Both parameter and relative function convergence.


   ----  Final Results  ----

NLREG version 5.4
Copyright (c) 1992-2002 Phillip H. Sherrod.  All rights reserved.
This is a registered copy of NLREG that may not be redistributed.

Number of observations = 5
Maximum allowed number of iterations = 500
Convergence tolerance factor = 1.000000E-010
Stopped due to: Both parameter and relative function convergence.
Number of iterations performed = 18
Final sum of squared deviations = 4.0126042E-002
Final sum of deviations = 5.8604678E-004
Standard error of estimate = 0.141644
Average deviation = 0.0700104
Maximum deviation for any observation = 0.137542
Proportion of variance explained (R^2) = 0.9969  (99.69%)
Adjusted coefficient of multiple determination (Ra^2) = 0.9938  (99.38%)
Durbin-Watson test for autocorrelation = 3.411
Parameter values will be written to C:\Users\peleg\OneDrive\doktorát\experiment_disertace\výsledky\fin_výsl\syntax\typ3\VFS3\povVFS3\vysl_compl_VFS3_pov\param_compl_VFS3_pov_05.par
Analysis completed  4-Jan-2023 19:59.  Runtime = 0.00 seconds.


             ----  Descriptive Statistics for Variables  ----

 Variable    Minimum value   Maximum value    Mean value     Standard dev.
----------  --------------  --------------  --------------  --------------
         x            1.74            6.37           4.022        1.783401
         y            3.47            7.68           4.548        1.796683


                   ----  Calculated Parameter Values  ----

 Parameter  Initial guess   Final estimate   Standard error      t      Prob(t)
----------  -------------  ----------------  --------------  ---------  -------
         a              1        11.5914192       0.3566991      32.50  0.00095
         b              1       -1.76890469       0.1570959     -11.26  0.00780
         c              1       0.326572596      0.04782109       6.83  0.02078


                  ----  Analysis of Variance  ----

  Source     DF   Sum of Squares    Mean Square    F value   Prob(F)
----------  ----  --------------  --------------  ---------  -------
Regression     2        12.87215        6.436077     320.79  0.00311
Error          2      0.04012604      0.02006302
Total          4        12.91228

