   1: variable x,y;
   2: parameter a,b,c;
   3: function y=a*(x^b)*exp(c*x);
   4: Plot xlabel="x-Achse",ylabel="y-Achse";
   5: data;

Beginning computation...
Stopped due to: Both parameter and relative function convergence.


   ----  Final Results  ----

NLREG version 5.4
Copyright (c) 1992-2002 Phillip H. Sherrod.  All rights reserved.
This is a registered copy of NLREG that may not be redistributed.

Number of observations = 6
Maximum allowed number of iterations = 500
Convergence tolerance factor = 1.000000E-010
Stopped due to: Both parameter and relative function convergence.
Number of iterations performed = 17
Final sum of squared deviations = 7.0428025E-001
Final sum of deviations = 2.0783231E-002
Standard error of estimate = 0.48452
Average deviation = 0.274781
Maximum deviation for any observation = 0.648543
Proportion of variance explained (R^2) = 0.9232  (92.32%)
Adjusted coefficient of multiple determination (Ra^2) = 0.8720  (87.20%)
Durbin-Watson test for autocorrelation = 2.330
Parameter values will be written to C:\Users\peleg\OneDrive\doktorát\experiment_disertace\výsledky\fin_výsl\syntax\typ3\VFS3\povVFS3\vysl_compl_VFS3_pov\param_compl_VFS3_pov_07.par
Analysis completed  4-Jan-2023 19:59.  Runtime = 0.00 seconds.


             ----  Descriptive Statistics for Variables  ----

 Variable    Minimum value   Maximum value    Mean value     Standard dev.
----------  --------------  --------------  --------------  --------------
         x               1            6.38        3.563333        1.975871
         y            2.39            6.31        3.718333        1.354141


                   ----  Calculated Parameter Values  ----

 Parameter  Initial guess   Final estimate   Standard error      t      Prob(t)
----------  -------------  ----------------  --------------  ---------  -------
         a              1        5.45920892       0.6355716       8.59  0.00332
         b              1      -0.810797612       0.3003065      -2.70  0.07379
         c              1       0.131791123       0.1157708       1.14  0.33764


                  ----  Analysis of Variance  ----

  Source     DF   Sum of Squares    Mean Square    F value   Prob(F)
----------  ----  --------------  --------------  ---------  -------
Regression     2        8.464203        4.232102      18.03  0.02129
Error          3       0.7042803       0.2347601
Total          5        9.168483

