   1: variable x,y;
   2: parameter a,b,c;
   3: function y=a*(x^b)*exp(c*x);
   4: Plot xlabel="x-Achse",ylabel="y-Achse";
   5: data;

Beginning computation...
Stopped due to: Relative function convergence.


   ----  Final Results  ----

NLREG version 5.4
Copyright (c) 1992-2002 Phillip H. Sherrod.  All rights reserved.
This is a registered copy of NLREG that may not be redistributed.

Number of observations = 6
Maximum allowed number of iterations = 500
Convergence tolerance factor = 1.000000E-010
Stopped due to: Relative function convergence.
Number of iterations performed = 17
Final sum of squared deviations = 8.9742339E-001
Final sum of deviations = 7.2290831E-003
Standard error of estimate = 0.546938
Average deviation = 0.291387
Maximum deviation for any observation = 0.740262
Proportion of variance explained (R^2) = 0.8758  (87.58%)
Adjusted coefficient of multiple determination (Ra^2) = 0.7930  (79.30%)
Durbin-Watson test for autocorrelation = 2.983
Parameter values will be written to C:\Users\peleg\OneDrive\doktorát\experiment_disertace\výsledky\fin_výsl\syntax\typ3\VFS3\povVFS3\vysl_compl_VFS3_pov\param_compl_VFS3_pov_04.par
Analysis completed  4-Jan-2023 19:59.  Runtime = 0.00 seconds.


             ----  Descriptive Statistics for Variables  ----

 Variable    Minimum value   Maximum value    Mean value     Standard dev.
----------  --------------  --------------  --------------  --------------
         x             1.8             7.6        4.566667         2.09157
         y            2.79            6.24             4.1        1.202115


                   ----  Calculated Parameter Values  ----

 Parameter  Initial guess   Final estimate   Standard error      t      Prob(t)
----------  -------------  ----------------  --------------  ---------  -------
         a              1        9.19070338        1.411362       6.51  0.00736
         b              1       -1.99625844       0.4938655      -4.04  0.02725
         c              1       0.436665755       0.1275912       3.42  0.04177


                  ----  Analysis of Variance  ----

  Source     DF   Sum of Squares    Mean Square    F value   Prob(F)
----------  ----  --------------  --------------  ---------  -------
Regression     2        6.327977        3.163988      10.58  0.04377
Error          3       0.8974234       0.2991411
Total          5          7.2254

