   1: variable x,y;
   2: parameter a,b,c;
   3: function y=a*(x^b)*exp(c*x);
   4: Plot xlabel="x-Achse",ylabel="y-Achse";
   5: data;

Beginning computation...
Stopped due to: Relative function convergence.


   ----  Final Results  ----

NLREG version 5.4
Copyright (c) 1992-2002 Phillip H. Sherrod.  All rights reserved.
This is a registered copy of NLREG that may not be redistributed.

Number of observations = 5
Maximum allowed number of iterations = 500
Convergence tolerance factor = 1.000000E-010
Stopped due to: Relative function convergence.
Number of iterations performed = 17
Final sum of squared deviations = 1.3202612E-001
Final sum of deviations = -2.1137439E-003
Standard error of estimate = 0.25693
Average deviation = 0.137696
Maximum deviation for any observation = 0.261413
Proportion of variance explained (R^2) = 0.9268  (92.68%)
Adjusted coefficient of multiple determination (Ra^2) = 0.8536  (85.36%)
Durbin-Watson test for autocorrelation = 2.832
Parameter values will be written to C:\Users\peleg\OneDrive\doktorát\experiment_disertace\výsledky\fin_výsl\syntax\typ3\VFS3\povVFS3\vysl_compl_VFS3_pov\param_compl_VFS3_pov_09.par
Analysis completed  4-Jan-2023 19:59.  Runtime = 0.00 seconds.


             ----  Descriptive Statistics for Variables  ----

 Variable    Minimum value   Maximum value    Mean value     Standard dev.
----------  --------------  --------------  --------------  --------------
         x            1.62             6.5           4.024        1.864908
         y             3.8            5.41           4.336       0.6714388


                   ----  Calculated Parameter Values  ----

 Parameter  Initial guess   Final estimate   Standard error      t      Prob(t)
----------  -------------  ----------------  --------------  ---------  -------
         a              1        6.14749939       0.4069816      15.11  0.00435
         b              1      -0.668475349       0.2522213      -2.65  0.11774
         c              1       0.125545437      0.07519474       1.67  0.23695


                  ----  Analysis of Variance  ----

  Source     DF   Sum of Squares    Mean Square    F value   Prob(F)
----------  ----  --------------  --------------  ---------  -------
Regression     2        1.671294       0.8356469      12.66  0.07321
Error          2       0.1320261      0.06601306
Total          4         1.80332

