   1: variable x,y;
   2: parameter a,b;
   3: function y=a*(x^b);
   4: Plot xlabel="x-Achse",ylabel="y-Achse";
   5: data;

Beginning computation...
Stopped due to: Relative function convergence.


   ----  Final Results  ----

NLREG version 5.4
Copyright (c) 1992-2002 Phillip H. Sherrod.  All rights reserved.
This is a registered copy of NLREG that may not be redistributed.

Number of observations = 5
Maximum allowed number of iterations = 500
Convergence tolerance factor = 1.000000E-010
Stopped due to: Relative function convergence.
Number of iterations performed = 9
Final sum of squared deviations = 4.9385631E-001
Final sum of deviations = -6.7739007E-004
Standard error of estimate = 0.405732
Average deviation = 0.274049
Maximum deviation for any observation = 0.49882
Proportion of variance explained (R^2) = 0.1791  (17.91%)
Adjusted coefficient of multiple determination (Ra^2) = -0.0945  (-9.45%)
Durbin-Watson test for autocorrelation = 2.254
Parameter values will be written to C:\Users\peleg\OneDrive\doktorát\experiment_disertace\výsledky\fin_výsl\syntax\typ3\VFS3\pohVFS3\vysl_trunc_VFS3_poh\param_trunc_VFS3_poh_08.par
Analysis completed  4-Jan-2023 19:59.  Runtime = 0.00 seconds.


             ----  Descriptive Statistics for Variables  ----

 Variable    Minimum value   Maximum value    Mean value     Standard dev.
----------  --------------  --------------  --------------  --------------
         x             1.9               8            4.38        2.328519
         y            3.03            4.01            3.44       0.3878144


                   ----  Calculated Parameter Values  ----

 Parameter  Initial guess   Final estimate   Standard error      t      Prob(t)
----------  -------------  ----------------  --------------  ---------  -------
         a              1        3.05472664       0.4961629       6.16  0.00862
         b              1      0.0865283544       0.1094791       0.79  0.48703


                  ----  Analysis of Variance  ----

  Source     DF   Sum of Squares    Mean Square    F value   Prob(F)
----------  ----  --------------  --------------  ---------  -------
Regression     1       0.1077437       0.1077437       0.65  0.47772
Error          3       0.4938563       0.1646188
Total          4          0.6016

