   1: variable x,y;
   2: parameter a,b;
   3: function y=a*(x^b);
   4: Plot xlabel="x-Achse",ylabel="y-Achse";
   5: data;

Beginning computation...
Stopped due to: Relative function convergence.


   ----  Final Results  ----

NLREG version 5.4
Copyright (c) 1992-2002 Phillip H. Sherrod.  All rights reserved.
This is a registered copy of NLREG that may not be redistributed.

Number of observations = 4
Maximum allowed number of iterations = 500
Convergence tolerance factor = 1.000000E-010
Stopped due to: Relative function convergence.
Number of iterations performed = 8
Final sum of squared deviations = 9.2086949E-002
Final sum of deviations = 2.4472136E-005
Standard error of estimate = 0.214577
Average deviation = 0.12886
Maximum deviation for any observation = 0.227319
Proportion of variance explained (R^2) = 0.1253  (12.53%)
Adjusted coefficient of multiple determination (Ra^2) = -0.3121  (-31.21%)
Durbin-Watson test for autocorrelation = 3.327
Parameter values will be written to C:\Users\peleg\OneDrive\doktorát\experiment_disertace\výsledky\fin_výsl\syntax\typ3\VFS3\pohVFS3\vysl_trunc_VFS3_poh\param_trunc_VFS3_poh_05.par
Analysis completed  4-Jan-2023 19:59.  Runtime = 0.00 seconds.


             ----  Descriptive Statistics for Variables  ----

 Variable    Minimum value   Maximum value    Mean value     Standard dev.
----------  --------------  --------------  --------------  --------------
         x            1.88            5.45          3.5825        1.516539
         y            2.81            3.18          3.0225       0.1873277


                   ----  Calculated Parameter Values  ----

 Parameter  Initial guess   Final estimate   Standard error      t      Prob(t)
----------  -------------  ----------------  --------------  ---------  -------
         a              1        3.20404029       0.3615886       8.86  0.01250
         b              1     -0.0486406606      0.09017938      -0.54  0.64364


                  ----  Analysis of Variance  ----

  Source     DF   Sum of Squares    Mean Square    F value   Prob(F)
----------  ----  --------------  --------------  ---------  -------
Regression     1      0.01318805      0.01318805       0.29  0.64606
Error          2      0.09208695      0.04604347
Total          3        0.105275

