   1: variable x,y;
   2: parameter a,b;
   3: function y=a*(x^b);
   4: Plot xlabel="x-Achse",ylabel="y-Achse";
   5: data;

Beginning computation...
Stopped due to: Relative function convergence.


   ----  Final Results  ----

NLREG version 5.4
Copyright (c) 1992-2002 Phillip H. Sherrod.  All rights reserved.
This is a registered copy of NLREG that may not be redistributed.

Number of observations = 5
Maximum allowed number of iterations = 500
Convergence tolerance factor = 1.000000E-010
Stopped due to: Relative function convergence.
Number of iterations performed = 9
Final sum of squared deviations = 1.8209399E-001
Final sum of deviations = -2.0724586E-004
Standard error of estimate = 0.24637
Average deviation = 0.177136
Maximum deviation for any observation = 0.291088
Proportion of variance explained (R^2) = 0.6665  (66.65%)
Adjusted coefficient of multiple determination (Ra^2) = 0.5554  (55.54%)
Durbin-Watson test for autocorrelation = 2.577
Parameter values will be written to C:\Users\peleg\OneDrive\doktorát\experiment_disertace\výsledky\fin_výsl\syntax\typ3\VFS3\pohVFS3\vysl_trunc_VFS3_poh\param_trunc_VFS3_poh_04.par
Analysis completed  4-Jan-2023 19:59.  Runtime = 0.00 seconds.


             ----  Descriptive Statistics for Variables  ----

 Variable    Minimum value   Maximum value    Mean value     Standard dev.
----------  --------------  --------------  --------------  --------------
         x            1.84            6.23           4.014         1.70569
         y             2.8            3.62           3.208       0.3694861


                   ----  Calculated Parameter Values  ----

 Parameter  Initial guess   Final estimate   Standard error      t      Prob(t)
----------  -------------  ----------------  --------------  ---------  -------
         a              1        4.12086932       0.4226937       9.75  0.00229
         b              1      -0.194262081      0.07833161      -2.48  0.08927


                  ----  Analysis of Variance  ----

  Source     DF   Sum of Squares    Mean Square    F value   Prob(F)
----------  ----  --------------  --------------  ---------  -------
Regression     1        0.363986        0.363986       6.00  0.09178
Error          3        0.182094        0.060698
Total          4         0.54608

