   1: variable x,y;
   2: parameter a,b;
   3: function y=a*(x^b);
   4: Plot xlabel="x-Achse",ylabel="y-Achse";
   5: data;

Beginning computation...
Stopped due to: Both parameter and relative function convergence.


   ----  Final Results  ----

NLREG version 5.4
Copyright (c) 1992-2002 Phillip H. Sherrod.  All rights reserved.
This is a registered copy of NLREG that may not be redistributed.

Number of observations = 5
Maximum allowed number of iterations = 500
Convergence tolerance factor = 1.000000E-010
Stopped due to: Both parameter and relative function convergence.
Number of iterations performed = 9
Final sum of squared deviations = 4.6919045E-001
Final sum of deviations = -2.5511494E-003
Standard error of estimate = 0.39547
Average deviation = 0.25852
Maximum deviation for any observation = 0.562813
Proportion of variance explained (R^2) = 0.4089  (40.89%)
Adjusted coefficient of multiple determination (Ra^2) = 0.2118  (21.18%)
Durbin-Watson test for autocorrelation = 2.112
Parameter values will be written to C:\Users\peleg\OneDrive\doktorát\experiment_disertace\výsledky\fin_výsl\syntax\typ3\VFS3\pohVFS3\vysl_trunc_VFS3_poh\param_trunc_VFS3_poh_03.par
Analysis completed  4-Jan-2023 19:59.  Runtime = 0.00 seconds.


             ----  Descriptive Statistics for Variables  ----

 Variable    Minimum value   Maximum value    Mean value     Standard dev.
----------  --------------  --------------  --------------  --------------
         x            1.89            6.94           4.166        1.933774
         y            2.79            4.01           3.426       0.4454548


                   ----  Calculated Parameter Values  ----

 Parameter  Initial guess   Final estimate   Standard error      t      Prob(t)
----------  -------------  ----------------  --------------  ---------  -------
         a              1        2.74400785       0.4770712       5.75  0.01044
         b              1       0.164567419       0.1188694       1.38  0.26023


                  ----  Analysis of Variance  ----

  Source     DF   Sum of Squares    Mean Square    F value   Prob(F)
----------  ----  --------------  --------------  ---------  -------
Regression     1       0.3245296       0.3245296       2.08  0.24536
Error          3       0.4691904       0.1563968
Total          4         0.79372

