   1: variable x,y;
   2: parameter a,b;
   3: function y=a*(x^b);
   4: Plot xlabel="x-Achse",ylabel="y-Achse";
   5: data;

Beginning computation...
Stopped due to: Relative function convergence.


   ----  Final Results  ----

NLREG version 5.4
Copyright (c) 1992-2002 Phillip H. Sherrod.  All rights reserved.
This is a registered copy of NLREG that may not be redistributed.

Number of observations = 6
Maximum allowed number of iterations = 500
Convergence tolerance factor = 1.000000E-010
Stopped due to: Relative function convergence.
Number of iterations performed = 9
Final sum of squared deviations = 1.9631894E+000
Final sum of deviations = 7.3609202E-005
Standard error of estimate = 0.700569
Average deviation = 0.379853
Maximum deviation for any observation = 1.05199
Proportion of variance explained (R^2) = 0.0200  (2.00%)
Adjusted coefficient of multiple determination (Ra^2) = -0.2250  (-22.50%)
Durbin-Watson test for autocorrelation = 3.007
Parameter values will be written to C:\Users\peleg\OneDrive\doktorát\experiment_disertace\výsledky\fin_výsl\syntax\typ3\VFS3\pohVFS3\vysl_trunc_VFS3_poh\param_trunc_VFS3_poh_09.par
Analysis completed  4-Jan-2023 19:59.  Runtime = 0.00 seconds.


             ----  Descriptive Statistics for Variables  ----

 Variable    Minimum value   Maximum value    Mean value     Standard dev.
----------  --------------  --------------  --------------  --------------
         x            1.71            7.57        4.546667        2.106938
         y            3.49            5.47        4.508333       0.6329745


                   ----  Calculated Parameter Values  ----

 Parameter  Initial guess   Final estimate   Standard error      t      Prob(t)
----------  -------------  ----------------  --------------  ---------  -------
         a              1        4.27437236       0.8466938       5.05  0.00724
         b              1      0.0377321562       0.1316415       0.29  0.78863


                  ----  Analysis of Variance  ----

  Source     DF   Sum of Squares    Mean Square    F value   Prob(F)
----------  ----  --------------  --------------  ---------  -------
Regression     1       0.0400939       0.0400939       0.08  0.78921
Error          4        1.963189       0.4907974
Total          5        2.003283

