   1: variable x,y;
   2: parameter a,b;
   3: function y=a*(x^b);
   4: Plot xlabel="x-Achse",ylabel="y-Achse";
   5: data;

Beginning computation...
Stopped due to: Relative function convergence.


   ----  Final Results  ----

NLREG version 5.4
Copyright (c) 1992-2002 Phillip H. Sherrod.  All rights reserved.
This is a registered copy of NLREG that may not be redistributed.

Number of observations = 5
Maximum allowed number of iterations = 500
Convergence tolerance factor = 1.000000E-010
Stopped due to: Relative function convergence.
Number of iterations performed = 10
Final sum of squared deviations = 4.7568386E-001
Final sum of deviations = 3.0047306E-002
Standard error of estimate = 0.398198
Average deviation = 0.276074
Maximum deviation for any observation = 0.52693
Proportion of variance explained (R^2) = 0.9167  (91.67%)
Adjusted coefficient of multiple determination (Ra^2) = 0.8890  (88.90%)
Durbin-Watson test for autocorrelation = 2.862
Parameter values will be written to C:\Users\peleg\OneDrive\doktorát\experiment_disertace\výsledky\fin_výsl\syntax\typ3\VFS3\povVFS3\vysl_trunc_VFS3_pov\param_trunc_VFS3_pov_08.par
Analysis completed  4-Jan-2023 19:59.  Runtime = 0.00 seconds.


             ----  Descriptive Statistics for Variables  ----

 Variable    Minimum value   Maximum value    Mean value     Standard dev.
----------  --------------  --------------  --------------  --------------
         x            1.86             6.6           4.092        1.823272
         y            3.18            6.11           4.088        1.194977


                   ----  Calculated Parameter Values  ----

 Parameter  Initial guess   Final estimate   Standard error      t      Prob(t)
----------  -------------  ----------------  --------------  ---------  -------
         a              1        8.36730799       0.9503574       8.80  0.00309
         b              1      -0.567227859      0.09608486      -5.90  0.00971


                  ----  Analysis of Variance  ----

  Source     DF   Sum of Squares    Mean Square    F value   Prob(F)
----------  ----  --------------  --------------  ---------  -------
Regression     1        5.236196        5.236196      33.02  0.01047
Error          3       0.4756839       0.1585613
Total          4         5.71188

