   1: variable x,y;
   2: parameter a,b;
   3: function y=a*(x^b);
   4: Plot xlabel="x-Achse",ylabel="y-Achse";
   5: data;

Beginning computation...
Stopped due to: Relative function convergence.


   ----  Final Results  ----

NLREG version 5.4
Copyright (c) 1992-2002 Phillip H. Sherrod.  All rights reserved.
This is a registered copy of NLREG that may not be redistributed.

Number of observations = 5
Maximum allowed number of iterations = 500
Convergence tolerance factor = 1.000000E-010
Stopped due to: Relative function convergence.
Number of iterations performed = 10
Final sum of squared deviations = 3.1148201E-001
Final sum of deviations = 5.9977789E-003
Standard error of estimate = 0.322222
Average deviation = 0.202076
Maximum deviation for any observation = 0.394257
Proportion of variance explained (R^2) = 0.8273  (82.73%)
Adjusted coefficient of multiple determination (Ra^2) = 0.7697  (76.97%)
Durbin-Watson test for autocorrelation = 1.594
Parameter values will be written to C:\Users\peleg\OneDrive\doktorát\experiment_disertace\výsledky\fin_výsl\syntax\typ3\VFS3\povVFS3\vysl_trunc_VFS3_pov\param_trunc_VFS3_pov_09.par
Analysis completed  4-Jan-2023 19:59.  Runtime = 0.00 seconds.


             ----  Descriptive Statistics for Variables  ----

 Variable    Minimum value   Maximum value    Mean value     Standard dev.
----------  --------------  --------------  --------------  --------------
         x            1.62             6.5           4.024        1.864908
         y             3.8            5.41           4.336       0.6714388


                   ----  Calculated Parameter Values  ----

 Parameter  Initial guess   Final estimate   Standard error      t      Prob(t)
----------  -------------  ----------------  --------------  ---------  -------
         a              1        6.01352358       0.5015846      11.99  0.00125
         b              1      -0.259897584      0.06579331      -3.95  0.02894


                  ----  Analysis of Variance  ----

  Source     DF   Sum of Squares    Mean Square    F value   Prob(F)
----------  ----  --------------  --------------  ---------  -------
Regression     1        1.491838        1.491838      14.37  0.03221
Error          3        0.311482       0.1038273
Total          4         1.80332

