   1: variable x,y;
   2: parameter a,b;
   3: function y=a*(x^b);
   4: Plot xlabel="x-Achse",ylabel="y-Achse";
   5: data;

Beginning computation...
Stopped due to: Relative function convergence.


   ----  Final Results  ----

NLREG version 5.4
Copyright (c) 1992-2002 Phillip H. Sherrod.  All rights reserved.
This is a registered copy of NLREG that may not be redistributed.

Number of observations = 5
Maximum allowed number of iterations = 500
Convergence tolerance factor = 1.000000E-010
Stopped due to: Relative function convergence.
Number of iterations performed = 10
Final sum of squared deviations = 7.2384290E-001
Final sum of deviations = 4.7374176E-002
Standard error of estimate = 0.491204
Average deviation = 0.349498
Maximum deviation for any observation = 0.607645
Proportion of variance explained (R^2) = 0.8493  (84.93%)
Adjusted coefficient of multiple determination (Ra^2) = 0.7990  (79.90%)
Durbin-Watson test for autocorrelation = 1.913
Parameter values will be written to C:\Users\peleg\OneDrive\doktorát\experiment_disertace\výsledky\fin_výsl\syntax\typ3\VFS3\povVFS3\vysl_trunc_VFS3_pov\param_trunc_VFS3_pov_03.par
Analysis completed  4-Jan-2023 19:59.  Runtime = 0.00 seconds.


             ----  Descriptive Statistics for Variables  ----

 Variable    Minimum value   Maximum value    Mean value     Standard dev.
----------  --------------  --------------  --------------  --------------
         x            1.95            6.87           4.164        1.891092
         y            2.81            5.62           3.762         1.09566


                   ----  Calculated Parameter Values  ----

 Parameter  Initial guess   Final estimate   Standard error      t      Prob(t)
----------  -------------  ----------------  --------------  ---------  -------
         a              1        7.79595315        1.255111       6.21  0.00841
         b              1      -0.569327642       0.1339572      -4.25  0.02387


                  ----  Analysis of Variance  ----

  Source     DF   Sum of Squares    Mean Square    F value   Prob(F)
----------  ----  --------------  --------------  ---------  -------
Regression     1        4.078037        4.078037      16.90  0.02606
Error          3       0.7238429        0.241281
Total          4         4.80188

