   1: variable x,y;
   2: parameter b;
   3: function y=6.31*(x^b);
   4: Plot xlabel="x-Achse",ylabel="y-Achse";
   5: data;

Beginning computation...
Stopped due to: Both parameter and relative function convergence.


   ----  Final Results  ----

NLREG version 5.4
Copyright (c) 1992-2002 Phillip H. Sherrod.  All rights reserved.
This is a registered copy of NLREG that may not be redistributed.

Number of observations = 6
Maximum allowed number of iterations = 500
Convergence tolerance factor = 1.000000E-010
Stopped due to: Both parameter and relative function convergence.
Number of iterations performed = 12
Final sum of squared deviations = 1.1108254E+000
Final sum of deviations = -2.3115823E-001
Standard error of estimate = 0.471344
Average deviation = 0.303062
Maximum deviation for any observation = 0.764691
Proportion of variance explained (R^2) = 0.8788  (87.88%)
Adjusted coefficient of multiple determination (Ra^2) = 0.8788  (87.88%)
Durbin-Watson test for autocorrelation = 1.602
Parameter values will be written to C:\Users\peleg\OneDrive\doktorát\experiment_disertace\výsledky\fin_výsl\syntax\typ3\VFS3\povVFS3\vysl_trunc_VFS3_pov\param_trunc_VFS3_pov_07.par
Analysis completed  4-Jan-2023 19:59.  Runtime = 0.00 seconds.


             ----  Descriptive Statistics for Variables  ----

 Variable    Minimum value   Maximum value    Mean value     Standard dev.
----------  --------------  --------------  --------------  --------------
         x               1            6.38        3.563333        1.975871
         y            2.39            6.31        3.718333        1.354141


                   ----  Calculated Parameter Values  ----

 Parameter  Initial guess   Final estimate   Standard error      t      Prob(t)
----------  -------------  ----------------  --------------  ---------  -------
         b              1      -0.517101146      0.05184587      -9.97  0.00017

