   1: variable x,y;
   2: parameter a,b;
   3: function y=a*(x^b);
   4: Plot xlabel="x-Achse",ylabel="y-Achse";
   5: data;

Beginning computation...
Stopped due to: Relative function convergence.


   ----  Final Results  ----

NLREG version 5.4
Copyright (c) 1992-2002 Phillip H. Sherrod.  All rights reserved.
This is a registered copy of NLREG that may not be redistributed.

Number of observations = 6
Maximum allowed number of iterations = 500
Convergence tolerance factor = 1.000000E-010
Stopped due to: Relative function convergence.
Number of iterations performed = 9
Final sum of squared deviations = 1.3368549E+000
Final sum of deviations = 5.0140540E-003
Standard error of estimate = 0.578112
Average deviation = 0.395142
Maximum deviation for any observation = 0.744908
Proportion of variance explained (R^2) = 0.5859  (58.59%)
Adjusted coefficient of multiple determination (Ra^2) = 0.4824  (48.24%)
Durbin-Watson test for autocorrelation = 3.567
Parameter values will be written to C:\Users\peleg\OneDrive\doktorát\experiment_disertace\výsledky\fin_výsl\syntax\typ3\VFS3\povVFS3\vysl_trunc_VFS3_pov\param_trunc_VFS3_pov_06.par
Analysis completed  4-Jan-2023 19:59.  Runtime = 0.00 seconds.


             ----  Descriptive Statistics for Variables  ----

 Variable    Minimum value   Maximum value    Mean value     Standard dev.
----------  --------------  --------------  --------------  --------------
         x             1.7             7.4        4.516667        2.061472
         y            3.44            5.47        4.213333       0.8035339


                   ----  Calculated Parameter Values  ----

 Parameter  Initial guess   Final estimate   Standard error      t      Prob(t)
----------  -------------  ----------------  --------------  ---------  -------
         a              1        6.08316339       0.9017604       6.75  0.00252
         b              1      -0.268059696       0.1083154      -2.47  0.06859


                  ----  Analysis of Variance  ----

  Source     DF   Sum of Squares    Mean Square    F value   Prob(F)
----------  ----  --------------  --------------  ---------  -------
Regression     1        1.891478        1.891478       5.66  0.07607
Error          4        1.336855       0.3342137
Total          5        3.228333

