   1: variable x,y;
   2: parameter a,b;
   3: function y=a*(x^b);
   4: Plot xlabel="x-Achse",ylabel="y-Achse";
   5: data;

Beginning computation...
Stopped due to: Relative function convergence.


   ----  Final Results  ----

NLREG version 5.4
Copyright (c) 1992-2002 Phillip H. Sherrod.  All rights reserved.
This is a registered copy of NLREG that may not be redistributed.

Number of observations = 4
Maximum allowed number of iterations = 500
Convergence tolerance factor = 1.000000E-010
Stopped due to: Relative function convergence.
Number of iterations performed = 12
Final sum of squared deviations = 3.3801987E-001
Final sum of deviations = 1.2590677E-002
Standard error of estimate = 0.411108
Average deviation = 0.250117
Maximum deviation for any observation = 0.493939
Proportion of variance explained (R^2) = 0.8457  (84.57%)
Adjusted coefficient of multiple determination (Ra^2) = 0.7685  (76.85%)
Durbin-Watson test for autocorrelation = 2.535
Parameter values will be written to C:\Users\peleg\OneDrive\doktorát\experiment_disertace\výsledky\fin_výsl\syntax\typ3\VFS3\povVFS3\vysl_trunc_VFS3_pov\param_trunc_VFS3_pov_02.par
Analysis completed  4-Jan-2023 19:59.  Runtime = 0.00 seconds.


             ----  Descriptive Statistics for Variables  ----

 Variable    Minimum value   Maximum value    Mean value     Standard dev.
----------  --------------  --------------  --------------  --------------
         x             2.8             6.6             4.6        1.608312
         y            3.19             5.1           3.845       0.8544199


                   ----  Calculated Parameter Values  ----

 Parameter  Initial guess   Final estimate   Standard error      t      Prob(t)
----------  -------------  ----------------  --------------  ---------  -------
         a              1        8.81156547        2.093805       4.21  0.05209
         b              1      -0.572601401       0.1697471      -3.37  0.07777


                  ----  Analysis of Variance  ----

  Source     DF   Sum of Squares    Mean Square    F value   Prob(F)
----------  ----  --------------  --------------  ---------  -------
Regression     1         1.85208         1.85208      10.96  0.08040
Error          2       0.3380199       0.1690099
Total          3          2.1901

