   1: variable x,y;
   2: parameter a,b;
   3: function y=a*(x^b);
   4: Plot xlabel="x-Achse",ylabel="y-Achse";
   5: data;

Beginning computation...
Stopped due to: Relative function convergence.


   ----  Final Results  ----

NLREG version 5.4
Copyright (c) 1992-2002 Phillip H. Sherrod.  All rights reserved.
This is a registered copy of NLREG that may not be redistributed.

Number of observations = 5
Maximum allowed number of iterations = 500
Convergence tolerance factor = 1.000000E-010
Stopped due to: Relative function convergence.
Number of iterations performed = 11
Final sum of squared deviations = 9.5496852E-001
Final sum of deviations = 9.5301708E-002
Standard error of estimate = 0.564201
Average deviation = 0.405996
Maximum deviation for any observation = 0.619084
Proportion of variance explained (R^2) = 0.9260  (92.60%)
Adjusted coefficient of multiple determination (Ra^2) = 0.9014  (90.14%)
Durbin-Watson test for autocorrelation = 1.262
Parameter values will be written to C:\Users\peleg\OneDrive\doktorát\experiment_disertace\výsledky\fin_výsl\syntax\typ3\VFS3\povVFS3\vysl_trunc_VFS3_pov\param_trunc_VFS3_pov_05.par
Analysis completed  4-Jan-2023 19:59.  Runtime = 0.00 seconds.


             ----  Descriptive Statistics for Variables  ----

 Variable    Minimum value   Maximum value    Mean value     Standard dev.
----------  --------------  --------------  --------------  --------------
         x            1.74            6.37           4.022        1.783401
         y            3.47            7.68           4.548        1.796683


                   ----  Calculated Parameter Values  ----

 Parameter  Initial guess   Final estimate   Standard error      t      Prob(t)
----------  -------------  ----------------  --------------  ---------  -------
         a              1        11.1383102        1.397382       7.97  0.00412
         b              1      -0.735985455       0.1157774      -6.36  0.00788


                  ----  Analysis of Variance  ----

  Source     DF   Sum of Squares    Mean Square    F value   Prob(F)
----------  ----  --------------  --------------  ---------  -------
Regression     1        11.95731        11.95731      37.56  0.00873
Error          3       0.9549685       0.3183228
Total          4        12.91228

