   1: variable x,y;
   2: parameter a,b;
   3: function y=a*(x^b);
   4: Plot xlabel="x-Achse",ylabel="y-Achse";
   5: data;

Beginning computation...
Stopped due to: Relative function convergence.


   ----  Final Results  ----

NLREG version 5.4
Copyright (c) 1992-2002 Phillip H. Sherrod.  All rights reserved.
This is a registered copy of NLREG that may not be redistributed.

Number of observations = 4
Maximum allowed number of iterations = 500
Convergence tolerance factor = 1.000000E-010
Stopped due to: Relative function convergence.
Number of iterations performed = 11
Final sum of squared deviations = 6.9781625E-001
Final sum of deviations = -1.4541449E-002
Standard error of estimate = 0.590684
Average deviation = 0.357138
Maximum deviation for any observation = 0.707006
Proportion of variance explained (R^2) = 0.8471  (84.71%)
Adjusted coefficient of multiple determination (Ra^2) = 0.7706  (77.06%)
Durbin-Watson test for autocorrelation = 2.897
Parameter values will be written to C:\Users\peleg\OneDrive\doktorát\experiment_disertace\výsledky\fin_výsl\syntax\typ3\VFS3\povVFS3\vysl_trunc_VFS3_pov\param_trunc_VFS3_pov_01.par
Analysis completed  4-Jan-2023 19:59.  Runtime = 0.00 seconds.


             ----  Descriptive Statistics for Variables  ----

 Variable    Minimum value   Maximum value    Mean value     Standard dev.
----------  --------------  --------------  --------------  --------------
         x            1.61            5.39             3.5        1.596266
         y            3.77             6.3          4.9675        1.233352


                   ----  Calculated Parameter Values  ----

 Parameter  Initial guess   Final estimate   Standard error      t      Prob(t)
----------  -------------  ----------------  --------------  ---------  -------
         a              1        7.93523501         1.08835       7.29  0.01830
         b              1      -0.418054328       0.1259745      -3.32  0.08005


                  ----  Analysis of Variance  ----

  Source     DF   Sum of Squares    Mean Square    F value   Prob(F)
----------  ----  --------------  --------------  ---------  -------
Regression     1        3.865659        3.865659      11.08  0.07963
Error          2       0.6978162       0.3489081
Total          3        4.563475

