   1: variable x,y;
   2: parameter a,b;
   3: function y=a*(x^b);
   4: Plot xlabel="x-Achse",ylabel="y-Achse";
   5: data;

Beginning computation...
Stopped due to: Relative function convergence.


   ----  Final Results  ----

NLREG version 5.4
Copyright (c) 1992-2002 Phillip H. Sherrod.  All rights reserved.
This is a registered copy of NLREG that may not be redistributed.

Number of observations = 6
Maximum allowed number of iterations = 500
Convergence tolerance factor = 1.000000E-010
Stopped due to: Relative function convergence.
Number of iterations performed = 11
Final sum of squared deviations = 4.1733816E+000
Final sum of deviations = 6.5150568E-002
Standard error of estimate = 1.02144
Average deviation = 0.728789
Maximum deviation for any observation = 1.43888
Proportion of variance explained (R^2) = 0.4224  (42.24%)
Adjusted coefficient of multiple determination (Ra^2) = 0.2780  (27.80%)
Durbin-Watson test for autocorrelation = 1.952
Parameter values will be written to C:\Users\peleg\OneDrive\doktorát\experiment_disertace\výsledky\fin_výsl\syntax\typ3\VFS3\povVFS3\vysl_trunc_VFS3_pov\param_trunc_VFS3_pov_04.par
Analysis completed  4-Jan-2023 19:59.  Runtime = 0.00 seconds.


             ----  Descriptive Statistics for Variables  ----

 Variable    Minimum value   Maximum value    Mean value     Standard dev.
----------  --------------  --------------  --------------  --------------
         x             1.8             7.6        4.566667         2.09157
         y            2.79            6.24             4.1        1.202115


                   ----  Calculated Parameter Values  ----

 Parameter  Initial guess   Final estimate   Standard error      t      Prob(t)
----------  -------------  ----------------  --------------  ---------  -------
         a              1        6.92111772        1.857952       3.73  0.02038
         b              1      -0.383277082       0.2017564      -1.90  0.13028


                  ----  Analysis of Variance  ----

  Source     DF   Sum of Squares    Mean Square    F value   Prob(F)
----------  ----  --------------  --------------  ---------  -------
Regression     1        3.052018        3.052018       2.93  0.16238
Error          4        4.173382        1.043345
Total          5          7.2254

