   1: variable x,y;
   2: parameter a,b;
   3: function y=a*(x^b);
   4: Plot xlabel="x-Achse",ylabel="y-Achse";
   5: data;

Beginning computation...
Stopped due to: Both parameter and relative function convergence.


   ----  Final Results  ----

NLREG version 5.4
Copyright (c) 1992-2002 Phillip H. Sherrod.  All rights reserved.
This is a registered copy of NLREG that may not be redistributed.

Number of observations = 6
Maximum allowed number of iterations = 500
Convergence tolerance factor = 1.000000E-010
Stopped due to: Both parameter and relative function convergence.
Number of iterations performed = 10
Final sum of squared deviations = 3.3679823E-002
Final sum of deviations = 6.7207173E-005
Standard error of estimate = 0.0917603
Average deviation = 0.0729243
Maximum deviation for any observation = 0.103873
Proportion of variance explained (R^2) = 0.3540  (35.40%)
Adjusted coefficient of multiple determination (Ra^2) = 0.1925  (19.25%)
Durbin-Watson test for autocorrelation = 2.356
Parameter values will be written to C:\Users\peleg\OneDrive\doktorát\experiment_disertace\výsledky\fin_výsl\syntax\typ1\KSM1_oprava\stud_KSM1\vysl_trunc_KSM1_stud\param_trunc_KSM1_stud_01.par
Analysis completed  5-Apr-2023 12:16.  Runtime = 0.00 seconds.


             ----  Descriptive Statistics for Variables  ----

 Variable    Minimum value   Maximum value    Mean value     Standard dev.
----------  --------------  --------------  --------------  --------------
         x            3.42           21.46        10.74333        6.402667
         y             2.7            2.97        2.806667       0.1021111


                   ----  Calculated Parameter Values  ----

 Parameter  Initial guess   Final estimate   Standard error      t      Prob(t)
----------  -------------  ----------------  --------------  ---------  -------
         a              1          3.025088       0.1553677      19.47  0.00004
         b              1     -0.0339373677      0.02263868      -1.50  0.20822


                  ----  Analysis of Variance  ----

  Source     DF   Sum of Squares    Mean Square    F value   Prob(F)
----------  ----  --------------  --------------  ---------  -------
Regression     1      0.01845351      0.01845351       2.19  0.21287
Error          4      0.03367982     0.008419956
Total          5      0.05213333

