   1: variable x,y;
   2: parameter a,b;
   3: function y=a*(x^b);
   4: Plot xlabel="x-Achse",ylabel="y-Achse";
   5: data;

Beginning computation...
Stopped due to: Relative function convergence.


   ----  Final Results  ----

NLREG version 5.4
Copyright (c) 1992-2002 Phillip H. Sherrod.  All rights reserved.
This is a registered copy of NLREG that may not be redistributed.

Number of observations = 3
Maximum allowed number of iterations = 500
Convergence tolerance factor = 1.000000E-010
Stopped due to: Relative function convergence.
Number of iterations performed = 12
Final sum of squared deviations = 1.9409794E-002
Final sum of deviations = -1.3425084E-004
Standard error of estimate = 0.139319
Average deviation = 0.0756322
Maximum deviation for any observation = 0.113381
Proportion of variance explained (R^2) = 0.6329  (63.29%)
Adjusted coefficient of multiple determination (Ra^2) = 0.2657  (26.57%)
Durbin-Watson test for autocorrelation = 2.988
Parameter values will be written to C:\Users\peleg\OneDrive\doktorát\experiment_disertace\výsledky\fin_výsl\syntax\typ1\KSM1_oprava\stud_KSM1\vysl_trunc_KSM1_stud\param_trunc_KSM1_stud_09.par
Analysis completed  5-Apr-2023 12:16.  Runtime = 0.00 seconds.


             ----  Descriptive Statistics for Variables  ----

 Variable    Minimum value   Maximum value    Mean value     Standard dev.
----------  --------------  --------------  --------------  --------------
         x            3.14           15.79            8.34        6.618346
         y            2.41            2.72        2.593333       0.1625833


                   ----  Calculated Parameter Values  ----

 Parameter  Initial guess   Final estimate   Standard error      t      Prob(t)
----------  -------------  ----------------  --------------  ---------  -------
         a              1        2.91067372       0.2701217      10.78  0.05891
         b              1     -0.0610692622      0.04727703      -1.29  0.41939


                  ----  Analysis of Variance  ----

  Source     DF   Sum of Squares    Mean Square    F value   Prob(F)
----------  ----  --------------  --------------  ---------  -------
Regression     1      0.03345687      0.03345687       1.72  0.41439
Error          1      0.01940979      0.01940979
Total          2      0.05286667

