   1: variable x,y;
   2: parameter a,b;
   3: function y=a*(x^b);
   4: Plot xlabel="x-Achse",ylabel="y-Achse";
   5: data;

Beginning computation...
Stopped due to: Relative function convergence.


   ----  Final Results  ----

NLREG version 5.4
Copyright (c) 1992-2002 Phillip H. Sherrod.  All rights reserved.
This is a registered copy of NLREG that may not be redistributed.

Number of observations = 15
Maximum allowed number of iterations = 500
Convergence tolerance factor = 1.000000E-010
Stopped due to: Relative function convergence.
Number of iterations performed = 9
Final sum of squared deviations = 1.4865413E-001
Final sum of deviations = 7.4447629E-006
Standard error of estimate = 0.106934
Average deviation = 0.0827085
Maximum deviation for any observation = 0.231145
Proportion of variance explained (R^2) = 0.0132  (1.32%)
Adjusted coefficient of multiple determination (Ra^2) = -0.0627  (-6.27%)
Durbin-Watson test for autocorrelation = 2.026
Parameter values will be written to C:\Users\peleg\OneDrive\doktorát\experiment_disertace\výsledky\fin_výsl\syntax\typ1\KSM1_oprava\stud_KSM1\vysl_trunc_KSM1_stud\param_trunc_KSM1_stud_08.par
Analysis completed  5-Apr-2023 12:16.  Runtime = 0.00 seconds.


             ----  Descriptive Statistics for Variables  ----

 Variable    Minimum value   Maximum value    Mean value     Standard dev.
----------  --------------  --------------  --------------  --------------
         x            1.88           25.27           10.05         6.39906
         y            2.47            2.83           2.618       0.1037304


                   ----  Calculated Parameter Values  ----

 Parameter  Initial guess   Final estimate   Standard error      t      Prob(t)
----------  -------------  ----------------  --------------  ---------  -------
         a              1        2.65383757      0.08994277      29.51  0.00001
         b              1      -0.006482425      0.01539004      -0.42  0.68048


                  ----  Analysis of Variance  ----

  Source     DF   Sum of Squares    Mean Square    F value   Prob(F)
----------  ----  --------------  --------------  ---------  -------
Regression     1     0.001985868     0.001985868       0.17  0.68367
Error         13       0.1486541      0.01143493
Total         14         0.15064

