   1: variable x,y;
   2: parameter a,b;
   3: function y=a*(x^b);
   4: Plot xlabel="x-Achse",ylabel="y-Achse";
   5: data;

Beginning computation...
Stopped due to: Relative function convergence.


   ----  Final Results  ----

NLREG version 5.4
Copyright (c) 1992-2002 Phillip H. Sherrod.  All rights reserved.
This is a registered copy of NLREG that may not be redistributed.

Number of observations = 10
Maximum allowed number of iterations = 500
Convergence tolerance factor = 1.000000E-010
Stopped due to: Relative function convergence.
Number of iterations performed = 9
Final sum of squared deviations = 1.2345674E-001
Final sum of deviations = 1.1502104E-005
Standard error of estimate = 0.124226
Average deviation = 0.0805452
Maximum deviation for any observation = 0.271728
Proportion of variance explained (R^2) = 0.0155  (1.55%)
Adjusted coefficient of multiple determination (Ra^2) = -0.1076  (-10.76%)
Durbin-Watson test for autocorrelation = 2.286
Parameter values will be written to C:\Users\peleg\OneDrive\doktorát\experiment_disertace\výsledky\fin_výsl\syntax\typ1\KSM1_oprava\stud_KSM1\vysl_trunc_KSM1_stud\param_trunc_KSM1_stud_10.par
Analysis completed  5-Apr-2023 12:16.  Runtime = 0.00 seconds.


             ----  Descriptive Statistics for Variables  ----

 Variable    Minimum value   Maximum value    Mean value     Standard dev.
----------  --------------  --------------  --------------  --------------
         x            2.37           20.36           8.803         5.39193
         y            2.26            2.66            2.53       0.1180395


                   ----  Calculated Parameter Values  ----

 Parameter  Initial guess   Final estimate   Standard error      t      Prob(t)
----------  -------------  ----------------  --------------  ---------  -------
         a              1        2.48307112       0.1350991      18.38  0.00001
         b              1     0.00933231049      0.02592692       0.36  0.72820


                  ----  Analysis of Variance  ----

  Source     DF   Sum of Squares    Mean Square    F value   Prob(F)
----------  ----  --------------  --------------  ---------  -------
Regression     1     0.001943261     0.001943261       0.13  0.73187
Error          8       0.1234567      0.01543209
Total          9          0.1254

