   1: variable x,y;
   2: parameter b;
   3: function y=6.16*(x^b);
   4: Plot xlabel="x-Achse",ylabel="y-Achse";
   5: data;

Beginning computation...
Stopped due to: Relative function convergence.


   ----  Final Results  ----

NLREG version 5.4
Copyright (c) 1992-2002 Phillip H. Sherrod.  All rights reserved.
This is a registered copy of NLREG that may not be redistributed.

Number of observations = 5
Maximum allowed number of iterations = 500
Convergence tolerance factor = 1.000000E-010
Stopped due to: Relative function convergence.
Number of iterations performed = 10
Final sum of squared deviations = 7.9477173E-001
Final sum of deviations = -3.3867846E-001
Standard error of estimate = 0.44575
Average deviation = 0.319125
Maximum deviation for any observation = 0.736821
Proportion of variance explained (R^2) = 0.4182  (41.82%)
Adjusted coefficient of multiple determination (Ra^2) = 0.4182  (41.82%)
Durbin-Watson test for autocorrelation = 1.716
Parameter values will be written to C:\Users\peleg\OneDrive\doktorát\experiment_disertace\výsledky\fin_výsl\syntax\typ1\VKS1\poh_VKS1\vysl_trunc_VKS1_poh\param_trunc_VKS1_poh_03.par
Analysis completed  4-Jan-2023 19:48.  Runtime = 0.00 seconds.


             ----  Descriptive Statistics for Variables  ----

 Variable    Minimum value   Maximum value    Mean value     Standard dev.
----------  --------------  --------------  --------------  --------------
         x               1            7.16           3.432        2.364978
         y            4.56            6.16           5.302       0.5843971


                   ----  Calculated Parameter Values  ----

 Parameter  Initial guess   Final estimate   Standard error      t      Prob(t)
----------  -------------  ----------------  --------------  ---------  -------
         b              1      -0.137418687      0.03282977      -4.19  0.01385

