   1: variable x,y;
   2: parameter b;
   3: function y=7.23*(x^b);
   4: Plot xlabel="x-Achse",ylabel="y-Achse";
   5: data;

Beginning computation...
Stopped due to: Relative function convergence.


   ----  Final Results  ----

NLREG version 5.4
Copyright (c) 1992-2002 Phillip H. Sherrod.  All rights reserved.
This is a registered copy of NLREG that may not be redistributed.

Number of observations = 5
Maximum allowed number of iterations = 500
Convergence tolerance factor = 1.000000E-010
Stopped due to: Relative function convergence.
Number of iterations performed = 10
Final sum of squared deviations = 8.5139696E-001
Final sum of deviations = -3.8939863E-001
Standard error of estimate = 0.461356
Average deviation = 0.350831
Maximum deviation for any observation = 0.682378
Proportion of variance explained (R^2) = 0.6809  (68.09%)
Adjusted coefficient of multiple determination (Ra^2) = 0.6809  (68.09%)
Durbin-Watson test for autocorrelation = 1.355
Parameter values will be written to C:\Users\peleg\OneDrive\doktorát\experiment_disertace\výsledky\fin_výsl\syntax\typ1\VKS1\poh_VKS1\vysl_trunc_VKS1_poh\param_trunc_VKS1_poh_06.par
Analysis completed  4-Jan-2023 19:48.  Runtime = 0.00 seconds.


             ----  Descriptive Statistics for Variables  ----

 Variable    Minimum value   Maximum value    Mean value     Standard dev.
----------  --------------  --------------  --------------  --------------
         x               1            6.81           3.362        2.228277
         y            5.14            7.23           5.852       0.8166823


                   ----  Calculated Parameter Values  ----

 Parameter  Initial guess   Final estimate   Standard error      t      Prob(t)
----------  -------------  ----------------  --------------  ---------  -------
         b              1      -0.203028963      0.03223573      -6.30  0.00325

