   1: variable x,y;
   2: parameter b;
   3: function y=7.03*(x^b);
   4: Plot xlabel="x-Achse",ylabel="y-Achse";
   5: data;

Beginning computation...
Stopped due to: Both parameter and relative function convergence.


   ----  Final Results  ----

NLREG version 5.4
Copyright (c) 1992-2002 Phillip H. Sherrod.  All rights reserved.
This is a registered copy of NLREG that may not be redistributed.

Number of observations = 4
Maximum allowed number of iterations = 500
Convergence tolerance factor = 1.000000E-010
Stopped due to: Both parameter and relative function convergence.
Number of iterations performed = 10
Final sum of squared deviations = 5.6953594E-002
Final sum of deviations = 5.0252727E-003
Standard error of estimate = 0.137784
Average deviation = 0.096764
Maximum deviation for any observation = 0.196041
Proportion of variance explained (R^2) = 0.9533  (95.33%)
Adjusted coefficient of multiple determination (Ra^2) = 0.9533  (95.33%)
Durbin-Watson test for autocorrelation = 3.192
Parameter values will be written to C:\Users\peleg\OneDrive\doktorát\experiment_disertace\výsledky\fin_výsl\syntax\typ1\VKS1\poh_VKS1\vysl_trunc_VKS1_poh\param_trunc_VKS1_poh_08.par
Analysis completed  4-Jan-2023 19:48.  Runtime = 0.00 seconds.


             ----  Descriptive Statistics for Variables  ----

 Variable    Minimum value   Maximum value    Mean value     Standard dev.
----------  --------------  --------------  --------------  --------------
         x               1               6               3        2.160247
         y            5.47            7.03          6.2725       0.6375147


                   ----  Calculated Parameter Values  ----

 Parameter  Initial guess   Final estimate   Standard error      t      Prob(t)
----------  -------------  ----------------  --------------  ---------  -------
         b              1      -0.131557799       0.0107762     -12.21  0.00118

