   1: variable x,y;
   2: parameter b;
   3: function y=6.99*(x^b);
   4: Plot xlabel="x-Achse",ylabel="y-Achse";
   5: data;

Beginning computation...
Stopped due to: Both parameter and relative function convergence.


   ----  Final Results  ----

NLREG version 5.4
Copyright (c) 1992-2002 Phillip H. Sherrod.  All rights reserved.
This is a registered copy of NLREG that may not be redistributed.

Number of observations = 5
Maximum allowed number of iterations = 500
Convergence tolerance factor = 1.000000E-010
Stopped due to: Both parameter and relative function convergence.
Number of iterations performed = 12
Final sum of squared deviations = 1.1195438E-001
Final sum of deviations = -1.2512294E-001
Standard error of estimate = 0.167298
Average deviation = 0.121352
Maximum deviation for any observation = 0.239931
Proportion of variance explained (R^2) = 0.9628  (96.28%)
Adjusted coefficient of multiple determination (Ra^2) = 0.9628  (96.28%)
Durbin-Watson test for autocorrelation = 1.689
Parameter values will be written to C:\Users\peleg\OneDrive\doktorát\experiment_disertace\výsledky\fin_výsl\syntax\typ1\VKS1\poh_VKS1\vysl_trunc_VKS1_poh\param_trunc_VKS1_poh_04.par
Analysis completed  4-Jan-2023 19:48.  Runtime = 0.00 seconds.


             ----  Descriptive Statistics for Variables  ----

 Variable    Minimum value   Maximum value    Mean value     Standard dev.
----------  --------------  --------------  --------------  --------------
         x               1            5.58           3.116        1.774057
         y             4.7            6.99           5.572       0.8669314


                   ----  Calculated Parameter Values  ----

 Parameter  Initial guess   Final estimate   Standard error      t      Prob(t)
----------  -------------  ----------------  --------------  ---------  -------
         b              1      -0.237277151      0.01304744     -18.19  0.00005

