   1: variable x,y;
   2: parameter b;
   3: function y=6.22*(x^b);
   4: Plot xlabel="x-Achse",ylabel="y-Achse";
   5: data;

Beginning computation...
Stopped due to: Relative function convergence.


   ----  Final Results  ----

NLREG version 5.4
Copyright (c) 1992-2002 Phillip H. Sherrod.  All rights reserved.
This is a registered copy of NLREG that may not be redistributed.

Number of observations = 5
Maximum allowed number of iterations = 500
Convergence tolerance factor = 1.000000E-010
Stopped due to: Relative function convergence.
Number of iterations performed = 10
Final sum of squared deviations = 1.6697627E+000
Final sum of deviations = -5.5322166E-001
Standard error of estimate = 0.646096
Average deviation = 0.496481
Maximum deviation for any observation = 0.802232
Proportion of variance explained (R^2) = 0.3258  (32.58%)
Adjusted coefficient of multiple determination (Ra^2) = 0.3258  (32.58%)
Durbin-Watson test for autocorrelation = 1.132
Parameter values will be written to C:\Users\peleg\OneDrive\doktorát\experiment_disertace\výsledky\fin_výsl\syntax\typ1\VKS1\poh_VKS1\vysl_trunc_VKS1_poh\param_trunc_VKS1_poh_05.par
Analysis completed  4-Jan-2023 19:48.  Runtime = 0.00 seconds.


             ----  Descriptive Statistics for Variables  ----

 Variable    Minimum value   Maximum value    Mean value     Standard dev.
----------  --------------  --------------  --------------  --------------
         x               1            6.29           3.258        2.030473
         y            4.09            6.22           4.932       0.7868736


                   ----  Calculated Parameter Values  ----

 Parameter  Initial guess   Final estimate   Standard error      t      Prob(t)
----------  -------------  ----------------  --------------  ---------  -------
         b              1      -0.218567823       0.0542693      -4.03  0.01577

