   1: variable x,y;
   2: parameter b;
   3: function y=6.05*(x^b);
   4: Plot xlabel="x-Achse",ylabel="y-Achse";
   5: data;

Beginning computation...
Stopped due to: Relative function convergence.


   ----  Final Results  ----

NLREG version 5.4
Copyright (c) 1992-2002 Phillip H. Sherrod.  All rights reserved.
This is a registered copy of NLREG that may not be redistributed.

Number of observations = 6
Maximum allowed number of iterations = 500
Convergence tolerance factor = 1.000000E-010
Stopped due to: Relative function convergence.
Number of iterations performed = 10
Final sum of squared deviations = 1.8429785E-001
Final sum of deviations = -8.4457456E-002
Standard error of estimate = 0.191988
Average deviation = 0.110302
Maximum deviation for any observation = 0.358272
Proportion of variance explained (R^2) = 0.8801  (88.01%)
Adjusted coefficient of multiple determination (Ra^2) = 0.8801  (88.01%)
Durbin-Watson test for autocorrelation = 1.810
Parameter values will be written to C:\Users\peleg\OneDrive\doktorát\experiment_disertace\výsledky\fin_výsl\syntax\typ1\VKS1\poh_VKS1\vysl_trunc_VKS1_poh\param_trunc_VKS1_poh_01.par
Analysis completed  4-Jan-2023 19:48.  Runtime = 0.00 seconds.


             ----  Descriptive Statistics for Variables  ----

 Variable    Minimum value   Maximum value    Mean value     Standard dev.
----------  --------------  --------------  --------------  --------------
         x               1            7.36        3.726667        2.273382
         y            4.56            6.05            5.12       0.5545088


                   ----  Calculated Parameter Values  ----

 Parameter  Initial guess   Final estimate   Standard error      t      Prob(t)
----------  -------------  ----------------  --------------  ---------  -------
         b              1      -0.149391828      0.01261716     -11.84  0.00008

