   1: variable x,y;
   2: parameter b;
   3: function y=6.59*(x^b);
   4: Plot xlabel="x-Achse",ylabel="y-Achse";
   5: data;

Beginning computation...
Stopped due to: Both parameter and relative function convergence.


   ----  Final Results  ----

NLREG version 5.4
Copyright (c) 1992-2002 Phillip H. Sherrod.  All rights reserved.
This is a registered copy of NLREG that may not be redistributed.

Number of observations = 10
Maximum allowed number of iterations = 500
Convergence tolerance factor = 1.000000E-010
Stopped due to: Both parameter and relative function convergence.
Number of iterations performed = 11
Final sum of squared deviations = 1.9151363E+000
Final sum of deviations = -7.3026298E-001
Standard error of estimate = 0.461295
Average deviation = 0.338458
Maximum deviation for any observation = 0.823777
Proportion of variance explained (R^2) = 0.2281  (22.81%)
Adjusted coefficient of multiple determination (Ra^2) = 0.2281  (22.81%)
Durbin-Watson test for autocorrelation = 0.842
Parameter values will be written to C:\Users\peleg\OneDrive\doktorát\experiment_disertace\výsledky\fin_výsl\syntax\typ1\VKS1\poh_VKS1\vysl_trunc_VKS1_poh\param_trunc_VKS1_poh_slouè.par
Analysis completed  4-Jan-2023 19:48.  Runtime = 0.00 seconds.


             ----  Descriptive Statistics for Variables  ----

 Variable    Minimum value   Maximum value    Mean value     Standard dev.
----------  --------------  --------------  --------------  --------------
         x               1           12.93           5.793        3.599327
         y            4.81            6.59           5.468       0.5250566


                   ----  Calculated Parameter Values  ----

 Parameter  Initial guess   Final estimate   Standard error      t      Prob(t)
----------  -------------  ----------------  --------------  ---------  -------
         b              1      -0.115198034      0.01636565      -7.04  0.00006

