   1: variable x,y;
   2: parameter a,b,c;
   3: function y=a*(x^b)*exp(c*x);
   4: Plot xlabel="x-Achse",ylabel="y-Achse";
   5: data;

Beginning computation...
Stopped due to: Relative function convergence.


   ----  Final Results  ----

NLREG version 5.4
Copyright (c) 1992-2002 Phillip H. Sherrod.  All rights reserved.
This is a registered copy of NLREG that may not be redistributed.

Number of observations = 6
Maximum allowed number of iterations = 500
Convergence tolerance factor = 1.000000E-010
Stopped due to: Relative function convergence.
Number of iterations performed = 17
Final sum of squared deviations = 2.5174418E-002
Final sum of deviations = 1.6050687E-003
Standard error of estimate = 0.091605
Average deviation = 0.0592115
Maximum deviation for any observation = 0.110513
Proportion of variance explained (R^2) = 0.9569  (95.69%)
Adjusted coefficient of multiple determination (Ra^2) = 0.9281  (92.81%)
Durbin-Watson test for autocorrelation = 2.477
Parameter values will be written to C:\Users\peleg\OneDrive\doktorát\experiment_disertace\výsledky\fin_výsl\slovo_morfém_foném_oprava\poh_SMF\tokens_poh_SMF\vysl_compl_SMF_tokens_poh\param_compl_tokens_poh_01.par
Analysis completed  2-Apr-2023 17:15.  Runtime = 0.00 seconds.


             ----  Descriptive Statistics for Variables  ----

 Variable    Minimum value   Maximum value    Mean value     Standard dev.
----------  --------------  --------------  --------------  --------------
         x               1            6.09           3.515        1.895086
         y             1.6            2.56        1.891667       0.3416675


                   ----  Calculated Parameter Values  ----

 Parameter  Initial guess   Final estimate   Standard error      t      Prob(t)
----------  -------------  ----------------  --------------  ---------  -------
         a              1        2.32734266       0.1045829      22.25  0.00020
         b              1      -0.466891839       0.1193386      -3.91  0.02968
         c              1      0.0836451358      0.04473238       1.87  0.15827


                  ----  Analysis of Variance  ----

  Source     DF   Sum of Squares    Mean Square    F value   Prob(F)
----------  ----  --------------  --------------  ---------  -------
Regression     2       0.5585089       0.2792545      33.28  0.00896
Error          3      0.02517442     0.008391473
Total          5       0.5836833

