   1: variable x,y;
   2: parameter a,b,c;
   3: function y=a*(x^b)*exp(c*x);
   4: Plot xlabel="x-Achse",ylabel="y-Achse";
   5: data;

Beginning computation...
Stopped due to: Both parameter and relative function convergence.


   ----  Final Results  ----

NLREG version 5.4
Copyright (c) 1992-2002 Phillip H. Sherrod.  All rights reserved.
This is a registered copy of NLREG that may not be redistributed.

Number of observations = 6
Maximum allowed number of iterations = 500
Convergence tolerance factor = 1.000000E-010
Stopped due to: Both parameter and relative function convergence.
Number of iterations performed = 17
Final sum of squared deviations = 8.3209490E-003
Final sum of deviations = 5.4436602E-004
Standard error of estimate = 0.0526655
Average deviation = 0.0286105
Maximum deviation for any observation = 0.0709893
Proportion of variance explained (R^2) = 0.9888  (98.88%)
Adjusted coefficient of multiple determination (Ra^2) = 0.9813  (98.13%)
Durbin-Watson test for autocorrelation = 2.312
Parameter values will be written to C:\Users\peleg\OneDrive\doktorát\experiment_disertace\výsledky\fin_výsl\slovo_morfém_foném_oprava\poh_SMF\tokens_poh_SMF\vysl_compl_SMF_tokens_poh\param_compl_tokens_poh_06.par
Analysis completed  2-Apr-2023 17:15.  Runtime = 0.00 seconds.


             ----  Descriptive Statistics for Variables  ----

 Variable    Minimum value   Maximum value    Mean value     Standard dev.
----------  --------------  --------------  --------------  --------------
         x               1            6.11        3.518333        1.900531
         y            1.54             2.6        1.891667       0.3855083


                   ----  Calculated Parameter Values  ----

 Parameter  Initial guess   Final estimate   Standard error      t      Prob(t)
----------  -------------  ----------------  --------------  ---------  -------
         a              1        2.49561956      0.06433141      38.79  0.00004
         b              1      -0.379807054      0.06812066      -5.58  0.01139
         c              1      0.0355083763      0.02580982       1.38  0.26261


                  ----  Analysis of Variance  ----

  Source     DF   Sum of Squares    Mean Square    F value   Prob(F)
----------  ----  --------------  --------------  ---------  -------
Regression     2       0.7347624       0.3673812     132.45  0.00118
Error          3     0.008320949      0.00277365
Total          5       0.7430833

