   1: variable x,y;
   2: parameter a,b,c;
   3: function y=a*(x^b)*exp(c*x);
   4: Plot xlabel="x-Achse",ylabel="y-Achse";
   5: data;

Beginning computation...
Stopped due to: Both parameter and relative function convergence.


   ----  Final Results  ----

NLREG version 5.4
Copyright (c) 1992-2002 Phillip H. Sherrod.  All rights reserved.
This is a registered copy of NLREG that may not be redistributed.

Number of observations = 7
Maximum allowed number of iterations = 500
Convergence tolerance factor = 1.000000E-010
Stopped due to: Both parameter and relative function convergence.
Number of iterations performed = 22
Final sum of squared deviations = 4.0262780E-002
Final sum of deviations = 2.1733945E-003
Standard error of estimate = 0.100328
Average deviation = 0.0653337
Maximum deviation for any observation = 0.150335
Proportion of variance explained (R^2) = 0.9299  (92.99%)
Adjusted coefficient of multiple determination (Ra^2) = 0.8948  (89.48%)
Durbin-Watson test for autocorrelation = 2.676
Parameter values will be written to C:\Users\peleg\OneDrive\doktorát\experiment_disertace\výsledky\fin_výsl\slovo_morfém_foném_oprava\poh_SMF\tokens_poh_SMF\vysl_compl_SMF_tokens_poh\param_compl_tokens_poh_05.par
Analysis completed  2-Apr-2023 17:15.  Runtime = 0.00 seconds.


             ----  Descriptive Statistics for Variables  ----

 Variable    Minimum value   Maximum value    Mean value     Standard dev.
----------  --------------  --------------  --------------  --------------
         x               1             7.5        4.071429        2.280873
         y            1.65            2.54        1.864286       0.3093465


                   ----  Calculated Parameter Values  ----

 Parameter  Initial guess   Final estimate   Standard error      t      Prob(t)
----------  -------------  ----------------  --------------  ---------  -------
         a              1        2.31287294      0.09053765      25.55  0.00001
         b              1      -0.437210272       0.1017809      -4.30  0.01269
         c              1      0.0764318028      0.03334824       2.29  0.08368


                  ----  Analysis of Variance  ----

  Source     DF   Sum of Squares    Mean Square    F value   Prob(F)
----------  ----  --------------  --------------  ---------  -------
Regression     2       0.5339086       0.2669543      26.52  0.00492
Error          4      0.04026278       0.0100657
Total          6       0.5741714

