   1: variable x,y;
   2: parameter a,b,c;
   3: function y=a*(x^b)*exp(c*x);
   4: Plot xlabel="x-Achse",ylabel="y-Achse";
   5: data;

Beginning computation...
Stopped due to: Relative function convergence.


   ----  Final Results  ----

NLREG version 5.4
Copyright (c) 1992-2002 Phillip H. Sherrod.  All rights reserved.
This is a registered copy of NLREG that may not be redistributed.

Number of observations = 6
Maximum allowed number of iterations = 500
Convergence tolerance factor = 1.000000E-010
Stopped due to: Relative function convergence.
Number of iterations performed = 16
Final sum of squared deviations = 3.0042024E-003
Final sum of deviations = 1.0041010E-003
Standard error of estimate = 0.0316449
Average deviation = 0.0189023
Maximum deviation for any observation = 0.0308779
Proportion of variance explained (R^2) = 0.9992  (99.92%)
Adjusted coefficient of multiple determination (Ra^2) = 0.9987  (99.87%)
Durbin-Watson test for autocorrelation = 2.276
Parameter values will be written to C:\Users\peleg\OneDrive\doktorát\experiment_disertace\výsledky\fin_výsl\slovo_morfém_foném_oprava\poh_SMF\types_poh_SMF\vysl_compl_SMF_types_poh\param_compl_types_poh_10.par
Analysis completed  2-Apr-2023 17:16.  Runtime = 0.00 seconds.


             ----  Descriptive Statistics for Variables  ----

 Variable    Minimum value   Maximum value    Mean value     Standard dev.
----------  --------------  --------------  --------------  --------------
         x               1            6.24            3.54        1.936388
         y            1.57             3.9        2.218333       0.8800322


                   ----  Calculated Parameter Values  ----

 Parameter  Initial guess   Final estimate   Standard error      t      Prob(t)
----------  -------------  ----------------  --------------  ---------  -------
         a              1        3.43310406      0.04556119      75.35  0.00001
         b              1      -0.851565144      0.03378651     -25.20  0.00014
         c              1       0.126851397      0.01333346       9.51  0.00246


                  ----  Analysis of Variance  ----

  Source     DF   Sum of Squares    Mean Square    F value   Prob(F)
----------  ----  --------------  --------------  ---------  -------
Regression     2        3.869279         1.93464    1931.93  0.00002
Error          3     0.003004202     0.001001401
Total          5        3.872283

