   1: variable x,y;
   2: parameter a,b,c;
   3: function y=a*(x^b)*exp(c*x);
   4: Plot xlabel="x-Achse",ylabel="y-Achse";
   5: data;

Beginning computation...
Stopped due to: Relative function convergence.


   ----  Final Results  ----

NLREG version 5.4
Copyright (c) 1992-2002 Phillip H. Sherrod.  All rights reserved.
This is a registered copy of NLREG that may not be redistributed.

Number of observations = 6
Maximum allowed number of iterations = 500
Convergence tolerance factor = 1.000000E-010
Stopped due to: Relative function convergence.
Number of iterations performed = 14
Final sum of squared deviations = 9.4183938E-003
Final sum of deviations = 7.3493884E-005
Standard error of estimate = 0.0560309
Average deviation = 0.0316049
Maximum deviation for any observation = 0.0672809
Proportion of variance explained (R^2) = 0.9951  (99.51%)
Adjusted coefficient of multiple determination (Ra^2) = 0.9919  (99.19%)
Durbin-Watson test for autocorrelation = 2.705
Parameter values will be written to C:\Users\peleg\OneDrive\doktorát\experiment_disertace\výsledky\fin_výsl\slovo_morfém_foném_oprava\poh_SMF\types_poh_SMF\vysl_compl_SMF_types_poh\param_compl_types_poh_01.par
Analysis completed  2-Apr-2023 17:15.  Runtime = 0.00 seconds.


             ----  Descriptive Statistics for Variables  ----

 Variable    Minimum value   Maximum value    Mean value     Standard dev.
----------  --------------  --------------  --------------  --------------
         x               1             6.1        3.516667        1.897806
         y            1.64            3.27           2.085       0.6209267


                   ----  Calculated Parameter Values  ----

 Parameter  Initial guess   Final estimate   Standard error      t      Prob(t)
----------  -------------  ----------------  --------------  ---------  -------
         a              1        2.88320985      0.07253073      39.75  0.00004
         b              1      -0.728086326      0.06523652     -11.16  0.00154
         c              1       0.126663305      0.02526702       5.01  0.01528


                  ----  Analysis of Variance  ----

  Source     DF   Sum of Squares    Mean Square    F value   Prob(F)
----------  ----  --------------  --------------  ---------  -------
Regression     2        1.918332       0.9591658     305.52  0.00034
Error          3     0.009418394     0.003139465
Total          5         1.92775

