   1: variable x,y;
   2: parameter a,b,c;
   3: function y=a*(x^b)*exp(c*x);
   4: Plot xlabel="x-Achse",ylabel="y-Achse";
   5: data;

Beginning computation...
Stopped due to: Relative function convergence.


   ----  Final Results  ----

NLREG version 5.4
Copyright (c) 1992-2002 Phillip H. Sherrod.  All rights reserved.
This is a registered copy of NLREG that may not be redistributed.

Number of observations = 6
Maximum allowed number of iterations = 500
Convergence tolerance factor = 1.000000E-010
Stopped due to: Relative function convergence.
Number of iterations performed = 17
Final sum of squared deviations = 2.2268643E-002
Final sum of deviations = 2.0547879E-003
Standard error of estimate = 0.0861561
Average deviation = 0.0522653
Maximum deviation for any observation = 0.107334
Proportion of variance explained (R^2) = 0.9754  (97.54%)
Adjusted coefficient of multiple determination (Ra^2) = 0.9589  (95.89%)
Durbin-Watson test for autocorrelation = 2.556
Parameter values will be written to C:\Users\peleg\OneDrive\doktorát\experiment_disertace\výsledky\fin_výsl\slovo_morfém_foném_oprava\poh_SMF\tokens_poh_SMF\vysl_compl_SMF_tokens_poh\param_compl_tokens_poh_03.par
Analysis completed  2-Apr-2023 17:15.  Runtime = 0.00 seconds.


             ----  Descriptive Statistics for Variables  ----

 Variable    Minimum value   Maximum value    Mean value     Standard dev.
----------  --------------  --------------  --------------  --------------
         x               1            6.17        3.528333        1.916981
         y            1.68            2.82        1.978333       0.4252254


                   ----  Calculated Parameter Values  ----

 Parameter  Initial guess   Final estimate   Standard error      t      Prob(t)
----------  -------------  ----------------  --------------  ---------  -------
         a              1        2.46798802      0.09818686      25.14  0.00014
         b              1      -0.615300469       0.1050273      -5.86  0.00992
         c              1       0.124675141       0.0394262       3.16  0.05078


                  ----  Analysis of Variance  ----

  Source     DF   Sum of Squares    Mean Square    F value   Prob(F)
----------  ----  --------------  --------------  ---------  -------
Regression     2       0.8818147       0.4409073      59.40  0.00387
Error          3      0.02226864     0.007422881
Total          5       0.9040833

