   1: variable x,y;
   2: parameter a,b,c;
   3: function y=a*(x^b)*exp(c*x);
   4: Plot xlabel="x-Achse",ylabel="y-Achse";
   5: data;

Beginning computation...
Stopped due to: Both parameter and relative function convergence.


   ----  Final Results  ----

NLREG version 5.4
Copyright (c) 1992-2002 Phillip H. Sherrod.  All rights reserved.
This is a registered copy of NLREG that may not be redistributed.

Number of observations = 6
Maximum allowed number of iterations = 500
Convergence tolerance factor = 1.000000E-010
Stopped due to: Both parameter and relative function convergence.
Number of iterations performed = 16
Final sum of squared deviations = 2.8758113E-003
Final sum of deviations = 3.6419779E-004
Standard error of estimate = 0.0309613
Average deviation = 0.0166071
Maximum deviation for any observation = 0.0402906
Proportion of variance explained (R^2) = 0.9952  (99.52%)
Adjusted coefficient of multiple determination (Ra^2) = 0.9920  (99.20%)
Durbin-Watson test for autocorrelation = 2.146
Parameter values will be written to C:\Users\peleg\OneDrive\doktorát\experiment_disertace\výsledky\fin_výsl\slovo_morfém_foném_oprava\poh_SMF\tokens_poh_SMF\vysl_compl_SMF_tokens_poh\param_compl_tokens_poh_07.par
Analysis completed  2-Apr-2023 17:15.  Runtime = 0.00 seconds.


             ----  Descriptive Statistics for Variables  ----

 Variable    Minimum value   Maximum value    Mean value     Standard dev.
----------  --------------  --------------  --------------  --------------
         x               1             6.5        3.583333         2.01039
         y            1.59            2.54        1.903333       0.3458709


                   ----  Calculated Parameter Values  ----

 Parameter  Initial guess   Final estimate   Standard error      t      Prob(t)
----------  -------------  ----------------  --------------  ---------  -------
         a              1        2.43113241      0.03412374      71.24  0.00001
         b              1      -0.360894748      0.03714628      -9.72  0.00232
         c              1      0.0399756555      0.01354955       2.95  0.06001


                  ----  Analysis of Variance  ----

  Source     DF   Sum of Squares    Mean Square    F value   Prob(F)
----------  ----  --------------  --------------  ---------  -------
Regression     2       0.5952575       0.2976288     310.48  0.00033
Error          3     0.002875811    0.0009586038
Total          5       0.5981333

