   1: variable x,y;
   2: parameter a,b,c;
   3: function y=a*(x^b)*exp(c*x);
   4: Plot xlabel="x-Achse",ylabel="y-Achse";
   5: data;

Beginning computation...
Stopped due to: Both parameter and relative function convergence.


   ----  Final Results  ----

NLREG version 5.4
Copyright (c) 1992-2002 Phillip H. Sherrod.  All rights reserved.
This is a registered copy of NLREG that may not be redistributed.

Number of observations = 6
Maximum allowed number of iterations = 500
Convergence tolerance factor = 1.000000E-010
Stopped due to: Both parameter and relative function convergence.
Number of iterations performed = 17
Final sum of squared deviations = 1.1763930E-002
Final sum of deviations = 8.0078255E-004
Standard error of estimate = 0.0626204
Average deviation = 0.0389994
Maximum deviation for any observation = 0.0666738
Proportion of variance explained (R^2) = 0.9799  (97.99%)
Adjusted coefficient of multiple determination (Ra^2) = 0.9665  (96.65%)
Durbin-Watson test for autocorrelation = 1.947
Parameter values will be written to C:\Users\peleg\OneDrive\doktorát\experiment_disertace\výsledky\fin_výsl\slovo_morfém_foném_oprava\poh_SMF\tokens_poh_SMF\vysl_compl_SMF_tokens_poh\param_compl_tokens_poh_02.par
Analysis completed  2-Apr-2023 17:15.  Runtime = 0.00 seconds.


             ----  Descriptive Statistics for Variables  ----

 Variable    Minimum value   Maximum value    Mean value     Standard dev.
----------  --------------  --------------  --------------  --------------
         x               1               6             3.5        1.870829
         y            1.51            2.48        1.838333       0.3421939


                   ----  Calculated Parameter Values  ----

 Parameter  Initial guess   Final estimate   Standard error      t      Prob(t)
----------  -------------  ----------------  --------------  ---------  -------
         a              1        2.35061869      0.07565777      31.07  0.00007
         b              1      -0.381488964      0.08535372      -4.47  0.02087
         c              1      0.0455824892      0.03238339       1.41  0.25398


                  ----  Analysis of Variance  ----

  Source     DF   Sum of Squares    Mean Square    F value   Prob(F)
----------  ----  --------------  --------------  ---------  -------
Regression     2       0.5737194       0.2868597      73.15  0.00285
Error          3      0.01176393      0.00392131
Total          5       0.5854833

