   1: variable x,y;
   2: parameter a,b,c;
   3: function y=a*(x^b)*exp(c*x);
   4: Plot xlabel="x-Achse",ylabel="y-Achse";
   5: data;

Beginning computation...
Stopped due to: Relative function convergence.


   ----  Final Results  ----

NLREG version 5.4
Copyright (c) 1992-2002 Phillip H. Sherrod.  All rights reserved.
This is a registered copy of NLREG that may not be redistributed.

Number of observations = 6
Maximum allowed number of iterations = 500
Convergence tolerance factor = 1.000000E-010
Stopped due to: Relative function convergence.
Number of iterations performed = 17
Final sum of squared deviations = 3.8399354E-002
Final sum of deviations = 2.2423474E-003
Standard error of estimate = 0.113136
Average deviation = 0.0723776
Maximum deviation for any observation = 0.132256
Proportion of variance explained (R^2) = 0.9517  (95.17%)
Adjusted coefficient of multiple determination (Ra^2) = 0.9195  (91.95%)
Durbin-Watson test for autocorrelation = 2.105
Parameter values will be written to C:\Users\peleg\OneDrive\doktorát\experiment_disertace\výsledky\fin_výsl\slovo_morfém_foném_oprava\poh_SMF\tokens_poh_SMF\vysl_compl_SMF_tokens_poh\param_compl_tokens_poh_04.par
Analysis completed  2-Apr-2023 17:15.  Runtime = 0.00 seconds.


             ----  Descriptive Statistics for Variables  ----

 Variable    Minimum value   Maximum value    Mean value     Standard dev.
----------  --------------  --------------  --------------  --------------
         x               1            6.22        3.536667         1.93082
         y            1.53            2.68        1.913333       0.3988316


                   ----  Calculated Parameter Values  ----

 Parameter  Initial guess   Final estimate   Standard error      t      Prob(t)
----------  -------------  ----------------  --------------  ---------  -------
         a              1         2.4709695       0.1323443      18.67  0.00034
         b              1      -0.461667407       0.1415231      -3.26  0.04706
         c              1      0.0671663994      0.05306777       1.27  0.29499


                  ----  Analysis of Variance  ----

  Source     DF   Sum of Squares    Mean Square    F value   Prob(F)
----------  ----  --------------  --------------  ---------  -------
Regression     2        0.756934        0.378467      29.57  0.01061
Error          3      0.03839935      0.01279978
Total          5       0.7953333

