   1: variable x,y;
   2: parameter a,b,c;
   3: function y=a*(x^b)*exp(c*x);
   4: Plot xlabel="x-Achse",ylabel="y-Achse";
   5: data;

Beginning computation...
Stopped due to: Both parameter and relative function convergence.


   ----  Final Results  ----

NLREG version 5.4
Copyright (c) 1992-2002 Phillip H. Sherrod.  All rights reserved.
This is a registered copy of NLREG that may not be redistributed.

Number of observations = 6
Maximum allowed number of iterations = 500
Convergence tolerance factor = 1.000000E-010
Stopped due to: Both parameter and relative function convergence.
Number of iterations performed = 15
Final sum of squared deviations = 4.3227017E-003
Final sum of deviations = 1.5252517E-004
Standard error of estimate = 0.0379592
Average deviation = 0.0194894
Maximum deviation for any observation = 0.0486725
Proportion of variance explained (R^2) = 0.9984  (99.84%)
Adjusted coefficient of multiple determination (Ra^2) = 0.9973  (99.73%)
Durbin-Watson test for autocorrelation = 3.448
Parameter values will be written to C:\Users\peleg\OneDrive\doktorát\experiment_disertace\výsledky\fin_výsl\slovo_morfém_foném_oprava\poh_SMF\types_poh_SMF\vysl_compl_SMF_types_poh\param_compl_types_poh_06.par
Analysis completed  2-Apr-2023 17:15.  Runtime = 0.00 seconds.


             ----  Descriptive Statistics for Variables  ----

 Variable    Minimum value   Maximum value    Mean value     Standard dev.
----------  --------------  --------------  --------------  --------------
         x               1            6.12            3.52         1.90326
         y            1.57            3.49           2.115       0.7294861


                   ----  Calculated Parameter Values  ----

 Parameter  Initial guess   Final estimate   Standard error      t      Prob(t)
----------  -------------  ----------------  --------------  ---------  -------
         a              1        3.16300575      0.05350227      59.12  0.00001
         b              1      -0.718799606      0.04335073     -16.58  0.00048
         c              1      0.0984583826       0.0170585       5.77  0.01034


                  ----  Analysis of Variance  ----

  Source     DF   Sum of Squares    Mean Square    F value   Prob(F)
----------  ----  --------------  --------------  ---------  -------
Regression     2        2.656427        1.328214     921.79  0.00007
Error          3     0.004322702     0.001440901
Total          5         2.66075

