   1: variable x,y;
   2: parameter a,b,c;
   3: function y=a*(x^b)*exp(c*x);
   4: Plot xlabel="x-Achse",ylabel="y-Achse";
   5: data;

Beginning computation...
Stopped due to: Relative function convergence.


   ----  Final Results  ----

NLREG version 5.4
Copyright (c) 1992-2002 Phillip H. Sherrod.  All rights reserved.
This is a registered copy of NLREG that may not be redistributed.

Number of observations = 7
Maximum allowed number of iterations = 500
Convergence tolerance factor = 1.000000E-010
Stopped due to: Relative function convergence.
Number of iterations performed = 20
Final sum of squared deviations = 1.1516134E-002
Final sum of deviations = 4.0330088E-003
Standard error of estimate = 0.0536566
Average deviation = 0.0350932
Maximum deviation for any observation = 0.0813827
Proportion of variance explained (R^2) = 0.9976  (99.76%)
Adjusted coefficient of multiple determination (Ra^2) = 0.9964  (99.64%)
Durbin-Watson test for autocorrelation = 1.707
Parameter values will be written to C:\Users\peleg\OneDrive\doktorát\experiment_disertace\výsledky\fin_výsl\slovo_morfém_foném_oprava\poh_SMF\types_poh_SMF\vysl_compl_SMF_types_poh\param_compl_types_poh_09.par
Analysis completed  2-Apr-2023 17:16.  Runtime = 0.00 seconds.


             ----  Descriptive Statistics for Variables  ----

 Variable    Minimum value   Maximum value    Mean value     Standard dev.
----------  --------------  --------------  --------------  --------------
         x               1            7.09        4.012857        2.181244
         y             1.6             4.1        2.195714       0.8929512


                   ----  Calculated Parameter Values  ----

 Parameter  Initial guess   Final estimate   Standard error      t      Prob(t)
----------  -------------  ----------------  --------------  ---------  -------
         a              1        3.57237881      0.06375045      56.04  0.00001
         b              1      -0.888241144      0.04733821     -18.76  0.00005
         c              1       0.134861531      0.01716659       7.86  0.00142


                  ----  Analysis of Variance  ----

  Source     DF   Sum of Squares    Mean Square    F value   Prob(F)
----------  ----  --------------  --------------  ---------  -------
Regression     2        4.772655        2.386328     828.86  0.00001
Error          4      0.01151613     0.002879033
Total          6        4.784171

