   1: variable x,y;
   2: parameter a,b,c;
   3: function y=a*(x^b)*exp(c*x);
   4: Plot xlabel="x-Achse",ylabel="y-Achse";
   5: data;

Beginning computation...
Stopped due to: Both parameter and relative function convergence.


   ----  Final Results  ----

NLREG version 5.4
Copyright (c) 1992-2002 Phillip H. Sherrod.  All rights reserved.
This is a registered copy of NLREG that may not be redistributed.

Number of observations = 7
Maximum allowed number of iterations = 500
Convergence tolerance factor = 1.000000E-010
Stopped due to: Both parameter and relative function convergence.
Number of iterations performed = 19
Final sum of squared deviations = 7.3385611E-003
Final sum of deviations = -1.0883816E-004
Standard error of estimate = 0.0428327
Average deviation = 0.0284877
Maximum deviation for any observation = 0.0494885
Proportion of variance explained (R^2) = 0.9889  (98.89%)
Adjusted coefficient of multiple determination (Ra^2) = 0.9833  (98.33%)
Durbin-Watson test for autocorrelation = 3.210
Parameter values will be written to C:\Users\peleg\OneDrive\doktorát\experiment_disertace\výsledky\fin_výsl\slovo_morfém_foném_oprava\poh_SMF\tokens_poh_SMF\vysl_compl_SMF_tokens_poh\param_compl_tokens_poh_09.par
Analysis completed  2-Apr-2023 17:15.  Runtime = 0.00 seconds.


             ----  Descriptive Statistics for Variables  ----

 Variable    Minimum value   Maximum value    Mean value     Standard dev.
----------  --------------  --------------  --------------  --------------
         x               1            7.09        4.012857        2.181244
         y             1.6            2.51        1.901429       0.3314327


                   ----  Calculated Parameter Values  ----

 Parameter  Initial guess   Final estimate   Standard error      t      Prob(t)
----------  -------------  ----------------  --------------  ---------  -------
         a              1        2.51058374      0.04277058      58.70  0.00001
         b              1      -0.249399434      0.04534899      -5.50  0.00533
         c              1     0.00357765213      0.01542346       0.23  0.82795


                  ----  Analysis of Variance  ----

  Source     DF   Sum of Squares    Mean Square    F value   Prob(F)
----------  ----  --------------  --------------  ---------  -------
Regression     2       0.6517472       0.3258736     177.62  0.00012
Error          4     0.007338561      0.00183464
Total          6       0.6590857

