   1: variable x,y;
   2: parameter a,b,c;
   3: function y=a*(x^b)*exp(c*x);
   4: Plot xlabel="x-Achse",ylabel="y-Achse";
   5: data;

Beginning computation...
Stopped due to: Relative function convergence.


   ----  Final Results  ----

NLREG version 5.4
Copyright (c) 1992-2002 Phillip H. Sherrod.  All rights reserved.
This is a registered copy of NLREG that may not be redistributed.

Number of observations = 7
Maximum allowed number of iterations = 500
Convergence tolerance factor = 1.000000E-010
Stopped due to: Relative function convergence.
Number of iterations performed = 19
Final sum of squared deviations = 1.1849768E-002
Final sum of deviations = 1.1985612E-003
Standard error of estimate = 0.0544283
Average deviation = 0.0336954
Maximum deviation for any observation = 0.0827232
Proportion of variance explained (R^2) = 0.9848  (98.48%)
Adjusted coefficient of multiple determination (Ra^2) = 0.9772  (97.72%)
Durbin-Watson test for autocorrelation = 2.165
Parameter values will be written to C:\Users\peleg\OneDrive\doktorát\experiment_disertace\výsledky\fin_výsl\slovo_morfém_foném_oprava\poh_SMF\tokens_poh_SMF\vysl_compl_SMF_tokens_poh\param_compl_tokens_poh_slouè.par
Analysis completed  2-Apr-2023 17:15.  Runtime = 0.00 seconds.


             ----  Descriptive Statistics for Variables  ----

 Variable    Minimum value   Maximum value    Mean value     Standard dev.
----------  --------------  --------------  --------------  --------------
         x               1            7.26        4.037143        2.221784
         y            1.59            2.63        1.875714       0.3605023


                   ----  Calculated Parameter Values  ----

 Parameter  Initial guess   Final estimate   Standard error      t      Prob(t)
----------  -------------  ----------------  --------------  ---------  -------
         a              1        2.46695959      0.05269737      46.81  0.00001
         b              1      -0.416378761      0.05648099      -7.37  0.00180
         c              1       0.054826184      0.01907995       2.87  0.04531


                  ----  Analysis of Variance  ----

  Source     DF   Sum of Squares    Mean Square    F value   Prob(F)
----------  ----  --------------  --------------  ---------  -------
Regression     2       0.7679217       0.3839608     129.61  0.00023
Error          4      0.01184977     0.002962442
Total          6       0.7797714

