   1: variable x,y;
   2: parameter a,b,c;
   3: function y=a*(x^b)*exp(c*x);
   4: Plot xlabel="x-Achse",ylabel="y-Achse";
   5: data;

Beginning computation...
Stopped due to: Relative function convergence.


   ----  Final Results  ----

NLREG version 5.4
Copyright (c) 1992-2002 Phillip H. Sherrod.  All rights reserved.
This is a registered copy of NLREG that may not be redistributed.

Number of observations = 7
Maximum allowed number of iterations = 500
Convergence tolerance factor = 1.000000E-010
Stopped due to: Relative function convergence.
Number of iterations performed = 18
Final sum of squared deviations = 4.2455390E-001
Final sum of deviations = 6.1363047E-002
Standard error of estimate = 0.325789
Average deviation = 0.197982
Maximum deviation for any observation = 0.471292
Proportion of variance explained (R^2) = 0.9961  (99.61%)
Adjusted coefficient of multiple determination (Ra^2) = 0.9941  (99.41%)
Durbin-Watson test for autocorrelation = 2.639
Parameter values will be written to C:\Users\peleg\OneDrive\doktorát\experiment_disertace\výsledky\fin_výsl\syntax\typ3\VFS3\studVFS3\vysl_compl_VFS3_stud\param_compl_VFS3_stud_slouè.par
Analysis completed  4-Jan-2023 19:59.  Runtime = 0.00 seconds.


             ----  Descriptive Statistics for Variables  ----

 Variable    Minimum value   Maximum value    Mean value     Standard dev.
----------  --------------  --------------  --------------  --------------
         x               1            7.22        4.031429        2.212144
         y            4.04           15.87        6.488571        4.257943


                   ----  Calculated Parameter Values  ----

 Parameter  Initial guess   Final estimate   Standard error      t      Prob(t)
----------  -------------  ----------------  --------------  ---------  -------
         a              1        12.1484474       0.4556191      26.66  0.00001
         b              1       -1.48473418      0.09854661     -15.07  0.00011
         c              1       0.262726395      0.03682009       7.14  0.00204


                  ----  Analysis of Variance  ----

  Source     DF   Sum of Squares    Mean Square    F value   Prob(F)
----------  ----  --------------  --------------  ---------  -------
Regression     2        108.3559        54.17797     510.45  0.00002
Error          4       0.4245539       0.1061385
Total          6        108.7805

