   1: variable x,y;
   2: parameter a,b,c;
   3: function y=a*(x^b)*exp(c*x);
   4: Plot xlabel="x-Achse",ylabel="y-Achse";
   5: data;

Beginning computation...
Stopped due to: Relative function convergence.


   ----  Final Results  ----

NLREG version 5.4
Copyright (c) 1992-2002 Phillip H. Sherrod.  All rights reserved.
This is a registered copy of NLREG that may not be redistributed.

Number of observations = 5
Maximum allowed number of iterations = 500
Convergence tolerance factor = 1.000000E-010
Stopped due to: Relative function convergence.
Number of iterations performed = 19
Final sum of squared deviations = 1.6401815E-001
Final sum of deviations = -2.1797369E-002
Standard error of estimate = 0.286372
Average deviation = 0.164606
Maximum deviation for any observation = 0.255429
Proportion of variance explained (R^2) = 0.9952  (99.52%)
Adjusted coefficient of multiple determination (Ra^2) = 0.9904  (99.04%)
Durbin-Watson test for autocorrelation = 2.438
Parameter values will be written to C:\Users\peleg\OneDrive\doktorát\experiment_disertace\výsledky\fin_výsl\syntax\typ3\VFS3\studVFS3\vysl_compl_VFS3_stud\param_compl_VFS3_stud_06.par
Analysis completed  4-Jan-2023 19:59.  Runtime = 0.00 seconds.


             ----  Descriptive Statistics for Variables  ----

 Variable    Minimum value   Maximum value    Mean value     Standard dev.
----------  --------------  --------------  --------------  --------------
         x             1.8            6.27           4.014        1.731468
         y            3.98           11.05            5.97         2.92977


                   ----  Calculated Parameter Values  ----

 Parameter  Initial guess   Final estimate   Standard error      t      Prob(t)
----------  -------------  ----------------  --------------  ---------  -------
         a              1        19.7513161       0.9437309      20.93  0.00228
         b              1       -2.45480175       0.2696472      -9.10  0.01185
         c              1       0.480858752      0.08187158       5.87  0.02779


                  ----  Analysis of Variance  ----

  Source     DF   Sum of Squares    Mean Square    F value   Prob(F)
----------  ----  --------------  --------------  ---------  -------
Regression     2        34.17018        17.08509     208.33  0.00478
Error          2       0.1640182      0.08200908
Total          4         34.3342

