   1: variable x,y;
   2: parameter b;
   3: function y=3.36*(x^b);
   4: Plot xlabel="x-Achse",ylabel="y-Achse";
   5: data;

Beginning computation...
Stopped due to: Both parameter and relative function convergence.


   ----  Final Results  ----

NLREG version 5.4
Copyright (c) 1992-2002 Phillip H. Sherrod.  All rights reserved.
This is a registered copy of NLREG that may not be redistributed.

Number of observations = 7
Maximum allowed number of iterations = 500
Convergence tolerance factor = 1.000000E-010
Stopped due to: Both parameter and relative function convergence.
Number of iterations performed = 12
Final sum of squared deviations = 1.5627734E-001
Final sum of deviations = -1.1818324E-001
Standard error of estimate = 0.161388
Average deviation = 0.122705
Maximum deviation for any observation = 0.241367
Proportion of variance explained (R^2) = 0.9330  (93.30%)
Adjusted coefficient of multiple determination (Ra^2) = 0.9330  (93.30%)
Durbin-Watson test for autocorrelation = 0.554
This Durbin-Watson value indicates autocorrelation or inappropriate function.
Parameter values will be written to C:\Users\peleg\OneDrive\doktorát\experiment_disertace\výsledky\fin_výsl\slovo_morfém_foném_oprava\poh_SMF\types_poh_SMF\vysl_trunc_SMF_types_poh\param_trunc_types_poh_05.par
Analysis completed  2-Apr-2023 17:15.  Runtime = 0.00 seconds.


             ----  Descriptive Statistics for Variables  ----

 Variable    Minimum value   Maximum value    Mean value     Standard dev.
----------  --------------  --------------  --------------  --------------
         x               1             7.5        4.071429        2.280873
         y            1.65            3.36        2.044286       0.6236948


                   ----  Calculated Parameter Values  ----

 Parameter  Initial guess   Final estimate   Standard error      t      Prob(t)
----------  -------------  ----------------  --------------  ---------  -------
         b              1      -0.431445717      0.02621734     -16.46  0.00001

