   1: variable x,y;
   2: parameter b;
   3: function y=3.7*(x^b);
   4: Plot xlabel="x-Achse",ylabel="y-Achse";
   5: data;

Beginning computation...
Stopped due to: Relative function convergence.


   ----  Final Results  ----

NLREG version 5.4
Copyright (c) 1992-2002 Phillip H. Sherrod.  All rights reserved.
This is a registered copy of NLREG that may not be redistributed.

Number of observations = 6
Maximum allowed number of iterations = 500
Convergence tolerance factor = 1.000000E-010
Stopped due to: Relative function convergence.
Number of iterations performed = 10
Final sum of squared deviations = 2.0111565E-001
Final sum of deviations = -1.1398137E-001
Standard error of estimate = 0.200557
Average deviation = 0.138983
Maximum deviation for any observation = 0.294211
Proportion of variance explained (R^2) = 0.9326  (93.26%)
Adjusted coefficient of multiple determination (Ra^2) = 0.9326  (93.26%)
Durbin-Watson test for autocorrelation = 0.873
Parameter values will be written to C:\Users\peleg\OneDrive\doktorát\experiment_disertace\výsledky\fin_výsl\slovo_morfém_foném_oprava\poh_SMF\types_poh_SMF\vysl_trunc_SMF_types_poh\param_trunc_types_poh_03.par
Analysis completed  2-Apr-2023 17:15.  Runtime = 0.00 seconds.


             ----  Descriptive Statistics for Variables  ----

 Variable    Minimum value   Maximum value    Mean value     Standard dev.
----------  --------------  --------------  --------------  --------------
         x               1            6.17        3.528333        1.916981
         y            1.69             3.7        2.186667       0.7727785


                   ----  Calculated Parameter Values  ----

 Parameter  Initial guess   Final estimate   Standard error      t      Prob(t)
----------  -------------  ----------------  --------------  ---------  -------
         b              1      -0.517801378      0.03766763     -13.75  0.00004

