   1: variable x,y;
   2: parameter b;
   3: function y=2.83*(x^b);
   4: Plot xlabel="x-Achse",ylabel="y-Achse";
   5: data;

Beginning computation...
Stopped due to: Relative function convergence.


   ----  Final Results  ----

NLREG version 5.4
Copyright (c) 1992-2002 Phillip H. Sherrod.  All rights reserved.
This is a registered copy of NLREG that may not be redistributed.

Number of observations = 5
Maximum allowed number of iterations = 500
Convergence tolerance factor = 1.000000E-010
Stopped due to: Relative function convergence.
Number of iterations performed = 9
Final sum of squared deviations = 6.5284378E-002
Final sum of deviations = -8.8797319E-002
Standard error of estimate = 0.127754
Average deviation = 0.0921436
Maximum deviation for any observation = 0.208349
Proportion of variance explained (R^2) = 0.9259  (92.59%)
Adjusted coefficient of multiple determination (Ra^2) = 0.9259  (92.59%)
Durbin-Watson test for autocorrelation = 1.415
Parameter values will be written to C:\Users\peleg\OneDrive\doktorát\experiment_disertace\výsledky\fin_výsl\slovo_morfém_foném_oprava\poh_SMF\tokens_poh_SMF\vysl_trunc_SMF_tokens_poh\param_trunc_tokens_poh_08.par
Analysis completed  2-Apr-2023 17:15.  Runtime = 0.00 seconds.


             ----  Descriptive Statistics for Variables  ----

 Variable    Minimum value   Maximum value    Mean value     Standard dev.
----------  --------------  --------------  --------------  --------------
         x               1            5.16           3.032         1.63252
         y            1.64            2.83            2.02       0.4694678


                   ----  Calculated Parameter Values  ----

 Parameter  Initial guess   Final estimate   Standard error      t      Prob(t)
----------  -------------  ----------------  --------------  ---------  -------
         b              1      -0.364381935      0.02947273     -12.36  0.00025

