   1: variable x,y;
   2: parameter b;
   3: function y=3.73*(x^b);
   4: Plot xlabel="x-Achse",ylabel="y-Achse";
   5: data;

Beginning computation...
Stopped due to: Both parameter and relative function convergence.


   ----  Final Results  ----

NLREG version 5.4
Copyright (c) 1992-2002 Phillip H. Sherrod.  All rights reserved.
This is a registered copy of NLREG that may not be redistributed.

Number of observations = 6
Maximum allowed number of iterations = 500
Convergence tolerance factor = 1.000000E-010
Stopped due to: Both parameter and relative function convergence.
Number of iterations performed = 13
Final sum of squared deviations = 7.3373234E-002
Final sum of deviations = -6.3282917E-002
Standard error of estimate = 0.121139
Average deviation = 0.0898303
Maximum deviation for any observation = 0.154642
Proportion of variance explained (R^2) = 0.9779  (97.79%)
Adjusted coefficient of multiple determination (Ra^2) = 0.9779  (97.79%)
Durbin-Watson test for autocorrelation = 0.806
Parameter values will be written to C:\Users\peleg\OneDrive\doktorát\experiment_disertace\výsledky\fin_výsl\slovo_morfém_foném_oprava\poh_SMF\types_poh_SMF\vysl_trunc_SMF_types_poh\param_trunc_types_poh_04.par
Analysis completed  2-Apr-2023 17:15.  Runtime = 0.00 seconds.


             ----  Descriptive Statistics for Variables  ----

 Variable    Minimum value   Maximum value    Mean value     Standard dev.
----------  --------------  --------------  --------------  --------------
         x               1            6.28        3.546667         1.94758
         y            1.53            3.73        2.188333       0.8145776


                   ----  Calculated Parameter Values  ----

 Parameter  Initial guess   Final estimate   Standard error      t      Prob(t)
----------  -------------  ----------------  --------------  ---------  -------
         b              1      -0.529210912      0.02293318     -23.08  0.00001

