   1: variable x,y;
   2: parameter b;
   3: function y=3.27*(x^b);
   4: Plot xlabel="x-Achse",ylabel="y-Achse";
   5: data;

Beginning computation...
Stopped due to: Both parameter and relative function convergence.


   ----  Final Results  ----

NLREG version 5.4
Copyright (c) 1992-2002 Phillip H. Sherrod.  All rights reserved.
This is a registered copy of NLREG that may not be redistributed.

Number of observations = 6
Maximum allowed number of iterations = 500
Convergence tolerance factor = 1.000000E-010
Stopped due to: Both parameter and relative function convergence.
Number of iterations performed = 10
Final sum of squared deviations = 9.8407249E-002
Final sum of deviations = -8.5832535E-002
Standard error of estimate = 0.140291
Average deviation = 0.11013
Maximum deviation for any observation = 0.183375
Proportion of variance explained (R^2) = 0.9490  (94.90%)
Adjusted coefficient of multiple determination (Ra^2) = 0.9490  (94.90%)
Durbin-Watson test for autocorrelation = 0.746
This Durbin-Watson value indicates autocorrelation or inappropriate function.
Parameter values will be written to C:\Users\peleg\OneDrive\doktorát\experiment_disertace\výsledky\fin_výsl\slovo_morfém_foném_oprava\poh_SMF\types_poh_SMF\vysl_trunc_SMF_types_poh\param_trunc_types_poh_01.par
Analysis completed  2-Apr-2023 17:15.  Runtime = 0.00 seconds.


             ----  Descriptive Statistics for Variables  ----

 Variable    Minimum value   Maximum value    Mean value     Standard dev.
----------  --------------  --------------  --------------  --------------
         x               1             6.1        3.516667        1.897806
         y            1.64            3.27           2.085       0.6209267


                   ----  Calculated Parameter Values  ----

 Parameter  Initial guess   Final estimate   Standard error      t      Prob(t)
----------  -------------  ----------------  --------------  ---------  -------
         b              1      -0.436935796      0.02658354     -16.44  0.00002

