   1: variable x,y;
   2: parameter b;
   3: function y=2.68*(x^b);
   4: Plot xlabel="x-Achse",ylabel="y-Achse";
   5: data;

Beginning computation...
Stopped due to: Both parameter and relative function convergence.


   ----  Final Results  ----

NLREG version 5.4
Copyright (c) 1992-2002 Phillip H. Sherrod.  All rights reserved.
This is a registered copy of NLREG that may not be redistributed.

Number of observations = 6
Maximum allowed number of iterations = 500
Convergence tolerance factor = 1.000000E-010
Stopped due to: Both parameter and relative function convergence.
Number of iterations performed = 9
Final sum of squared deviations = 2.3703368E-002
Final sum of deviations = -6.3479931E-002
Standard error of estimate = 0.0688525
Average deviation = 0.0380422
Maximum deviation for any observation = 0.144972
Proportion of variance explained (R^2) = 0.9705  (97.05%)
Adjusted coefficient of multiple determination (Ra^2) = 0.9705  (97.05%)
Durbin-Watson test for autocorrelation = 1.814
Parameter values will be written to C:\Users\peleg\OneDrive\doktorát\experiment_disertace\výsledky\fin_výsl\slovo_morfém_foném_oprava\poh_SMF\tokens_poh_SMF\vysl_trunc_SMF_tokens_poh\param_trunc_tokens_poh_10.par
Analysis completed  2-Apr-2023 17:15.  Runtime = 0.00 seconds.


             ----  Descriptive Statistics for Variables  ----

 Variable    Minimum value   Maximum value    Mean value     Standard dev.
----------  --------------  --------------  --------------  --------------
         x               1            6.23        3.538333        1.933602
         y            1.57            2.68        1.933333       0.4011317


                   ----  Calculated Parameter Values  ----

 Parameter  Initial guess   Final estimate   Standard error      t      Prob(t)
----------  -------------  ----------------  --------------  ---------  -------
         b              1      -0.307884362      0.01319331     -23.34  0.00001

