   1: variable x,y;
   2: parameter b;
   3: function y=2.68*(x^b);
   4: Plot xlabel="x-Achse",ylabel="y-Achse";
   5: data;

Beginning computation...
Stopped due to: Both parameter and relative function convergence.


   ----  Final Results  ----

NLREG version 5.4
Copyright (c) 1992-2002 Phillip H. Sherrod.  All rights reserved.
This is a registered copy of NLREG that may not be redistributed.

Number of observations = 6
Maximum allowed number of iterations = 500
Convergence tolerance factor = 1.000000E-010
Stopped due to: Both parameter and relative function convergence.
Number of iterations performed = 9
Final sum of squared deviations = 7.0123478E-002
Final sum of deviations = -1.0602245E-001
Standard error of estimate = 0.118426
Average deviation = 0.0760697
Maximum deviation for any observation = 0.23469
Proportion of variance explained (R^2) = 0.9118  (91.18%)
Adjusted coefficient of multiple determination (Ra^2) = 0.9118  (91.18%)
Durbin-Watson test for autocorrelation = 1.541
Parameter values will be written to C:\Users\peleg\OneDrive\doktorát\experiment_disertace\výsledky\fin_výsl\slovo_morfém_foném_oprava\poh_SMF\tokens_poh_SMF\vysl_trunc_SMF_tokens_poh\param_trunc_tokens_poh_04.par
Analysis completed  2-Apr-2023 17:15.  Runtime = 0.00 seconds.


             ----  Descriptive Statistics for Variables  ----

 Variable    Minimum value   Maximum value    Mean value     Standard dev.
----------  --------------  --------------  --------------  --------------
         x               1            6.22        3.536667         1.93082
         y            1.53            2.68        1.913333       0.3988316


                   ----  Calculated Parameter Values  ----

 Parameter  Initial guess   Final estimate   Standard error      t      Prob(t)
----------  -------------  ----------------  --------------  ---------  -------
         b              1      -0.314752409      0.02292431     -13.73  0.00004

