   1: variable x,y;
   2: parameter b;
   3: function y=2.2*(x^b);
   4: Plot xlabel="x-Achse",ylabel="y-Achse";
   5: data;

Beginning computation...
Stopped due to: Relative function convergence.


   ----  Final Results  ----

NLREG version 5.4
Copyright (c) 1992-2002 Phillip H. Sherrod.  All rights reserved.
This is a registered copy of NLREG that may not be redistributed.

Number of observations = 12
Maximum allowed number of iterations = 500
Convergence tolerance factor = 1.000000E-010
Stopped due to: Relative function convergence.
Number of iterations performed = 11
Final sum of squared deviations = 1.0903106E-001
Final sum of deviations = 1.1317333E-001
Standard error of estimate = 0.0995586
Average deviation = 0.0663062
Maximum deviation for any observation = 0.194235
Proportion of variance explained (R^2) = 0.1732  (17.32%)
Adjusted coefficient of multiple determination (Ra^2) = 0.1732  (17.32%)
Durbin-Watson test for autocorrelation = 2.221
Parameter values will be written to C:\Users\peleg\OneDrive\doktorát\experiment_disertace\výsledky\fin_výsl\syntax\typ3\FSM3_oprava\poh_FSM3\vysl_trunc_FSM3_poh\param_trunc_FSM3_poh_05.par
Analysis completed  3-Apr-2023 13:33.  Runtime = 0.00 seconds.


             ----  Descriptive Statistics for Variables  ----

 Variable    Minimum value   Maximum value    Mean value     Standard dev.
----------  --------------  --------------  --------------  --------------
         x               1            22.8        8.074167        6.363719
         y             2.2            2.55        2.346667       0.1094892


                   ----  Calculated Parameter Values  ----

 Parameter  Initial guess   Final estimate   Standard error      t      Prob(t)
----------  -------------  ----------------  --------------  ---------  -------
         b              1      0.0338710156     0.006123504       5.53  0.00018

