   1: variable x,y;
   2: parameter b;
   3: function y=2.0*(x^b);
   4: Plot xlabel="x-Achse",ylabel="y-Achse";
   5: data;

Beginning computation...
Stopped due to: Relative function convergence.


   ----  Final Results  ----

NLREG version 5.4
Copyright (c) 1992-2002 Phillip H. Sherrod.  All rights reserved.
This is a registered copy of NLREG that may not be redistributed.

Number of observations = 30
Maximum allowed number of iterations = 500
Convergence tolerance factor = 1.000000E-010
Stopped due to: Relative function convergence.
Number of iterations performed = 12
Final sum of squared deviations = 1.9083917E-001
Final sum of deviations = 4.7108156E-001
Standard error of estimate = 0.0811213
Average deviation = 0.0661624
Maximum deviation for any observation = 0.160615
Parameter values will be written to C:\Users\peleg\OneDrive\doktorát\experiment_disertace\výsledky\fin_výsl\syntax\typ3\FSM3_oprava\poh_FSM3\vysl_trunc_FSM3_poh\param_trunc_FSM3_poh_slouè.par
Analysis completed  3-Apr-2023 13:33.  Runtime = 0.00 seconds.


             ----  Descriptive Statistics for Variables  ----

 Variable    Minimum value   Maximum value    Mean value     Standard dev.
----------  --------------  --------------  --------------  --------------
         x               1           62.46        17.74633        13.39776
         y               2            2.35           2.206      0.07332497


                   ----  Calculated Parameter Values  ----

 Parameter  Initial guess   Final estimate   Standard error      t      Prob(t)
----------  -------------  ----------------  --------------  ---------  -------
         b              1       0.035430926     0.002454257      14.44  0.00001

