   1: variable x,y;
   2: parameter b;
   3: function y=1.93*(x^b);
   4: Plot xlabel="x-Achse",ylabel="y-Achse";
   5: data;

Beginning computation...
Stopped due to: Both parameter and relative function convergence.


   ----  Final Results  ----

NLREG version 5.4
Copyright (c) 1992-2002 Phillip H. Sherrod.  All rights reserved.
This is a registered copy of NLREG that may not be redistributed.

Number of observations = 11
Maximum allowed number of iterations = 500
Convergence tolerance factor = 1.000000E-010
Stopped due to: Both parameter and relative function convergence.
Number of iterations performed = 11
Final sum of squared deviations = 1.4707473E-001
Final sum of deviations = 1.7225735E-001
Standard error of estimate = 0.121274
Average deviation = 0.08208
Maximum deviation for any observation = 0.23678
Proportion of variance explained (R^2) = 0.0537  (5.37%)
Adjusted coefficient of multiple determination (Ra^2) = 0.0537  (5.37%)
Durbin-Watson test for autocorrelation = 1.655
Parameter values will be written to C:\Users\peleg\OneDrive\doktorát\experiment_disertace\výsledky\fin_výsl\syntax\typ3\FSM3_oprava\poh_FSM3\vysl_trunc_FSM3_poh\param_trunc_FSM3_poh_08.par
Analysis completed  3-Apr-2023 13:33.  Runtime = 0.00 seconds.


             ----  Descriptive Statistics for Variables  ----

 Variable    Minimum value   Maximum value    Mean value     Standard dev.
----------  --------------  --------------  --------------  --------------
         x               1           21.71        7.415455        5.951009
         y            1.93            2.26        2.092727       0.1246668


                   ----  Calculated Parameter Values  ----

 Parameter  Initial guess   Final estimate   Standard error      t      Prob(t)
----------  -------------  ----------------  --------------  ---------  -------
         b              1      0.0429363025     0.009076321       4.73  0.00080

