   1: variable x,y;
   2: parameter b;
   3: function y=2.0*(x^b);
   4: Plot xlabel="x-Achse",ylabel="y-Achse";
   5: data;

Beginning computation...
Stopped due to: Both parameter and relative function convergence.


   ----  Final Results  ----

NLREG version 5.4
Copyright (c) 1992-2002 Phillip H. Sherrod.  All rights reserved.
This is a registered copy of NLREG that may not be redistributed.

Number of observations = 16
Maximum allowed number of iterations = 500
Convergence tolerance factor = 1.000000E-010
Stopped due to: Both parameter and relative function convergence.
Number of iterations performed = 11
Final sum of squared deviations = 1.0225654E-001
Final sum of deviations = 1.0446669E-001
Standard error of estimate = 0.0825657
Average deviation = 0.0631872
Maximum deviation for any observation = 0.160575
Proportion of variance explained (R^2) = 0.2828  (28.28%)
Adjusted coefficient of multiple determination (Ra^2) = 0.2828  (28.28%)
Durbin-Watson test for autocorrelation = 1.762
Parameter values will be written to C:\Users\peleg\OneDrive\doktorát\experiment_disertace\výsledky\fin_výsl\syntax\typ3\FSM3_oprava\poh_FSM3\vysl_trunc_FSM3_poh\param_trunc_FSM3_poh_04.par
Analysis completed  3-Apr-2023 13:33.  Runtime = 0.00 seconds.


             ----  Descriptive Statistics for Variables  ----

 Variable    Minimum value   Maximum value    Mean value     Standard dev.
----------  --------------  --------------  --------------  --------------
         x               1           23.62        9.149375        6.034337
         y               2            2.34         2.16625      0.09749359


                   ----  Calculated Parameter Values  ----

 Parameter  Initial guess   Final estimate   Standard error      t      Prob(t)
----------  -------------  ----------------  --------------  ---------  -------
         b              1      0.0391010274     0.004441144       8.80  0.00001

