   1: variable x,y;
   2: parameter b;
   3: function y=1.95*(x^b);
   4: Plot xlabel="x-Achse",ylabel="y-Achse";
   5: data;

Beginning computation...
Stopped due to: Relative function convergence.


   ----  Final Results  ----

NLREG version 5.4
Copyright (c) 1992-2002 Phillip H. Sherrod.  All rights reserved.
This is a registered copy of NLREG that may not be redistributed.

Number of observations = 14
Maximum allowed number of iterations = 500
Convergence tolerance factor = 1.000000E-010
Stopped due to: Relative function convergence.
Number of iterations performed = 11
Final sum of squared deviations = 1.6995597E-001
Final sum of deviations = 1.8497199E-001
Standard error of estimate = 0.11434
Average deviation = 0.0852354
Maximum deviation for any observation = 0.219496
Parameter values will be written to C:\Users\peleg\OneDrive\doktorát\experiment_disertace\výsledky\fin_výsl\syntax\typ3\FSM3_oprava\poh_FSM3\vysl_trunc_FSM3_poh\param_trunc_FSM3_poh_10.par
Analysis completed  3-Apr-2023 13:33.  Runtime = 0.00 seconds.


             ----  Descriptive Statistics for Variables  ----

 Variable    Minimum value   Maximum value    Mean value     Standard dev.
----------  --------------  --------------  --------------  --------------
         x               1              43        11.15857        11.13354
         y            1.89            2.22        2.063571       0.1129062


                   ----  Calculated Parameter Values  ----

 Parameter  Initial guess   Final estimate   Standard error      t      Prob(t)
----------  -------------  ----------------  --------------  ---------  -------
         b              1      0.0251055397      0.00662438       3.79  0.00225

