   1: variable x,y;
   2: parameter a,b,c;
   3: function y=a*(x^b)*exp(c*x);
   4: Plot xlabel="x-Achse",ylabel="y-Achse";
   5: data;

Beginning computation...
Stopped due to: Relative function convergence.


   ----  Final Results  ----

NLREG version 5.4
Copyright (c) 1992-2002 Phillip H. Sherrod.  All rights reserved.
This is a registered copy of NLREG that may not be redistributed.

Number of observations = 7
Maximum allowed number of iterations = 500
Convergence tolerance factor = 1.000000E-010
Stopped due to: Relative function convergence.
Number of iterations performed = 48
Final sum of squared deviations = 2.6115651E-002
Final sum of deviations = -2.6064979E-004
Standard error of estimate = 0.0808017
Average deviation = 0.0485178
Maximum deviation for any observation = 0.096076
Proportion of variance explained (R^2) = 0.9428  (94.28%)
Adjusted coefficient of multiple determination (Ra^2) = 0.9142  (91.42%)
Durbin-Watson test for autocorrelation = 3.161
Parameter values will be written to C:\Users\peleg\OneDrive\doktorát\experiment_disertace\výsledky\fin_výsl\syntax\typ2\FSM2_oprava\poh_FSM2\vysl_compl_FSM2_poh\param_compl_FSM2_poh_03.par
Analysis completed  4-Apr-2023 16:33.  Runtime = 0.00 seconds.


             ----  Descriptive Statistics for Variables  ----

 Variable    Minimum value   Maximum value    Mean value     Standard dev.
----------  --------------  --------------  --------------  --------------
         x               1           15.64        5.234286        4.896008
         y            1.81            2.64        2.245714       0.2758537


                   ----  Calculated Parameter Values  ----

 Parameter  Initial guess   Final estimate   Standard error      t      Prob(t)
----------  -------------  ----------------  --------------  ---------  -------
         a              1        1.82616337      0.06247882      29.23  0.00001
         b              1        0.18957721      0.04420338       4.29  0.01276
         c              1    -0.00995821401     0.007111351      -1.40  0.23401


                  ----  Analysis of Variance  ----

  Source     DF   Sum of Squares    Mean Square    F value   Prob(F)
----------  ----  --------------  --------------  ---------  -------
Regression     2       0.4304558       0.2152279      32.97  0.00327
Error          4      0.02611565     0.006528913
Total          6       0.4565714

