   1: variable x,y;
   2: parameter a,b,c;
   3: function y=a*(x^b)*exp(-c*x);
   4: Plot xlabel="x-Achse",ylabel="y-Achse";
   5: data;

Beginning computation...
Stopped due to: Both parameter and relative function convergence.


   ----  Final Results  ----

NLREG version 5.4
Copyright (c) 1992-2002 Phillip H. Sherrod.  All rights reserved.
This is a registered copy of NLREG that may not be redistributed.

Number of observations = 9
Maximum allowed number of iterations = 500
Convergence tolerance factor = 1.000000E-010
Stopped due to: Both parameter and relative function convergence.
Number of iterations performed = 16
Final sum of squared deviations = 1.0475487E-001
Final sum of deviations = -2.1096813E-004
Standard error of estimate = 0.132133
Average deviation = 0.0778132
Maximum deviation for any observation = 0.225157
Proportion of variance explained (R^2) = 0.2217  (22.17%)
Adjusted coefficient of multiple determination (Ra^2) = -0.0377  (-3.77%)
Durbin-Watson test for autocorrelation = 1.498
Parameter values will be written to C:\Users\peleg\OneDrive\doktorát\experiment_disertace\výsledky\fin_výsl\syntax\typ2\FSM2\poh_FSM2\vysl_compl_FSM2_poh_minus_c\param_compl_FSM2_poh_10_minus_c.par
Analysis completed 13-Apr-2023 16:00.  Runtime = 0.00 seconds.


             ----  Descriptive Statistics for Variables  ----

 Variable    Minimum value   Maximum value    Mean value     Standard dev.
----------  --------------  --------------  --------------  --------------
         x               1           18.81        6.167778        5.328376
         y            1.76            2.21        1.976667       0.1297112


                   ----  Calculated Parameter Values  ----

 Parameter  Initial guess   Final estimate   Standard error      t      Prob(t)
----------  -------------  ----------------  --------------  ---------  -------
         a              1         1.8834787       0.1030922      18.27  0.00001
         b              1      0.0803839835      0.06347615       1.27  0.25232
         c              1      0.0119638625      0.01018205       1.17  0.28451


                  ----  Analysis of Variance  ----

  Source     DF   Sum of Squares    Mean Square    F value   Prob(F)
----------  ----  --------------  --------------  ---------  -------
Regression     2      0.02984513      0.01492256       0.85  0.47140
Error          6       0.1047549      0.01745915
Total          8          0.1346

