   1: variable x,y;
   2: parameter a,b,c;
   3: function y=a*(x^b)*exp(c*x);
   4: Plot xlabel="x-Achse",ylabel="y-Achse";
   5: data;

Beginning computation...
Stopped due to: Relative function convergence.


   ----  Final Results  ----

NLREG version 5.4
Copyright (c) 1992-2002 Phillip H. Sherrod.  All rights reserved.
This is a registered copy of NLREG that may not be redistributed.

Number of observations = 7
Maximum allowed number of iterations = 500
Convergence tolerance factor = 1.000000E-010
Stopped due to: Relative function convergence.
Number of iterations performed = 30
Final sum of squared deviations = 8.3843931E-002
Final sum of deviations = -3.1256787E-004
Standard error of estimate = 0.144779
Average deviation = 0.0820676
Maximum deviation for any observation = 0.204698
Proportion of variance explained (R^2) = 0.3397  (33.97%)
Adjusted coefficient of multiple determination (Ra^2) = 0.0095  (0.95%)
Durbin-Watson test for autocorrelation = 2.078
Parameter values will be written to C:\Users\peleg\OneDrive\doktorát\experiment_disertace\výsledky\fin_výsl\syntax\typ2\FSM2_oprava\poh_FSM2\vysl_compl_FSM2_poh\param_compl_FSM2_poh_08.par
Analysis completed  4-Apr-2023 16:33.  Runtime = 0.00 seconds.


             ----  Descriptive Statistics for Variables  ----

 Variable    Minimum value   Maximum value    Mean value     Standard dev.
----------  --------------  --------------  --------------  --------------
         x               1           11.21        4.664286        3.411959
         y            1.81            2.22        2.045714       0.1454713


                   ----  Calculated Parameter Values  ----

 Parameter  Initial guess   Final estimate   Standard error      t      Prob(t)
----------  -------------  ----------------  --------------  ---------  -------
         a              1         1.9064046       0.1130002      16.87  0.00007
         b              1      0.0984642264       0.1017813       0.97  0.38812
         c              1     -0.0123756956      0.02300081      -0.54  0.61908


                  ----  Analysis of Variance  ----

  Source     DF   Sum of Squares    Mean Square    F value   Prob(F)
----------  ----  --------------  --------------  ---------  -------
Regression     2       0.0431275      0.02156375       1.03  0.43604
Error          4      0.08384393      0.02096098
Total          6       0.1269714

