   1: variable x,y;
   2: parameter a,b,c;
   3: function y=a*(x^b)*exp(c*x);
   4: Plot xlabel="x-Achse",ylabel="y-Achse";
   5: data;

Beginning computation...
Stopped due to: Relative function convergence.


   ----  Final Results  ----

NLREG version 5.4
Copyright (c) 1992-2002 Phillip H. Sherrod.  All rights reserved.
This is a registered copy of NLREG that may not be redistributed.

Number of observations = 5
Maximum allowed number of iterations = 500
Convergence tolerance factor = 1.000000E-010
Stopped due to: Relative function convergence.
Number of iterations performed = 17
Final sum of squared deviations = 5.4236558E-004
Final sum of deviations = 8.5734887E-005
Standard error of estimate = 0.0164676
Average deviation = 0.00929674
Maximum deviation for any observation = 0.017668
Proportion of variance explained (R^2) = 0.9958  (99.58%)
Adjusted coefficient of multiple determination (Ra^2) = 0.9915  (99.15%)
Durbin-Watson test for autocorrelation = 2.678
Parameter values will be written to C:\Users\peleg\OneDrive\doktorát\experiment_disertace\výsledky\fin_výsl\syntax\typ2\FSM2_oprava\poh_FSM2\vysl_compl_FSM2_poh\param_compl_FSM2_poh_02.par
Analysis completed  4-Apr-2023 16:33.  Runtime = 0.00 seconds.


             ----  Descriptive Statistics for Variables  ----

 Variable    Minimum value   Maximum value    Mean value     Standard dev.
----------  --------------  --------------  --------------  --------------
         x               1            7.19           3.438        2.376809
         y            1.78            2.23           2.072       0.1786617


                   ----  Calculated Parameter Values  ----

 Parameter  Initial guess   Final estimate   Standard error      t      Prob(t)
----------  -------------  ----------------  --------------  ---------  -------
         a              1        1.87964939       0.0136447     137.76  0.00005
         b              1       0.283844033       0.0183855      15.44  0.00417
         c              1     -0.0576323674     0.005490405     -10.50  0.00895


                  ----  Analysis of Variance  ----

  Source     DF   Sum of Squares    Mean Square    F value   Prob(F)
----------  ----  --------------  --------------  ---------  -------
Regression     2       0.1271376      0.06356882     234.41  0.00425
Error          2    0.0005423656    0.0002711828
Total          4         0.12768

