   1: variable x,y;
   2: parameter a,b,c;
   3: function y=a*(x^b)*exp(c*x);
   4: Plot xlabel="x-Achse",ylabel="y-Achse";
   5: data;

Beginning computation...
Stopped due to: Relative function convergence.


   ----  Final Results  ----

NLREG version 5.4
Copyright (c) 1992-2002 Phillip H. Sherrod.  All rights reserved.
This is a registered copy of NLREG that may not be redistributed.

Number of observations = 6
Maximum allowed number of iterations = 500
Convergence tolerance factor = 1.000000E-010
Stopped due to: Relative function convergence.
Number of iterations performed = 17
Final sum of squared deviations = 4.9929927E-002
Final sum of deviations = -5.0885199E-004
Standard error of estimate = 0.129009
Average deviation = 0.0802208
Maximum deviation for any observation = 0.151773
Proportion of variance explained (R^2) = 0.7174  (71.74%)
Adjusted coefficient of multiple determination (Ra^2) = 0.5290  (52.90%)
Durbin-Watson test for autocorrelation = 2.249
Parameter values will be written to C:\Users\peleg\OneDrive\doktorát\experiment_disertace\výsledky\fin_výsl\syntax\typ2\FSM2_oprava\poh_FSM2\vysl_compl_FSM2_poh\param_compl_FSM2_poh_01.par
Analysis completed  4-Apr-2023 16:33.  Runtime = 0.00 seconds.


             ----  Descriptive Statistics for Variables  ----

 Variable    Minimum value   Maximum value    Mean value     Standard dev.
----------  --------------  --------------  --------------  --------------
         x               1            7.12        3.686667        2.197514
         y            1.93            2.49        2.268333       0.1879805


                   ----  Calculated Parameter Values  ----

 Parameter  Initial guess   Final estimate   Standard error      t      Prob(t)
----------  -------------  ----------------  --------------  ---------  -------
         a              1        2.08413527       0.1082217      19.26  0.00031
         b              1       0.261260108       0.1298301       2.01  0.13767
         c              1     -0.0573282294      0.04006841      -1.43  0.24788


                  ----  Analysis of Variance  ----

  Source     DF   Sum of Squares    Mean Square    F value   Prob(F)
----------  ----  --------------  --------------  ---------  -------
Regression     2       0.1267534       0.0633767       3.81  0.15023
Error          3      0.04992993      0.01664331
Total          5       0.1766833

