   1: variable x,y;
   2: parameter a,b,c;
   3: function y=a*(x^b)*exp(c*x);
   4: Plot xlabel="x-Achse",ylabel="y-Achse";
   5: data;

Beginning computation...
Stopped due to: Relative function convergence.


   ----  Final Results  ----

NLREG version 5.4
Copyright (c) 1992-2002 Phillip H. Sherrod.  All rights reserved.
This is a registered copy of NLREG that may not be redistributed.

Number of observations = 7
Maximum allowed number of iterations = 500
Convergence tolerance factor = 1.000000E-010
Stopped due to: Relative function convergence.
Number of iterations performed = 21
Final sum of squared deviations = 5.3414165E-002
Final sum of deviations = 5.5348751E-006
Standard error of estimate = 0.115558
Average deviation = 0.0606737
Maximum deviation for any observation = 0.177586
Proportion of variance explained (R^2) = 0.6415  (64.15%)
Adjusted coefficient of multiple determination (Ra^2) = 0.4623  (46.23%)
Durbin-Watson test for autocorrelation = 3.305
Parameter values will be written to C:\Users\peleg\OneDrive\doktorát\experiment_disertace\výsledky\fin_výsl\syntax\typ2\FSM2_oprava\poh_FSM2\vysl_compl_FSM2_poh\param_compl_FSM2_poh_04.par
Analysis completed  4-Apr-2023 16:33.  Runtime = 0.00 seconds.


             ----  Descriptive Statistics for Variables  ----

 Variable    Minimum value   Maximum value    Mean value     Standard dev.
----------  --------------  --------------  --------------  --------------
         x               1            8.35        4.192857        2.505399
         y            1.85            2.32            2.09        0.157586


                   ----  Calculated Parameter Values  ----

 Parameter  Initial guess   Final estimate   Standard error      t      Prob(t)
----------  -------------  ----------------  --------------  ---------  -------
         a              1        1.88013515      0.09041107      20.80  0.00003
         b              1       0.141872858       0.1050811       1.35  0.24831
         c              1     -0.0172130651      0.02905427      -0.59  0.58542


                  ----  Analysis of Variance  ----

  Source     DF   Sum of Squares    Mean Square    F value   Prob(F)
----------  ----  --------------  --------------  ---------  -------
Regression     2      0.09558583      0.04779292       3.58  0.12851
Error          4      0.05341417      0.01335354
Total          6           0.149

