   1: variable x,y;
   2: parameter a,b,c;
   3: function y=a*(x^b)*exp(c*x);
   4: Plot xlabel="x-Achse",ylabel="y-Achse";
   5: data;

Beginning computation...
Stopped due to: Relative function convergence.


   ----  Final Results  ----

NLREG version 5.4
Copyright (c) 1992-2002 Phillip H. Sherrod.  All rights reserved.
This is a registered copy of NLREG that may not be redistributed.

Number of observations = 6
Maximum allowed number of iterations = 500
Convergence tolerance factor = 1.000000E-010
Stopped due to: Relative function convergence.
Number of iterations performed = 16
Final sum of squared deviations = 7.8915866E-003
Final sum of deviations = -9.4257700E-006
Standard error of estimate = 0.0512887
Average deviation = 0.032083
Maximum deviation for any observation = 0.0696928
Proportion of variance explained (R^2) = 0.5932  (59.32%)
Adjusted coefficient of multiple determination (Ra^2) = 0.3220  (32.20%)
Durbin-Watson test for autocorrelation = 2.509
Parameter values will be written to C:\Users\peleg\OneDrive\doktorát\experiment_disertace\výsledky\fin_výsl\zvukové_jednotky\KTS\poh_KTS\tokens_poh_KTS\vysl_compl_KTS_tokens_poh\param_compl_tokens_poh_03.par
Analysis completed 21-Feb-2023 07:46.  Runtime = 0.00 seconds.


             ----  Descriptive Statistics for Variables  ----

 Variable    Minimum value   Maximum value    Mean value     Standard dev.
----------  --------------  --------------  --------------  --------------
         x               1            6.55        3.591667        2.024949
         y            2.69            2.87            2.79      0.06228965


                   ----  Calculated Parameter Values  ----

 Parameter  Initial guess   Final estimate   Standard error      t      Prob(t)
----------  -------------  ----------------  --------------  ---------  -------
         a              1        2.87699212      0.04735834      60.75  0.00001
         b              1     0.00790676506      0.04392179       0.18  0.86861
         c              1     -0.0110288699      0.01490086      -0.74  0.51287


                  ----  Analysis of Variance  ----

  Source     DF   Sum of Squares    Mean Square    F value   Prob(F)
----------  ----  --------------  --------------  ---------  -------
Regression     2      0.01150841     0.005754207       2.19  0.25944
Error          3     0.007891587     0.002630529
Total          5          0.0194

