   1: variable x,y;
   2: parameter a,b,c;
   3: function y=a*(x^b)*exp(c*x);
   4: Plot xlabel="x-Achse",ylabel="y-Achse";
   5: data;

Beginning computation...
Stopped due to: Relative function convergence.


   ----  Final Results  ----

NLREG version 5.4
Copyright (c) 1992-2002 Phillip H. Sherrod.  All rights reserved.
This is a registered copy of NLREG that may not be redistributed.

Number of observations = 7
Maximum allowed number of iterations = 500
Convergence tolerance factor = 1.000000E-010
Stopped due to: Relative function convergence.
Number of iterations performed = 20
Final sum of squared deviations = 2.2951000E-002
Final sum of deviations = -1.1157017E-005
Standard error of estimate = 0.0757479
Average deviation = 0.0498369
Maximum deviation for any observation = 0.100198
Proportion of variance explained (R^2) = 0.6168  (61.68%)
Adjusted coefficient of multiple determination (Ra^2) = 0.4251  (42.51%)
Durbin-Watson test for autocorrelation = 2.734
Parameter values will be written to C:\Users\peleg\OneDrive\doktorát\experiment_disertace\výsledky\fin_výsl\zvukové_jednotky\KTS\poh_KTS\tokens_poh_KTS\vysl_compl_KTS_tokens_poh\param_compl_tokens_poh_10.par
Analysis completed 21-Feb-2023 07:46.  Runtime = 0.00 seconds.


             ----  Descriptive Statistics for Variables  ----

 Variable    Minimum value   Maximum value    Mean value     Standard dev.
----------  --------------  --------------  --------------  --------------
         x               1            8.52        4.217143        2.552787
         y            2.63            2.88        2.731429      0.09990472


                   ----  Calculated Parameter Values  ----

 Parameter  Initial guess   Final estimate   Standard error      t      Prob(t)
----------  -------------  ----------------  --------------  ---------  -------
         a              1        2.75673333      0.05952806      46.31  0.00001
         b              1      -0.123547747       0.0484587      -2.55  0.06334
         c              1      0.0342329375      0.01374989       2.49  0.06751


                  ----  Analysis of Variance  ----

  Source     DF   Sum of Squares    Mean Square    F value   Prob(F)
----------  ----  --------------  --------------  ---------  -------
Regression     2      0.03693471      0.01846736       3.22  0.14688
Error          4        0.022951      0.00573775
Total          6      0.05988571

