   1: variable x,y;
   2: parameter a,b,c;
   3: function y=a*(x^b)*exp(c*x);
   4: Plot xlabel="x-Achse",ylabel="y-Achse";
   5: data;

Beginning computation...
Stopped due to: Both parameter and relative function convergence.


   ----  Final Results  ----

NLREG version 5.4
Copyright (c) 1992-2002 Phillip H. Sherrod.  All rights reserved.
This is a registered copy of NLREG that may not be redistributed.

Number of observations = 10
Maximum allowed number of iterations = 500
Convergence tolerance factor = 1.000000E-010
Stopped due to: Both parameter and relative function convergence.
Number of iterations performed = 25
Final sum of squared deviations = 1.7535177E-002
Final sum of deviations = -7.1288877E-006
Standard error of estimate = 0.0500502
Average deviation = 0.0369384
Maximum deviation for any observation = 0.0690119
Proportion of variance explained (R^2) = 0.4903  (49.03%)
Adjusted coefficient of multiple determination (Ra^2) = 0.3446  (34.46%)
Durbin-Watson test for autocorrelation = 1.571
Parameter values will be written to C:\Users\peleg\OneDrive\doktorát\experiment_disertace\výsledky\fin_výsl\zvukové_jednotky\KTS\poh_KTS\tokens_poh_KTS\vysl_compl_KTS_tokens_poh\param_compl_tokens_poh_slouè.par
Analysis completed 21-Feb-2023 07:46.  Runtime = 0.00 seconds.


             ----  Descriptive Statistics for Variables  ----

 Variable    Minimum value   Maximum value    Mean value     Standard dev.
----------  --------------  --------------  --------------  --------------
         x               1           11.56           5.656        3.312103
         y            2.67            2.85            2.76      0.06182412


                   ----  Calculated Parameter Values  ----

 Parameter  Initial guess   Final estimate   Standard error      t      Prob(t)
----------  -------------  ----------------  --------------  ---------  -------
         a              1        2.80581781      0.03850492      72.87  0.00001
         b              1     -0.0611847758      0.02354502      -2.60  0.03550
         c              1      0.0135660374     0.005359798       2.53  0.03917


                  ----  Analysis of Variance  ----

  Source     DF   Sum of Squares    Mean Square    F value   Prob(F)
----------  ----  --------------  --------------  ---------  -------
Regression     2      0.01686482     0.008432411       3.37  0.09457
Error          7      0.01753518     0.002505025
Total          9          0.0344

