   1: variable x,y;
   2: parameter a,b,c;
   3: function y=a*(x^b)*exp(c*x);
   4: Plot xlabel="x-Achse",ylabel="y-Achse";
   5: data;

Beginning computation...
Stopped due to: Relative function convergence.


   ----  Final Results  ----

NLREG version 5.4
Copyright (c) 1992-2002 Phillip H. Sherrod.  All rights reserved.
This is a registered copy of NLREG that may not be redistributed.

Number of observations = 6
Maximum allowed number of iterations = 500
Convergence tolerance factor = 1.000000E-010
Stopped due to: Relative function convergence.
Number of iterations performed = 19
Final sum of squared deviations = 1.7726276E-002
Final sum of deviations = -2.0322850E-006
Standard error of estimate = 0.0768684
Average deviation = 0.0434117
Maximum deviation for any observation = 0.094064
Proportion of variance explained (R^2) = 0.3129  (31.29%)
Adjusted coefficient of multiple determination (Ra^2) = -0.1451  (-14.51%)
Durbin-Watson test for autocorrelation = 2.642
Parameter values will be written to C:\Users\peleg\OneDrive\doktorát\experiment_disertace\výsledky\fin_výsl\zvukové_jednotky\KTS\poh_KTS\tokens_poh_KTS\vysl_compl_KTS_tokens_poh\param_compl_tokens_poh_08.par
Analysis completed 21-Feb-2023 07:46.  Runtime = 0.00 seconds.


             ----  Descriptive Statistics for Variables  ----

 Variable    Minimum value   Maximum value    Mean value     Standard dev.
----------  --------------  --------------  --------------  --------------
         x               1            6.64        3.606667        2.051406
         y            2.62            2.83            2.73      0.07183314


                   ----  Calculated Parameter Values  ----

 Parameter  Initial guess   Final estimate   Standard error      t      Prob(t)
----------  -------------  ----------------  --------------  ---------  -------
         a              1        2.79578765      0.06968307      40.12  0.00003
         b              1     -0.0208556734      0.06603944      -0.32  0.77285
         c              1   -0.000188659403      0.02220442      -0.01  0.99375


                  ----  Analysis of Variance  ----

  Source     DF   Sum of Squares    Mean Square    F value   Prob(F)
----------  ----  --------------  --------------  ---------  -------
Regression     2     0.008073724     0.004036862       0.68  0.56950
Error          3      0.01772628     0.005908759
Total          5          0.0258

