   1: variable x,y;
   2: parameter a,b,c;
   3: function y=a*(x^b)*exp(c*x);
   4: Plot xlabel="x-Achse",ylabel="y-Achse";
   5: data;

Beginning computation...
Stopped due to: Relative function convergence.


   ----  Final Results  ----

NLREG version 5.4
Copyright (c) 1992-2002 Phillip H. Sherrod.  All rights reserved.
This is a registered copy of NLREG that may not be redistributed.

Number of observations = 7
Maximum allowed number of iterations = 500
Convergence tolerance factor = 1.000000E-010
Stopped due to: Relative function convergence.
Number of iterations performed = 18
Final sum of squared deviations = 3.1855472E-002
Final sum of deviations = -8.7124531E-007
Standard error of estimate = 0.0892405
Average deviation = 0.0549311
Maximum deviation for any observation = 0.124669
Proportion of variance explained (R^2) = 0.2431  (24.31%)
Adjusted coefficient of multiple determination (Ra^2) = -0.1354  (-13.54%)
Durbin-Watson test for autocorrelation = 2.326
Parameter values will be written to C:\Users\peleg\OneDrive\doktorát\experiment_disertace\výsledky\fin_výsl\zvukové_jednotky\KTS\poh_KTS\tokens_poh_KTS\vysl_compl_KTS_tokens_poh\param_compl_tokens_poh_06.par
Analysis completed 21-Feb-2023 07:46.  Runtime = 0.00 seconds.


             ----  Descriptive Statistics for Variables  ----

 Variable    Minimum value   Maximum value    Mean value     Standard dev.
----------  --------------  --------------  --------------  --------------
         x               1             7.8        4.114286        2.357561
         y            2.64            2.85        2.748571      0.08375133


                   ----  Calculated Parameter Values  ----

 Parameter  Initial guess   Final estimate   Standard error      t      Prob(t)
----------  -------------  ----------------  --------------  ---------  -------
         a              1        2.82211879      0.07362293      38.33  0.00001
         b              1       -0.01111335      0.06329506      -0.18  0.86915
         c              1    -0.00311027479       0.0190792      -0.16  0.87841


                  ----  Analysis of Variance  ----

  Source     DF   Sum of Squares    Mean Square    F value   Prob(F)
----------  ----  --------------  --------------  ---------  -------
Regression     2      0.01023024     0.005115121       0.64  0.57293
Error          4      0.03185547     0.007963868
Total          6      0.04208571

