   1: variable x,y;
   2: parameter a,b,c;
   3: function y=a*(x^b)*exp(c*x);
   4: Plot xlabel="x-Achse",ylabel="y-Achse";
   5: data;

Beginning computation...
Stopped due to: Relative function convergence.


   ----  Final Results  ----

NLREG version 5.4
Copyright (c) 1992-2002 Phillip H. Sherrod.  All rights reserved.
This is a registered copy of NLREG that may not be redistributed.

Number of observations = 8
Maximum allowed number of iterations = 500
Convergence tolerance factor = 1.000000E-010
Stopped due to: Relative function convergence.
Number of iterations performed = 21
Final sum of squared deviations = 5.7650342E-002
Final sum of deviations = -3.7051996E-005
Standard error of estimate = 0.107378
Average deviation = 0.0668463
Maximum deviation for any observation = 0.17061
Proportion of variance explained (R^2) = 0.3954  (39.54%)
Adjusted coefficient of multiple determination (Ra^2) = 0.1535  (15.35%)
Durbin-Watson test for autocorrelation = 2.203
Parameter values will be written to C:\Users\peleg\OneDrive\doktorát\experiment_disertace\výsledky\fin_výsl\zvukové_jednotky\KTS\poh_KTS\tokens_poh_KTS\vysl_compl_KTS_tokens_poh\param_compl_tokens_poh_04.par
Analysis completed 21-Feb-2023 07:46.  Runtime = 0.00 seconds.


             ----  Descriptive Statistics for Variables  ----

 Variable    Minimum value   Maximum value    Mean value     Standard dev.
----------  --------------  --------------  --------------  --------------
         x               1               9           4.625         2.66927
         y            2.56            2.91          2.7875       0.1167109


                   ----  Calculated Parameter Values  ----

 Parameter  Initial guess   Final estimate   Standard error      t      Prob(t)
----------  -------------  ----------------  --------------  ---------  -------
         a              1        2.92345018      0.08534267      34.26  0.00001
         b              1     -0.0517713384      0.06375251      -0.81  0.45366
         c              1     0.00464326486      0.01752166       0.27  0.80159


                  ----  Analysis of Variance  ----

  Source     DF   Sum of Squares    Mean Square    F value   Prob(F)
----------  ----  --------------  --------------  ---------  -------
Regression     2      0.03769966      0.01884983       1.63  0.28425
Error          5      0.05765034      0.01153007
Total          7         0.09535

