   1: variable x,y;
   2: parameter a,b,c;
   3: function y=a*(x^b)*exp(c*x);
   4: Plot xlabel="x-Achse",ylabel="y-Achse";
   5: data;

Beginning computation...
Stopped due to: Relative function convergence.


   ----  Final Results  ----

NLREG version 5.4
Copyright (c) 1992-2002 Phillip H. Sherrod.  All rights reserved.
This is a registered copy of NLREG that may not be redistributed.

Number of observations = 4
Maximum allowed number of iterations = 500
Convergence tolerance factor = 1.000000E-010
Stopped due to: Relative function convergence.
Number of iterations performed = 16
Final sum of squared deviations = 7.7398286E-003
Final sum of deviations = -3.6021119E-005
Standard error of estimate = 0.0879763
Average deviation = 0.0378798
Maximum deviation for any observation = 0.0641278
Proportion of variance explained (R^2) = 0.9430  (94.30%)
Adjusted coefficient of multiple determination (Ra^2) = 0.8289  (82.89%)
Durbin-Watson test for autocorrelation = 3.352
Parameter values will be written to C:\Users\peleg\OneDrive\doktorát\experiment_disertace\výsledky\fin_výsl\syntax\typ2\KFS2\stud_KFS2\vysl_compl_KFS2_stud\param_compl_KFS2_stud_03.par
Analysis completed  4-Jan-2023 19:54.  Runtime = 0.00 seconds.


             ----  Descriptive Statistics for Variables  ----

 Variable    Minimum value   Maximum value    Mean value     Standard dev.
----------  --------------  --------------  --------------  --------------
         x            1.81             5.5          3.5775        1.563338
         y            2.38            2.83          2.5675       0.2126617


                   ----  Calculated Parameter Values  ----

 Parameter  Initial guess   Final estimate   Standard error      t      Prob(t)
----------  -------------  ----------------  --------------  ---------  -------
         a              1        3.14470587        0.167599      18.76  0.03390
         b              1      -0.211607468       0.2432048      -0.87  0.54416
         c              1      0.0133794503      0.07486399       0.18  0.88741


                  ----  Analysis of Variance  ----

  Source     DF   Sum of Squares    Mean Square    F value   Prob(F)
----------  ----  --------------  --------------  ---------  -------
Regression     2       0.1279352      0.06396759       8.26  0.23884
Error          1     0.007739829     0.007739829
Total          3        0.135675

