   1: variable x,y;
   2: parameter a,b,c;
   3: function y=a*(x^b)*exp(c*x);
   4: Plot xlabel="x-Achse",ylabel="y-Achse";
   5: data;

Beginning computation...
Stopped due to: Relative function convergence.


   ----  Final Results  ----

NLREG version 5.4
Copyright (c) 1992-2002 Phillip H. Sherrod.  All rights reserved.
This is a registered copy of NLREG that may not be redistributed.

Number of observations = 6
Maximum allowed number of iterations = 500
Convergence tolerance factor = 1.000000E-010
Stopped due to: Relative function convergence.
Number of iterations performed = 16
Final sum of squared deviations = 1.0072912E-001
Final sum of deviations = -1.1621311E-003
Standard error of estimate = 0.183239
Average deviation = 0.116548
Maximum deviation for any observation = 0.211679
Proportion of variance explained (R^2) = 0.6390  (63.90%)
Adjusted coefficient of multiple determination (Ra^2) = 0.3983  (39.83%)
Durbin-Watson test for autocorrelation = 3.090
Parameter values will be written to C:\Users\peleg\OneDrive\doktorát\experiment_disertace\výsledky\fin_výsl\syntax\typ2\KFS2\stud_KFS2\vysl_compl_KFS2_stud\param_compl_KFS2_stud_04.par
Analysis completed  4-Jan-2023 19:54.  Runtime = 0.00 seconds.


             ----  Descriptive Statistics for Variables  ----

 Variable    Minimum value   Maximum value    Mean value     Standard dev.
----------  --------------  --------------  --------------  --------------
         x               1            6.08        3.513333        1.892371
         y            1.55            2.23            1.95       0.2362202


                   ----  Calculated Parameter Values  ----

 Parameter  Initial guess   Final estimate   Standard error      t      Prob(t)
----------  -------------  ----------------  --------------  ---------  -------
         a              1        2.17402782       0.1985642      10.95  0.00163
         b              1       0.536382481       0.2562146       2.09  0.12735
         c              1      -0.199777223      0.08987824      -2.22  0.11275


                  ----  Analysis of Variance  ----

  Source     DF   Sum of Squares    Mean Square    F value   Prob(F)
----------  ----  --------------  --------------  ---------  -------
Regression     2       0.1782709      0.08913544       2.65  0.21693
Error          3       0.1007291      0.03357637
Total          5           0.279

