   1: variable x,y;
   2: parameter a,b,c;
   3: function y=a*(x^b)*exp(c*x);
   4: Plot xlabel="x-Achse",ylabel="y-Achse";
   5: data;

Beginning computation...
Stopped due to: Both parameter and relative function convergence.


   ----  Final Results  ----

NLREG version 5.4
Copyright (c) 1992-2002 Phillip H. Sherrod.  All rights reserved.
This is a registered copy of NLREG that may not be redistributed.

Number of observations = 6
Maximum allowed number of iterations = 500
Convergence tolerance factor = 1.000000E-010
Stopped due to: Both parameter and relative function convergence.
Number of iterations performed = 17
Final sum of squared deviations = 2.4825185E-002
Final sum of deviations = 4.9526309E-004
Standard error of estimate = 0.0909674
Average deviation = 0.0520354
Maximum deviation for any observation = 0.116664
Proportion of variance explained (R^2) = 0.9813  (98.13%)
Adjusted coefficient of multiple determination (Ra^2) = 0.9689  (96.89%)
Durbin-Watson test for autocorrelation = 2.893
Parameter values will be written to C:\Users\peleg\OneDrive\doktorát\experiment_disertace\výsledky\fin_výsl\syntax\typ2\KFS2\stud_KFS2\vysl_compl_KFS2_stud\param_compl_KFS2_stud_08.par
Analysis completed  4-Jan-2023 19:54.  Runtime = 0.00 seconds.


             ----  Descriptive Statistics for Variables  ----

 Variable    Minimum value   Maximum value    Mean value     Standard dev.
----------  --------------  --------------  --------------  --------------
         x               1            6.25        3.541667        1.939179
         y            1.85            3.18        2.393333       0.5157777


                   ----  Calculated Parameter Values  ----

 Parameter  Initial guess   Final estimate   Standard error      t      Prob(t)
----------  -------------  ----------------  --------------  ---------  -------
         a              1        3.38456416       0.1168453      28.97  0.00009
         b              1       -0.16055687      0.09116824      -1.76  0.17644
         c              1      -0.053038964      0.03452201      -1.54  0.22203


                  ----  Analysis of Variance  ----

  Source     DF   Sum of Squares    Mean Square    F value   Prob(F)
----------  ----  --------------  --------------  ---------  -------
Regression     2        1.305308       0.6526541      78.87  0.00255
Error          3      0.02482519     0.008275062
Total          5        1.330133

