   1: variable x,y;
   2: parameter a,b,c;
   3: function y=a*(x^b)*exp(c*x);
   4: Plot xlabel="x-Achse",ylabel="y-Achse";
   5: data;

Beginning computation...
Stopped due to: Relative function convergence.


   ----  Final Results  ----

NLREG version 5.4
Copyright (c) 1992-2002 Phillip H. Sherrod.  All rights reserved.
This is a registered copy of NLREG that may not be redistributed.

Number of observations = 4
Maximum allowed number of iterations = 500
Convergence tolerance factor = 1.000000E-010
Stopped due to: Relative function convergence.
Number of iterations performed = 20
Final sum of squared deviations = 5.0856160E-001
Final sum of deviations = 8.5571382E-003
Standard error of estimate = 0.713135
Average deviation = 0.313187
Maximum deviation for any observation = 0.518367
Proportion of variance explained (R^2) = 0.6697  (66.97%)
Adjusted coefficient of multiple determination (Ra^2) = 0.0092  (0.92%)
Durbin-Watson test for autocorrelation = 3.370
Parameter values will be written to C:\Users\peleg\OneDrive\doktorát\experiment_disertace\výsledky\fin_výsl\syntax\typ2\KFS2\stud_KFS2\vysl_compl_KFS2_stud\param_compl_KFS2_stud_01.par
Analysis completed  4-Jan-2023 19:54.  Runtime = 0.00 seconds.


             ----  Descriptive Statistics for Variables  ----

 Variable    Minimum value   Maximum value    Mean value     Standard dev.
----------  --------------  --------------  --------------  --------------
         x             1.9            5.62            3.63        1.579747
         y            2.25            3.62          2.8675       0.7164438


                   ----  Calculated Parameter Values  ----

 Parameter  Initial guess   Final estimate   Standard error      t      Prob(t)
----------  -------------  ----------------  --------------  ---------  -------
         a              1        4.26636105        1.744547       2.45  0.24711
         b              1       0.527028256        1.868204       0.28  0.82496
         c              1      -0.290779962       0.5758445      -0.50  0.70231


                  ----  Analysis of Variance  ----

  Source     DF   Sum of Squares    Mean Square    F value   Prob(F)
----------  ----  --------------  --------------  ---------  -------
Regression     2        1.031313       0.5156567       1.01  0.57468
Error          1       0.5085616       0.5085616
Total          3        1.539875

