   1: variable x,y;
   2: parameter a,b,c;
   3: function y=a*(x^b)*exp(c*x);
   4: Plot xlabel="x-Achse",ylabel="y-Achse";
   5: data;

Beginning computation...
Stopped due to: Relative function convergence.


   ----  Final Results  ----

NLREG version 5.4
Copyright (c) 1992-2002 Phillip H. Sherrod.  All rights reserved.
This is a registered copy of NLREG that may not be redistributed.

Number of observations = 5
Maximum allowed number of iterations = 500
Convergence tolerance factor = 1.000000E-010
Stopped due to: Relative function convergence.
Number of iterations performed = 16
Final sum of squared deviations = 1.8317126E-001
Final sum of deviations = 6.3554455E-004
Standard error of estimate = 0.302631
Average deviation = 0.151804
Maximum deviation for any observation = 0.292786
Proportion of variance explained (R^2) = 0.6552  (65.52%)
Adjusted coefficient of multiple determination (Ra^2) = 0.3105  (31.05%)
Durbin-Watson test for autocorrelation = 3.437
Parameter values will be written to C:\Users\peleg\OneDrive\doktorát\experiment_disertace\výsledky\fin_výsl\syntax\typ2\KFS2\stud_KFS2\vysl_compl_KFS2_stud\param_compl_KFS2_stud_10.par
Analysis completed  4-Jan-2023 19:54.  Runtime = 0.00 seconds.


             ----  Descriptive Statistics for Variables  ----

 Variable    Minimum value   Maximum value    Mean value     Standard dev.
----------  --------------  --------------  --------------  --------------
         x               1            5.67           3.134        1.805486
         y            2.11            2.87           2.532       0.3644448


                   ----  Calculated Parameter Values  ----

 Parameter  Initial guess   Final estimate   Standard error      t      Prob(t)
----------  -------------  ----------------  --------------  ---------  -------
         a              1        3.13889587       0.4026169       7.80  0.01606
         b              1      0.0888773222       0.3386114       0.26  0.81752
         c              1     -0.0982680067       0.1320661      -0.74  0.53437


                  ----  Analysis of Variance  ----

  Source     DF   Sum of Squares    Mean Square    F value   Prob(F)
----------  ----  --------------  --------------  ---------  -------
Regression     2       0.3481087       0.1740544       1.90  0.34477
Error          2       0.1831713      0.09158563
Total          4         0.53128

