   1: variable x,y;
   2: parameter a,b,c;
   3: function y=a*(x^b)*exp(c*x);
   4: Plot xlabel="x-Achse",ylabel="y-Achse";
   5: data;

Beginning computation...
Stopped due to: Relative function convergence.


   ----  Final Results  ----

NLREG version 5.4
Copyright (c) 1992-2002 Phillip H. Sherrod.  All rights reserved.
This is a registered copy of NLREG that may not be redistributed.

Number of observations = 5
Maximum allowed number of iterations = 500
Convergence tolerance factor = 1.000000E-010
Stopped due to: Relative function convergence.
Number of iterations performed = 15
Final sum of squared deviations = 1.1997544E-001
Final sum of deviations = 2.7670485E-003
Standard error of estimate = 0.244924
Average deviation = 0.14236
Maximum deviation for any observation = 0.240904
Proportion of variance explained (R^2) = 0.8063  (80.63%)
Adjusted coefficient of multiple determination (Ra^2) = 0.6125  (61.25%)
Durbin-Watson test for autocorrelation = 2.633
Parameter values will be written to C:\Users\peleg\OneDrive\doktorát\experiment_disertace\výsledky\fin_výsl\syntax\typ2\KFS2\stud_KFS2\vysl_compl_KFS2_stud\param_compl_KFS2_stud_07.par
Analysis completed  4-Jan-2023 19:54.  Runtime = 0.00 seconds.


             ----  Descriptive Statistics for Variables  ----

 Variable    Minimum value   Maximum value    Mean value     Standard dev.
----------  --------------  --------------  --------------  --------------
         x               1            5.23           3.046         1.65547
         y            1.71            2.73           2.068       0.3934717


                   ----  Calculated Parameter Values  ----

 Parameter  Initial guess   Final estimate   Standard error      t      Prob(t)
----------  -------------  ----------------  --------------  ---------  -------
         a              1        2.40837703       0.3503463       6.87  0.02051
         b              1      -0.499697795       0.3669944      -1.36  0.30642
         c              1       0.104889496        0.151529       0.69  0.56037


                  ----  Analysis of Variance  ----

  Source     DF   Sum of Squares    Mean Square    F value   Prob(F)
----------  ----  --------------  --------------  ---------  -------
Regression     2       0.4993046       0.2496523       4.16  0.19373
Error          2       0.1199754      0.05998772
Total          4         0.61928

