   1: variable x,y;
   2: parameter a,b,c;
   3: function y=a*(x^b)*exp(c*x);
   4: Plot xlabel="x-Achse",ylabel="y-Achse";
   5: data;

Beginning computation...
Stopped due to: Relative function convergence.


   ----  Final Results  ----

NLREG version 5.4
Copyright (c) 1992-2002 Phillip H. Sherrod.  All rights reserved.
This is a registered copy of NLREG that may not be redistributed.

Number of observations = 5
Maximum allowed number of iterations = 500
Convergence tolerance factor = 1.000000E-010
Stopped due to: Relative function convergence.
Number of iterations performed = 19
Final sum of squared deviations = 4.4263383E-001
Final sum of deviations = 1.7819877E-003
Standard error of estimate = 0.470443
Average deviation = 0.264043
Maximum deviation for any observation = 0.528518
Proportion of variance explained (R^2) = 0.4594  (45.94%)
Adjusted coefficient of multiple determination (Ra^2) = -0.0813  (-8.13%)
Durbin-Watson test for autocorrelation = 2.783
Parameter values will be written to C:\Users\peleg\OneDrive\doktorát\experiment_disertace\výsledky\fin_výsl\syntax\typ3\VFS3\pohVFS3\vysl_compl_VFS3_poh\param_compl_VFS3_poh_10.par
Analysis completed  4-Jan-2023 19:59.  Runtime = 0.00 seconds.


             ----  Descriptive Statistics for Variables  ----

 Variable    Minimum value   Maximum value    Mean value     Standard dev.
----------  --------------  --------------  --------------  --------------
         x            1.88            6.53           4.082        1.793159
         y            3.36             4.5           3.744       0.4524157


                   ----  Calculated Parameter Values  ----

 Parameter  Initial guess   Final estimate   Standard error      t      Prob(t)
----------  -------------  ----------------  --------------  ---------  -------
         a              1        2.75385071       0.7143816       3.85  0.06118
         b              1        0.80561598       0.7134476       1.13  0.37604
         c              1      -0.186089958        0.187254      -0.99  0.42505


                  ----  Analysis of Variance  ----

  Source     DF   Sum of Squares    Mean Square    F value   Prob(F)
----------  ----  --------------  --------------  ---------  -------
Regression     2       0.3760862       0.1880431       0.85  0.54064
Error          2       0.4426338       0.2213169
Total          4         0.81872

