   1: variable x,y;
   2: parameter a,b,c;
   3: function y=a*(x^b)*exp(c*x);
   4: Plot xlabel="x-Achse",ylabel="y-Achse";
   5: data;

Beginning computation...
Stopped due to: Relative function convergence.


   ----  Final Results  ----

NLREG version 5.4
Copyright (c) 1992-2002 Phillip H. Sherrod.  All rights reserved.
This is a registered copy of NLREG that may not be redistributed.

Number of observations = 5
Maximum allowed number of iterations = 500
Convergence tolerance factor = 1.000000E-010
Stopped due to: Relative function convergence.
Number of iterations performed = 21
Final sum of squared deviations = 1.8209312E-001
Final sum of deviations = -1.9489602E-004
Standard error of estimate = 0.301739
Average deviation = 0.177184
Maximum deviation for any observation = 0.290615
Proportion of variance explained (R^2) = 0.6665  (66.65%)
Adjusted coefficient of multiple determination (Ra^2) = 0.3331  (33.31%)
Durbin-Watson test for autocorrelation = 2.576
Parameter values will be written to C:\Users\peleg\OneDrive\doktorát\experiment_disertace\výsledky\fin_výsl\syntax\typ3\VFS3\pohVFS3\vysl_compl_VFS3_poh\param_compl_VFS3_poh_04.par
Analysis completed  4-Jan-2023 19:59.  Runtime = 0.00 seconds.


             ----  Descriptive Statistics for Variables  ----

 Variable    Minimum value   Maximum value    Mean value     Standard dev.
----------  --------------  --------------  --------------  --------------
         x            1.84            6.23           4.014         1.70569
         y             2.8            3.62           3.208       0.3694861


                   ----  Calculated Parameter Values  ----

 Parameter  Initial guess   Final estimate   Standard error      t      Prob(t)
----------  -------------  ----------------  --------------  ---------  -------
         a              1        4.11996392       0.6008595       6.86  0.02061
         b              1      -0.192627577       0.5308422      -0.36  0.75146
         c              1   -0.000477925779       0.1516366      -0.00  0.99777


                  ----  Analysis of Variance  ----

  Source     DF   Sum of Squares    Mean Square    F value   Prob(F)
----------  ----  --------------  --------------  ---------  -------
Regression     2       0.3639869       0.1819934       2.00  0.33346
Error          2       0.1820931      0.09104656
Total          4         0.54608

