   1: variable x,y;
   2: parameter a,b,c;
   3: function y=a*(x^b)*exp(c*x);
   4: Plot xlabel="x-Achse",ylabel="y-Achse";
   5: data;

Beginning computation...
Stopped due to: Relative function convergence.


   ----  Final Results  ----

NLREG version 5.4
Copyright (c) 1992-2002 Phillip H. Sherrod.  All rights reserved.
This is a registered copy of NLREG that may not be redistributed.

Number of observations = 5
Maximum allowed number of iterations = 500
Convergence tolerance factor = 1.000000E-010
Stopped due to: Relative function convergence.
Number of iterations performed = 20
Final sum of squared deviations = 3.2334542E-001
Final sum of deviations = 2.5203380E-003
Standard error of estimate = 0.402085
Average deviation = 0.206551
Maximum deviation for any observation = 0.413596
Proportion of variance explained (R^2) = 0.4625  (46.25%)
Adjusted coefficient of multiple determination (Ra^2) = -0.0750  (-7.50%)
Durbin-Watson test for autocorrelation = 2.551
Parameter values will be written to C:\Users\peleg\OneDrive\doktorát\experiment_disertace\výsledky\fin_výsl\syntax\typ3\VFS3\pohVFS3\vysl_compl_VFS3_poh\param_compl_VFS3_poh_08.par
Analysis completed  4-Jan-2023 19:59.  Runtime = 0.00 seconds.


             ----  Descriptive Statistics for Variables  ----

 Variable    Minimum value   Maximum value    Mean value     Standard dev.
----------  --------------  --------------  --------------  --------------
         x             1.9               8            4.38        2.328519
         y            3.03            4.01            3.44       0.3878144


                   ----  Calculated Parameter Values  ----

 Parameter  Initial guess   Final estimate   Standard error      t      Prob(t)
----------  -------------  ----------------  --------------  ---------  -------
         a              1        2.56297829       0.6124898       4.18  0.05264
         b              1       0.579931787       0.4899754       1.18  0.35819
         c              1      -0.113924596       0.1111251      -1.03  0.41307


                  ----  Analysis of Variance  ----

  Source     DF   Sum of Squares    Mean Square    F value   Prob(F)
----------  ----  --------------  --------------  ---------  -------
Regression     2       0.2782546       0.1391273       0.86  0.53748
Error          2       0.3233454       0.1616727
Total          4          0.6016

