   1: variable x,y;
   2: parameter a,b,c;
   3: function y=a*(x^b)*exp(c*x);
   4: Plot xlabel="x-Achse",ylabel="y-Achse";
   5: data;

Beginning computation...
Stopped due to: Relative function convergence.


   ----  Final Results  ----

NLREG version 5.4
Copyright (c) 1992-2002 Phillip H. Sherrod.  All rights reserved.
This is a registered copy of NLREG that may not be redistributed.

Number of observations = 5
Maximum allowed number of iterations = 500
Convergence tolerance factor = 1.000000E-010
Stopped due to: Relative function convergence.
Number of iterations performed = 20
Final sum of squared deviations = 2.7888374E-001
Final sum of deviations = -1.0342819E-003
Standard error of estimate = 0.373419
Average deviation = 0.181673
Maximum deviation for any observation = 0.374705
Proportion of variance explained (R^2) = 0.6486  (64.86%)
Adjusted coefficient of multiple determination (Ra^2) = 0.2973  (29.73%)
Durbin-Watson test for autocorrelation = 3.285
Parameter values will be written to C:\Users\peleg\OneDrive\doktorát\experiment_disertace\výsledky\fin_výsl\syntax\typ3\VFS3\pohVFS3\vysl_compl_VFS3_poh\param_compl_VFS3_poh_03.par
Analysis completed  4-Jan-2023 19:59.  Runtime = 0.00 seconds.


             ----  Descriptive Statistics for Variables  ----

 Variable    Minimum value   Maximum value    Mean value     Standard dev.
----------  --------------  --------------  --------------  --------------
         x            1.89            6.94           4.166        1.933774
         y            2.79            4.01           3.426       0.4454548


                   ----  Calculated Parameter Values  ----

 Parameter  Initial guess   Final estimate   Standard error      t      Prob(t)
----------  -------------  ----------------  --------------  ---------  -------
         a              1        2.30475888       0.5405349       4.26  0.05085
         b              1       0.805698069       0.5676383       1.42  0.29160
         c              1      -0.163879573       0.1410955      -1.16  0.36532


                  ----  Analysis of Variance  ----

  Source     DF   Sum of Squares    Mean Square    F value   Prob(F)
----------  ----  --------------  --------------  ---------  -------
Regression     2       0.5148363       0.2574181       1.85  0.35136
Error          2       0.2788837       0.1394419
Total          4         0.79372

