   1: variable x,y;
   2: parameter a,b,c;
   3: function y=a*(x^b)*exp(c*x);
   4: Plot xlabel="x-Achse",ylabel="y-Achse";
   5: data;

Beginning computation...
Stopped due to: Relative function convergence.


   ----  Final Results  ----

NLREG version 5.4
Copyright (c) 1992-2002 Phillip H. Sherrod.  All rights reserved.
This is a registered copy of NLREG that may not be redistributed.

Number of observations = 5
Maximum allowed number of iterations = 500
Convergence tolerance factor = 1.000000E-010
Stopped due to: Relative function convergence.
Number of iterations performed = 18
Final sum of squared deviations = 8.1546348E-001
Final sum of deviations = 2.7741729E-003
Standard error of estimate = 0.638539
Average deviation = 0.31427
Maximum deviation for any observation = 0.661636
Proportion of variance explained (R^2) = 0.4471  (44.71%)
Adjusted coefficient of multiple determination (Ra^2) = -0.1058  (-10.58%)
Durbin-Watson test for autocorrelation = 3.262
Parameter values will be written to C:\Users\peleg\OneDrive\doktorát\experiment_disertace\výsledky\fin_výsl\syntax\typ3\VFS3\pohVFS3\vysl_compl_VFS3_poh\param_compl_VFS3_poh_07.par
Analysis completed  4-Jan-2023 19:59.  Runtime = 0.00 seconds.


             ----  Descriptive Statistics for Variables  ----

 Variable    Minimum value   Maximum value    Mean value     Standard dev.
----------  --------------  --------------  --------------  --------------
         x            1.96            6.47           4.086        1.748251
         y            2.91            4.42           3.724       0.6072314


                   ----  Calculated Parameter Values  ----

 Parameter  Initial guess   Final estimate   Standard error      t      Prob(t)
----------  -------------  ----------------  --------------  ---------  -------
         a              1        2.49943239        1.005465       2.49  0.13081
         b              1       0.547790332         1.06682       0.51  0.65871
         c              1     -0.0816163764       0.2725867      -0.30  0.79287


                  ----  Analysis of Variance  ----

  Source     DF   Sum of Squares    Mean Square    F value   Prob(F)
----------  ----  --------------  --------------  ---------  -------
Regression     2       0.6594565       0.3297283       0.81  0.55289
Error          2       0.8154635       0.4077317
Total          4         1.47492

