   1: variable x,y;
   2: parameter a,b,c;
   3: function y=a*(x^b)*exp(c*x);
   4: Plot xlabel="x-Achse",ylabel="y-Achse";
   5: data;

Beginning computation...
Stopped due to: Relative function convergence.


   ----  Final Results  ----

NLREG version 5.4
Copyright (c) 1992-2002 Phillip H. Sherrod.  All rights reserved.
This is a registered copy of NLREG that may not be redistributed.

Number of observations = 4
Maximum allowed number of iterations = 500
Convergence tolerance factor = 1.000000E-010
Stopped due to: Relative function convergence.
Number of iterations performed = 18
Final sum of squared deviations = 1.8902492E-001
Final sum of deviations = -2.8545828E-004
Standard error of estimate = 0.43477
Average deviation = 0.192154
Maximum deviation for any observation = 0.298735
Proportion of variance explained (R^2) = 0.5439  (54.39%)
Adjusted coefficient of multiple determination (Ra^2) = -0.3682  (-36.82%)
Durbin-Watson test for autocorrelation = 3.389
Parameter values will be written to C:\Users\peleg\OneDrive\doktorát\experiment_disertace\výsledky\fin_výsl\syntax\typ3\VFS3\pohVFS3\vysl_compl_VFS3_poh\param_compl_VFS3_poh_02.par
Analysis completed  4-Jan-2023 19:59.  Runtime = 0.00 seconds.


             ----  Descriptive Statistics for Variables  ----

 Variable    Minimum value   Maximum value    Mean value     Standard dev.
----------  --------------  --------------  --------------  --------------
         x            1.91            5.56          3.6175        1.550965
         y            3.23            4.12          3.6075       0.3716966


                   ----  Calculated Parameter Values  ----

 Parameter  Initial guess   Final estimate   Standard error      t      Prob(t)
----------  -------------  ----------------  --------------  ---------  -------
         a              1        2.97788631       0.7486147       3.98  0.15679
         b              1         1.0122041        0.940513       1.08  0.47664
         c              1        -0.2866705       0.2735075      -1.05  0.48504


                  ----  Analysis of Variance  ----

  Source     DF   Sum of Squares    Mean Square    F value   Prob(F)
----------  ----  --------------  --------------  ---------  -------
Regression     2       0.2254501        0.112725       0.60  0.67532
Error          1       0.1890249       0.1890249
Total          3        0.414475

