   1: variable x,y;
   2: parameter b;
   3: function y=3.04*(x^b);
   4: Plot xlabel="x-Achse",ylabel="y-Achse";
   5: data;

Beginning computation...
Stopped due to: Relative function convergence.


   ----  Final Results  ----

NLREG version 5.4
Copyright (c) 1992-2002 Phillip H. Sherrod.  All rights reserved.
This is a registered copy of NLREG that may not be redistributed.

Number of observations = 6
Maximum allowed number of iterations = 500
Convergence tolerance factor = 1.000000E-010
Stopped due to: Relative function convergence.
Number of iterations performed = 9
Final sum of squared deviations = 9.2286961E-002
Final sum of deviations = -1.1243555E-001
Standard error of estimate = 0.135858
Average deviation = 0.0954684
Maximum deviation for any observation = 0.238052
Proportion of variance explained (R^2) = 0.9351  (93.51%)
Adjusted coefficient of multiple determination (Ra^2) = 0.9351  (93.51%)
Durbin-Watson test for autocorrelation = 1.045
Parameter values will be written to C:\Users\peleg\OneDrive\doktorát\experiment_disertace\výsledky\fin_výsl\slovo_morfém_foném_oprava\dop_SMF\types_dop_SMF\vysl_trunc_SMF_types_dop\param_trunc_types_dop_10.par
Analysis completed  2-Apr-2023 17:15.  Runtime = 0.00 seconds.


             ----  Descriptive Statistics for Variables  ----

 Variable    Minimum value   Maximum value    Mean value     Standard dev.
----------  --------------  --------------  --------------  --------------
         x               1            6.29        3.548333        1.950389
         y             1.6            3.04        2.003333       0.5331666


                   ----  Calculated Parameter Values  ----

 Parameter  Initial guess   Final estimate   Standard error      t      Prob(t)
----------  -------------  ----------------  --------------  ---------  -------
         b              1      -0.397395588      0.02613289     -15.21  0.00002

