   1: variable x,y;
   2: parameter b;
   3: function y=2.28*(x^b);
   4: Plot xlabel="x-Achse",ylabel="y-Achse";
   5: data;

Beginning computation...
Stopped due to: Relative function convergence.


   ----  Final Results  ----

NLREG version 5.4
Copyright (c) 1992-2002 Phillip H. Sherrod.  All rights reserved.
This is a registered copy of NLREG that may not be redistributed.

Number of observations = 5
Maximum allowed number of iterations = 500
Convergence tolerance factor = 1.000000E-010
Stopped due to: Relative function convergence.
Number of iterations performed = 8
Final sum of squared deviations = 7.5170060E-003
Final sum of deviations = -3.3537557E-002
Standard error of estimate = 0.0433503
Average deviation = 0.0312006
Maximum deviation for any observation = 0.0643693
Proportion of variance explained (R^2) = 0.9714  (97.14%)
Adjusted coefficient of multiple determination (Ra^2) = 0.9714  (97.14%)
Durbin-Watson test for autocorrelation = 1.666
Parameter values will be written to C:\Users\peleg\OneDrive\doktorát\experiment_disertace\výsledky\fin_výsl\slovo_morfém_foném_oprava\dop_SMF\tokens_dop_SMF\vysl_trunc_SMF_tokens_dop\param_trunc_tokens_dop_04.par
Analysis completed  2-Apr-2023 17:15.  Runtime = 0.00 seconds.


             ----  Descriptive Statistics for Variables  ----

 Variable    Minimum value   Maximum value    Mean value     Standard dev.
----------  --------------  --------------  --------------  --------------
         x               1            5.25            3.05        1.662077
         y            1.61            2.28            1.86       0.2564176


                   ----  Calculated Parameter Values  ----

 Parameter  Initial guess   Final estimate   Standard error      t      Prob(t)
----------  -------------  ----------------  --------------  ---------  -------
         b              1      -0.214967631      0.01013978     -21.20  0.00003

