   1: variable x,y;
   2: parameter b;
   3: function y=2.47*(x^b);
   4: Plot xlabel="x-Achse",ylabel="y-Achse";
   5: data;

Beginning computation...
Stopped due to: Both parameter and relative function convergence.


   ----  Final Results  ----

NLREG version 5.4
Copyright (c) 1992-2002 Phillip H. Sherrod.  All rights reserved.
This is a registered copy of NLREG that may not be redistributed.

Number of observations = 5
Maximum allowed number of iterations = 500
Convergence tolerance factor = 1.000000E-010
Stopped due to: Both parameter and relative function convergence.
Number of iterations performed = 9
Final sum of squared deviations = 2.4472953E-003
Final sum of deviations = 6.1567427E-003
Standard error of estimate = 0.0247351
Average deviation = 0.0190181
Maximum deviation for any observation = 0.0346752
Proportion of variance explained (R^2) = 0.9941  (99.41%)
Adjusted coefficient of multiple determination (Ra^2) = 0.9941  (99.41%)
Durbin-Watson test for autocorrelation = 3.317
Parameter values will be written to C:\Users\peleg\OneDrive\doktorát\experiment_disertace\výsledky\fin_výsl\slovo_morfém_foném_oprava\dop_SMF\tokens_dop_SMF\vysl_trunc_SMF_tokens_dop\param_trunc_tokens_dop_06.par
Analysis completed  2-Apr-2023 17:15.  Runtime = 0.00 seconds.


             ----  Descriptive Statistics for Variables  ----

 Variable    Minimum value   Maximum value    Mean value     Standard dev.
----------  --------------  --------------  --------------  --------------
         x               1            5.26           3.052        1.665389
         y            1.64            2.47           1.982       0.3207335


                   ----  Calculated Parameter Values  ----

 Parameter  Initial guess   Final estimate   Standard error      t      Prob(t)
----------  -------------  ----------------  --------------  ---------  -------
         b              1      -0.238214037     0.005510205     -43.23  0.00001

