   1: variable x,y;
   2: parameter b;
   3: function y=2.33*(x^b);
   4: Plot xlabel="x-Achse",ylabel="y-Achse";
   5: data;

Beginning computation...
Stopped due to: Relative function convergence.


   ----  Final Results  ----

NLREG version 5.4
Copyright (c) 1992-2002 Phillip H. Sherrod.  All rights reserved.
This is a registered copy of NLREG that may not be redistributed.

Number of observations = 5
Maximum allowed number of iterations = 500
Convergence tolerance factor = 1.000000E-010
Stopped due to: Relative function convergence.
Number of iterations performed = 8
Final sum of squared deviations = 2.4539042E-002
Final sum of deviations = 2.0820246E-002
Standard error of estimate = 0.0783247
Average deviation = 0.0609772
Maximum deviation for any observation = 0.0950112
Proportion of variance explained (R^2) = 0.9233  (92.33%)
Adjusted coefficient of multiple determination (Ra^2) = 0.9233  (92.33%)
Durbin-Watson test for autocorrelation = 3.500
Parameter values will be written to C:\Users\peleg\OneDrive\doktorát\experiment_disertace\výsledky\fin_výsl\slovo_morfém_foném_oprava\dop_SMF\tokens_dop_SMF\vysl_trunc_SMF_tokens_dop\param_trunc_tokens_dop_02.par
Analysis completed  2-Apr-2023 17:15.  Runtime = 0.00 seconds.


             ----  Descriptive Statistics for Variables  ----

 Variable    Minimum value   Maximum value    Mean value     Standard dev.
----------  --------------  --------------  --------------  --------------
         x               1            5.24           3.048        1.658771
         y            1.61            2.33            1.93       0.2828427


                   ----  Calculated Parameter Values  ----

 Parameter  Initial guess   Final estimate   Standard error      t      Prob(t)
----------  -------------  ----------------  --------------  ---------  -------
         b              1      -0.204434078      0.01767751     -11.56  0.00032

