   1: variable x,y;
   2: parameter b;
   3: function y=3.0*(x^b);
   4: Plot xlabel="x-Achse",ylabel="y-Achse";
   5: data;

Beginning computation...
Stopped due to: Relative function convergence.


   ----  Final Results  ----

NLREG version 5.4
Copyright (c) 1992-2002 Phillip H. Sherrod.  All rights reserved.
This is a registered copy of NLREG that may not be redistributed.

Number of observations = 6
Maximum allowed number of iterations = 500
Convergence tolerance factor = 1.000000E-010
Stopped due to: Relative function convergence.
Number of iterations performed = 9
Final sum of squared deviations = 2.1669655E-001
Final sum of deviations = -1.5303798E-001
Standard error of estimate = 0.208181
Average deviation = 0.159443
Maximum deviation for any observation = 0.290708
Proportion of variance explained (R^2) = 0.8351  (83.51%)
Adjusted coefficient of multiple determination (Ra^2) = 0.8351  (83.51%)
Durbin-Watson test for autocorrelation = 0.740
This Durbin-Watson value indicates autocorrelation or inappropriate function.
Parameter values will be written to C:\Users\peleg\OneDrive\doktorát\experiment_disertace\výsledky\fin_výsl\slovo_morfém_foném_oprava\dop_SMF\types_dop_SMF\vysl_trunc_SMF_types_dop\param_trunc_types_dop_05.par
Analysis completed  2-Apr-2023 17:15.  Runtime = 0.00 seconds.


             ----  Descriptive Statistics for Variables  ----

 Variable    Minimum value   Maximum value    Mean value     Standard dev.
----------  --------------  --------------  --------------  --------------
         x               1             6.1        3.516667        1.897806
         y            1.66               3           1.985       0.5126695


                   ----  Calculated Parameter Values  ----

 Parameter  Initial guess   Final estimate   Standard error      t      Prob(t)
----------  -------------  ----------------  --------------  ---------  -------
         b              1      -0.391004313      0.04025675      -9.71  0.00020

