   1: variable x,y;
   2: parameter b;
   3: function y=2.65*(x^b);
   4: Plot xlabel="x-Achse",ylabel="y-Achse";
   5: data;

Beginning computation...
Stopped due to: Both parameter and relative function convergence.


   ----  Final Results  ----

NLREG version 5.4
Copyright (c) 1992-2002 Phillip H. Sherrod.  All rights reserved.
This is a registered copy of NLREG that may not be redistributed.

Number of observations = 5
Maximum allowed number of iterations = 500
Convergence tolerance factor = 1.000000E-010
Stopped due to: Both parameter and relative function convergence.
Number of iterations performed = 9
Final sum of squared deviations = 1.4260323E-003
Final sum of deviations = -8.6040601E-003
Standard error of estimate = 0.0188814
Average deviation = 0.013365
Maximum deviation for any observation = 0.0291105
Proportion of variance explained (R^2) = 0.9980  (99.80%)
Adjusted coefficient of multiple determination (Ra^2) = 0.9980  (99.80%)
Durbin-Watson test for autocorrelation = 2.370
Parameter values will be written to C:\Users\peleg\OneDrive\doktorát\experiment_disertace\výsledky\fin_výsl\slovo_morfém_foném_oprava\dop_SMF\types_dop_SMF\vysl_trunc_SMF_types_dop\param_trunc_types_dop_04.par
Analysis completed  2-Apr-2023 17:15.  Runtime = 0.00 seconds.


             ----  Descriptive Statistics for Variables  ----

 Variable    Minimum value   Maximum value    Mean value     Standard dev.
----------  --------------  --------------  --------------  --------------
         x               1             5.2            3.04          1.6456
         y            1.57            2.65           1.986       0.4200357


                   ----  Calculated Parameter Values  ----

 Parameter  Initial guess   Final estimate   Standard error      t      Prob(t)
----------  -------------  ----------------  --------------  ---------  -------
         b              1      -0.315622883     0.004356761     -72.44  0.00001

