   1: variable x,y;
   2: parameter b;
   3: function y=2.46*(x^b);
   4: Plot xlabel="x-Achse",ylabel="y-Achse";
   5: data;

Beginning computation...
Stopped due to: Both parameter and relative function convergence.


   ----  Final Results  ----

NLREG version 5.4
Copyright (c) 1992-2002 Phillip H. Sherrod.  All rights reserved.
This is a registered copy of NLREG that may not be redistributed.

Number of observations = 6
Maximum allowed number of iterations = 500
Convergence tolerance factor = 1.000000E-010
Stopped due to: Both parameter and relative function convergence.
Number of iterations performed = 10
Final sum of squared deviations = 9.8256577E-002
Final sum of deviations = -1.3403086E-001
Standard error of estimate = 0.140183
Average deviation = 0.0970611
Maximum deviation for any observation = 0.210482
Proportion of variance explained (R^2) = 0.7882  (78.82%)
Adjusted coefficient of multiple determination (Ra^2) = 0.7882  (78.82%)
Durbin-Watson test for autocorrelation = 1.267
Parameter values will be written to C:\Users\peleg\OneDrive\doktorát\experiment_disertace\výsledky\fin_výsl\slovo_morfém_foném_oprava\dop_SMF\tokens_dop_SMF\vysl_trunc_SMF_tokens_dop\param_trunc_tokens_dop_01.par
Analysis completed  2-Apr-2023 17:15.  Runtime = 0.00 seconds.


             ----  Descriptive Statistics for Variables  ----

 Variable    Minimum value   Maximum value    Mean value     Standard dev.
----------  --------------  --------------  --------------  --------------
         x               1            6.09           3.515        1.895086
         y            1.61            2.46        1.858333       0.3045926


                   ----  Calculated Parameter Values  ----

 Parameter  Initial guess   Final estimate   Standard error      t      Prob(t)
----------  -------------  ----------------  --------------  ---------  -------
         b              1      -0.255676242      0.02715301      -9.42  0.00023

