   1: variable x,y;
   2: parameter b;
   3: function y=3.23*(x^b);
   4: Plot xlabel="x-Achse",ylabel="y-Achse";
   5: data;

Beginning computation...
Stopped due to: Both parameter and relative function convergence.


   ----  Final Results  ----

NLREG version 5.4
Copyright (c) 1992-2002 Phillip H. Sherrod.  All rights reserved.
This is a registered copy of NLREG that may not be redistributed.

Number of observations = 5
Maximum allowed number of iterations = 500
Convergence tolerance factor = 1.000000E-010
Stopped due to: Both parameter and relative function convergence.
Number of iterations performed = 9
Final sum of squared deviations = 1.0824543E-001
Final sum of deviations = -8.3803683E-002
Standard error of estimate = 0.164503
Average deviation = 0.111178
Maximum deviation for any observation = 0.236044
Proportion of variance explained (R^2) = 0.9362  (93.62%)
Adjusted coefficient of multiple determination (Ra^2) = 0.9362  (93.62%)
Durbin-Watson test for autocorrelation = 1.026
Parameter values will be written to C:\Users\peleg\OneDrive\doktorát\experiment_disertace\výsledky\fin_výsl\slovo_morfém_foném_oprava\dop_SMF\types_dop_SMF\vysl_trunc_SMF_types_dop\param_trunc_types_dop_08.par
Analysis completed  2-Apr-2023 17:15.  Runtime = 0.00 seconds.


             ----  Descriptive Statistics for Variables  ----

 Variable    Minimum value   Maximum value    Mean value     Standard dev.
----------  --------------  --------------  --------------  --------------
         x               1            5.44           3.088        1.725897
         y            1.69            3.23           2.114       0.6512526


                   ----  Calculated Parameter Values  ----

 Parameter  Initial guess   Final estimate   Standard error      t      Prob(t)
----------  -------------  ----------------  --------------  ---------  -------
         b              1      -0.467203808      0.03796819     -12.31  0.00025

