   1: variable x,y;
   2: parameter b;
   3: function y=2.48*(x^b);
   4: Plot xlabel="x-Achse",ylabel="y-Achse";
   5: data;

Beginning computation...
Stopped due to: Both parameter and relative function convergence.


   ----  Final Results  ----

NLREG version 5.4
Copyright (c) 1992-2002 Phillip H. Sherrod.  All rights reserved.
This is a registered copy of NLREG that may not be redistributed.

Number of observations = 5
Maximum allowed number of iterations = 500
Convergence tolerance factor = 1.000000E-010
Stopped due to: Both parameter and relative function convergence.
Number of iterations performed = 9
Final sum of squared deviations = 4.6724466E-002
Final sum of deviations = -8.8664791E-002
Standard error of estimate = 0.108079
Average deviation = 0.0662531
Maximum deviation for any observation = 0.196635
Proportion of variance explained (R^2) = 0.8892  (88.92%)
Adjusted coefficient of multiple determination (Ra^2) = 0.8892  (88.92%)
Durbin-Watson test for autocorrelation = 1.641
Parameter values will be written to C:\Users\peleg\OneDrive\doktorát\experiment_disertace\výsledky\fin_výsl\slovo_morfém_foném_oprava\dop_SMF\tokens_dop_SMF\vysl_trunc_SMF_tokens_dop\param_trunc_tokens_dop_09.par
Analysis completed  2-Apr-2023 17:15.  Runtime = 0.00 seconds.


             ----  Descriptive Statistics for Variables  ----

 Variable    Minimum value   Maximum value    Mean value     Standard dev.
----------  --------------  --------------  --------------  --------------
         x               1            5.27           3.054        1.668706
         y            1.66            2.48           1.916       0.3246999


                   ----  Calculated Parameter Values  ----

 Parameter  Initial guess   Final estimate   Standard error      t      Prob(t)
----------  -------------  ----------------  --------------  ---------  -------
         b              1      -0.270054201      0.02502863     -10.79  0.00042

