   1: variable x,y;
   2: parameter a,b,c;
   3: function y=a*(x^b)*exp(c*x);
   4: Plot xlabel="x-Achse",ylabel="y-Achse";
   5: data;

Beginning computation...
Stopped due to: Relative function convergence.


   ----  Final Results  ----

NLREG version 5.4
Copyright (c) 1992-2002 Phillip H. Sherrod.  All rights reserved.
This is a registered copy of NLREG that may not be redistributed.

Number of observations = 8
Maximum allowed number of iterations = 500
Convergence tolerance factor = 1.000000E-010
Stopped due to: Relative function convergence.
Number of iterations performed = 23
Final sum of squared deviations = 1.9626215E-002
Final sum of deviations = 1.3009096E-004
Standard error of estimate = 0.0626518
Average deviation = 0.0440567
Maximum deviation for any observation = 0.10284
Proportion of variance explained (R^2) = 0.8330  (83.30%)
Adjusted coefficient of multiple determination (Ra^2) = 0.7661  (76.61%)
Durbin-Watson test for autocorrelation = 2.710
Parameter values will be written to C:\Users\peleg\OneDrive\doktorát\experiment_disertace\výsledky\fin_výsl\zvukové_jednotky\KTS\pov_KTS\tokens_pov_KTS\vysl_compl_KTS_tokens_pov\param_compl_tokens_pov_06.par
Analysis completed 21-Feb-2023 07:46.  Runtime = 0.00 seconds.


             ----  Descriptive Statistics for Variables  ----

 Variable    Minimum value   Maximum value    Mean value     Standard dev.
----------  --------------  --------------  --------------  --------------
         x               1             8.8             4.6        2.622975
         y            2.67            3.08         2.78125       0.1295528


                   ----  Calculated Parameter Values  ----

 Parameter  Initial guess   Final estimate   Standard error      t      Prob(t)
----------  -------------  ----------------  --------------  ---------  -------
         a              1        2.99336692      0.05000823      59.86  0.00001
         b              1      -0.110121826      0.03760903      -2.93  0.03271
         c              1      0.0158729016      0.01054782       1.50  0.19270


                  ----  Analysis of Variance  ----

  Source     DF   Sum of Squares    Mean Square    F value   Prob(F)
----------  ----  --------------  --------------  ---------  -------
Regression     2      0.09786128      0.04893064      12.47  0.01141
Error          5      0.01962622     0.003925243
Total          7       0.1174875

