   1: variable x,y;
   2: parameter a,b,c;
   3: function y=a*(x^b)*exp(c*x);
   4: Plot xlabel="x-Achse",ylabel="y-Achse";
   5: data;

Beginning computation...
Stopped due to: Relative function convergence.


   ----  Final Results  ----

NLREG version 5.4
Copyright (c) 1992-2002 Phillip H. Sherrod.  All rights reserved.
This is a registered copy of NLREG that may not be redistributed.

Number of observations = 11
Maximum allowed number of iterations = 500
Convergence tolerance factor = 1.000000E-010
Stopped due to: Relative function convergence.
Number of iterations performed = 25
Final sum of squared deviations = 1.3066634E-002
Final sum of deviations = 3.2993118E-005
Standard error of estimate = 0.0404145
Average deviation = 0.0275822
Maximum deviation for any observation = 0.0735307
Proportion of variance explained (R^2) = 0.6991  (69.91%)
Adjusted coefficient of multiple determination (Ra^2) = 0.6238  (62.38%)
Durbin-Watson test for autocorrelation = 1.911
Parameter values will be written to C:\Users\peleg\OneDrive\doktorát\experiment_disertace\výsledky\fin_výsl\zvukové_jednotky\KTS\pov_KTS\tokens_pov_KTS\vysl_compl_KTS_tokens_pov\param_compl_tokens_pov_slouè.par
Analysis completed 21-Feb-2023 07:46.  Runtime = 0.00 seconds.


             ----  Descriptive Statistics for Variables  ----

 Variable    Minimum value   Maximum value    Mean value     Standard dev.
----------  --------------  --------------  --------------  --------------
         x               1           11.91        6.082727        3.461977
         y            2.68            2.95        2.782727      0.06589247


                   ----  Calculated Parameter Values  ----

 Parameter  Initial guess   Final estimate   Standard error      t      Prob(t)
----------  -------------  ----------------  --------------  ---------  -------
         a              1        2.90703978      0.03128261      92.93  0.00001
         b              1     -0.0485546781      0.01808534      -2.68  0.02772
         c              1     0.00554466817     0.003991675       1.39  0.20226


                  ----  Analysis of Variance  ----

  Source     DF   Sum of Squares    Mean Square    F value   Prob(F)
----------  ----  --------------  --------------  ---------  -------
Regression     2      0.03035155      0.01517577       9.29  0.00820
Error          8      0.01306663     0.001633329
Total         10      0.04341818

