   1: variable x,y;
   2: parameter a,b,c;
   3: function y=a*(x^b)*exp(c*x);
   4: Plot xlabel="x-Achse",ylabel="y-Achse";
   5: data;

Beginning computation...
Stopped due to: Both parameter and relative function convergence.


   ----  Final Results  ----

NLREG version 5.4
Copyright (c) 1992-2002 Phillip H. Sherrod.  All rights reserved.
This is a registered copy of NLREG that may not be redistributed.

Number of observations = 7
Maximum allowed number of iterations = 500
Convergence tolerance factor = 1.000000E-010
Stopped due to: Both parameter and relative function convergence.
Number of iterations performed = 20
Final sum of squared deviations = 2.7096426E-002
Final sum of deviations = -3.7901299E-006
Standard error of estimate = 0.082305
Average deviation = 0.0474053
Maximum deviation for any observation = 0.11415
Proportion of variance explained (R^2) = 0.6675  (66.75%)
Adjusted coefficient of multiple determination (Ra^2) = 0.5012  (50.12%)
Durbin-Watson test for autocorrelation = 3.626
Parameter values will be written to C:\Users\peleg\OneDrive\doktorát\experiment_disertace\výsledky\fin_výsl\zvukové_jednotky\KTS\pov_KTS\tokens_pov_KTS\vysl_compl_KTS_tokens_pov\param_compl_tokens_pov_08.par
Analysis completed 21-Feb-2023 07:46.  Runtime = 0.00 seconds.


             ----  Descriptive Statistics for Variables  ----

 Variable    Minimum value   Maximum value    Mean value     Standard dev.
----------  --------------  --------------  --------------  --------------
         x               1            8.33            4.19        2.499873
         y            2.74            3.06        2.908571       0.1165373


                   ----  Calculated Parameter Values  ----

 Parameter  Initial guess   Final estimate   Standard error      t      Prob(t)
----------  -------------  ----------------  --------------  ---------  -------
         a              1        2.93686771      0.06477403      45.34  0.00001
         b              1      -0.144362065      0.05052737      -2.86  0.04606
         c              1      0.0403984624      0.01456066       2.77  0.05010


                  ----  Analysis of Variance  ----

  Source     DF   Sum of Squares    Mean Square    F value   Prob(F)
----------  ----  --------------  --------------  ---------  -------
Regression     2      0.05438929      0.02719464       4.01  0.11058
Error          4      0.02709643     0.006774107
Total          6      0.08148571

