   1: variable x,y;
   2: parameter a,b,c;
   3: function y=a*(x^b)*exp(c*x);
   4: Plot xlabel="x-Achse",ylabel="y-Achse";
   5: data;

Beginning computation...
Stopped due to: Both parameter and relative function convergence.


   ----  Final Results  ----

NLREG version 5.4
Copyright (c) 1992-2002 Phillip H. Sherrod.  All rights reserved.
This is a registered copy of NLREG that may not be redistributed.

Number of observations = 7
Maximum allowed number of iterations = 500
Convergence tolerance factor = 1.000000E-010
Stopped due to: Both parameter and relative function convergence.
Number of iterations performed = 19
Final sum of squared deviations = 2.6627624E-003
Final sum of deviations = 1.4863553E-005
Standard error of estimate = 0.025801
Average deviation = 0.0184713
Maximum deviation for any observation = 0.0296012
Proportion of variance explained (R^2) = 0.9220  (92.20%)
Adjusted coefficient of multiple determination (Ra^2) = 0.8830  (88.30%)
Durbin-Watson test for autocorrelation = 2.933
Parameter values will be written to C:\Users\peleg\OneDrive\doktorát\experiment_disertace\výsledky\fin_výsl\zvukové_jednotky\KTS\pov_KTS\tokens_pov_KTS\vysl_compl_KTS_tokens_pov\param_compl_tokens_pov_01.par
Analysis completed 21-Feb-2023 07:46.  Runtime = 0.00 seconds.


             ----  Descriptive Statistics for Variables  ----

 Variable    Minimum value   Maximum value    Mean value     Standard dev.
----------  --------------  --------------  --------------  --------------
         x               1            8.12            4.16        2.442512
         y            2.83            3.05        2.892857      0.07543525


                   ----  Calculated Parameter Values  ----

 Parameter  Initial guess   Final estimate   Standard error      t      Prob(t)
----------  -------------  ----------------  --------------  ---------  -------
         a              1        2.96175479      0.02071024     143.01  0.00001
         b              1      -0.106191417      0.01643074      -6.46  0.00295
         c              1      0.0259081028     0.004836093       5.36  0.00586


                  ----  Analysis of Variance  ----

  Source     DF   Sum of Squares    Mean Square    F value   Prob(F)
----------  ----  --------------  --------------  ---------  -------
Regression     2      0.03148009      0.01574005      23.64  0.00608
Error          4     0.002662762    0.0006656906
Total          6      0.03414286

