   1: variable x,y;
   2: parameter a,b,c;
   3: function y=a*(x^b)*exp(c*x);
   4: Plot xlabel="x-Achse",ylabel="y-Achse";
   5: data;

Beginning computation...
Stopped due to: Relative function convergence.


   ----  Final Results  ----

NLREG version 5.4
Copyright (c) 1992-2002 Phillip H. Sherrod.  All rights reserved.
This is a registered copy of NLREG that may not be redistributed.

Number of observations = 7
Maximum allowed number of iterations = 500
Convergence tolerance factor = 1.000000E-010
Stopped due to: Relative function convergence.
Number of iterations performed = 19
Final sum of squared deviations = 4.2858559E-003
Final sum of deviations = -1.2745827E-006
Standard error of estimate = 0.0327332
Average deviation = 0.0219317
Maximum deviation for any observation = 0.0377825
Proportion of variance explained (R^2) = 0.8532  (85.32%)
Adjusted coefficient of multiple determination (Ra^2) = 0.7798  (77.98%)
Durbin-Watson test for autocorrelation = 2.247
Parameter values will be written to C:\Users\peleg\OneDrive\doktorát\experiment_disertace\výsledky\fin_výsl\zvukové_jednotky\KTS\pov_KTS\tokens_pov_KTS\vysl_compl_KTS_tokens_pov\param_compl_tokens_pov_07.par
Analysis completed 21-Feb-2023 07:46.  Runtime = 0.00 seconds.


             ----  Descriptive Statistics for Variables  ----

 Variable    Minimum value   Maximum value    Mean value     Standard dev.
----------  --------------  --------------  --------------  --------------
         x               1            7.82        4.117143        2.362779
         y            2.72            2.91            2.79       0.0697615


                   ----  Calculated Parameter Values  ----

 Parameter  Initial guess   Final estimate   Standard error      t      Prob(t)
----------  -------------  ----------------  --------------  ---------  -------
         a              1        2.89737489         0.02699     107.35  0.00001
         b              1     -0.0525629872      0.02263639      -2.32  0.08095
         c              1     0.00652367134     0.006841726       0.95  0.39433


                  ----  Analysis of Variance  ----

  Source     DF   Sum of Squares    Mean Square    F value   Prob(F)
----------  ----  --------------  --------------  ---------  -------
Regression     2      0.02491414      0.01245707      11.63  0.02154
Error          4     0.004285856     0.001071464
Total          6          0.0292

