   1: variable x,y;
   2: parameter a,b,c;
   3: function y=a*(x^b)*exp(c*x);
   4: Plot xlabel="x-Achse",ylabel="y-Achse";
   5: data;

Beginning computation...
Stopped due to: Relative function convergence.


   ----  Final Results  ----

NLREG version 5.4
Copyright (c) 1992-2002 Phillip H. Sherrod.  All rights reserved.
This is a registered copy of NLREG that may not be redistributed.

Number of observations = 4
Maximum allowed number of iterations = 500
Convergence tolerance factor = 1.000000E-010
Stopped due to: Relative function convergence.
Number of iterations performed = 13
Final sum of squared deviations = 5.0641149E-003
Final sum of deviations = 8.3707686E-005
Standard error of estimate = 0.0711626
Average deviation = 0.0309723
Maximum deviation for any observation = 0.0545305
Proportion of variance explained (R^2) = 0.9864  (98.64%)
Adjusted coefficient of multiple determination (Ra^2) = 0.9592  (95.92%)
Durbin-Watson test for autocorrelation = 3.329
Parameter values will be written to C:\Users\peleg\OneDrive\doktorát\experiment_disertace\výsledky\fin_výsl\slovo_slabika_foném\poh_SSF\types_poh_SSF\vysl_compl_SSF_types_poh\param_compl_types_poh_02.par
Analysis completed  9-Mar-2023 13:16.  Runtime = 0.00 seconds.


             ----  Descriptive Statistics for Variables  ----

 Variable    Minimum value   Maximum value    Mean value     Standard dev.
----------  --------------  --------------  --------------  --------------
         x               1            4.05          2.5125        1.310455
         y            2.19            3.02          2.5325       0.3524557


                   ----  Calculated Parameter Values  ----

 Parameter  Initial guess   Final estimate   Standard error      t      Prob(t)
----------  -------------  ----------------  --------------  ---------  -------
         a              1        2.95129969       0.1759379      16.77  0.03791
         b              1      -0.265223534       0.1320302      -2.01  0.29405
         c              1       0.020539257      0.06320322       0.32  0.79997


                  ----  Analysis of Variance  ----

  Source     DF   Sum of Squares    Mean Square    F value   Prob(F)
----------  ----  --------------  --------------  ---------  -------
Regression     2       0.3676109       0.1838054      36.30  0.11657
Error          1     0.005064115     0.005064115
Total          3        0.372675

