   1: variable x,y;
   2: parameter a,b,c;
   3: function y=a*(x^b)*exp(c*x);
   4: Plot xlabel="x-Achse",ylabel="y-Achse";
   5: data;

Beginning computation...
Stopped due to: Both parameter and relative function convergence.


   ----  Final Results  ----

NLREG version 5.4
Copyright (c) 1992-2002 Phillip H. Sherrod.  All rights reserved.
This is a registered copy of NLREG that may not be redistributed.

Number of observations = 6
Maximum allowed number of iterations = 500
Convergence tolerance factor = 1.000000E-010
Stopped due to: Both parameter and relative function convergence.
Number of iterations performed = 16
Final sum of squared deviations = 4.1738497E-003
Final sum of deviations = 1.3713188E-005
Standard error of estimate = 0.0372999
Average deviation = 0.0217186
Maximum deviation for any observation = 0.0427111
Proportion of variance explained (R^2) = 0.9452  (94.52%)
Adjusted coefficient of multiple determination (Ra^2) = 0.9086  (90.86%)
Durbin-Watson test for autocorrelation = 3.031
Parameter values will be written to C:\Users\peleg\OneDrive\doktorát\experiment_disertace\výsledky\fin_výsl\slovo_slabika_foném\poh_SSF\tokens_poh_SSF\vysl_compl_SSF_tokens_poh\param_compl_tokens_poh_slouè.par
Analysis completed  9-Mar-2023 13:16.  Runtime = 0.00 seconds.


             ----  Descriptive Statistics for Variables  ----

 Variable    Minimum value   Maximum value    Mean value     Standard dev.
----------  --------------  --------------  --------------  --------------
         x               1            6.05        3.508333        1.884255
         y            2.09            2.44           2.295       0.1234099


                   ----  Calculated Parameter Values  ----

 Parameter  Initial guess   Final estimate   Standard error      t      Prob(t)
----------  -------------  ----------------  --------------  ---------  -------
         a              1        2.54075685      0.03940527      64.48  0.00001
         b              1       0.133086582      0.04267045       3.12  0.05251
         c              1     -0.0709783179      0.01528256      -4.64  0.01882


                  ----  Analysis of Variance  ----

  Source     DF   Sum of Squares    Mean Square    F value   Prob(F)
----------  ----  --------------  --------------  ---------  -------
Regression     2      0.07197615      0.03598808      25.87  0.01283
Error          3      0.00417385     0.001391283
Total          5         0.07615

