   1: variable x,y;
   2: parameter a,b,c;
   3: function y=a*(x^b)*exp(c*x);
   4: Plot xlabel="x-Achse",ylabel="y-Achse";
   5: data;

Beginning computation...
Stopped due to: Relative function convergence.


   ----  Final Results  ----

NLREG version 5.4
Copyright (c) 1992-2002 Phillip H. Sherrod.  All rights reserved.
This is a registered copy of NLREG that may not be redistributed.

Number of observations = 6
Maximum allowed number of iterations = 500
Convergence tolerance factor = 1.000000E-010
Stopped due to: Relative function convergence.
Number of iterations performed = 16
Final sum of squared deviations = 1.7351971E-003
Final sum of deviations = 3.3263203E-004
Standard error of estimate = 0.0240499
Average deviation = 0.0144424
Maximum deviation for any observation = 0.0292171
Proportion of variance explained (R^2) = 0.9982  (99.82%)
Adjusted coefficient of multiple determination (Ra^2) = 0.9970  (99.70%)
Durbin-Watson test for autocorrelation = 2.975
Parameter values will be written to C:\Users\peleg\OneDrive\doktorát\experiment_disertace\výsledky\fin_výsl\slovo_slabika_foném\poh_SSF\types_poh_SSF\vysl_compl_SSF_types_poh\param_compl_types_poh_slouè.par
Analysis completed  9-Mar-2023 13:16.  Runtime = 0.00 seconds.


             ----  Descriptive Statistics for Variables  ----

 Variable    Minimum value   Maximum value    Mean value     Standard dev.
----------  --------------  --------------  --------------  --------------
         x               1            6.07        3.511667         1.88966
         y            2.18            3.33             2.5       0.4357522


                   ----  Calculated Parameter Values  ----

 Parameter  Initial guess   Final estimate   Standard error      t      Prob(t)
----------  -------------  ----------------  --------------  ---------  -------
         a              1        3.08394005      0.02763728     111.59  0.00001
         b              1      -0.439897897      0.02381586     -18.47  0.00035
         c              1      0.0745941404      0.00893748       8.35  0.00361


                  ----  Analysis of Variance  ----

  Source     DF   Sum of Squares    Mean Square    F value   Prob(F)
----------  ----  --------------  --------------  ---------  -------
Regression     2       0.9476648       0.4738324     819.21  0.00008
Error          3     0.001735197     0.000578399
Total          5          0.9494

