   1: variable x,y;
   2: parameter a,b,c;
   3: function y=a*(x^b)*exp(c*x);
   4: Plot xlabel="x-Achse",ylabel="y-Achse";
   5: data;

Beginning computation...
Stopped due to: Both parameter and relative function convergence.


   ----  Final Results  ----

NLREG version 5.4
Copyright (c) 1992-2002 Phillip H. Sherrod.  All rights reserved.
This is a registered copy of NLREG that may not be redistributed.

Number of observations = 5
Maximum allowed number of iterations = 500
Convergence tolerance factor = 1.000000E-010
Stopped due to: Both parameter and relative function convergence.
Number of iterations performed = 15
Final sum of squared deviations = 5.3197018E-003
Final sum of deviations = -1.6491722E-004
Standard error of estimate = 0.0515737
Average deviation = 0.0300664
Maximum deviation for any observation = 0.0517564
Proportion of variance explained (R^2) = 0.9785  (97.85%)
Adjusted coefficient of multiple determination (Ra^2) = 0.9569  (95.69%)
Durbin-Watson test for autocorrelation = 2.658
Parameter values will be written to C:\Users\peleg\OneDrive\doktorát\experiment_disertace\výsledky\fin_výsl\slovo_slabika_foném\poh_SSF\types_poh_SSF\vysl_compl_SSF_types_poh\param_compl_types_poh_07.par
Analysis completed  9-Mar-2023 13:16.  Runtime = 0.00 seconds.


             ----  Descriptive Statistics for Variables  ----

 Variable    Minimum value   Maximum value    Mean value     Standard dev.
----------  --------------  --------------  --------------  --------------
         x               1            5.29           3.058        1.675357
         y            2.23            2.81           2.422       0.2485357


                   ----  Calculated Parameter Values  ----

 Parameter  Initial guess   Final estimate   Standard error      t      Prob(t)
----------  -------------  ----------------  --------------  ---------  -------
         a              1        2.71851182      0.06853766      39.66  0.00064
         b              1       -0.24276422      0.06548442      -3.71  0.06568
         c              1      0.0378684071      0.02635561       1.44  0.28731


                  ----  Analysis of Variance  ----

  Source     DF   Sum of Squares    Mean Square    F value   Prob(F)
----------  ----  --------------  --------------  ---------  -------
Regression     2       0.2417603       0.1208801      45.45  0.02153
Error          2     0.005319702     0.002659851
Total          4         0.24708

