   1: variable x,y;
   2: parameter a,b,c;
   3: function y=a*(x^b)*exp(c*x);
   4: Plot xlabel="x-Achse",ylabel="y-Achse";
   5: data;

Beginning computation...
Stopped due to: Relative function convergence.


   ----  Final Results  ----

NLREG version 5.4
Copyright (c) 1992-2002 Phillip H. Sherrod.  All rights reserved.
This is a registered copy of NLREG that may not be redistributed.

Number of observations = 5
Maximum allowed number of iterations = 500
Convergence tolerance factor = 1.000000E-010
Stopped due to: Relative function convergence.
Number of iterations performed = 15
Final sum of squared deviations = 2.1085971E-002
Final sum of deviations = 8.2933546E-005
Standard error of estimate = 0.102679
Average deviation = 0.0605976
Maximum deviation for any observation = 0.102106
Proportion of variance explained (R^2) = 0.4847  (48.47%)
Adjusted coefficient of multiple determination (Ra^2) = -0.0306  (-3.06%)
Durbin-Watson test for autocorrelation = 2.641
Parameter values will be written to C:\Users\peleg\OneDrive\doktorát\experiment_disertace\výsledky\fin_výsl\slovo_slabika_foném\poh_SSF\tokens_poh_SSF\vysl_compl_SSF_tokens_poh\param_compl_tokens_poh_07.par
Analysis completed  9-Mar-2023 13:16.  Runtime = 0.00 seconds.


             ----  Descriptive Statistics for Variables  ----

 Variable    Minimum value   Maximum value    Mean value     Standard dev.
----------  --------------  --------------  --------------  --------------
         x               1            5.27           3.054        1.668706
         y            2.24            2.48           2.306       0.1011435


                   ----  Calculated Parameter Values  ----

 Parameter  Initial guess   Final estimate   Standard error      t      Prob(t)
----------  -------------  ----------------  --------------  ---------  -------
         a              1        2.45270659       0.1285213      19.08  0.00273
         b              1       0.163319667       0.1419431       1.15  0.36890
         c              1     -0.0720906812      0.05545398      -1.30  0.32324


                  ----  Analysis of Variance  ----

  Source     DF   Sum of Squares    Mean Square    F value   Prob(F)
----------  ----  --------------  --------------  ---------  -------
Regression     2      0.01983403     0.009917015       0.94  0.51530
Error          2      0.02108597      0.01054299
Total          4         0.04092

