   1: variable x,y;
   2: parameter a,b,c;
   3: function y=a*(x^b)*exp(c*x);
   4: Plot xlabel="x-Achse",ylabel="y-Achse";
   5: data;

Beginning computation...
Stopped due to: Relative function convergence.


   ----  Final Results  ----

NLREG version 5.4
Copyright (c) 1992-2002 Phillip H. Sherrod.  All rights reserved.
This is a registered copy of NLREG that may not be redistributed.

Number of observations = 5
Maximum allowed number of iterations = 500
Convergence tolerance factor = 1.000000E-010
Stopped due to: Relative function convergence.
Number of iterations performed = 16
Final sum of squared deviations = 7.1974634E-003
Final sum of deviations = 1.7427828E-004
Standard error of estimate = 0.0599894
Average deviation = 0.0343265
Maximum deviation for any observation = 0.0544561
Proportion of variance explained (R^2) = 0.9891  (98.91%)
Adjusted coefficient of multiple determination (Ra^2) = 0.9782  (97.82%)
Durbin-Watson test for autocorrelation = 2.481
Parameter values will be written to C:\Users\peleg\OneDrive\doktorát\experiment_disertace\výsledky\fin_výsl\slovo_slabika_foném\poh_SSF\types_poh_SSF\vysl_compl_SSF_types_poh\param_compl_types_poh_06.par
Analysis completed  9-Mar-2023 13:16.  Runtime = 0.00 seconds.


             ----  Descriptive Statistics for Variables  ----

 Variable    Minimum value   Maximum value    Mean value     Standard dev.
----------  --------------  --------------  --------------  --------------
         x               1            5.08           3.016        1.606636
         y            2.02            3.09           2.444        0.405931


                   ----  Calculated Parameter Values  ----

 Parameter  Initial guess   Final estimate   Standard error      t      Prob(t)
----------  -------------  ----------------  --------------  ---------  -------
         a              1        3.05351257      0.09666741      31.59  0.00100
         b              1       -0.26717311      0.07927918      -3.37  0.07790
         c              1     0.00784167688      0.03336415       0.24  0.83606


                  ----  Analysis of Variance  ----

  Source     DF   Sum of Squares    Mean Square    F value   Prob(F)
----------  ----  --------------  --------------  ---------  -------
Regression     2       0.6519225       0.3259613      90.58  0.01092
Error          2     0.007197463     0.003598732
Total          4         0.65912

