   1: variable x,y;
   2: parameter a,b,c;
   3: function y=a*(x^b)*exp(c*x);
   4: Plot xlabel="x-Achse",ylabel="y-Achse";
   5: data;

Beginning computation...
Stopped due to: Both parameter and relative function convergence.


   ----  Final Results  ----

NLREG version 5.4
Copyright (c) 1992-2002 Phillip H. Sherrod.  All rights reserved.
This is a registered copy of NLREG that may not be redistributed.

Number of observations = 5
Maximum allowed number of iterations = 500
Convergence tolerance factor = 1.000000E-010
Stopped due to: Both parameter and relative function convergence.
Number of iterations performed = 15
Final sum of squared deviations = 7.6654442E-004
Final sum of deviations = -8.7483974E-005
Standard error of estimate = 0.0195773
Average deviation = 0.0105383
Maximum deviation for any observation = 0.0197861
Proportion of variance explained (R^2) = 0.9978  (99.78%)
Adjusted coefficient of multiple determination (Ra^2) = 0.9956  (99.56%)
Durbin-Watson test for autocorrelation = 2.532
Parameter values will be written to C:\Users\peleg\OneDrive\doktorát\experiment_disertace\výsledky\fin_výsl\slovo_slabika_foném\poh_SSF\types_poh_SSF\vysl_compl_SSF_types_poh\param_compl_types_poh_08.par
Analysis completed  9-Mar-2023 13:16.  Runtime = 0.00 seconds.


             ----  Descriptive Statistics for Variables  ----

 Variable    Minimum value   Maximum value    Mean value     Standard dev.
----------  --------------  --------------  --------------  --------------
         x               1            5.23           3.046         1.65547
         y            2.22            2.93           2.446       0.2961925


                   ----  Calculated Parameter Values  ----

 Parameter  Initial guess   Final estimate   Standard error      t      Prob(t)
----------  -------------  ----------------  --------------  ---------  -------
         a              1        2.78958785      0.02706849     103.06  0.00009
         b              1      -0.301024914      0.02493275     -12.07  0.00679
         c              1      0.0505626065      0.01016188       4.98  0.03810


                  ----  Analysis of Variance  ----

  Source     DF   Sum of Squares    Mean Square    F value   Prob(F)
----------  ----  --------------  --------------  ---------  -------
Regression     2       0.3501535       0.1750767     456.79  0.00218
Error          2    0.0007665444    0.0003832722
Total          4         0.35092

