   1: variable x,y;
   2: parameter a,b,c;
   3: function y=a*(x^b)*exp(c*x);
   4: Plot xlabel="x-Achse",ylabel="y-Achse";
   5: data;

Beginning computation...
Stopped due to: Both parameter and relative function convergence.


   ----  Final Results  ----

NLREG version 5.4
Copyright (c) 1992-2002 Phillip H. Sherrod.  All rights reserved.
This is a registered copy of NLREG that may not be redistributed.

Number of observations = 5
Maximum allowed number of iterations = 500
Convergence tolerance factor = 1.000000E-010
Stopped due to: Both parameter and relative function convergence.
Number of iterations performed = 14
Final sum of squared deviations = 5.8368206E-005
Final sum of deviations = -2.9507153E-005
Standard error of estimate = 0.00540223
Average deviation = 0.00276607
Maximum deviation for any observation = 0.00579748
Proportion of variance explained (R^2) = 0.9999  (99.99%)
Adjusted coefficient of multiple determination (Ra^2) = 0.9998  (99.98%)
Durbin-Watson test for autocorrelation = 2.567
Parameter values will be written to C:\Users\peleg\OneDrive\doktorát\experiment_disertace\výsledky\fin_výsl\slovo_slabika_foném\poh_SSF\types_poh_SSF\vysl_compl_SSF_types_poh\param_compl_types_poh_04.par
Analysis completed  9-Mar-2023 13:16.  Runtime = 0.00 seconds.


             ----  Descriptive Statistics for Variables  ----

 Variable    Minimum value   Maximum value    Mean value     Standard dev.
----------  --------------  --------------  --------------  --------------
         x               1            5.03           3.006        1.590654
         y            2.21            3.08           2.484       0.3587896


                   ----  Calculated Parameter Values  ----

 Parameter  Initial guess   Final estimate   Standard error      t      Prob(t)
----------  -------------  ----------------  --------------  ---------  -------
         a              1        2.88773356     0.008205665     351.92  0.00001
         b              1      -0.368232768     0.007142336     -51.56  0.00038
         c              1      0.0647669331     0.002994684      21.63  0.00213


                  ----  Analysis of Variance  ----

  Source     DF   Sum of Squares    Mean Square    F value   Prob(F)
----------  ----  --------------  --------------  ---------  -------
Regression     2       0.5148616       0.2574308    8820.93  0.00011
Error          2   5.836821E-005    2.91841E-005
Total          4         0.51492

