   1: variable x,y;
   2: parameter a,b,c;
   3: function y=a*(x^b)*exp(c*x);
   4: Plot xlabel="x-Achse",ylabel="y-Achse";
   5: data;

Beginning computation...
Stopped due to: Relative function convergence.


   ----  Final Results  ----

NLREG version 5.4
Copyright (c) 1992-2002 Phillip H. Sherrod.  All rights reserved.
This is a registered copy of NLREG that may not be redistributed.

Number of observations = 5
Maximum allowed number of iterations = 500
Convergence tolerance factor = 1.000000E-010
Stopped due to: Relative function convergence.
Number of iterations performed = 15
Final sum of squared deviations = 9.0058925E-003
Final sum of deviations = -2.4764148E-004
Standard error of estimate = 0.067104
Average deviation = 0.0339342
Maximum deviation for any observation = 0.0786183
Proportion of variance explained (R^2) = 0.9789  (97.89%)
Adjusted coefficient of multiple determination (Ra^2) = 0.9579  (95.79%)
Durbin-Watson test for autocorrelation = 3.045
Parameter values will be written to C:\Users\peleg\OneDrive\doktorát\experiment_disertace\výsledky\fin_výsl\slovo_slabika_foném\poh_SSF\types_poh_SSF\vysl_compl_SSF_types_poh\param_compl_types_poh_05.par
Analysis completed  9-Mar-2023 13:16.  Runtime = 0.00 seconds.


             ----  Descriptive Statistics for Variables  ----

 Variable    Minimum value   Maximum value    Mean value     Standard dev.
----------  --------------  --------------  --------------  --------------
         x               1             5.2            3.04          1.6456
         y            2.23            3.07           2.522       0.3269098


                   ----  Calculated Parameter Values  ----

 Parameter  Initial guess   Final estimate   Standard error      t      Prob(t)
----------  -------------  ----------------  --------------  ---------  -------
         a              1        2.78957484      0.09102803      30.65  0.00106
         b              1      -0.418848192      0.08347807      -5.02  0.03750
         c              1      0.0978517214      0.03411345       2.87  0.10309


                  ----  Analysis of Variance  ----

  Source     DF   Sum of Squares    Mean Square    F value   Prob(F)
----------  ----  --------------  --------------  ---------  -------
Regression     2       0.4184741       0.2092371      46.47  0.02107
Error          2     0.009005893     0.004502946
Total          4         0.42748

