   1: variable x,y;
   2: parameter a,b,c;
   3: function y=a*(x^b)*exp(c*x);
   4: Plot xlabel="x-Achse",ylabel="y-Achse";
   5: data;

Beginning computation...
Stopped due to: Both parameter and relative function convergence.


   ----  Final Results  ----

NLREG version 5.4
Copyright (c) 1992-2002 Phillip H. Sherrod.  All rights reserved.
This is a registered copy of NLREG that may not be redistributed.

Number of observations = 5
Maximum allowed number of iterations = 500
Convergence tolerance factor = 1.000000E-010
Stopped due to: Both parameter and relative function convergence.
Number of iterations performed = 16
Final sum of squared deviations = 5.8140010E-003
Final sum of deviations = 8.4335795E-005
Standard error of estimate = 0.0539166
Average deviation = 0.032194
Maximum deviation for any observation = 0.0508248
Proportion of variance explained (R^2) = 0.8784  (87.84%)
Adjusted coefficient of multiple determination (Ra^2) = 0.7567  (75.67%)
Durbin-Watson test for autocorrelation = 2.602
Parameter values will be written to C:\Users\peleg\OneDrive\doktorát\experiment_disertace\výsledky\fin_výsl\slovo_slabika_foném\poh_SSF\tokens_poh_SSF\vysl_compl_SSF_tokens_poh\param_compl_tokens_poh_03.par
Analysis completed  9-Mar-2023 13:16.  Runtime = 0.00 seconds.


             ----  Descriptive Statistics for Variables  ----

 Variable    Minimum value   Maximum value    Mean value     Standard dev.
----------  --------------  --------------  --------------  --------------
         x               1            5.04           3.008        1.593838
         y            2.21            2.48            2.32       0.1093161


                   ----  Calculated Parameter Values  ----

 Parameter  Initial guess   Final estimate   Standard error      t      Prob(t)
----------  -------------  ----------------  --------------  ---------  -------
         a              1        2.54895473      0.07479789      34.08  0.00086
         b              1        0.27009837      0.07911365       3.41  0.07613
         c              1      -0.117674748      0.03172865      -3.71  0.06562


                  ----  Analysis of Variance  ----

  Source     DF   Sum of Squares    Mean Square    F value   Prob(F)
----------  ----  --------------  --------------  ---------  -------
Regression     2        0.041986        0.020993       7.22  0.12163
Error          2     0.005814001     0.002907001
Total          4          0.0478

