   1: variable x,y;
   2: parameter a,b,c;
   3: function y=a*(x^b)*exp(c*x);
   4: Plot xlabel="x-Achse",ylabel="y-Achse";
   5: data;

Beginning computation...
Stopped due to: Both parameter and relative function convergence.


   ----  Final Results  ----

NLREG version 5.4
Copyright (c) 1992-2002 Phillip H. Sherrod.  All rights reserved.
This is a registered copy of NLREG that may not be redistributed.

Number of observations = 5
Maximum allowed number of iterations = 500
Convergence tolerance factor = 1.000000E-010
Stopped due to: Both parameter and relative function convergence.
Number of iterations performed = 15
Final sum of squared deviations = 2.4872444E-003
Final sum of deviations = 3.0568260E-005
Standard error of estimate = 0.035265
Average deviation = 0.0173258
Maximum deviation for any observation = 0.0382832
Proportion of variance explained (R^2) = 0.9594  (95.94%)
Adjusted coefficient of multiple determination (Ra^2) = 0.9188  (91.88%)
Durbin-Watson test for autocorrelation = 3.315
Parameter values will be written to C:\Users\peleg\OneDrive\doktorát\experiment_disertace\výsledky\fin_výsl\slovo_slabika_foném\poh_SSF\tokens_poh_SSF\vysl_compl_SSF_tokens_poh\param_compl_tokens_poh_10.par
Analysis completed  9-Mar-2023 13:16.  Runtime = 0.00 seconds.


             ----  Descriptive Statistics for Variables  ----

 Variable    Minimum value   Maximum value    Mean value     Standard dev.
----------  --------------  --------------  --------------  --------------
         x               1             5.1            3.02        1.613072
         y            2.17            2.44           2.332        0.123774


                   ----  Calculated Parameter Values  ----

 Parameter  Initial guess   Final estimate   Standard error      t      Prob(t)
----------  -------------  ----------------  --------------  ---------  -------
         a              1        2.61166347      0.04918896      53.09  0.00035
         b              1      0.0932018956      0.04984997       1.87  0.20246
         c              1     -0.0675423482      0.02013262      -3.35  0.07853


                  ----  Analysis of Variance  ----

  Source     DF   Sum of Squares    Mean Square    F value   Prob(F)
----------  ----  --------------  --------------  ---------  -------
Regression     2      0.05879276      0.02939638      23.64  0.04059
Error          2     0.002487244     0.001243622
Total          4         0.06128

