   1: variable x,y;
   2: parameter a,b,c;
   3: function y=a*(x^b)*exp(c*x);
   4: Plot xlabel="x-Achse",ylabel="y-Achse";
   5: data;

Beginning computation...
Stopped due to: Both parameter and relative function convergence.


   ----  Final Results  ----

NLREG version 5.4
Copyright (c) 1992-2002 Phillip H. Sherrod.  All rights reserved.
This is a registered copy of NLREG that may not be redistributed.

Number of observations = 5
Maximum allowed number of iterations = 500
Convergence tolerance factor = 1.000000E-010
Stopped due to: Both parameter and relative function convergence.
Number of iterations performed = 15
Final sum of squared deviations = 3.9036549E-004
Final sum of deviations = 7.0906381E-005
Standard error of estimate = 0.0139708
Average deviation = 0.00749017
Maximum deviation for any observation = 0.0136511
Proportion of variance explained (R^2) = 0.9993  (99.93%)
Adjusted coefficient of multiple determination (Ra^2) = 0.9986  (99.86%)
Durbin-Watson test for autocorrelation = 2.890
Parameter values will be written to C:\Users\peleg\OneDrive\doktorát\experiment_disertace\výsledky\fin_výsl\slovo_slabika_foném\poh_SSF\types_poh_SSF\vysl_compl_SSF_types_poh\param_compl_types_poh_10.par
Analysis completed  9-Mar-2023 13:16.  Runtime = 0.00 seconds.


             ----  Descriptive Statistics for Variables  ----

 Variable    Minimum value   Maximum value    Mean value     Standard dev.
----------  --------------  --------------  --------------  --------------
         x               1             5.1            3.02        1.613072
         y            2.17            3.09           2.482       0.3691477


                   ----  Calculated Parameter Values  ----

 Parameter  Initial guess   Final estimate   Standard error      t      Prob(t)
----------  -------------  ----------------  --------------  ---------  -------
         a              1        2.93808425       0.0210993     139.25  0.00005
         b              1      -0.339287914      0.01811109     -18.73  0.00284
         c              1      0.0494255736     0.007553138       6.54  0.02257


                  ----  Analysis of Variance  ----

  Source     DF   Sum of Squares    Mean Square    F value   Prob(F)
----------  ----  --------------  --------------  ---------  -------
Regression     2       0.5446896       0.2723448    1395.33  0.00072
Error          2    0.0003903655    0.0001951827
Total          4         0.54508

