   1: variable x,y;
   2: parameter a,b,c;
   3: function y=a*(x^b)*exp(c*x);
   4: Plot xlabel="x-Achse",ylabel="y-Achse";
   5: data;

Beginning computation...
Stopped due to: Both parameter and relative function convergence.


   ----  Final Results  ----

NLREG version 5.4
Copyright (c) 1992-2002 Phillip H. Sherrod.  All rights reserved.
This is a registered copy of NLREG that may not be redistributed.

Number of observations = 5
Maximum allowed number of iterations = 500
Convergence tolerance factor = 1.000000E-010
Stopped due to: Both parameter and relative function convergence.
Number of iterations performed = 17
Final sum of squared deviations = 1.6425536E-004
Final sum of deviations = 1.3539089E-006
Standard error of estimate = 0.00906243
Average deviation = 0.00518657
Maximum deviation for any observation = 0.00903863
Proportion of variance explained (R^2) = 0.9965  (99.65%)
Adjusted coefficient of multiple determination (Ra^2) = 0.9930  (99.30%)
Durbin-Watson test for autocorrelation = 2.812
Parameter values will be written to C:\Users\peleg\OneDrive\doktorát\experiment_disertace\výsledky\fin_výsl\slovo_slabika_foném\poh_SSF\tokens_poh_SSF\vysl_compl_SSF_tokens_poh\param_compl_tokens_poh_09.par
Analysis completed  9-Mar-2023 13:16.  Runtime = 0.00 seconds.


             ----  Descriptive Statistics for Variables  ----

 Variable    Minimum value   Maximum value    Mean value     Standard dev.
----------  --------------  --------------  --------------  --------------
         x               1               5               3        1.581139
         y            2.22            2.45           2.342       0.1082589


                   ----  Calculated Parameter Values  ----

 Parameter  Initial guess   Final estimate   Standard error      t      Prob(t)
----------  -------------  ----------------  --------------  ---------  -------
         a              1        2.52126202      0.01245589     202.42  0.00002
         b              1       0.316940715      0.01341773      23.62  0.00179
         c              1      -0.126027087      0.00536946     -23.47  0.00181


                  ----  Analysis of Variance  ----

  Source     DF   Sum of Squares    Mean Square    F value   Prob(F)
----------  ----  --------------  --------------  ---------  -------
Regression     2      0.04671574      0.02335787     284.41  0.00350
Error          2    0.0001642554   8.212768E-005
Total          4         0.04688

