   1: variable x,y;
   2: parameter a,b,c;
   3: function y=a*(x^b)*exp(c*x);
   4: Plot xlabel="x-Achse",ylabel="y-Achse";
   5: data;

Beginning computation...
Stopped due to: Both parameter and relative function convergence.


   ----  Final Results  ----

NLREG version 5.4
Copyright (c) 1992-2002 Phillip H. Sherrod.  All rights reserved.
This is a registered copy of NLREG that may not be redistributed.

Number of observations = 5
Maximum allowed number of iterations = 500
Convergence tolerance factor = 1.000000E-010
Stopped due to: Both parameter and relative function convergence.
Number of iterations performed = 15
Final sum of squared deviations = 1.6026156E-003
Final sum of deviations = -1.3851792E-004
Standard error of estimate = 0.0283074
Average deviation = 0.0147837
Maximum deviation for any observation = 0.0310077
Proportion of variance explained (R^2) = 0.9848  (98.48%)
Adjusted coefficient of multiple determination (Ra^2) = 0.9696  (96.96%)
Durbin-Watson test for autocorrelation = 2.648
Parameter values will be written to C:\Users\peleg\OneDrive\doktorát\experiment_disertace\výsledky\fin_výsl\slovo_slabika_foném\poh_SSF\tokens_poh_SSF\vysl_compl_SSF_tokens_poh\param_compl_tokens_poh_06.par
Analysis completed  9-Mar-2023 13:16.  Runtime = 0.00 seconds.


             ----  Descriptive Statistics for Variables  ----

 Variable    Minimum value   Maximum value    Mean value     Standard dev.
----------  --------------  --------------  --------------  --------------
         x               1            5.08           3.016        1.606636
         y               2            2.41           2.266       0.1622652


                   ----  Calculated Parameter Values  ----

 Parameter  Initial guess   Final estimate   Standard error      t      Prob(t)
----------  -------------  ----------------  --------------  ---------  -------
         a              1        2.67588518      0.04190173      63.86  0.00025
         b              1       0.240355654        0.041523       5.79  0.02857
         c              1      -0.132371181      0.01684723      -7.86  0.01582


                  ----  Analysis of Variance  ----

  Source     DF   Sum of Squares    Mean Square    F value   Prob(F)
----------  ----  --------------  --------------  ---------  -------
Regression     2       0.1037174      0.05185869      64.72  0.01522
Error          2     0.001602616    0.0008013078
Total          4         0.10532

