   1: variable x,y;
   2: parameter b;
   3: function y=1.92*(x^b);
   4: Plot xlabel="x-Achse",ylabel="y-Achse";
   5: data;

Beginning computation...
Stopped due to: Relative function convergence.


   ----  Final Results  ----

NLREG version 5.4
Copyright (c) 1992-2002 Phillip H. Sherrod.  All rights reserved.
This is a registered copy of NLREG that may not be redistributed.

Number of observations = 5
Maximum allowed number of iterations = 500
Convergence tolerance factor = 1.000000E-010
Stopped due to: Relative function convergence.
Number of iterations performed = 8
Final sum of squared deviations = 1.9782125E-001
Final sum of deviations = 3.3920836E-001
Standard error of estimate = 0.222386
Average deviation = 0.154013
Maximum deviation for any observation = 0.365097
Proportion of variance explained (R^2) = 0.6019  (60.19%)
Adjusted coefficient of multiple determination (Ra^2) = 0.6019  (60.19%)
Durbin-Watson test for autocorrelation = 1.291
Parameter values will be written to C:\Users\peleg\OneDrive\doktorát\experiment_disertace\výsledky\fin_výsl\syntax\typ2\FSM2_oprava\dop_FSM2\vysl_trunc_FSM2_dop\param_trunc_FSM2_dop_10.par
Analysis completed  4-Apr-2023 16:33.  Runtime = 0.00 seconds.


             ----  Descriptive Statistics for Variables  ----

 Variable    Minimum value   Maximum value    Mean value     Standard dev.
----------  --------------  --------------  --------------  --------------
         x               1              10           4.076        3.539616
         y            1.92            2.73           2.454       0.3524628


                   ----  Calculated Parameter Values  ----

 Parameter  Initial guess   Final estimate   Standard error      t      Prob(t)
----------  -------------  ----------------  --------------  ---------  -------
         b              1       0.185847315         0.02679       6.94  0.00227

