   1: variable x,y;
   2: parameter b;
   3: function y=1.9*(x^b);
   4: Plot xlabel="x-Achse",ylabel="y-Achse";
   5: data;

Beginning computation...
Stopped due to: Relative function convergence.


   ----  Final Results  ----

NLREG version 5.4
Copyright (c) 1992-2002 Phillip H. Sherrod.  All rights reserved.
This is a registered copy of NLREG that may not be redistributed.

Number of observations = 4
Maximum allowed number of iterations = 500
Convergence tolerance factor = 1.000000E-010
Stopped due to: Relative function convergence.
Number of iterations performed = 7
Final sum of squared deviations = 2.3970712E-001
Final sum of deviations = 3.0050464E-001
Standard error of estimate = 0.28267
Average deviation = 0.210661
Maximum deviation for any observation = 0.323737
Proportion of variance explained (R^2) = 0.2649  (26.49%)
Adjusted coefficient of multiple determination (Ra^2) = 0.2649  (26.49%)
Durbin-Watson test for autocorrelation = 1.756
Parameter values will be written to C:\Users\peleg\OneDrive\doktorát\experiment_disertace\výsledky\fin_výsl\syntax\typ2\FSM2_oprava\dop_FSM2\vysl_trunc_FSM2_dop\param_trunc_FSM2_dop_05.par
Analysis completed  4-Apr-2023 16:33.  Runtime = 0.00 seconds.


             ----  Descriptive Statistics for Variables  ----

 Variable    Minimum value   Maximum value    Mean value     Standard dev.
----------  --------------  --------------  --------------  --------------
         x               1             5.4            2.85        1.885913
         y             1.9            2.69          2.3525       0.3296842


                   ----  Calculated Parameter Values  ----

 Parameter  Initial guess   Final estimate   Standard error      t      Prob(t)
----------  -------------  ----------------  --------------  ---------  -------
         b              1       0.199759421      0.05232428       3.82  0.03162

