   1: variable x,y;
   2: parameter b;
   3: function y=1.87*(x^b);
   4: Plot xlabel="x-Achse",ylabel="y-Achse";
   5: data;

Beginning computation...
Stopped due to: Both parameter and relative function convergence.


   ----  Final Results  ----

NLREG version 5.4
Copyright (c) 1992-2002 Phillip H. Sherrod.  All rights reserved.
This is a registered copy of NLREG that may not be redistributed.

Number of observations = 10
Maximum allowed number of iterations = 500
Convergence tolerance factor = 1.000000E-010
Stopped due to: Both parameter and relative function convergence.
Number of iterations performed = 12
Final sum of squared deviations = 2.3214856E-001
Final sum of deviations = 4.6848759E-001
Standard error of estimate = 0.160606
Average deviation = 0.117406
Maximum deviation for any observation = 0.305013
Proportion of variance explained (R^2) = 0.2542  (25.42%)
Adjusted coefficient of multiple determination (Ra^2) = 0.2542  (25.42%)
Durbin-Watson test for autocorrelation = 0.831
Parameter values will be written to C:\Users\peleg\OneDrive\doktorát\experiment_disertace\výsledky\fin_výsl\syntax\typ2\FSM2_oprava\dop_FSM2\vysl_trunc_FSM2_dop\param_trunc_FSM2_dop_slouè.par
Analysis completed  4-Apr-2023 16:33.  Runtime = 0.00 seconds.


             ----  Descriptive Statistics for Variables  ----

 Variable    Minimum value   Maximum value    Mean value     Standard dev.
----------  --------------  --------------  --------------  --------------
         x               1           16.67           6.388        4.669023
         y            1.87            2.51           2.321       0.1859779


                   ----  Calculated Parameter Values  ----

 Parameter  Initial guess   Final estimate   Standard error      t      Prob(t)
----------  -------------  ----------------  --------------  ---------  -------
         b              1       0.120626749      0.01180858      10.22  0.00001

