   1: variable x,y;
   2: parameter b;
   3: function y=1.76*(x^b);
   4: Plot xlabel="x-Achse",ylabel="y-Achse";
   5: data;

Beginning computation...
Stopped due to: Relative function convergence.


   ----  Final Results  ----

NLREG version 5.4
Copyright (c) 1992-2002 Phillip H. Sherrod.  All rights reserved.
This is a registered copy of NLREG that may not be redistributed.

Number of observations = 4
Maximum allowed number of iterations = 500
Convergence tolerance factor = 1.000000E-010
Stopped due to: Relative function convergence.
Number of iterations performed = 7
Final sum of squared deviations = 2.2013056E-002
Final sum of deviations = 8.2430116E-002
Standard error of estimate = 0.0856603
Average deviation = 0.0624461
Maximum deviation for any observation = 0.107705
Proportion of variance explained (R^2) = 0.9025  (90.25%)
Adjusted coefficient of multiple determination (Ra^2) = 0.9025  (90.25%)
Durbin-Watson test for autocorrelation = 1.929
Parameter values will be written to C:\Users\peleg\OneDrive\doktorát\experiment_disertace\výsledky\fin_výsl\syntax\typ2\FSM2_oprava\dop_FSM2\vysl_trunc_FSM2_dop\param_trunc_FSM2_dop_03.par
Analysis completed  4-Apr-2023 16:33.  Runtime = 0.00 seconds.


             ----  Descriptive Statistics for Variables  ----

 Variable    Minimum value   Maximum value    Mean value     Standard dev.
----------  --------------  --------------  --------------  --------------
         x               1            5.27          2.8175        1.827537
         y            1.76            2.37          2.1275       0.2743933


                   ----  Calculated Parameter Values  ----

 Parameter  Initial guess   Final estimate   Standard error      t      Prob(t)
----------  -------------  ----------------  --------------  ---------  -------
         b              1       0.199920516      0.01734316      11.53  0.00140

