   1: variable x,y;
   2: parameter b;
   3: function y=1.85*(x^b);
   4: Plot xlabel="x-Achse",ylabel="y-Achse";
   5: data;

Beginning computation...
Stopped due to: Both parameter and relative function convergence.


   ----  Final Results  ----

NLREG version 5.4
Copyright (c) 1992-2002 Phillip H. Sherrod.  All rights reserved.
This is a registered copy of NLREG that may not be redistributed.

Number of observations = 5
Maximum allowed number of iterations = 500
Convergence tolerance factor = 1.000000E-010
Stopped due to: Both parameter and relative function convergence.
Number of iterations performed = 9
Final sum of squared deviations = 9.7774513E-002
Final sum of deviations = 2.3800392E-001
Standard error of estimate = 0.156345
Average deviation = 0.106943
Maximum deviation for any observation = 0.225253
Proportion of variance explained (R^2) = 0.3294  (32.94%)
Adjusted coefficient of multiple determination (Ra^2) = 0.3294  (32.94%)
Durbin-Watson test for autocorrelation = 1.047
Parameter values will be written to C:\Users\peleg\OneDrive\doktorát\experiment_disertace\výsledky\fin_výsl\syntax\typ2\FSM2_oprava\dop_FSM2\vysl_trunc_FSM2_dop\param_trunc_FSM2_dop_09.par
Analysis completed  4-Apr-2023 16:33.  Runtime = 0.00 seconds.


             ----  Descriptive Statistics for Variables  ----

 Variable    Minimum value   Maximum value    Mean value     Standard dev.
----------  --------------  --------------  --------------  --------------
         x               1            8.29           3.658        2.820429
         y            1.85            2.35            2.17       0.1909188


                   ----  Calculated Parameter Values  ----

 Parameter  Initial guess   Final estimate   Standard error      t      Prob(t)
----------  -------------  ----------------  --------------  ---------  -------
         b              1       0.126038398      0.02388981       5.28  0.00619

