   1: variable x,y;
   2: parameter b;
   3: function y=1.95*(x^b);
   4: Plot xlabel="x-Achse",ylabel="y-Achse";
   5: data;

Beginning computation...
Stopped due to: Relative function convergence.


   ----  Final Results  ----

NLREG version 5.4
Copyright (c) 1992-2002 Phillip H. Sherrod.  All rights reserved.
This is a registered copy of NLREG that may not be redistributed.

Number of observations = 4
Maximum allowed number of iterations = 500
Convergence tolerance factor = 1.000000E-010
Stopped due to: Relative function convergence.
Number of iterations performed = 8
Final sum of squared deviations = 9.0519086E-003
Final sum of deviations = 5.1697438E-002
Standard error of estimate = 0.05493
Average deviation = 0.0396484
Maximum deviation for any observation = 0.0708406
Proportion of variance explained (R^2) = 0.8718  (87.18%)
Adjusted coefficient of multiple determination (Ra^2) = 0.8718  (87.18%)
Durbin-Watson test for autocorrelation = 1.984
Parameter values will be written to C:\Users\peleg\OneDrive\doktorát\experiment_disertace\výsledky\fin_výsl\syntax\typ2\FSM2_oprava\dop_FSM2\vysl_trunc_FSM2_dop\param_trunc_FSM2_dop_06.par
Analysis completed  4-Apr-2023 16:33.  Runtime = 0.00 seconds.


             ----  Descriptive Statistics for Variables  ----

 Variable    Minimum value   Maximum value    Mean value     Standard dev.
----------  --------------  --------------  --------------  --------------
         x               1            7.33           3.485        2.779694
         y            1.95            2.28            2.15       0.1534058


                   ----  Calculated Parameter Values  ----

 Parameter  Initial guess   Final estimate   Standard error      t      Prob(t)
----------  -------------  ----------------  --------------  ---------  -------
         b              1      0.0901204105     0.009775784       9.22  0.00270

