   1: variable x,y;
   2: parameter b;
   3: function y=1.87*(x^b);
   4: Plot xlabel="x-Achse",ylabel="y-Achse";
   5: data;

Beginning computation...
Stopped due to: Both parameter and relative function convergence.


   ----  Final Results  ----

NLREG version 5.4
Copyright (c) 1992-2002 Phillip H. Sherrod.  All rights reserved.
This is a registered copy of NLREG that may not be redistributed.

Number of observations = 4
Maximum allowed number of iterations = 500
Convergence tolerance factor = 1.000000E-010
Stopped due to: Both parameter and relative function convergence.
Number of iterations performed = 8
Final sum of squared deviations = 7.0613927E-002
Final sum of deviations = 1.8042161E-001
Standard error of estimate = 0.153421
Average deviation = 0.0977428
Maximum deviation for any observation = 0.239595
Proportion of variance explained (R^2) = 0.3892  (38.92%)
Adjusted coefficient of multiple determination (Ra^2) = 0.3892  (38.92%)
Durbin-Watson test for autocorrelation = 1.668
Parameter values will be written to C:\Users\peleg\OneDrive\doktorát\experiment_disertace\výsledky\fin_výsl\syntax\typ2\FSM2_oprava\dop_FSM2\vysl_trunc_FSM2_dop\param_trunc_FSM2_dop_04.par
Analysis completed  4-Apr-2023 16:33.  Runtime = 0.00 seconds.


             ----  Descriptive Statistics for Variables  ----

 Variable    Minimum value   Maximum value    Mean value     Standard dev.
----------  --------------  --------------  --------------  --------------
         x               1            6.05          3.0125        2.183413
         y            1.87            2.29            2.16       0.1962991


                   ----  Calculated Parameter Values  ----

 Parameter  Initial guess   Final estimate   Standard error      t      Prob(t)
----------  -------------  ----------------  --------------  ---------  -------
         b              1       0.132870515      0.03011588       4.41  0.02161

