   1: variable x,y;
   2: parameter b;
   3: function y=2.01*(x^b);
   4: Plot xlabel="x-Achse",ylabel="y-Achse";
   5: data;

Beginning computation...
Stopped due to: Both parameter and relative function convergence.


   ----  Final Results  ----

NLREG version 5.4
Copyright (c) 1992-2002 Phillip H. Sherrod.  All rights reserved.
This is a registered copy of NLREG that may not be redistributed.

Number of observations = 4
Maximum allowed number of iterations = 500
Convergence tolerance factor = 1.000000E-010
Stopped due to: Both parameter and relative function convergence.
Number of iterations performed = 8
Final sum of squared deviations = 2.1666337E-002
Final sum of deviations = 9.8504935E-002
Standard error of estimate = 0.084983
Average deviation = 0.0635667
Maximum deviation for any observation = 0.0929306
Proportion of variance explained (R^2) = 0.8564  (85.64%)
Adjusted coefficient of multiple determination (Ra^2) = 0.8564  (85.64%)
Durbin-Watson test for autocorrelation = 1.672
Parameter values will be written to C:\Users\peleg\OneDrive\doktorát\experiment_disertace\výsledky\fin_výsl\syntax\typ2\FSM2_oprava\dop_FSM2\vysl_trunc_FSM2_dop\param_trunc_FSM2_dop_02.par
Analysis completed  4-Apr-2023 16:33.  Runtime = 0.00 seconds.


             ----  Descriptive Statistics for Variables  ----

 Variable    Minimum value   Maximum value    Mean value     Standard dev.
----------  --------------  --------------  --------------  --------------
         x               1            6.16            3.04        2.234517
         y            2.01            2.52          2.3175        0.224258


                   ----  Calculated Parameter Values  ----

 Parameter  Initial guess   Final estimate   Standard error      t      Prob(t)
----------  -------------  ----------------  --------------  ---------  -------
         b              1       0.141116916      0.01518586       9.29  0.00264

