   1: variable x,y;
   2: parameter a,b,c;
   3: function y=a*(x^b)*exp(-c*x);
   4: Plot xlabel="x-Achse",ylabel="y-Achse";
   5: data;

Beginning computation...
Stopped due to: Relative function convergence.


   ----  Final Results  ----

NLREG version 5.4
Copyright (c) 1992-2002 Phillip H. Sherrod.  All rights reserved.
This is a registered copy of NLREG that may not be redistributed.

Number of observations = 5
Maximum allowed number of iterations = 500
Convergence tolerance factor = 1.000000E-010
Stopped due to: Relative function convergence.
Number of iterations performed = 15
Final sum of squared deviations = 5.9434674E-003
Final sum of deviations = 1.3319992E-004
Standard error of estimate = 0.0545136
Average deviation = 0.0303863
Maximum deviation for any observation = 0.0581285
Proportion of variance explained (R^2) = 0.9476  (94.76%)
Adjusted coefficient of multiple determination (Ra^2) = 0.8953  (89.53%)
Durbin-Watson test for autocorrelation = 2.570
Parameter values will be written to C:\Users\peleg\OneDrive\doktorát\experiment_disertace\výsledky\fin_výsl\syntax\typ1\KSM1\dop_KSM1\vysl_compl_KSM1_dop_minus_c\param_compl_KSM1_dop_07_minus_c.par
Analysis completed 13-Apr-2023 16:12.  Runtime = 0.00 seconds.


             ----  Descriptive Statistics for Variables  ----

 Variable    Minimum value   Maximum value    Mean value     Standard dev.
----------  --------------  --------------  --------------  --------------
         x            2.54           10.53            6.18        3.000708
         y            2.12            2.55           2.256       0.1684636


                   ----  Calculated Parameter Values  ----

 Parameter  Initial guess   Final estimate   Standard error      t      Prob(t)
----------  -------------  ----------------  --------------  ---------  -------
         a              1        3.09652456       0.1976924      15.66  0.00405
         b              1      -0.303063846      0.09572849      -3.17  0.08696
         c              1     -0.0325702431      0.01747355      -1.86  0.20334


                  ----  Analysis of Variance  ----

  Source     DF   Sum of Squares    Mean Square    F value   Prob(F)
----------  ----  --------------  --------------  ---------  -------
Regression     2       0.1075765      0.05378827      18.10  0.05236
Error          2     0.005943467     0.002971734
Total          4         0.11352

