   1: variable x,y;
   2: parameter a,b,c;
   3: function y=a*(x^b)*exp(-c*x);
   4: Plot xlabel="x-Achse",ylabel="y-Achse";
   5: data;

Beginning computation...
Stopped due to: Relative function convergence.


   ----  Final Results  ----

NLREG version 5.4
Copyright (c) 1992-2002 Phillip H. Sherrod.  All rights reserved.
This is a registered copy of NLREG that may not be redistributed.

Number of observations = 9
Maximum allowed number of iterations = 500
Convergence tolerance factor = 1.000000E-010
Stopped due to: Relative function convergence.
Number of iterations performed = 13
Final sum of squared deviations = 8.1278057E-002
Final sum of deviations = 2.1201767E-004
Standard error of estimate = 0.116389
Average deviation = 0.0719048
Maximum deviation for any observation = 0.174799
Proportion of variance explained (R^2) = 0.4548  (45.48%)
Adjusted coefficient of multiple determination (Ra^2) = 0.2731  (27.31%)
Durbin-Watson test for autocorrelation = 3.023
Parameter values will be written to C:\Users\peleg\OneDrive\doktorát\experiment_disertace\výsledky\fin_výsl\syntax\typ1\KSM1\dop_KSM1\vysl_compl_KSM1_dop_minus_c\param_compl_KSM1_dop_01_minus_c.par
Analysis completed 13-Apr-2023 16:12.  Runtime = 0.00 seconds.


             ----  Descriptive Statistics for Variables  ----

 Variable    Minimum value   Maximum value    Mean value     Standard dev.
----------  --------------  --------------  --------------  --------------
         x            1.78            17.2        6.886667        4.625646
         y            2.18            2.66        2.378889       0.1365141


                   ----  Calculated Parameter Values  ----

 Parameter  Initial guess   Final estimate   Standard error      t      Prob(t)
----------  -------------  ----------------  --------------  ---------  -------
         a              1        2.73103059       0.1683102      16.23  0.00001
         b              1      -0.136661042       0.0699155      -1.95  0.09842
         c              1     -0.0143334531       0.0103368      -1.39  0.21487


                  ----  Analysis of Variance  ----

  Source     DF   Sum of Squares    Mean Square    F value   Prob(F)
----------  ----  --------------  --------------  ---------  -------
Regression     2      0.06781083      0.03390542       2.50  0.16203
Error          6      0.08127806      0.01354634
Total          8       0.1490889

