   1: variable x,y;
   2: parameter a,b,c;
   3: function y=a*(x^b)*exp(-c*x);
   4: Plot xlabel="x-Achse",ylabel="y-Achse";
   5: data;

Beginning computation...
Stopped due to: Relative function convergence.


   ----  Final Results  ----

NLREG version 5.4
Copyright (c) 1992-2002 Phillip H. Sherrod.  All rights reserved.
This is a registered copy of NLREG that may not be redistributed.

Number of observations = 7
Maximum allowed number of iterations = 500
Convergence tolerance factor = 1.000000E-010
Stopped due to: Relative function convergence.
Number of iterations performed = 15
Final sum of squared deviations = 1.1966239E-002
Final sum of deviations = -3.1221255E-005
Standard error of estimate = 0.0546952
Average deviation = 0.0302515
Maximum deviation for any observation = 0.0899393
Proportion of variance explained (R^2) = 0.7415  (74.15%)
Adjusted coefficient of multiple determination (Ra^2) = 0.6122  (61.22%)
Durbin-Watson test for autocorrelation = 2.691
Parameter values will be written to C:\Users\peleg\OneDrive\doktorát\experiment_disertace\výsledky\fin_výsl\syntax\typ1\KSM1\dop_KSM1\vysl_compl_KSM1_dop_minus_c\param_compl_KSM1_dop_03_minus_c.par
Analysis completed 13-Apr-2023 16:12.  Runtime = 0.00 seconds.


             ----  Descriptive Statistics for Variables  ----

 Variable    Minimum value   Maximum value    Mean value     Standard dev.
----------  --------------  --------------  --------------  --------------
         x            1.91           10.59            5.44        2.946676
         y            2.16            2.41        2.331429      0.08783101


                   ----  Calculated Parameter Values  ----

 Parameter  Initial guess   Final estimate   Standard error      t      Prob(t)
----------  -------------  ----------------  --------------  ---------  -------
         a              1        2.43644209      0.09322453      26.14  0.00001
         b              1      0.0291589159      0.06320218       0.46  0.66851
         c              1      0.0165433426      0.01255202       1.32  0.25792


                  ----  Analysis of Variance  ----

  Source     DF   Sum of Squares    Mean Square    F value   Prob(F)
----------  ----  --------------  --------------  ---------  -------
Regression     2      0.03431947      0.01715974       5.74  0.06684
Error          4      0.01196624      0.00299156
Total          6      0.04628571

