   1: variable x,y;
   2: parameter a,b,c;
   3: function y=a*(x^b)*exp(-c*x);
   4: Plot xlabel="x-Achse",ylabel="y-Achse";
   5: data;

Beginning computation...
Stopped due to: Relative function convergence.


   ----  Final Results  ----

NLREG version 5.4
Copyright (c) 1992-2002 Phillip H. Sherrod.  All rights reserved.
This is a registered copy of NLREG that may not be redistributed.

Number of observations = 5
Maximum allowed number of iterations = 500
Convergence tolerance factor = 1.000000E-010
Stopped due to: Relative function convergence.
Number of iterations performed = 15
Final sum of squared deviations = 6.8937156E-003
Final sum of deviations = 6.0497645E-005
Standard error of estimate = 0.0587099
Average deviation = 0.0283602
Maximum deviation for any observation = 0.0602753
Proportion of variance explained (R^2) = 0.9194  (91.94%)
Adjusted coefficient of multiple determination (Ra^2) = 0.8387  (83.87%)
Durbin-Watson test for autocorrelation = 3.294
Parameter values will be written to C:\Users\peleg\OneDrive\doktorát\experiment_disertace\výsledky\fin_výsl\syntax\typ1\KSM1\dop_KSM1\vysl_compl_KSM1_dop_minus_c\param_compl_KSM1_dop_09_minus_c.par
Analysis completed 13-Apr-2023 16:12.  Runtime = 0.00 seconds.


             ----  Descriptive Statistics for Variables  ----

 Variable    Minimum value   Maximum value    Mean value     Standard dev.
----------  --------------  --------------  --------------  --------------
         x            2.58           12.38           6.398        3.810501
         y             2.2            2.55           2.318       0.1461848


                   ----  Calculated Parameter Values  ----

 Parameter  Initial guess   Final estimate   Standard error      t      Prob(t)
----------  -------------  ----------------  --------------  ---------  -------
         a              1        3.04477255       0.2021674      15.06  0.00438
         b              1      -0.267689645      0.08721477      -3.07  0.09177
         c              1     -0.0289077704      0.01394941      -2.07  0.17401


                  ----  Analysis of Variance  ----

  Source     DF   Sum of Squares    Mean Square    F value   Prob(F)
----------  ----  --------------  --------------  ---------  -------
Regression     2      0.07858628      0.03929314      11.40  0.08065
Error          2     0.006893716     0.003446858
Total          4         0.08548

