   1: variable x,y;
   2: parameter a,b,c;
   3: function y=a*(x^b)*exp(c*x);
   4: Plot xlabel="x-Achse",ylabel="y-Achse";
   5: data;

Beginning computation...
Stopped due to: Relative function convergence.


   ----  Final Results  ----

NLREG version 5.4
Copyright (c) 1992-2002 Phillip H. Sherrod.  All rights reserved.
This is a registered copy of NLREG that may not be redistributed.

Number of observations = 5
Maximum allowed number of iterations = 500
Convergence tolerance factor = 1.000000E-010
Stopped due to: Relative function convergence.
Number of iterations performed = 33
Final sum of squared deviations = 2.5224312E-002
Final sum of deviations = 3.8540481E-006
Standard error of estimate = 0.112304
Average deviation = 0.0553899
Maximum deviation for any observation = 0.120434
Proportion of variance explained (R^2) = 0.7431  (74.31%)
Adjusted coefficient of multiple determination (Ra^2) = 0.4863  (48.63%)
Durbin-Watson test for autocorrelation = 3.422
Parameter values will be written to C:\Users\peleg\OneDrive\doktorát\experiment_disertace\výsledky\fin_výsl\syntax\typ1\KSM1_oprava\dop_KSM1\vysl_compl_KSM1_dop\param_compl_KSM1_dop_04.par
Analysis completed  5-Apr-2023 12:16.  Runtime = 0.00 seconds.


             ----  Descriptive Statistics for Variables  ----

 Variable    Minimum value   Maximum value    Mean value     Standard dev.
----------  --------------  --------------  --------------  --------------
         x            1.73           12.77           6.144        4.258448
         y            2.19            2.55            2.35       0.1566844


                   ----  Calculated Parameter Values  ----

 Parameter  Initial guess   Final estimate   Standard error      t      Prob(t)
----------  -------------  ----------------  --------------  ---------  -------
         a              1        2.68279852       0.1767265      15.18  0.00431
         b              1      -0.107774495       0.1014539      -1.06  0.39941
         c              1     0.00635653937      0.01861107       0.34  0.76524


                  ----  Analysis of Variance  ----

  Source     DF   Sum of Squares    Mean Square    F value   Prob(F)
----------  ----  --------------  --------------  ---------  -------
Regression     2      0.07297569      0.03648784       2.89  0.25687
Error          2      0.02522431      0.01261216
Total          4          0.0982

