   1: variable x,y;
   2: parameter b;
   3: function y=7.21*(x^b);
   4: Plot xlabel="x-Achse",ylabel="y-Achse";
   5: data;

Beginning computation...
Stopped due to: Relative function convergence.


   ----  Final Results  ----

NLREG version 5.4
Copyright (c) 1992-2002 Phillip H. Sherrod.  All rights reserved.
This is a registered copy of NLREG that may not be redistributed.

Number of observations = 8
Maximum allowed number of iterations = 500
Convergence tolerance factor = 1.000000E-010
Stopped due to: Relative function convergence.
Number of iterations performed = 10
Final sum of squared deviations = 1.3581540E+000
Final sum of deviations = -5.6959192E-001
Standard error of estimate = 0.440479
Average deviation = 0.305596
Maximum deviation for any observation = 0.93759
Proportion of variance explained (R^2) = 0.4639  (46.39%)
Adjusted coefficient of multiple determination (Ra^2) = 0.4639  (46.39%)
Durbin-Watson test for autocorrelation = 1.035
Parameter values will be written to C:\Users\peleg\OneDrive\doktorát\experiment_disertace\výsledky\fin_výsl\syntax\typ1\VKS1\pov_VKS1\vysl_trunc_VKS1_pov\param_trunc_VKS1_pov_slouè.par
Analysis completed  4-Jan-2023 19:48.  Runtime = 0.00 seconds.


             ----  Descriptive Statistics for Variables  ----

 Variable    Minimum value   Maximum value    Mean value     Standard dev.
----------  --------------  --------------  --------------  --------------
         x               1            9.32           4.665        2.745505
         y            5.38            7.21         5.92125       0.6016035


                   ----  Calculated Parameter Values  ----

 Parameter  Initial guess   Final estimate   Standard error      t      Prob(t)
----------  -------------  ----------------  --------------  ---------  -------
         b              1      -0.141064904      0.01841791      -7.66  0.00012

