   1: variable x,y;
   2: parameter b;
   3: function y=7.57*(x^b);
   4: Plot xlabel="x-Achse",ylabel="y-Achse";
   5: data;

Beginning computation...
Stopped due to: Both parameter and relative function convergence.


   ----  Final Results  ----

NLREG version 5.4
Copyright (c) 1992-2002 Phillip H. Sherrod.  All rights reserved.
This is a registered copy of NLREG that may not be redistributed.

Number of observations = 5
Maximum allowed number of iterations = 500
Convergence tolerance factor = 1.000000E-010
Stopped due to: Both parameter and relative function convergence.
Number of iterations performed = 10
Final sum of squared deviations = 5.3118719E-001
Final sum of deviations = -1.1708219E-001
Standard error of estimate = 0.364413
Average deviation = 0.255914
Maximum deviation for any observation = 0.518919
Proportion of variance explained (R^2) = 0.8453  (84.53%)
Adjusted coefficient of multiple determination (Ra^2) = 0.8453  (84.53%)
Durbin-Watson test for autocorrelation = 1.970
Parameter values will be written to C:\Users\peleg\OneDrive\doktorát\experiment_disertace\výsledky\fin_výsl\syntax\typ1\VKS1\pov_VKS1\vysl_trunc_VKS1_pov\param_trunc_VKS1_pov_05.par
Analysis completed  4-Jan-2023 19:48.  Runtime = 0.00 seconds.


             ----  Descriptive Statistics for Variables  ----

 Variable    Minimum value   Maximum value    Mean value     Standard dev.
----------  --------------  --------------  --------------  --------------
         x               1            6.12           3.224        1.967455
         y            5.23            7.57           6.172       0.9266175


                   ----  Calculated Parameter Values  ----

 Parameter  Initial guess   Final estimate   Standard error      t      Prob(t)
----------  -------------  ----------------  --------------  ---------  -------
         b              1      -0.209310673       0.0249108      -8.40  0.00110

