   1: variable x,y;
   2: parameter b;
   3: function y=7.96*(x^b);
   4: Plot xlabel="x-Achse",ylabel="y-Achse";
   5: data;

Beginning computation...
Stopped due to: Relative function convergence.


   ----  Final Results  ----

NLREG version 5.4
Copyright (c) 1992-2002 Phillip H. Sherrod.  All rights reserved.
This is a registered copy of NLREG that may not be redistributed.

Number of observations = 5
Maximum allowed number of iterations = 500
Convergence tolerance factor = 1.000000E-010
Stopped due to: Relative function convergence.
Number of iterations performed = 10
Final sum of squared deviations = 9.4323770E-001
Final sum of deviations = -3.9015503E-001
Standard error of estimate = 0.485602
Average deviation = 0.26785
Maximum deviation for any observation = 0.864702
Proportion of variance explained (R^2) = 0.8044  (80.44%)
Adjusted coefficient of multiple determination (Ra^2) = 0.8044  (80.44%)
Durbin-Watson test for autocorrelation = 1.767
Parameter values will be written to C:\Users\peleg\OneDrive\doktorát\experiment_disertace\výsledky\fin_výsl\syntax\typ1\VKS1\pov_VKS1\vysl_trunc_VKS1_pov\param_trunc_VKS1_pov_02.par
Analysis completed  4-Jan-2023 19:48.  Runtime = 0.00 seconds.


             ----  Descriptive Statistics for Variables  ----

 Variable    Minimum value   Maximum value    Mean value     Standard dev.
----------  --------------  --------------  --------------  --------------
         x               1            5.47           3.094        1.736139
         y            5.33            7.96           6.028         1.09803


                   ----  Calculated Parameter Values  ----

 Parameter  Initial guess   Final estimate   Standard error      t      Prob(t)
----------  -------------  ----------------  --------------  ---------  -------
         b              1      -0.286856424      0.03568677      -8.04  0.00130

