   1: variable x,y;
   2: parameter b;
   3: function y=8.0*(x^b);
   4: Plot xlabel="x-Achse",ylabel="y-Achse";
   5: data;

Beginning computation...
Stopped due to: Both parameter and relative function convergence.


   ----  Final Results  ----

NLREG version 5.4
Copyright (c) 1992-2002 Phillip H. Sherrod.  All rights reserved.
This is a registered copy of NLREG that may not be redistributed.

Number of observations = 5
Maximum allowed number of iterations = 500
Convergence tolerance factor = 1.000000E-010
Stopped due to: Both parameter and relative function convergence.
Number of iterations performed = 11
Final sum of squared deviations = 4.9041096E-001
Final sum of deviations = -2.7179550E-001
Standard error of estimate = 0.350147
Average deviation = 0.223457
Maximum deviation for any observation = 0.625014
Proportion of variance explained (R^2) = 0.9001  (90.01%)
Adjusted coefficient of multiple determination (Ra^2) = 0.9001  (90.01%)
Durbin-Watson test for autocorrelation = 2.382
Parameter values will be written to C:\Users\peleg\OneDrive\doktorát\experiment_disertace\výsledky\fin_výsl\syntax\typ1\VKS1\pov_VKS1\vysl_trunc_VKS1_pov\param_trunc_VKS1_pov_09.par
Analysis completed  4-Jan-2023 19:48.  Runtime = 0.00 seconds.


             ----  Descriptive Statistics for Variables  ----

 Variable    Minimum value   Maximum value    Mean value     Standard dev.
----------  --------------  --------------  --------------  --------------
         x               1            6.26           3.252        2.019287
         y            5.16               8            6.15        1.107971


                   ----  Calculated Parameter Values  ----

 Parameter  Initial guess   Final estimate   Standard error      t      Prob(t)
----------  -------------  ----------------  --------------  ---------  -------
         b              1      -0.267727827      0.02455772     -10.90  0.00040

