   1: variable x,y;
   2: parameter b;
   3: function y=8.42*(x^b);
   4: Plot xlabel="x-Achse",ylabel="y-Achse";
   5: data;

Beginning computation...
Stopped due to: Both parameter and relative function convergence.


   ----  Final Results  ----

NLREG version 5.4
Copyright (c) 1992-2002 Phillip H. Sherrod.  All rights reserved.
This is a registered copy of NLREG that may not be redistributed.

Number of observations = 5
Maximum allowed number of iterations = 500
Convergence tolerance factor = 1.000000E-010
Stopped due to: Both parameter and relative function convergence.
Number of iterations performed = 12
Final sum of squared deviations = 9.8079455E-001
Final sum of deviations = -2.9738507E-001
Standard error of estimate = 0.495175
Average deviation = 0.326824
Maximum deviation for any observation = 0.675461
Proportion of variance explained (R^2) = 0.8453  (84.53%)
Adjusted coefficient of multiple determination (Ra^2) = 0.8453  (84.53%)
Durbin-Watson test for autocorrelation = 2.012
Parameter values will be written to C:\Users\peleg\OneDrive\doktorát\experiment_disertace\výsledky\fin_výsl\syntax\typ1\VKS1\pov_VKS1\vysl_trunc_VKS1_pov\param_trunc_VKS1_pov_08.par
Analysis completed  4-Jan-2023 19:48.  Runtime = 0.00 seconds.


             ----  Descriptive Statistics for Variables  ----

 Variable    Minimum value   Maximum value    Mean value     Standard dev.
----------  --------------  --------------  --------------  --------------
         x               1             5.6            3.12        1.781011
         y            5.04            8.42           6.338        1.259135


                   ----  Calculated Parameter Values  ----

 Parameter  Initial guess   Final estimate   Standard error      t      Prob(t)
----------  -------------  ----------------  --------------  ---------  -------
         b              1      -0.296566608      0.03477271      -8.53  0.00104

