   1: variable x,y;
   2: parameter b;
   3: function y=1.88*(x^b);
   4: Plot xlabel="x-Achse",ylabel="y-Achse";
   5: data;

Beginning computation...
Stopped due to: Both parameter and relative function convergence.


   ----  Final Results  ----

NLREG version 5.4
Copyright (c) 1992-2002 Phillip H. Sherrod.  All rights reserved.
This is a registered copy of NLREG that may not be redistributed.

Number of observations = 7
Maximum allowed number of iterations = 500
Convergence tolerance factor = 1.000000E-010
Stopped due to: Both parameter and relative function convergence.
Number of iterations performed = 8
Final sum of squared deviations = 1.5078973E-001
Final sum of deviations = 2.6059581E-001
Standard error of estimate = 0.15853
Average deviation = 0.115705
Maximum deviation for any observation = 0.274669
Proportion of variance explained (R^2) = 0.6153  (61.53%)
Adjusted coefficient of multiple determination (Ra^2) = 0.6153  (61.53%)
Durbin-Watson test for autocorrelation = 1.048
Parameter values will be written to C:\Users\peleg\OneDrive\doktorát\experiment_disertace\výsledky\fin_výsl\syntax\typ2\FSM2_oprava\pov_FSM2\vysl_trunc_FSM2_pov\param_trunc_FSM2_pov_07.par
Analysis completed  4-Apr-2023 16:33.  Runtime = 0.01 seconds.


             ----  Descriptive Statistics for Variables  ----

 Variable    Minimum value   Maximum value    Mean value     Standard dev.
----------  --------------  --------------  --------------  --------------
         x               1             8.9        4.271429        2.661274
         y            1.88            2.59        2.367143       0.2555852


                   ----  Calculated Parameter Values  ----

 Parameter  Initial guess   Final estimate   Standard error      t      Prob(t)
----------  -------------  ----------------  --------------  ---------  -------
         b              1       0.166376612      0.01668671       9.97  0.00006

