   1: variable x,y;
   2: parameter b;
   3: function y=1.69*(x^b);
   4: Plot xlabel="x-Achse",ylabel="y-Achse";
   5: data;

Beginning computation...
Stopped due to: Both parameter and relative function convergence.


   ----  Final Results  ----

NLREG version 5.4
Copyright (c) 1992-2002 Phillip H. Sherrod.  All rights reserved.
This is a registered copy of NLREG that may not be redistributed.

Number of observations = 7
Maximum allowed number of iterations = 500
Convergence tolerance factor = 1.000000E-010
Stopped due to: Both parameter and relative function convergence.
Number of iterations performed = 11
Final sum of squared deviations = 2.6820313E-001
Final sum of deviations = 2.7203683E-001
Standard error of estimate = 0.211425
Average deviation = 0.161164
Maximum deviation for any observation = 0.365263
Proportion of variance explained (R^2) = 0.2436  (24.36%)
Adjusted coefficient of multiple determination (Ra^2) = 0.2436  (24.36%)
Durbin-Watson test for autocorrelation = 1.042
Parameter values will be written to C:\Users\peleg\OneDrive\doktorát\experiment_disertace\výsledky\fin_výsl\syntax\typ2\FSM2_oprava\pov_FSM2\vysl_trunc_FSM2_pov\param_trunc_FSM2_pov_03.par
Analysis completed  4-Apr-2023 16:33.  Runtime = 0.00 seconds.


             ----  Descriptive Statistics for Variables  ----

 Variable    Minimum value   Maximum value    Mean value     Standard dev.
----------  --------------  --------------  --------------  --------------
         x               1            8.39        4.198571        2.516482
         y            1.69            2.44            2.08       0.2431049


                   ----  Calculated Parameter Values  ----

 Parameter  Initial guess   Final estimate   Standard error      t      Prob(t)
----------  -------------  ----------------  --------------  ---------  -------
         b              1       0.147952538       0.0259328       5.71  0.00125

