   1: variable x,y;
   2: parameter b;
   3: function y=1.79*(x^b);
   4: Plot xlabel="x-Achse",ylabel="y-Achse";
   5: data;

Beginning computation...
Stopped due to: Both parameter and relative function convergence.


   ----  Final Results  ----

NLREG version 5.4
Copyright (c) 1992-2002 Phillip H. Sherrod.  All rights reserved.
This is a registered copy of NLREG that may not be redistributed.

Number of observations = 7
Maximum allowed number of iterations = 500
Convergence tolerance factor = 1.000000E-010
Stopped due to: Both parameter and relative function convergence.
Number of iterations performed = 9
Final sum of squared deviations = 1.6675628E-001
Final sum of deviations = 2.4059425E-001
Standard error of estimate = 0.166711
Average deviation = 0.132899
Maximum deviation for any observation = 0.24115
Proportion of variance explained (R^2) = 0.2600  (26.00%)
Adjusted coefficient of multiple determination (Ra^2) = 0.2600  (26.00%)
Durbin-Watson test for autocorrelation = 1.330
Parameter values will be written to C:\Users\peleg\OneDrive\doktorát\experiment_disertace\výsledky\fin_výsl\syntax\typ2\FSM2_oprava\pov_FSM2\vysl_trunc_FSM2_pov\param_trunc_FSM2_pov_05.par
Analysis completed  4-Apr-2023 16:33.  Runtime = 0.00 seconds.


             ----  Descriptive Statistics for Variables  ----

 Variable    Minimum value   Maximum value    Mean value     Standard dev.
----------  --------------  --------------  --------------  --------------
         x               1            8.41        4.201429        2.522039
         y            1.79            2.37        2.132857       0.1937967


                   ----  Calculated Parameter Values  ----

 Parameter  Initial guess   Final estimate   Standard error      t      Prob(t)
----------  -------------  ----------------  --------------  ---------  -------
         b              1       0.125057213      0.02008517       6.23  0.00079

