   1: variable x,y;
   2: parameter b;
   3: function y=1.89*(x^b);
   4: Plot xlabel="x-Achse",ylabel="y-Achse";
   5: data;

Beginning computation...
Stopped due to: Both parameter and relative function convergence.


   ----  Final Results  ----

NLREG version 5.4
Copyright (c) 1992-2002 Phillip H. Sherrod.  All rights reserved.
This is a registered copy of NLREG that may not be redistributed.

Number of observations = 7
Maximum allowed number of iterations = 500
Convergence tolerance factor = 1.000000E-010
Stopped due to: Both parameter and relative function convergence.
Number of iterations performed = 10
Final sum of squared deviations = 1.1301479E-001
Final sum of deviations = 2.9056362E-001
Standard error of estimate = 0.137244
Average deviation = 0.103523
Maximum deviation for any observation = 0.232633
Proportion of variance explained (R^2) = 0.1371  (13.71%)
Adjusted coefficient of multiple determination (Ra^2) = 0.1371  (13.71%)
Durbin-Watson test for autocorrelation = 0.787
This Durbin-Watson value indicates autocorrelation or inappropriate function.
Parameter values will be written to C:\Users\peleg\OneDrive\doktorát\experiment_disertace\výsledky\fin_výsl\syntax\typ2\FSM2_oprava\pov_FSM2\vysl_trunc_FSM2_pov\param_trunc_FSM2_pov_06.par
Analysis completed  4-Apr-2023 16:33.  Runtime = 0.00 seconds.


             ----  Descriptive Statistics for Variables  ----

 Variable    Minimum value   Maximum value    Mean value     Standard dev.
----------  --------------  --------------  --------------  --------------
         x               1            9.88        4.411429        2.954925
         y            1.89             2.3        2.215714        0.147745


                   ----  Calculated Parameter Values  ----

 Parameter  Initial guess   Final estimate   Standard error      t      Prob(t)
----------  -------------  ----------------  --------------  ---------  -------
         b              1        0.10831943       0.0155863       6.95  0.00044

