   1: variable x,y;
   2: parameter b;
   3: function y=1.82*(x^b);
   4: Plot xlabel="x-Achse",ylabel="y-Achse";
   5: data;

Beginning computation...
Stopped due to: Relative function convergence.


   ----  Final Results  ----

NLREG version 5.4
Copyright (c) 1992-2002 Phillip H. Sherrod.  All rights reserved.
This is a registered copy of NLREG that may not be redistributed.

Number of observations = 7
Maximum allowed number of iterations = 500
Convergence tolerance factor = 1.000000E-010
Stopped due to: Relative function convergence.
Number of iterations performed = 8
Final sum of squared deviations = 2.1702872E-001
Final sum of deviations = 3.1203738E-001
Standard error of estimate = 0.190188
Average deviation = 0.144972
Maximum deviation for any observation = 0.335736
Proportion of variance explained (R^2) = 0.5485  (54.85%)
Adjusted coefficient of multiple determination (Ra^2) = 0.5485  (54.85%)
Durbin-Watson test for autocorrelation = 0.998
Parameter values will be written to C:\Users\peleg\OneDrive\doktorát\experiment_disertace\výsledky\fin_výsl\syntax\typ2\FSM2_oprava\pov_FSM2\vysl_trunc_FSM2_pov\param_trunc_FSM2_pov_08.par
Analysis completed  4-Apr-2023 16:33.  Runtime = 0.00 seconds.


             ----  Descriptive Statistics for Variables  ----

 Variable    Minimum value   Maximum value    Mean value     Standard dev.
----------  --------------  --------------  --------------  --------------
         x               1           10.55        4.638571        3.255111
         y            1.82            2.67        2.331429       0.2830447


                   ----  Calculated Parameter Values  ----

 Parameter  Initial guess   Final estimate   Standard error      t      Prob(t)
----------  -------------  ----------------  --------------  ---------  -------
         b              1       0.170223966       0.0192285       8.85  0.00012

