   1: variable x,y;
   2: parameter a,b,c;
   3: function y=a*(x^b)*exp(-c*x);
   4: Plot xlabel="x-Achse",ylabel="y-Achse";
   5: data;

Beginning computation...
Stopped due to: Relative function convergence.


   ----  Final Results  ----

NLREG version 5.4
Copyright (c) 1992-2002 Phillip H. Sherrod.  All rights reserved.
This is a registered copy of NLREG that may not be redistributed.

Number of observations = 12
Maximum allowed number of iterations = 500
Convergence tolerance factor = 1.000000E-010
Stopped due to: Relative function convergence.
Number of iterations performed = 12
Final sum of squared deviations = 2.7059593E-001
Final sum of deviations = 1.2431428E-002
Standard error of estimate = 0.173396
Average deviation = 0.124046
Maximum deviation for any observation = 0.277892
Proportion of variance explained (R^2) = 0.8263  (82.63%)
Adjusted coefficient of multiple determination (Ra^2) = 0.7877  (78.77%)
Durbin-Watson test for autocorrelation = 1.212
Parameter values will be written to C:\Users\peleg\OneDrive\doktorát\experiment_disertace\výsledky\fin_výsl\syntax\typ1\KSM1\pov_KSM1\vysl_compl_KSM1_pov_minus_c\param_compl_KSM1_pov_01_minus_c.par
Analysis completed 13-Apr-2023 16:12.  Runtime = 0.00 seconds.


             ----  Descriptive Statistics for Variables  ----

 Variable    Minimum value   Maximum value    Mean value     Standard dev.
----------  --------------  --------------  --------------  --------------
         x               1           18.39        7.085833        4.825814
         y            2.24            3.62        2.459167       0.3763088


                   ----  Calculated Parameter Values  ----

 Parameter  Initial guess   Final estimate   Standard error      t      Prob(t)
----------  -------------  ----------------  --------------  ---------  -------
         a              1        3.29483985       0.1371135      24.03  0.00001
         b              1      -0.320613574      0.05504026      -5.83  0.00025
         c              1     -0.0347032155      0.01006565      -3.45  0.00730


                  ----  Analysis of Variance  ----

  Source     DF   Sum of Squares    Mean Square    F value   Prob(F)
----------  ----  --------------  --------------  ---------  -------
Regression     2        1.287096       0.6435479      21.40  0.00038
Error          9       0.2705959      0.03006621
Total         11        1.557692

