   1: variable x,y;
   2: parameter a,b,c;
   3: function y=a*(x^b)*exp(c*x);
   4: Plot xlabel="x-Achse",ylabel="y-Achse";
   5: data;

Beginning computation...
Stopped due to: Relative function convergence.


   ----  Final Results  ----

NLREG version 5.4
Copyright (c) 1992-2002 Phillip H. Sherrod.  All rights reserved.
This is a registered copy of NLREG that may not be redistributed.

Number of observations = 11
Maximum allowed number of iterations = 500
Convergence tolerance factor = 1.000000E-010
Stopped due to: Relative function convergence.
Number of iterations performed = 36
Final sum of squared deviations = 3.8127993E-002
Final sum of deviations = 1.7719761E-003
Standard error of estimate = 0.0690362
Average deviation = 0.0463544
Maximum deviation for any observation = 0.12259
Proportion of variance explained (R^2) = 0.9118  (91.18%)
Adjusted coefficient of multiple determination (Ra^2) = 0.8897  (88.97%)
Durbin-Watson test for autocorrelation = 1.971
Parameter values will be written to C:\Users\peleg\OneDrive\doktorát\experiment_disertace\výsledky\fin_výsl\syntax\typ1\KSM1_oprava\pov_KSM1\vysl_compl_KSM1_pov\param_compl_KSM1_pov_03.par
Analysis completed  5-Apr-2023 12:16.  Runtime = 0.00 seconds.


             ----  Descriptive Statistics for Variables  ----

 Variable    Minimum value   Maximum value    Mean value     Standard dev.
----------  --------------  --------------  --------------  --------------
         x            1.67           14.65            7.26         3.88329
         y            2.06            2.79        2.183636       0.2078592


                   ----  Calculated Parameter Values  ----

 Parameter  Initial guess   Final estimate   Standard error      t      Prob(t)
----------  -------------  ----------------  --------------  ---------  -------
         a              1        3.03081398       0.1032461      29.36  0.00001
         b              1      -0.337089283      0.04601744      -7.33  0.00008
         c              1      0.0390053916      0.00792164       4.92  0.00116


                  ----  Analysis of Variance  ----

  Source     DF   Sum of Squares    Mean Square    F value   Prob(F)
----------  ----  --------------  --------------  ---------  -------
Regression     2       0.3939266       0.1969633      41.33  0.00006
Error          8      0.03812799     0.004765999
Total         10       0.4320545

