   1: variable x,y;
   2: parameter a,b,c;
   3: function y=a*(x^b)*exp(-c*x);
   4: Plot xlabel="x-Achse",ylabel="y-Achse";
   5: data;

Beginning computation...
Stopped due to: Both parameter and relative function convergence.


   ----  Final Results  ----

NLREG version 5.4
Copyright (c) 1992-2002 Phillip H. Sherrod.  All rights reserved.
This is a registered copy of NLREG that may not be redistributed.

Number of observations = 13
Maximum allowed number of iterations = 500
Convergence tolerance factor = 1.000000E-010
Stopped due to: Both parameter and relative function convergence.
Number of iterations performed = 13
Final sum of squared deviations = 1.0384930E-001
Final sum of deviations = 7.9254082E-003
Standard error of estimate = 0.101906
Average deviation = 0.0641789
Maximum deviation for any observation = 0.226613
Proportion of variance explained (R^2) = 0.9368  (93.68%)
Adjusted coefficient of multiple determination (Ra^2) = 0.9241  (92.41%)
Durbin-Watson test for autocorrelation = 2.127
Parameter values will be written to C:\Users\peleg\OneDrive\doktorát\experiment_disertace\výsledky\fin_výsl\syntax\typ1\KSM1\pov_KSM1\vysl_compl_KSM1_pov_minus_c\param_compl_KSM1_pov_04_minus_c.par
Analysis completed 13-Apr-2023 16:12.  Runtime = 0.00 seconds.


             ----  Descriptive Statistics for Variables  ----

 Variable    Minimum value   Maximum value    Mean value     Standard dev.
----------  --------------  --------------  --------------  --------------
         x               1           15.74        7.210769        4.299323
         y            2.11            3.53        2.360769       0.3699653


                   ----  Calculated Parameter Values  ----

 Parameter  Initial guess   Final estimate   Standard error      t      Prob(t)
----------  -------------  ----------------  --------------  ---------  -------
         a              1        3.26222829      0.07994785      40.80  0.00001
         b              1      -0.383467843      0.03722034     -10.30  0.00001
         c              1     -0.0468787884     0.007433331      -6.31  0.00009


                  ----  Analysis of Variance  ----

  Source     DF   Sum of Squares    Mean Square    F value   Prob(F)
----------  ----  --------------  --------------  ---------  -------
Regression     2        1.538643       0.7693215      74.08  0.00001
Error         10       0.1038493      0.01038493
Total         12        1.642492

