   1: variable x,y;
   2: parameter a,b,c;
   3: function y=a*(x^b)*exp(c*x);
   4: Plot xlabel="x-Achse",ylabel="y-Achse";
   5: data;

Beginning computation...
Stopped due to: Relative function convergence.


   ----  Final Results  ----

NLREG version 5.4
Copyright (c) 1992-2002 Phillip H. Sherrod.  All rights reserved.
This is a registered copy of NLREG that may not be redistributed.

Number of observations = 11
Maximum allowed number of iterations = 500
Convergence tolerance factor = 1.000000E-010
Stopped due to: Relative function convergence.
Number of iterations performed = 27
Final sum of squared deviations = 1.1622768E-001
Final sum of deviations = 7.6762138E-003
Standard error of estimate = 0.120534
Average deviation = 0.0792069
Maximum deviation for any observation = 0.239486
Proportion of variance explained (R^2) = 0.9174  (91.74%)
Adjusted coefficient of multiple determination (Ra^2) = 0.8968  (89.68%)
Durbin-Watson test for autocorrelation = 2.096
Parameter values will be written to C:\Users\peleg\OneDrive\doktorát\experiment_disertace\výsledky\fin_výsl\syntax\typ1\KSM1_oprava\pov_KSM1\vysl_compl_KSM1_pov\param_compl_KSM1_pov_07.par
Analysis completed  5-Apr-2023 12:16.  Runtime = 0.00 seconds.


             ----  Descriptive Statistics for Variables  ----

 Variable    Minimum value   Maximum value    Mean value     Standard dev.
----------  --------------  --------------  --------------  --------------
         x               1           13.19        6.199091        3.691342
         y            2.29             3.6        2.495455        0.375163


                   ----  Calculated Parameter Values  ----

 Parameter  Initial guess   Final estimate   Standard error      t      Prob(t)
----------  -------------  ----------------  --------------  ---------  -------
         a              1        3.27951753       0.0936847      35.01  0.00001
         b              1      -0.406419318       0.0494846      -8.21  0.00004
         c              1      0.0599347385      0.01108368       5.41  0.00064


                  ----  Analysis of Variance  ----

  Source     DF   Sum of Squares    Mean Square    F value   Prob(F)
----------  ----  --------------  --------------  ---------  -------
Regression     2        1.291245       0.6456225      44.44  0.00005
Error          8       0.1162277      0.01452846
Total         10        1.407473

