   1: variable x,y;
   2: parameter a,b,c;
   3: function y=a*(x^b)*exp(c*x);
   4: Plot xlabel="x-Achse",ylabel="y-Achse";
   5: data;

Beginning computation...
Stopped due to: Relative function convergence.


   ----  Final Results  ----

NLREG version 5.4
Copyright (c) 1992-2002 Phillip H. Sherrod.  All rights reserved.
This is a registered copy of NLREG that may not be redistributed.

Number of observations = 11
Maximum allowed number of iterations = 500
Convergence tolerance factor = 1.000000E-010
Stopped due to: Relative function convergence.
Number of iterations performed = 37
Final sum of squared deviations = 5.0019008E-002
Final sum of deviations = 8.5612998E-004
Standard error of estimate = 0.079072
Average deviation = 0.0567081
Maximum deviation for any observation = 0.109255
Proportion of variance explained (R^2) = 0.7464  (74.64%)
Adjusted coefficient of multiple determination (Ra^2) = 0.6829  (68.29%)
Durbin-Watson test for autocorrelation = 1.667
Parameter values will be written to C:\Users\peleg\OneDrive\doktorát\experiment_disertace\výsledky\fin_výsl\syntax\typ1\KSM1_oprava\pov_KSM1\vysl_compl_KSM1_pov\param_compl_KSM1_pov_05.par
Analysis completed  5-Apr-2023 12:16.  Runtime = 0.00 seconds.


             ----  Descriptive Statistics for Variables  ----

 Variable    Minimum value   Maximum value    Mean value     Standard dev.
----------  --------------  --------------  --------------  --------------
         x            1.82           14.25        7.246364        3.798116
         y            2.13            2.64            2.23       0.1404279


                   ----  Calculated Parameter Values  ----

 Parameter  Initial guess   Final estimate   Standard error      t      Prob(t)
----------  -------------  ----------------  --------------  ---------  -------
         a              1        2.79720284       0.1261245      22.18  0.00001
         b              1      -0.247317689      0.05898182      -4.19  0.00302
         c              1      0.0309729079     0.009818561       3.15  0.01351


                  ----  Analysis of Variance  ----

  Source     DF   Sum of Squares    Mean Square    F value   Prob(F)
----------  ----  --------------  --------------  ---------  -------
Regression     2        0.147181       0.0735905      11.77  0.00414
Error          8      0.05001901     0.006252376
Total         10          0.1972

