   1: variable x,y;
   2: parameter a,b,c;
   3: function y=a*(x^b)*exp(-c*x);
   4: Plot xlabel="x-Achse",ylabel="y-Achse";
   5: data;

Beginning computation...
Stopped due to: Relative function convergence.


   ----  Final Results  ----

NLREG version 5.4
Copyright (c) 1992-2002 Phillip H. Sherrod.  All rights reserved.
This is a registered copy of NLREG that may not be redistributed.

Number of observations = 20
Maximum allowed number of iterations = 500
Convergence tolerance factor = 1.000000E-010
Stopped due to: Relative function convergence.
Number of iterations performed = 15
Final sum of squared deviations = 1.9448668E-001
Final sum of deviations = 9.9003726E-003
Standard error of estimate = 0.10696
Average deviation = 0.0788815
Maximum deviation for any observation = 0.215805
Proportion of variance explained (R^2) = 0.8450  (84.50%)
Adjusted coefficient of multiple determination (Ra^2) = 0.8268  (82.68%)
Durbin-Watson test for autocorrelation = 1.132
Parameter values will be written to C:\Users\peleg\OneDrive\doktorát\experiment_disertace\výsledky\fin_výsl\syntax\typ1\KSM1\pov_KSM1\vysl_compl_KSM1_pov_minus_c\param_compl_KSM1_pov_slouè_minus_c.par
Analysis completed 13-Apr-2023 16:13.  Runtime = 0.00 seconds.


             ----  Descriptive Statistics for Variables  ----

 Variable    Minimum value   Maximum value    Mean value     Standard dev.
----------  --------------  --------------  --------------  --------------
         x               1           25.29          10.801        6.507587
         y            2.22            3.38           2.328       0.2569784


                   ----  Calculated Parameter Values  ----

 Parameter  Initial guess   Final estimate   Standard error      t      Prob(t)
----------  -------------  ----------------  --------------  ---------  -------
         a              1         3.0959273      0.08339723      37.12  0.00001
         b              1       -0.24658167      0.02752764      -8.96  0.00001
         c              1     -0.0218112226     0.003784744      -5.76  0.00002


                  ----  Analysis of Variance  ----

  Source     DF   Sum of Squares    Mean Square    F value   Prob(F)
----------  ----  --------------  --------------  ---------  -------
Regression     2        1.060233       0.5301167      46.34  0.00001
Error         17       0.1944867      0.01144039
Total         19         1.25472

