   1: variable x,y;
   2: parameter a,b,c;
   3: function y=a*(x^b)*exp(c*x);
   4: Plot xlabel="x-Achse",ylabel="y-Achse";
   5: data;

Beginning computation...
Stopped due to: Both parameter and relative function convergence.


   ----  Final Results  ----

NLREG version 5.4
Copyright (c) 1992-2002 Phillip H. Sherrod.  All rights reserved.
This is a registered copy of NLREG that may not be redistributed.

Number of observations = 7
Maximum allowed number of iterations = 500
Convergence tolerance factor = 1.000000E-010
Stopped due to: Both parameter and relative function convergence.
Number of iterations performed = 19
Final sum of squared deviations = 1.0973126E-002
Final sum of deviations = 6.6559302E-003
Standard error of estimate = 0.0523763
Average deviation = 0.0326894
Maximum deviation for any observation = 0.0586488
Proportion of variance explained (R^2) = 0.9985  (99.85%)
Adjusted coefficient of multiple determination (Ra^2) = 0.9978  (99.78%)
Durbin-Watson test for autocorrelation = 1.462
Parameter values will be written to C:\Users\peleg\OneDrive\doktorát\experiment_disertace\výsledky\fin_výsl\slovo_morfém_foném_oprava\pov_SMF\types_pov_SMF\vysl_compl_SMF_types_pov\param_compl_types_pov_slouè.par
Analysis completed  2-Apr-2023 17:16.  Runtime = 0.00 seconds.


             ----  Descriptive Statistics for Variables  ----

 Variable    Minimum value   Maximum value    Mean value     Standard dev.
----------  --------------  --------------  --------------  --------------
         x               1             7.1        4.014286        2.183597
         y            1.58            4.68        2.295714        1.107548


                   ----  Calculated Parameter Values  ----

 Parameter  Initial guess   Final estimate   Standard error      t      Prob(t)
----------  -------------  ----------------  --------------  ---------  -------
         a              1        3.96134592      0.06642709      59.63  0.00001
         b              1       -1.04747279      0.04425826     -23.67  0.00002
         c              1       0.163643498      0.01629957      10.04  0.00055


                  ----  Analysis of Variance  ----

  Source     DF   Sum of Squares    Mean Square    F value   Prob(F)
----------  ----  --------------  --------------  ---------  -------
Regression     2        7.348998        3.674499    1339.45  0.00001
Error          4      0.01097313     0.002743281
Total          6        7.359971

