   1: variable x,y;
   2: parameter a,b,c;
   3: function y=a*(x^b)*exp(c*x);
   4: Plot xlabel="x-Achse",ylabel="y-Achse";
   5: data;

Beginning computation...
Stopped due to: Relative function convergence.


   ----  Final Results  ----

NLREG version 5.4
Copyright (c) 1992-2002 Phillip H. Sherrod.  All rights reserved.
This is a registered copy of NLREG that may not be redistributed.

Number of observations = 6
Maximum allowed number of iterations = 500
Convergence tolerance factor = 1.000000E-010
Stopped due to: Relative function convergence.
Number of iterations performed = 18
Final sum of squared deviations = 1.0100130E-001
Final sum of deviations = 6.4215889E-003
Standard error of estimate = 0.183486
Average deviation = 0.116899
Maximum deviation for any observation = 0.233642
Proportion of variance explained (R^2) = 0.9057  (90.57%)
Adjusted coefficient of multiple determination (Ra^2) = 0.8429  (84.29%)
Durbin-Watson test for autocorrelation = 2.418
Parameter values will be written to C:\Users\peleg\OneDrive\doktorát\experiment_disertace\výsledky\fin_výsl\slovo_morfém_foném_oprava\pov_SMF\tokens_pov_SMF\vysl_compl_SMF_tokens_pov\param_compl_tokens_pov_07.par
Analysis completed  2-Apr-2023 17:15.  Runtime = 0.00 seconds.


             ----  Descriptive Statistics for Variables  ----

 Variable    Minimum value   Maximum value    Mean value     Standard dev.
----------  --------------  --------------  --------------  --------------
         x               1            6.07        3.511667         1.88966
         y            1.57            2.84        1.913333       0.4628895


                   ----  Calculated Parameter Values  ----

 Parameter  Initial guess   Final estimate   Standard error      t      Prob(t)
----------  -------------  ----------------  --------------  ---------  -------
         a              1        2.38795429       0.2140317      11.16  0.00154
         b              1       -0.71132446       0.2356372      -3.02  0.05682
         c              1       0.153775129      0.08947681       1.72  0.18418


                  ----  Analysis of Variance  ----

  Source     DF   Sum of Squares    Mean Square    F value   Prob(F)
----------  ----  --------------  --------------  ---------  -------
Regression     2        0.970332        0.485166      14.41  0.02895
Error          3       0.1010013       0.0336671
Total          5        1.071333

