   1: variable x,y;
   2: parameter a,b,c;
   3: function y=a*(x^b)*exp(c*x);
   4: Plot xlabel="x-Achse",ylabel="y-Achse";
   5: data;

Beginning computation...
Stopped due to: Relative function convergence.


   ----  Final Results  ----

NLREG version 5.4
Copyright (c) 1992-2002 Phillip H. Sherrod.  All rights reserved.
This is a registered copy of NLREG that may not be redistributed.

Number of observations = 6
Maximum allowed number of iterations = 500
Convergence tolerance factor = 1.000000E-010
Stopped due to: Relative function convergence.
Number of iterations performed = 18
Final sum of squared deviations = 1.3418278E-002
Final sum of deviations = 2.1978025E-003
Standard error of estimate = 0.0668787
Average deviation = 0.0398965
Maximum deviation for any observation = 0.0670779
Proportion of variance explained (R^2) = 0.9951  (99.51%)
Adjusted coefficient of multiple determination (Ra^2) = 0.9919  (99.19%)
Durbin-Watson test for autocorrelation = 2.024
Parameter values will be written to C:\Users\peleg\OneDrive\doktorát\experiment_disertace\výsledky\fin_výsl\slovo_morfém_foném_oprava\pov_SMF\types_pov_SMF\vysl_compl_SMF_types_pov\param_compl_types_pov_09.par
Analysis completed  2-Apr-2023 17:16.  Runtime = 0.00 seconds.


             ----  Descriptive Statistics for Variables  ----

 Variable    Minimum value   Maximum value    Mean value     Standard dev.
----------  --------------  --------------  --------------  --------------
         x               1               6             3.5        1.870829
         y            1.49            3.53        2.126667        0.742177


                   ----  Calculated Parameter Values  ----

 Parameter  Initial guess   Final estimate   Standard error      t      Prob(t)
----------  -------------  ----------------  --------------  ---------  -------
         a              1        3.23168538       0.0983691      32.85  0.00006
         b              1      -0.690265347      0.07763401      -8.89  0.00300
         c              1      0.0844327717      0.03088209       2.73  0.07170


                  ----  Analysis of Variance  ----

  Source     DF   Sum of Squares    Mean Square    F value   Prob(F)
----------  ----  --------------  --------------  ---------  -------
Regression     2        2.740715        1.370358     306.38  0.00034
Error          3      0.01341828     0.004472759
Total          5        2.754133

