   1: variable x,y;
   2: parameter a,b,c;
   3: function y=a*(x^b)*exp(c*x);
   4: Plot xlabel="x-Achse",ylabel="y-Achse";
   5: data;

Beginning computation...
Stopped due to: Relative function convergence.


   ----  Final Results  ----

NLREG version 5.4
Copyright (c) 1992-2002 Phillip H. Sherrod.  All rights reserved.
This is a registered copy of NLREG that may not be redistributed.

Number of observations = 6
Maximum allowed number of iterations = 500
Convergence tolerance factor = 1.000000E-010
Stopped due to: Relative function convergence.
Number of iterations performed = 19
Final sum of squared deviations = 9.1662243E-002
Final sum of deviations = 4.3150480E-003
Standard error of estimate = 0.174797
Average deviation = 0.10738
Maximum deviation for any observation = 0.171266
Proportion of variance explained (R^2) = 0.9024  (90.24%)
Adjusted coefficient of multiple determination (Ra^2) = 0.8374  (83.74%)
Durbin-Watson test for autocorrelation = 2.039
Parameter values will be written to C:\Users\peleg\OneDrive\doktorát\experiment_disertace\výsledky\fin_výsl\slovo_morfém_foném_oprava\pov_SMF\tokens_pov_SMF\vysl_compl_SMF_tokens_pov\param_compl_tokens_pov_05.par
Analysis completed  2-Apr-2023 17:15.  Runtime = 0.00 seconds.


             ----  Descriptive Statistics for Variables  ----

 Variable    Minimum value   Maximum value    Mean value     Standard dev.
----------  --------------  --------------  --------------  --------------
         x               1            6.23        3.538333        1.933602
         y            1.44            2.72        1.883333       0.4334359


                   ----  Calculated Parameter Values  ----

 Parameter  Initial guess   Final estimate   Standard error      t      Prob(t)
----------  -------------  ----------------  --------------  ---------  -------
         a              1        2.44416989       0.2051188      11.92  0.00127
         b              1      -0.535094617       0.2211415      -2.42  0.09419
         c              1      0.0879790784      0.08314614       1.06  0.36766


                  ----  Analysis of Variance  ----

  Source     DF   Sum of Squares    Mean Square    F value   Prob(F)
----------  ----  --------------  --------------  ---------  -------
Regression     2       0.8476711       0.4238355      13.87  0.03048
Error          3      0.09166224      0.03055408
Total          5       0.9393333

