   1: variable x,y;
   2: parameter a,b,c;
   3: function y=a*(x^b)*exp(c*x);
   4: Plot xlabel="x-Achse",ylabel="y-Achse";
   5: data;

Beginning computation...
Stopped due to: Both parameter and relative function convergence.


   ----  Final Results  ----

NLREG version 5.4
Copyright (c) 1992-2002 Phillip H. Sherrod.  All rights reserved.
This is a registered copy of NLREG that may not be redistributed.

Number of observations = 6
Maximum allowed number of iterations = 500
Convergence tolerance factor = 1.000000E-010
Stopped due to: Both parameter and relative function convergence.
Number of iterations performed = 17
Final sum of squared deviations = 1.1550942E-002
Final sum of deviations = 3.2974411E-003
Standard error of estimate = 0.0620509
Average deviation = 0.0381954
Maximum deviation for any observation = 0.0696134
Proportion of variance explained (R^2) = 0.9965  (99.65%)
Adjusted coefficient of multiple determination (Ra^2) = 0.9942  (99.42%)
Durbin-Watson test for autocorrelation = 2.060
Parameter values will be written to C:\Users\peleg\OneDrive\doktorát\experiment_disertace\výsledky\fin_výsl\slovo_morfém_foném_oprava\pov_SMF\types_pov_SMF\vysl_compl_SMF_types_pov\param_compl_types_pov_08.par
Analysis completed  2-Apr-2023 17:16.  Runtime = 0.00 seconds.


             ----  Descriptive Statistics for Variables  ----

 Variable    Minimum value   Maximum value    Mean value     Standard dev.
----------  --------------  --------------  --------------  --------------
         x               1            6.31        3.551667        1.956021
         y            1.61            3.79        2.216667       0.8132322


                   ----  Calculated Parameter Values  ----

 Parameter  Initial guess   Final estimate   Standard error      t      Prob(t)
----------  -------------  ----------------  --------------  ---------  -------
         a              1        3.28615194      0.08356258      39.33  0.00004
         b              1      -0.845797653      0.06534731     -12.94  0.00100
         c              1       0.139299766      0.02539454       5.49  0.01192


                  ----  Analysis of Variance  ----

  Source     DF   Sum of Squares    Mean Square    F value   Prob(F)
----------  ----  --------------  --------------  ---------  -------
Regression     2        3.295182        1.647591     427.91  0.00021
Error          3      0.01155094     0.003850314
Total          5        3.306733

