   1: variable x,y;
   2: parameter a,b,c;
   3: function y=a*(x^b)*exp(c*x);
   4: Plot xlabel="x-Achse",ylabel="y-Achse";
   5: data;

Beginning computation...
Stopped due to: Relative function convergence.


   ----  Final Results  ----

NLREG version 5.4
Copyright (c) 1992-2002 Phillip H. Sherrod.  All rights reserved.
This is a registered copy of NLREG that may not be redistributed.

Number of observations = 6
Maximum allowed number of iterations = 500
Convergence tolerance factor = 1.000000E-010
Stopped due to: Relative function convergence.
Number of iterations performed = 16
Final sum of squared deviations = 7.2436491E-003
Final sum of deviations = 1.0997597E-003
Standard error of estimate = 0.0491381
Average deviation = 0.0288154
Maximum deviation for any observation = 0.0493728
Proportion of variance explained (R^2) = 0.9973  (99.73%)
Adjusted coefficient of multiple determination (Ra^2) = 0.9955  (99.55%)
Durbin-Watson test for autocorrelation = 2.323
Parameter values will be written to C:\Users\peleg\OneDrive\doktorát\experiment_disertace\výsledky\fin_výsl\slovo_morfém_foném_oprava\pov_SMF\types_pov_SMF\vysl_compl_SMF_types_pov\param_compl_types_pov_10.par
Analysis completed  2-Apr-2023 17:16.  Runtime = 0.00 seconds.


             ----  Descriptive Statistics for Variables  ----

 Variable    Minimum value   Maximum value    Mean value     Standard dev.
----------  --------------  --------------  --------------  --------------
         x               1            6.16        3.526667        1.914227
         y            1.59            3.55        2.151667        0.734341


                   ----  Calculated Parameter Values  ----

 Parameter  Initial guess   Final estimate   Standard error      t      Prob(t)
----------  -------------  ----------------  --------------  ---------  -------
         a              1        3.16448685      0.06743741      46.92  0.00002
         b              1       -0.75218003      0.05476629     -13.73  0.00084
         c              1       0.113956995      0.02142686       5.32  0.01298


                  ----  Analysis of Variance  ----

  Source     DF   Sum of Squares    Mean Square    F value   Prob(F)
----------  ----  --------------  --------------  ---------  -------
Regression     2         2.68904         1.34452     556.84  0.00014
Error          3     0.007243649      0.00241455
Total          5        2.696283

