   1: variable x,y;
   2: parameter a,b,c;
   3: function y=a*(x^b)*exp(c*x);
   4: Plot xlabel="x-Achse",ylabel="y-Achse";
   5: data;

Beginning computation...
Stopped due to: Relative function convergence.


   ----  Final Results  ----

NLREG version 5.4
Copyright (c) 1992-2002 Phillip H. Sherrod.  All rights reserved.
This is a registered copy of NLREG that may not be redistributed.

Number of observations = 6
Maximum allowed number of iterations = 500
Convergence tolerance factor = 1.000000E-010
Stopped due to: Relative function convergence.
Number of iterations performed = 16
Final sum of squared deviations = 3.3408219E-003
Final sum of deviations = -1.5642686E-003
Standard error of estimate = 0.0333708
Average deviation = 0.0202261
Maximum deviation for any observation = 0.0382895
Proportion of variance explained (R^2) = 0.9990  (99.90%)
Adjusted coefficient of multiple determination (Ra^2) = 0.9984  (99.84%)
Durbin-Watson test for autocorrelation = 2.907
Parameter values will be written to C:\Users\peleg\OneDrive\doktorát\experiment_disertace\výsledky\fin_výsl\slovo_morfém_foném_oprava\pov_SMF\types_pov_SMF\vysl_compl_SMF_types_pov\param_compl_types_pov_04.par
Analysis completed  2-Apr-2023 17:16.  Runtime = 0.00 seconds.


             ----  Descriptive Statistics for Variables  ----

 Variable    Minimum value   Maximum value    Mean value     Standard dev.
----------  --------------  --------------  --------------  --------------
         x               1            6.23        3.538333        1.933602
         y            1.64            3.76             2.2        0.823359


                   ----  Calculated Parameter Values  ----

 Parameter  Initial guess   Final estimate   Standard error      t      Prob(t)
----------  -------------  ----------------  --------------  ---------  -------
         a              1        3.32805612      0.04675849      71.18  0.00001
         b              1      -0.816758909      0.03593573     -22.73  0.00019
         c              1       0.124109928      0.01410344       8.80  0.00309


                  ----  Analysis of Variance  ----

  Source     DF   Sum of Squares    Mean Square    F value   Prob(F)
----------  ----  --------------  --------------  ---------  -------
Regression     2        3.386259         1.69313    1520.40  0.00003
Error          3     0.003340822     0.001113607
Total          5          3.3896

