   1: variable x,y;
   2: parameter a,b,c;
   3: function y=a*(x^b)*exp(c*x);
   4: Plot xlabel="x-Achse",ylabel="y-Achse";
   5: data;

Beginning computation...
Stopped due to: Both parameter and relative function convergence.


   ----  Final Results  ----

NLREG version 5.4
Copyright (c) 1992-2002 Phillip H. Sherrod.  All rights reserved.
This is a registered copy of NLREG that may not be redistributed.

Number of observations = 6
Maximum allowed number of iterations = 500
Convergence tolerance factor = 1.000000E-010
Stopped due to: Both parameter and relative function convergence.
Number of iterations performed = 17
Final sum of squared deviations = 5.0199613E-003
Final sum of deviations = 1.6460553E-003
Standard error of estimate = 0.0409062
Average deviation = 0.0249241
Maximum deviation for any observation = 0.0410587
Proportion of variance explained (R^2) = 0.9986  (99.86%)
Adjusted coefficient of multiple determination (Ra^2) = 0.9977  (99.77%)
Durbin-Watson test for autocorrelation = 2.190
Parameter values will be written to C:\Users\peleg\OneDrive\doktorát\experiment_disertace\výsledky\fin_výsl\slovo_morfém_foném_oprava\pov_SMF\types_pov_SMF\vysl_compl_SMF_types_pov\param_compl_types_pov_02.par
Analysis completed  2-Apr-2023 17:16.  Runtime = 0.00 seconds.


             ----  Descriptive Statistics for Variables  ----

 Variable    Minimum value   Maximum value    Mean value     Standard dev.
----------  --------------  --------------  --------------  --------------
         x               1            6.28        3.546667         1.94758
         y            1.64            3.88        2.211667        0.858916


                   ----  Calculated Parameter Values  ----

 Parameter  Initial guess   Final estimate   Standard error      t      Prob(t)
----------  -------------  ----------------  --------------  ---------  -------
         a              1         3.2718402      0.05548983      58.96  0.00001
         b              1      -0.944749032      0.04347731     -21.73  0.00021
         c              1        0.16947036      0.01695608       9.99  0.00213


                  ----  Analysis of Variance  ----

  Source     DF   Sum of Squares    Mean Square    F value   Prob(F)
----------  ----  --------------  --------------  ---------  -------
Regression     2        3.683663        1.841832    1100.70  0.00005
Error          3     0.005019961      0.00167332
Total          5        3.688683

