   1: variable x,y;
   2: parameter a,b,c;
   3: function y=a*(x^b)*exp(c*x);
   4: Plot xlabel="x-Achse",ylabel="y-Achse";
   5: data;

Beginning computation...
Stopped due to: Relative function convergence.


   ----  Final Results  ----

NLREG version 5.4
Copyright (c) 1992-2002 Phillip H. Sherrod.  All rights reserved.
This is a registered copy of NLREG that may not be redistributed.

Number of observations = 6
Maximum allowed number of iterations = 500
Convergence tolerance factor = 1.000000E-010
Stopped due to: Relative function convergence.
Number of iterations performed = 20
Final sum of squared deviations = 2.2783990E-002
Final sum of deviations = 3.0316202E-003
Standard error of estimate = 0.0871474
Average deviation = 0.0528141
Maximum deviation for any observation = 0.0967694
Proportion of variance explained (R^2) = 0.9796  (97.96%)
Adjusted coefficient of multiple determination (Ra^2) = 0.9660  (96.60%)
Durbin-Watson test for autocorrelation = 1.900
Parameter values will be written to C:\Users\peleg\OneDrive\doktorát\experiment_disertace\výsledky\fin_výsl\slovo_morfém_foném_oprava\pov_SMF\tokens_pov_SMF\vysl_compl_SMF_tokens_pov\param_compl_tokens_pov_01.par
Analysis completed  2-Apr-2023 17:15.  Runtime = 0.00 seconds.


             ----  Descriptive Statistics for Variables  ----

 Variable    Minimum value   Maximum value    Mean value     Standard dev.
----------  --------------  --------------  --------------  --------------
         x               1            6.32        3.553333        1.958843
         y            1.64            2.91           1.975       0.4728953


                   ----  Calculated Parameter Values  ----

 Parameter  Initial guess   Final estimate   Standard error      t      Prob(t)
----------  -------------  ----------------  --------------  ---------  -------
         a              1        2.53672505      0.09932499      25.54  0.00013
         b              1      -0.658114508       0.1030352      -6.39  0.00777
         c              1       0.128498329      0.03850273       3.34  0.04447


                  ----  Analysis of Variance  ----

  Source     DF   Sum of Squares    Mean Square    F value   Prob(F)
----------  ----  --------------  --------------  ---------  -------
Regression     2        1.095366        0.547683      72.11  0.00291
Error          3      0.02278399     0.007594663
Total          5         1.11815

