   1: variable x,y;
   2: parameter a,b,c;
   3: function y=a*(x^b)*exp(c*x);
   4: Plot xlabel="x-Achse",ylabel="y-Achse";
   5: data;

Beginning computation...
Stopped due to: Relative function convergence.


   ----  Final Results  ----

NLREG version 5.4
Copyright (c) 1992-2002 Phillip H. Sherrod.  All rights reserved.
This is a registered copy of NLREG that may not be redistributed.

Number of observations = 6
Maximum allowed number of iterations = 500
Convergence tolerance factor = 1.000000E-010
Stopped due to: Relative function convergence.
Number of iterations performed = 17
Final sum of squared deviations = 2.9689870E-002
Final sum of deviations = 1.8563431E-003
Standard error of estimate = 0.0994818
Average deviation = 0.0622843
Maximum deviation for any observation = 0.0952033
Proportion of variance explained (R^2) = 0.9618  (96.18%)
Adjusted coefficient of multiple determination (Ra^2) = 0.9364  (93.64%)
Durbin-Watson test for autocorrelation = 2.153
Parameter values will be written to C:\Users\peleg\OneDrive\doktorát\experiment_disertace\výsledky\fin_výsl\slovo_morfém_foném_oprava\pov_SMF\tokens_pov_SMF\vysl_compl_SMF_tokens_pov\param_compl_tokens_pov_03.par
Analysis completed  2-Apr-2023 17:15.  Runtime = 0.00 seconds.


             ----  Descriptive Statistics for Variables  ----

 Variable    Minimum value   Maximum value    Mean value     Standard dev.
----------  --------------  --------------  --------------  --------------
         x               1               6             3.5        1.870829
         y            1.55            2.68            1.92       0.3944617


                   ----  Calculated Parameter Values  ----

 Parameter  Initial guess   Final estimate   Standard error      t      Prob(t)
----------  -------------  ----------------  --------------  ---------  -------
         a              1        2.45002632       0.1200674      20.41  0.00026
         b              1      -0.489575268       0.1294041      -3.78  0.03237
         c              1      0.0793730697      0.04927062       1.61  0.20557


                  ----  Analysis of Variance  ----

  Source     DF   Sum of Squares    Mean Square    F value   Prob(F)
----------  ----  --------------  --------------  ---------  -------
Regression     2       0.7483101       0.3741551      37.81  0.00745
Error          3      0.02968987     0.009896623
Total          5           0.778

