   1: variable x,y;
   2: parameter a,b,c;
   3: function y=a*(x^b)*exp(c*x);
   4: Plot xlabel="x-Achse",ylabel="y-Achse";
   5: data;

Beginning computation...
Stopped due to: Relative function convergence.


   ----  Final Results  ----

NLREG version 5.4
Copyright (c) 1992-2002 Phillip H. Sherrod.  All rights reserved.
This is a registered copy of NLREG that may not be redistributed.

Number of observations = 6
Maximum allowed number of iterations = 500
Convergence tolerance factor = 1.000000E-010
Stopped due to: Relative function convergence.
Number of iterations performed = 17
Final sum of squared deviations = 3.7652386E-002
Final sum of deviations = 1.6959999E-003
Standard error of estimate = 0.11203
Average deviation = 0.0725675
Maximum deviation for any observation = 0.13682
Proportion of variance explained (R^2) = 0.9557  (95.57%)
Adjusted coefficient of multiple determination (Ra^2) = 0.9262  (92.62%)
Durbin-Watson test for autocorrelation = 2.341
Parameter values will be written to C:\Users\peleg\OneDrive\doktorát\experiment_disertace\výsledky\fin_výsl\slovo_morfém_foném_oprava\pov_SMF\tokens_pov_SMF\vysl_compl_SMF_tokens_pov\param_compl_tokens_pov_09.par
Analysis completed  2-Apr-2023 17:15.  Runtime = 0.00 seconds.


             ----  Descriptive Statistics for Variables  ----

 Variable    Minimum value   Maximum value    Mean value     Standard dev.
----------  --------------  --------------  --------------  --------------
         x               1               6             3.5        1.870829
         y            1.49            2.68        1.903333       0.4122944


                   ----  Calculated Parameter Values  ----

 Parameter  Initial guess   Final estimate   Standard error      t      Prob(t)
----------  -------------  ----------------  --------------  ---------  -------
         a              1        2.52075595       0.1404284      17.95  0.00038
         b              1       -0.42471387       0.1467725      -2.89  0.06282
         c              1      0.0479206968      0.05619571       0.85  0.45647


                  ----  Analysis of Variance  ----

  Source     DF   Sum of Squares    Mean Square    F value   Prob(F)
----------  ----  --------------  --------------  ---------  -------
Regression     2       0.8122809       0.4061405      32.36  0.00932
Error          3      0.03765239       0.0125508
Total          5       0.8499333

