   1: variable x,y;
   2: parameter a,b,c;
   3: function y=a*(x^b)*exp(c*x);
   4: Plot xlabel="x-Achse",ylabel="y-Achse";
   5: data;

Beginning computation...
Stopped due to: Relative function convergence.


   ----  Final Results  ----

NLREG version 5.4
Copyright (c) 1992-2002 Phillip H. Sherrod.  All rights reserved.
This is a registered copy of NLREG that may not be redistributed.

Number of observations = 6
Maximum allowed number of iterations = 500
Convergence tolerance factor = 1.000000E-010
Stopped due to: Relative function convergence.
Number of iterations performed = 19
Final sum of squared deviations = 2.5117154E-002
Final sum of deviations = 2.9386692E-003
Standard error of estimate = 0.0915007
Average deviation = 0.0568138
Maximum deviation for any observation = 0.109828
Proportion of variance explained (R^2) = 0.9698  (96.98%)
Adjusted coefficient of multiple determination (Ra^2) = 0.9496  (94.96%)
Durbin-Watson test for autocorrelation = 2.059
Parameter values will be written to C:\Users\peleg\OneDrive\doktorát\experiment_disertace\výsledky\fin_výsl\slovo_morfém_foném_oprava\pov_SMF\tokens_pov_SMF\vysl_compl_SMF_tokens_pov\param_compl_tokens_pov_02.par
Analysis completed  2-Apr-2023 17:15.  Runtime = 0.00 seconds.


             ----  Descriptive Statistics for Variables  ----

 Variable    Minimum value   Maximum value    Mean value     Standard dev.
----------  --------------  --------------  --------------  --------------
         x               1            6.25        3.541667        1.939179
         y            1.65            2.73        1.911667       0.4076477


                   ----  Calculated Parameter Values  ----

 Parameter  Initial guess   Final estimate   Standard error      t      Prob(t)
----------  -------------  ----------------  --------------  ---------  -------
         a              1        2.34914636       0.1010026      23.26  0.00017
         b              1      -0.649007402       0.1136378      -5.71  0.01065
         c              1       0.139407903       0.0422759       3.30  0.04582


                  ----  Analysis of Variance  ----

  Source     DF   Sum of Squares    Mean Square    F value   Prob(F)
----------  ----  --------------  --------------  ---------  -------
Regression     2       0.8057662       0.4028831      48.12  0.00526
Error          3      0.02511715     0.008372385
Total          5       0.8308833

