   1: variable x,y;
   2: parameter a,b,c;
   3: function y=a*(x^b)*exp(c*x);
   4: Plot xlabel="x-Achse",ylabel="y-Achse";
   5: data;

Beginning computation...
Stopped due to: Relative function convergence.


   ----  Final Results  ----

NLREG version 5.4
Copyright (c) 1992-2002 Phillip H. Sherrod.  All rights reserved.
This is a registered copy of NLREG that may not be redistributed.

Number of observations = 6
Maximum allowed number of iterations = 500
Convergence tolerance factor = 1.000000E-010
Stopped due to: Relative function convergence.
Number of iterations performed = 19
Final sum of squared deviations = 4.6730773E-003
Final sum of deviations = 4.3488535E-004
Standard error of estimate = 0.0394676
Average deviation = 0.021588
Maximum deviation for any observation = 0.0502291
Proportion of variance explained (R^2) = 0.9983  (99.83%)
Adjusted coefficient of multiple determination (Ra^2) = 0.9971  (99.71%)
Durbin-Watson test for autocorrelation = 2.970
Parameter values will be written to C:\Users\peleg\OneDrive\doktorát\experiment_disertace\výsledky\fin_výsl\slovo_morfém_foném_oprava\pov_SMF\types_pov_SMF\vysl_compl_SMF_types_pov\param_compl_types_pov_06.par
Analysis completed  2-Apr-2023 17:16.  Runtime = 0.00 seconds.


             ----  Descriptive Statistics for Variables  ----

 Variable    Minimum value   Maximum value    Mean value     Standard dev.
----------  --------------  --------------  --------------  --------------
         x               1            6.35        3.558333        1.967337
         y            1.65            3.57        2.166667       0.7339936


                   ----  Calculated Parameter Values  ----

 Parameter  Initial guess   Final estimate   Standard error      t      Prob(t)
----------  -------------  ----------------  --------------  ---------  -------
         a              1        3.14085908      0.05123103      61.31  0.00001
         b              1      -0.783356768      0.04215902     -18.58  0.00034
         c              1       0.128018623      0.01622521       7.89  0.00424


                  ----  Analysis of Variance  ----

  Source     DF   Sum of Squares    Mean Square    F value   Prob(F)
----------  ----  --------------  --------------  ---------  -------
Regression     2         2.68906         1.34453     863.16  0.00007
Error          3     0.004673077     0.001557692
Total          5        2.693733

