   1: variable x,y;
   2: parameter a,b,c;
   3: function y=a*(x^b)*exp(c*x);
   4: Plot xlabel="x-Achse",ylabel="y-Achse";
   5: data;

Beginning computation...
Stopped due to: Relative function convergence.


   ----  Final Results  ----

NLREG version 5.4
Copyright (c) 1992-2002 Phillip H. Sherrod.  All rights reserved.
This is a registered copy of NLREG that may not be redistributed.

Number of observations = 7
Maximum allowed number of iterations = 500
Convergence tolerance factor = 1.000000E-010
Stopped due to: Relative function convergence.
Number of iterations performed = 19
Final sum of squared deviations = 3.5825450E-002
Final sum of deviations = 3.0742591E-003
Standard error of estimate = 0.0946381
Average deviation = 0.0608188
Maximum deviation for any observation = 0.143228
Proportion of variance explained (R^2) = 0.9598  (95.98%)
Adjusted coefficient of multiple determination (Ra^2) = 0.9398  (93.98%)
Durbin-Watson test for autocorrelation = 2.104
Parameter values will be written to C:\Users\peleg\OneDrive\doktorát\experiment_disertace\výsledky\fin_výsl\slovo_morfém_foném_oprava\pov_SMF\tokens_pov_SMF\vysl_compl_SMF_tokens_pov\param_compl_tokens_pov_slouè.par
Analysis completed  2-Apr-2023 17:15.  Runtime = 0.00 seconds.


             ----  Descriptive Statistics for Variables  ----

 Variable    Minimum value   Maximum value    Mean value     Standard dev.
----------  --------------  --------------  --------------  --------------
         x               1             7.1        4.014286        2.183597
         y             1.6            2.71        1.871429       0.3856349


                   ----  Calculated Parameter Values  ----

 Parameter  Initial guess   Final estimate   Standard error      t      Prob(t)
----------  -------------  ----------------  --------------  ---------  -------
         a              1        2.44819656      0.09212727      26.57  0.00001
         b              1      -0.517489062       0.1002325      -5.16  0.00668
         c              1      0.0864845633      0.03423396       2.53  0.06492


                  ----  Analysis of Variance  ----

  Source     DF   Sum of Squares    Mean Square    F value   Prob(F)
----------  ----  --------------  --------------  ---------  -------
Regression     2       0.8564603       0.4282301      47.81  0.00161
Error          4      0.03582545     0.008956362
Total          6       0.8922857

