   1: variable x,y;
   2: parameter a,b,c;
   3: function y=a*(x^b)*exp(c*x);
   4: Plot xlabel="x-Achse",ylabel="y-Achse";
   5: data;

Beginning computation...
Stopped due to: Relative function convergence.


   ----  Final Results  ----

NLREG version 5.4
Copyright (c) 1992-2002 Phillip H. Sherrod.  All rights reserved.
This is a registered copy of NLREG that may not be redistributed.

Number of observations = 6
Maximum allowed number of iterations = 500
Convergence tolerance factor = 1.000000E-010
Stopped due to: Relative function convergence.
Number of iterations performed = 20
Final sum of squared deviations = 4.6734140E-002
Final sum of deviations = 3.0867108E-003
Standard error of estimate = 0.124812
Average deviation = 0.0803679
Maximum deviation for any observation = 0.154509
Proportion of variance explained (R^2) = 0.9390  (93.90%)
Adjusted coefficient of multiple determination (Ra^2) = 0.8984  (89.84%)
Durbin-Watson test for autocorrelation = 2.291
Parameter values will be written to C:\Users\peleg\OneDrive\doktorát\experiment_disertace\výsledky\fin_výsl\slovo_morfém_foném_oprava\pov_SMF\tokens_pov_SMF\vysl_compl_SMF_tokens_pov\param_compl_tokens_pov_08.par
Analysis completed  2-Apr-2023 17:15.  Runtime = 0.00 seconds.


             ----  Descriptive Statistics for Variables  ----

 Variable    Minimum value   Maximum value    Mean value     Standard dev.
----------  --------------  --------------  --------------  --------------
         x               1             6.3            3.55        1.953202
         y            1.61            2.71           1.935       0.3915482


                   ----  Calculated Parameter Values  ----

 Parameter  Initial guess   Final estimate   Standard error      t      Prob(t)
----------  -------------  ----------------  --------------  ---------  -------
         a              1        2.41254618       0.1385603      17.41  0.00041
         b              1      -0.536303219           0.152      -3.53  0.03869
         c              1       0.100654446      0.05630423       1.79  0.17179


                  ----  Analysis of Variance  ----

  Source     DF   Sum of Squares    Mean Square    F value   Prob(F)
----------  ----  --------------  --------------  ---------  -------
Regression     2       0.7198159       0.3599079      23.10  0.01505
Error          3      0.04673414      0.01557805
Total          5         0.76655

