   1: variable x,y;
   2: parameter b;
   3: function y=4.79*(x^b);
   4: Plot xlabel="x-Achse",ylabel="y-Achse";
   5: data;

Beginning computation...
Stopped due to: Both parameter and relative function convergence.


   ----  Final Results  ----

NLREG version 5.4
Copyright (c) 1992-2002 Phillip H. Sherrod.  All rights reserved.
This is a registered copy of NLREG that may not be redistributed.

Number of observations = 8
Maximum allowed number of iterations = 500
Convergence tolerance factor = 1.000000E-010
Stopped due to: Both parameter and relative function convergence.
Number of iterations performed = 13
Final sum of squared deviations = 2.2716962E+000
Final sum of deviations = -7.2019105E-001
Standard error of estimate = 0.569674
Average deviation = 0.432455
Maximum deviation for any observation = 0.933806
Proportion of variance explained (R^2) = 0.4078  (40.78%)
Adjusted coefficient of multiple determination (Ra^2) = 0.4078  (40.78%)
Durbin-Watson test for autocorrelation = 0.682
This Durbin-Watson value indicates autocorrelation or inappropriate function.
Parameter values will be written to C:\Users\peleg\OneDrive\doktorát\experiment_disertace\výsledky\fin_výsl\zvukové_jednotky\VKT\poh_VKT\tokens_poh_VKT\vysl_trunc_VKT_tokens_poh\param_trunc_tokens_poh_09.par
Analysis completed 21-Feb-2023 07:46.  Runtime = 0.00 seconds.


             ----  Descriptive Statistics for Variables  ----

 Variable    Minimum value   Maximum value    Mean value     Standard dev.
----------  --------------  --------------  --------------  --------------
         x               1              17            5.74        5.058876
         y            2.55            4.79         3.00625        0.740269


                   ----  Calculated Parameter Values  ----

 Parameter  Initial guess   Final estimate   Standard error      t      Prob(t)
----------  -------------  ----------------  --------------  ---------  -------
         b              1       -0.32879428      0.04898723      -6.71  0.00027

