   1: variable x,y;
   2: parameter b;
   3: function y=3.54*(x^b);
   4: Plot xlabel="x-Achse",ylabel="y-Achse";
   5: data;

Beginning computation...
Stopped due to: Both parameter and relative function convergence.


   ----  Final Results  ----

NLREG version 5.4
Copyright (c) 1992-2002 Phillip H. Sherrod.  All rights reserved.
This is a registered copy of NLREG that may not be redistributed.

Number of observations = 7
Maximum allowed number of iterations = 500
Convergence tolerance factor = 1.000000E-010
Stopped due to: Both parameter and relative function convergence.
Number of iterations performed = 11
Final sum of squared deviations = 1.9284467E-001
Final sum of deviations = -2.5899868E-001
Standard error of estimate = 0.179278
Average deviation = 0.134503
Maximum deviation for any observation = 0.267093
Proportion of variance explained (R^2) = 0.6517  (65.17%)
Adjusted coefficient of multiple determination (Ra^2) = 0.6517  (65.17%)
Durbin-Watson test for autocorrelation = 0.556
This Durbin-Watson value indicates autocorrelation or inappropriate function.
Parameter values will be written to C:\Users\peleg\OneDrive\doktorát\experiment_disertace\výsledky\fin_výsl\zvukové_jednotky\VKT\poh_VKT\tokens_poh_VKT\vysl_trunc_VKT_tokens_poh\param_trunc_tokens_poh_06.par
Analysis completed 21-Feb-2023 07:46.  Runtime = 0.00 seconds.


             ----  Descriptive Statistics for Variables  ----

 Variable    Minimum value   Maximum value    Mean value     Standard dev.
----------  --------------  --------------  --------------  --------------
         x               1           10.95        4.631429        3.331979
         y             2.7            3.54        2.897143       0.3037935


                   ----  Calculated Parameter Values  ----

 Parameter  Initial guess   Final estimate   Standard error      t      Prob(t)
----------  -------------  ----------------  --------------  ---------  -------
         b              1      -0.149887732      0.01696343      -8.84  0.00012

