   1: variable x,y;
   2: parameter b;
   3: function y=3.32*(x^b);
   4: Plot xlabel="x-Achse",ylabel="y-Achse";
   5: data;

Beginning computation...
Stopped due to: Relative function convergence.


   ----  Final Results  ----

NLREG version 5.4
Copyright (c) 1992-2002 Phillip H. Sherrod.  All rights reserved.
This is a registered copy of NLREG that may not be redistributed.

Number of observations = 8
Maximum allowed number of iterations = 500
Convergence tolerance factor = 1.000000E-010
Stopped due to: Relative function convergence.
Number of iterations performed = 10
Final sum of squared deviations = 2.6435617E-001
Final sum of deviations = 5.8534793E-002
Standard error of estimate = 0.194333
Average deviation = 0.150754
Maximum deviation for any observation = 0.354303
Proportion of variance explained (R^2) = 0.7585  (75.85%)
Adjusted coefficient of multiple determination (Ra^2) = 0.7585  (75.85%)
Durbin-Watson test for autocorrelation = 2.890
Parameter values will be written to C:\Users\peleg\OneDrive\doktorát\experiment_disertace\výsledky\fin_výsl\zvukové_jednotky\VKT\poh_VKT\tokens_poh_VKT\vysl_trunc_VKT_tokens_poh\param_trunc_tokens_poh_04.par
Analysis completed 21-Feb-2023 07:46.  Runtime = 0.00 seconds.


             ----  Descriptive Statistics for Variables  ----

 Variable    Minimum value   Maximum value    Mean value     Standard dev.
----------  --------------  --------------  --------------  --------------
         x               1            8.77         4.59625        2.616125
         y            2.06            3.32         2.69125       0.3954541


                   ----  Calculated Parameter Values  ----

 Parameter  Initial guess   Final estimate   Standard error      t      Prob(t)
----------  -------------  ----------------  --------------  ---------  -------
         b              1      -0.163704532      0.01843733      -8.88  0.00005

