   1: variable x,y;
   2: parameter b;
   3: function y=3.83*(x^b);
   4: Plot xlabel="x-Achse",ylabel="y-Achse";
   5: data;

Beginning computation...
Stopped due to: Both parameter and relative function convergence.


   ----  Final Results  ----

NLREG version 5.4
Copyright (c) 1992-2002 Phillip H. Sherrod.  All rights reserved.
This is a registered copy of NLREG that may not be redistributed.

Number of observations = 7
Maximum allowed number of iterations = 500
Convergence tolerance factor = 1.000000E-010
Stopped due to: Both parameter and relative function convergence.
Number of iterations performed = 11
Final sum of squared deviations = 3.5634670E-001
Final sum of deviations = -1.9452616E-002
Standard error of estimate = 0.243703
Average deviation = 0.194896
Maximum deviation for any observation = 0.323723
Proportion of variance explained (R^2) = 0.7967  (79.67%)
Adjusted coefficient of multiple determination (Ra^2) = 0.7967  (79.67%)
Durbin-Watson test for autocorrelation = 1.531
Parameter values will be written to C:\Users\peleg\OneDrive\doktorát\experiment_disertace\výsledky\fin_výsl\zvukové_jednotky\VKT\poh_VKT\tokens_poh_VKT\vysl_trunc_VKT_tokens_poh\param_trunc_tokens_poh_01.par
Analysis completed 21-Feb-2023 07:46.  Runtime = 0.00 seconds.


             ----  Descriptive Statistics for Variables  ----

 Variable    Minimum value   Maximum value    Mean value     Standard dev.
----------  --------------  --------------  --------------  --------------
         x               1            8.41        4.201429        2.522039
         y            2.47            3.83        2.917143        0.540454


                   ----  Calculated Parameter Values  ----

 Parameter  Initial guess   Final estimate   Standard error      t      Prob(t)
----------  -------------  ----------------  --------------  ---------  -------
         b              1      -0.227577815      0.02497561      -9.11  0.00010

