   1: variable x,y;
   2: parameter b;
   3: function y=3.1*(x^b);
   4: Plot xlabel="x-Achse",ylabel="y-Achse";
   5: data;

Beginning computation...
Stopped due to: Relative function convergence.


   ----  Final Results  ----

NLREG version 5.4
Copyright (c) 1992-2002 Phillip H. Sherrod.  All rights reserved.
This is a registered copy of NLREG that may not be redistributed.

Number of observations = 7
Maximum allowed number of iterations = 500
Convergence tolerance factor = 1.000000E-010
Stopped due to: Relative function convergence.
Number of iterations performed = 10
Final sum of squared deviations = 4.7749108E-001
Final sum of deviations = -2.6234678E-001
Standard error of estimate = 0.282103
Average deviation = 0.180958
Maximum deviation for any observation = 0.500052
Proportion of variance explained (R^2) = 0.3802  (38.02%)
Adjusted coefficient of multiple determination (Ra^2) = 0.3802  (38.02%)
Durbin-Watson test for autocorrelation = 1.034
Parameter values will be written to C:\Users\peleg\OneDrive\doktorát\experiment_disertace\výsledky\fin_výsl\zvukové_jednotky\VKT\poh_VKT\tokens_poh_VKT\vysl_trunc_VKT_tokens_poh\param_trunc_tokens_poh_05.par
Analysis completed 21-Feb-2023 07:46.  Runtime = 0.00 seconds.


             ----  Descriptive Statistics for Variables  ----

 Variable    Minimum value   Maximum value    Mean value     Standard dev.
----------  --------------  --------------  --------------  --------------
         x               1            8.94        4.277143        2.672887
         y             2.1             3.1        2.442857       0.3583162


                   ----  Calculated Parameter Values  ----

 Parameter  Initial guess   Final estimate   Standard error      t      Prob(t)
----------  -------------  ----------------  --------------  ---------  -------
         b              1      -0.184374408      0.03310085      -5.57  0.00142

