   1: variable x,y;
   2: parameter b;
   3: function y=3.0*(x^b);
   4: Plot xlabel="x-Achse",ylabel="y-Achse";
   5: data;

Beginning computation...
Stopped due to: Relative function convergence.


   ----  Final Results  ----

NLREG version 5.4
Copyright (c) 1992-2002 Phillip H. Sherrod.  All rights reserved.
This is a registered copy of NLREG that may not be redistributed.

Number of observations = 6
Maximum allowed number of iterations = 500
Convergence tolerance factor = 1.000000E-010
Stopped due to: Relative function convergence.
Number of iterations performed = 10
Final sum of squared deviations = 7.6567012E-002
Final sum of deviations = -1.4262317E-002
Standard error of estimate = 0.123747
Average deviation = 0.0994161
Maximum deviation for any observation = 0.164744
Proportion of variance explained (R^2) = 0.7357  (73.57%)
Adjusted coefficient of multiple determination (Ra^2) = 0.7357  (73.57%)
Durbin-Watson test for autocorrelation = 1.666
Parameter values will be written to C:\Users\peleg\OneDrive\doktorát\experiment_disertace\výsledky\fin_výsl\zvukové_jednotky\VKT\poh_VKT\tokens_poh_VKT\vysl_trunc_VKT_tokens_poh\param_trunc_tokens_poh_02.par
Analysis completed 21-Feb-2023 07:46.  Runtime = 0.00 seconds.


             ----  Descriptive Statistics for Variables  ----

 Variable    Minimum value   Maximum value    Mean value     Standard dev.
----------  --------------  --------------  --------------  --------------
         x               1            8.93        4.083333        2.854054
         y            2.43               3        2.661667       0.2407004


                   ----  Calculated Parameter Values  ----

 Parameter  Initial guess   Final estimate   Standard error      t      Prob(t)
----------  -------------  ----------------  --------------  ---------  -------
         b              1      -0.102822962      0.01462752      -7.03  0.00090

