   1: variable x,y;
   2: parameter b;
   3: function y=3.02*(x^b);
   4: Plot xlabel="x-Achse",ylabel="y-Achse";
   5: data;

Beginning computation...
Stopped due to: Relative function convergence.


   ----  Final Results  ----

NLREG version 5.4
Copyright (c) 1992-2002 Phillip H. Sherrod.  All rights reserved.
This is a registered copy of NLREG that may not be redistributed.

Number of observations = 6
Maximum allowed number of iterations = 500
Convergence tolerance factor = 1.000000E-010
Stopped due to: Relative function convergence.
Number of iterations performed = 9
Final sum of squared deviations = 1.0566659E-002
Final sum of deviations = -4.2296773E-002
Standard error of estimate = 0.045971
Average deviation = 0.0309893
Maximum deviation for any observation = 0.0770714
Proportion of variance explained (R^2) = 0.9793  (97.93%)
Adjusted coefficient of multiple determination (Ra^2) = 0.9793  (97.93%)
Durbin-Watson test for autocorrelation = 1.995
Parameter values will be written to C:\Users\peleg\OneDrive\doktorát\experiment_disertace\výsledky\fin_výsl\slovo_slabika_foném\stud_SSF\types_stud_SSF\vysl_trunc_SSF_types_stud\param_trunc_types_stud_05.par
Analysis completed  9-Mar-2023 13:16.  Runtime = 0.00 seconds.


             ----  Descriptive Statistics for Variables  ----

 Variable    Minimum value   Maximum value    Mean value     Standard dev.
----------  --------------  --------------  --------------  --------------
         x               1            6.22        3.536667         1.93082
         y            2.17            3.02           2.445       0.3194214


                   ----  Calculated Parameter Values  ----

 Parameter  Initial guess   Final estimate   Standard error      t      Prob(t)
----------  -------------  ----------------  --------------  ---------  -------
         b              1      -0.195611902     0.006622641     -29.54  0.00001

