   1: variable x,y;
   2: parameter b;
   3: function y=2.37*(x^b);
   4: Plot xlabel="x-Achse",ylabel="y-Achse";
   5: data;

Beginning computation...
Stopped due to: Relative function convergence.


   ----  Final Results  ----

NLREG version 5.4
Copyright (c) 1992-2002 Phillip H. Sherrod.  All rights reserved.
This is a registered copy of NLREG that may not be redistributed.

Number of observations = 6
Maximum allowed number of iterations = 500
Convergence tolerance factor = 1.000000E-010
Stopped due to: Relative function convergence.
Number of iterations performed = 8
Final sum of squared deviations = 4.5352487E-002
Final sum of deviations = 1.3227419E-001
Standard error of estimate = 0.0952392
Average deviation = 0.0690227
Maximum deviation for any observation = 0.156796
Proportion of variance explained (R^2) = 0.3726  (37.26%)
Adjusted coefficient of multiple determination (Ra^2) = 0.3726  (37.26%)
Durbin-Watson test for autocorrelation = 0.903
Parameter values will be written to C:\Users\peleg\OneDrive\doktorát\experiment_disertace\výsledky\fin_výsl\slovo_slabika_foném\stud_SSF\tokens_stud_SSF\vysl_trunc_SSF_tokens_stud\param_trunc_tokens_stud_08.par
Analysis completed  9-Mar-2023 13:16.  Runtime = 0.00 seconds.


             ----  Descriptive Statistics for Variables  ----

 Variable    Minimum value   Maximum value    Mean value     Standard dev.
----------  --------------  --------------  --------------  --------------
         x               1            6.26        3.543333        1.941975
         y            2.15            2.48        2.318333       0.1202359


                   ----  Calculated Parameter Values  ----

 Parameter  Initial guess   Final estimate   Standard error      t      Prob(t)
----------  -------------  ----------------  --------------  ---------  -------
         b              1      -0.028771347      0.01357925      -2.12  0.08764

