   1: variable x,y;
   2: parameter b;
   3: function y=2.96*(x^b);
   4: Plot xlabel="x-Achse",ylabel="y-Achse";
   5: data;

Beginning computation...
Stopped due to: Both parameter and relative function convergence.


   ----  Final Results  ----

NLREG version 5.4
Copyright (c) 1992-2002 Phillip H. Sherrod.  All rights reserved.
This is a registered copy of NLREG that may not be redistributed.

Number of observations = 5
Maximum allowed number of iterations = 500
Convergence tolerance factor = 1.000000E-010
Stopped due to: Both parameter and relative function convergence.
Number of iterations performed = 9
Final sum of squared deviations = 1.3608340E-002
Final sum of deviations = -3.7879008E-002
Standard error of estimate = 0.0583274
Average deviation = 0.0378288
Maximum deviation for any observation = 0.100847
Proportion of variance explained (R^2) = 0.9630  (96.30%)
Adjusted coefficient of multiple determination (Ra^2) = 0.9630  (96.30%)
Durbin-Watson test for autocorrelation = 2.252
Parameter values will be written to C:\Users\peleg\OneDrive\doktorát\experiment_disertace\výsledky\fin_výsl\slovo_slabika_foném\stud_SSF\types_stud_SSF\vysl_trunc_SSF_types_stud\param_trunc_types_stud_10.par
Analysis completed  9-Mar-2023 13:16.  Runtime = 0.00 seconds.


             ----  Descriptive Statistics for Variables  ----

 Variable    Minimum value   Maximum value    Mean value     Standard dev.
----------  --------------  --------------  --------------  --------------
         x               1            5.12           3.024        1.619531
         y            2.15            2.96           2.468       0.3032656


                   ----  Calculated Parameter Values  ----

 Parameter  Initial guess   Final estimate   Standard error      t      Prob(t)
----------  -------------  ----------------  --------------  ---------  -------
         b              1      -0.192173162      0.01022886     -18.79  0.00005

