   1: variable x,y;
   2: parameter b;
   3: function y=2.72*(x^b);
   4: Plot xlabel="x-Achse",ylabel="y-Achse";
   5: data;

Beginning computation...
Stopped due to: Both parameter and relative function convergence.


   ----  Final Results  ----

NLREG version 5.4
Copyright (c) 1992-2002 Phillip H. Sherrod.  All rights reserved.
This is a registered copy of NLREG that may not be redistributed.

Number of observations = 4
Maximum allowed number of iterations = 500
Convergence tolerance factor = 1.000000E-010
Stopped due to: Both parameter and relative function convergence.
Number of iterations performed = 8
Final sum of squared deviations = 3.3306989E-003
Final sum of deviations = 2.4833342E-002
Standard error of estimate = 0.0333202
Average deviation = 0.0207804
Maximum deviation for any observation = 0.0496221
Proportion of variance explained (R^2) = 0.9651  (96.51%)
Adjusted coefficient of multiple determination (Ra^2) = 0.9651  (96.51%)
Durbin-Watson test for autocorrelation = 1.691
Parameter values will be written to C:\Users\peleg\OneDrive\doktorát\experiment_disertace\výsledky\fin_výsl\slovo_slabika_foném\stud_SSF\types_stud_SSF\vysl_trunc_SSF_types_stud\param_trunc_types_stud_09.par
Analysis completed  9-Mar-2023 13:16.  Runtime = 0.00 seconds.


             ----  Descriptive Statistics for Variables  ----

 Variable    Minimum value   Maximum value    Mean value     Standard dev.
----------  --------------  --------------  --------------  --------------
         x               1            4.25          2.5625        1.390069
         y            2.31            2.72            2.51       0.1783255


                   ----  Calculated Parameter Values  ----

 Parameter  Initial guess   Final estimate   Standard error      t      Prob(t)
----------  -------------  ----------------  --------------  ---------  -------
         b              1      -0.104253808     0.007163914     -14.55  0.00070

