   1: variable x,y;
   2: parameter b;
   3: function y=3.19*(x^b);
   4: Plot xlabel="x-Achse",ylabel="y-Achse";
   5: data;

Beginning computation...
Stopped due to: Both parameter and relative function convergence.


   ----  Final Results  ----

NLREG version 5.4
Copyright (c) 1992-2002 Phillip H. Sherrod.  All rights reserved.
This is a registered copy of NLREG that may not be redistributed.

Number of observations = 7
Maximum allowed number of iterations = 500
Convergence tolerance factor = 1.000000E-010
Stopped due to: Both parameter and relative function convergence.
Number of iterations performed = 10
Final sum of squared deviations = 2.2836332E-002
Final sum of deviations = -7.4103297E-002
Standard error of estimate = 0.0616932
Average deviation = 0.0425855
Maximum deviation for any observation = 0.0946236
Proportion of variance explained (R^2) = 0.9729  (97.29%)
Adjusted coefficient of multiple determination (Ra^2) = 0.9729  (97.29%)
Durbin-Watson test for autocorrelation = 0.835
Parameter values will be written to C:\Users\peleg\OneDrive\doktorát\experiment_disertace\výsledky\fin_výsl\slovo_slabika_foném\stud_SSF\types_stud_SSF\vysl_trunc_SSF_types_stud\param_trunc_types_stud_slouè.par
Analysis completed  9-Mar-2023 13:16.  Runtime = 0.00 seconds.


             ----  Descriptive Statistics for Variables  ----

 Variable    Minimum value   Maximum value    Mean value     Standard dev.
----------  --------------  --------------  --------------  --------------
         x               1            7.21            4.03        2.209744
         y            2.14            3.19        2.438571       0.3750302


                   ----  Calculated Parameter Values  ----

 Parameter  Initial guess   Final estimate   Standard error      t      Prob(t)
----------  -------------  ----------------  --------------  ---------  -------
         b              1      -0.224979025     0.007637837     -29.46  0.00001

