   1: variable x,y;
   2: parameter b;
   3: function y=3.01*(x^b);
   4: Plot xlabel="x-Achse",ylabel="y-Achse";
   5: data;

Beginning computation...
Stopped due to: Both parameter and relative function convergence.


   ----  Final Results  ----

NLREG version 5.4
Copyright (c) 1992-2002 Phillip H. Sherrod.  All rights reserved.
This is a registered copy of NLREG that may not be redistributed.

Number of observations = 6
Maximum allowed number of iterations = 500
Convergence tolerance factor = 1.000000E-010
Stopped due to: Both parameter and relative function convergence.
Number of iterations performed = 11
Final sum of squared deviations = 1.4650639E-002
Final sum of deviations = -5.9711859E-002
Standard error of estimate = 0.0541307
Average deviation = 0.0398008
Maximum deviation for any observation = 0.0849648
Proportion of variance explained (R^2) = 0.9689  (96.89%)
Adjusted coefficient of multiple determination (Ra^2) = 0.9689  (96.89%)
Durbin-Watson test for autocorrelation = 0.948
Parameter values will be written to C:\Users\peleg\OneDrive\doktorát\experiment_disertace\výsledky\fin_výsl\slovo_slabika_foném\stud_SSF\types_stud_SSF\vysl_trunc_SSF_types_stud\param_trunc_types_stud_04.par
Analysis completed  9-Mar-2023 13:16.  Runtime = 0.00 seconds.


             ----  Descriptive Statistics for Variables  ----

 Variable    Minimum value   Maximum value    Mean value     Standard dev.
----------  --------------  --------------  --------------  --------------
         x               1             6.2        3.533333        1.925271
         y            2.16            3.01        2.443333       0.3068985


                   ----  Calculated Parameter Values  ----

 Parameter  Initial guess   Final estimate   Standard error      t      Prob(t)
----------  -------------  ----------------  --------------  ---------  -------
         b              1      -0.191979822     0.007784555     -24.66  0.00001

