   1: variable x,y;
   2: parameter b;
   3: function y=2.29*(x^b);
   4: Plot xlabel="x-Achse",ylabel="y-Achse";
   5: data;

Beginning computation...
Stopped due to: Relative function convergence.


   ----  Final Results  ----

NLREG version 5.4
Copyright (c) 1992-2002 Phillip H. Sherrod.  All rights reserved.
This is a registered copy of NLREG that may not be redistributed.

Number of observations = 6
Maximum allowed number of iterations = 500
Convergence tolerance factor = 1.000000E-010
Stopped due to: Relative function convergence.
Number of iterations performed = 10
Final sum of squared deviations = 8.6640180E-002
Final sum of deviations = 1.7578097E-001
Standard error of estimate = 0.131636
Average deviation = 0.103982
Maximum deviation for any observation = 0.187455
Proportion of variance explained (R^2) = 0.0652  (6.52%)
Adjusted coefficient of multiple determination (Ra^2) = 0.0652  (6.52%)
Durbin-Watson test for autocorrelation = 0.863
Parameter values will be written to C:\Users\peleg\OneDrive\doktorát\experiment_disertace\výsledky\fin_výsl\slovo_slabika_foném\stud_SSF\tokens_stud_SSF\vysl_trunc_SSF_tokens_stud\param_trunc_tokens_stud_03.par
Analysis completed  9-Mar-2023 13:16.  Runtime = 0.00 seconds.


             ----  Descriptive Statistics for Variables  ----

 Variable    Minimum value   Maximum value    Mean value     Standard dev.
----------  --------------  --------------  --------------  --------------
         x               1            6.19        3.531667        1.922503
         y            2.09            2.46        2.291667       0.1361494


                   ----  Calculated Parameter Values  ----

 Parameter  Initial guess   Final estimate   Standard error      t      Prob(t)
----------  -------------  ----------------  --------------  ---------  -------
         b              1     -0.0110386768      0.01894443      -0.58  0.58539

