   1: variable x,y;
   2: parameter b;
   3: function y=2.38*(x^b);
   4: Plot xlabel="x-Achse",ylabel="y-Achse";
   5: data;

Beginning computation...
Stopped due to: Relative function convergence.


   ----  Final Results  ----

NLREG version 5.4
Copyright (c) 1992-2002 Phillip H. Sherrod.  All rights reserved.
This is a registered copy of NLREG that may not be redistributed.

Number of observations = 6
Maximum allowed number of iterations = 500
Convergence tolerance factor = 1.000000E-010
Stopped due to: Relative function convergence.
Number of iterations performed = 9
Final sum of squared deviations = 1.0688685E-001
Final sum of deviations = 1.9711475E-001
Standard error of estimate = 0.14621
Average deviation = 0.112724
Maximum deviation for any observation = 0.219733
Proportion of variance explained (R^2) = 0.3597  (35.97%)
Adjusted coefficient of multiple determination (Ra^2) = 0.3597  (35.97%)
Durbin-Watson test for autocorrelation = 0.823
Parameter values will be written to C:\Users\peleg\OneDrive\doktorát\experiment_disertace\výsledky\fin_výsl\slovo_slabika_foném\stud_SSF\tokens_stud_SSF\vysl_trunc_SSF_tokens_stud\param_trunc_tokens_stud_02.par
Analysis completed  9-Mar-2023 13:16.  Runtime = 0.00 seconds.


             ----  Descriptive Statistics for Variables  ----

 Variable    Minimum value   Maximum value    Mean value     Standard dev.
----------  --------------  --------------  --------------  --------------
         x               1            6.36            3.56        1.970178
         y            2.04            2.53        2.303333       0.1827202


                   ----  Calculated Parameter Values  ----

 Parameter  Initial guess   Final estimate   Standard error      t      Prob(t)
----------  -------------  ----------------  --------------  ---------  -------
         b              1     -0.0429018563      0.02115383      -2.03  0.09835

