   1: variable x,y;
   2: parameter b;
   3: function y=2.31*(x^b);
   4: Plot xlabel="x-Achse",ylabel="y-Achse";
   5: data;

Beginning computation...
Stopped due to: Both parameter and relative function convergence.


   ----  Final Results  ----

NLREG version 5.4
Copyright (c) 1992-2002 Phillip H. Sherrod.  All rights reserved.
This is a registered copy of NLREG that may not be redistributed.

Number of observations = 7
Maximum allowed number of iterations = 500
Convergence tolerance factor = 1.000000E-010
Stopped due to: Both parameter and relative function convergence.
Number of iterations performed = 9
Final sum of squared deviations = 8.2970999E-002
Final sum of deviations = 1.9376112E-001
Standard error of estimate = 0.117595
Average deviation = 0.091083
Maximum deviation for any observation = 0.196316
Proportion of variance explained (R^2) = 0.2469  (24.69%)
Adjusted coefficient of multiple determination (Ra^2) = 0.2469  (24.69%)
Durbin-Watson test for autocorrelation = 0.751
This Durbin-Watson value indicates autocorrelation or inappropriate function.
Parameter values will be written to C:\Users\peleg\OneDrive\doktorát\experiment_disertace\výsledky\fin_výsl\slovo_slabika_foném\stud_SSF\tokens_stud_SSF\vysl_trunc_SSF_tokens_stud\param_trunc_tokens_stud_slouè.par
Analysis completed  9-Mar-2023 13:16.  Runtime = 0.00 seconds.


             ----  Descriptive Statistics for Variables  ----

 Variable    Minimum value   Maximum value    Mean value     Standard dev.
----------  --------------  --------------  --------------  --------------
         x               1             7.2        4.028571        2.207347
         y            2.12            2.47        2.274286       0.1355061


                   ----  Calculated Parameter Values  ----

 Parameter  Initial guess   Final estimate   Standard error      t      Prob(t)
----------  -------------  ----------------  --------------  ---------  -------
         b              1     -0.0228610792       0.0144904      -1.58  0.16572

