   1: variable x,y;
   2: parameter b;
   3: function y=2.7*(x^b);
   4: Plot xlabel="x-Achse",ylabel="y-Achse";
   5: data;

Beginning computation...
Stopped due to: Relative function convergence.


   ----  Final Results  ----

NLREG version 5.4
Copyright (c) 1992-2002 Phillip H. Sherrod.  All rights reserved.
This is a registered copy of NLREG that may not be redistributed.

Number of observations = 6
Maximum allowed number of iterations = 500
Convergence tolerance factor = 1.000000E-010
Stopped due to: Relative function convergence.
Number of iterations performed = 8
Final sum of squared deviations = 1.7129014E-002
Final sum of deviations = 6.7216749E-002
Standard error of estimate = 0.0585304
Average deviation = 0.0472022
Maximum deviation for any observation = 0.0729597
Proportion of variance explained (R^2) = 0.9369  (93.69%)
Adjusted coefficient of multiple determination (Ra^2) = 0.9369  (93.69%)
Durbin-Watson test for autocorrelation = 0.755
This Durbin-Watson value indicates autocorrelation or inappropriate function.
Parameter values will be written to C:\Users\peleg\OneDrive\doktorát\experiment_disertace\výsledky\fin_výsl\slovo_slabika_foném\stud_SSF\types_stud_SSF\vysl_trunc_SSF_types_stud\param_trunc_types_stud_02.par
Analysis completed  9-Mar-2023 13:16.  Runtime = 0.00 seconds.


             ----  Descriptive Statistics for Variables  ----

 Variable    Minimum value   Maximum value    Mean value     Standard dev.
----------  --------------  --------------  --------------  --------------
         x               1             6.3            3.55        1.953202
         y            2.08             2.7        2.371667       0.2330165


                   ----  Calculated Parameter Values  ----

 Parameter  Initial guess   Final estimate   Standard error      t      Prob(t)
----------  -------------  ----------------  --------------  ---------  -------
         b              1      -0.124342091     0.008461518     -14.70  0.00003

