   1: variable x,y;
   2: parameter a,b,c;
   3: function y=a*(x^b)*exp(-c*x);
   4: Plot xlabel="x-Achse",ylabel="y-Achse";
   5: data;

Beginning computation...
Stopped due to: Relative function convergence.


   ----  Final Results  ----

NLREG version 5.4
Copyright (c) 1992-2002 Phillip H. Sherrod.  All rights reserved.
This is a registered copy of NLREG that may not be redistributed.

Number of observations = 4
Maximum allowed number of iterations = 500
Convergence tolerance factor = 1.000000E-010
Stopped due to: Relative function convergence.
Number of iterations performed = 12
Final sum of squared deviations = 8.0564759E-003
Final sum of deviations = -4.4016396E-005
Standard error of estimate = 0.0897579
Average deviation = 0.0378963
Maximum deviation for any observation = 0.0665696
Proportion of variance explained (R^2) = 0.9302  (93.02%)
Adjusted coefficient of multiple determination (Ra^2) = 0.7906  (79.06%)
Durbin-Watson test for autocorrelation = 3.323
Parameter values will be written to C:\Users\peleg\OneDrive\doktorát\experiment_disertace\výsledky\fin_výsl\syntax\typ2\FSM2\dop_FSM2\vysl_compl_FSM2_dop_minus_c\param_compl_FSM2_dop_08_minus_c.par
Analysis completed 13-Apr-2023 16:00.  Runtime = 0.00 seconds.


             ----  Descriptive Statistics for Variables  ----

 Variable    Minimum value   Maximum value    Mean value     Standard dev.
----------  --------------  --------------  --------------  --------------
         x               1             5.9           2.975         2.11404
         y            1.94            2.42            2.18       0.1961292


                   ----  Calculated Parameter Values  ----

 Parameter  Initial guess   Final estimate   Standard error      t      Prob(t)
----------  -------------  ----------------  --------------  ---------  -------
         a              1        1.95826833      0.08228072      23.80  0.02673
         b              1       0.114777797       0.1241255       0.92  0.52490
         c              1   -0.000707210913      0.04216178      -0.02  0.98932


                  ----  Analysis of Variance  ----

  Source     DF   Sum of Squares    Mean Square    F value   Prob(F)
----------  ----  --------------  --------------  ---------  -------
Regression     2       0.1073435      0.05367176       6.66  0.26422
Error          1     0.008056476     0.008056476
Total          3          0.1154

