   1: variable x,y;
   2: parameter a,b,c;
   3: function y=a*(x^b)*exp(c*x);
   4: Plot xlabel="x-Achse",ylabel="y-Achse";
   5: data;

Beginning computation...
Stopped due to: Relative function convergence.


   ----  Final Results  ----

NLREG version 5.4
Copyright (c) 1992-2002 Phillip H. Sherrod.  All rights reserved.
This is a registered copy of NLREG that may not be redistributed.

Number of observations = 6
Maximum allowed number of iterations = 500
Convergence tolerance factor = 1.000000E-010
Stopped due to: Relative function convergence.
Number of iterations performed = 34
Final sum of squared deviations = 1.8628998E-001
Final sum of deviations = -1.7951080E-003
Standard error of estimate = 0.249192
Average deviation = 0.158229
Maximum deviation for any observation = 0.273107
Proportion of variance explained (R^2) = 0.4545  (45.45%)
Adjusted coefficient of multiple determination (Ra^2) = 0.0909  (9.09%)
Durbin-Watson test for autocorrelation = 1.930
Parameter values will be written to C:\Users\peleg\OneDrive\doktorát\experiment_disertace\výsledky\fin_výsl\syntax\typ2\FSM2_oprava\dop_FSM2\vysl_compl_FSM2_dop\param_compl_FSM2_dop_01.par
Analysis completed  4-Apr-2023 16:33.  Runtime = 0.00 seconds.


             ----  Descriptive Statistics for Variables  ----

 Variable    Minimum value   Maximum value    Mean value     Standard dev.
----------  --------------  --------------  --------------  --------------
         x               1           11.14            4.44        3.635052
         y            1.84            2.61        2.283333       0.2613554


                   ----  Calculated Parameter Values  ----

 Parameter  Initial guess   Final estimate   Standard error      t      Prob(t)
----------  -------------  ----------------  --------------  ---------  -------
         a              1        2.09374698       0.1994664      10.50  0.00185
         b              1       0.250290171       0.1692275       1.48  0.23568
         c              1     -0.0495211531      0.03789874      -1.31  0.28247


                  ----  Analysis of Variance  ----

  Source     DF   Sum of Squares    Mean Square    F value   Prob(F)
----------  ----  --------------  --------------  ---------  -------
Regression     2       0.1552434      0.07762168       1.25  0.40284
Error          3         0.18629      0.06209666
Total          5       0.3415333

