   1: variable x,y;
   2: parameter a,b,c;
   3: function y=a*(x^b)*exp(-c*x);
   4: Plot xlabel="x-Achse",ylabel="y-Achse";
   5: data;

Beginning computation...
Stopped due to: Relative function convergence.


   ----  Final Results  ----

NLREG version 5.4
Copyright (c) 1992-2002 Phillip H. Sherrod.  All rights reserved.
This is a registered copy of NLREG that may not be redistributed.

Number of observations = 5
Maximum allowed number of iterations = 500
Convergence tolerance factor = 1.000000E-010
Stopped due to: Relative function convergence.
Number of iterations performed = 11
Final sum of squared deviations = 3.8829681E-002
Final sum of deviations = -4.8594160E-004
Standard error of estimate = 0.139337
Average deviation = 0.0669355
Maximum deviation for any observation = 0.155944
Proportion of variance explained (R^2) = 0.9219  (92.19%)
Adjusted coefficient of multiple determination (Ra^2) = 0.8437  (84.37%)
Durbin-Watson test for autocorrelation = 3.389
Parameter values will be written to C:\Users\peleg\OneDrive\doktorát\experiment_disertace\výsledky\fin_výsl\syntax\typ2\FSM2\dop_FSM2\vysl_compl_FSM2_dop_minus_c\param_compl_FSM2_dop_10_minus_c.par
Analysis completed 13-Apr-2023 16:00.  Runtime = 0.00 seconds.


             ----  Descriptive Statistics for Variables  ----

 Variable    Minimum value   Maximum value    Mean value     Standard dev.
----------  --------------  --------------  --------------  --------------
         x               1              10           4.076        3.539616
         y            1.92            2.73           2.454       0.3524628


                   ----  Calculated Parameter Values  ----

 Parameter  Initial guess   Final estimate   Standard error      t      Prob(t)
----------  -------------  ----------------  --------------  ---------  -------
         a              1        2.02678048       0.1093963      18.53  0.00290
         b              1       0.360472492       0.1066285       3.38  0.07747
         c              1      0.0536258819      0.02405776       2.23  0.15561


                  ----  Analysis of Variance  ----

  Source     DF   Sum of Squares    Mean Square    F value   Prob(F)
----------  ----  --------------  --------------  ---------  -------
Regression     2       0.4580903       0.2290452      11.80  0.07814
Error          2      0.03882968      0.01941484
Total          4         0.49692

