   1: variable x,y;
   2: parameter a,b,c;
   3: function y=a*(x^b)*exp(c*x);
   4: Plot xlabel="x-Achse",ylabel="y-Achse";
   5: data;

Beginning computation...
Stopped due to: Both parameter and relative function convergence.


   ----  Final Results  ----

NLREG version 5.4
Copyright (c) 1992-2002 Phillip H. Sherrod.  All rights reserved.
This is a registered copy of NLREG that may not be redistributed.

Number of observations = 4
Maximum allowed number of iterations = 500
Convergence tolerance factor = 1.000000E-010
Stopped due to: Both parameter and relative function convergence.
Number of iterations performed = 16
Final sum of squared deviations = 1.9448114E-002
Final sum of deviations = -3.8759921E-004
Standard error of estimate = 0.139456
Average deviation = 0.0593291
Maximum deviation for any observation = 0.103627
Proportion of variance explained (R^2) = 0.8318  (83.18%)
Adjusted coefficient of multiple determination (Ra^2) = 0.4953  (49.53%)
Durbin-Watson test for autocorrelation = 3.332
Parameter values will be written to C:\Users\peleg\OneDrive\doktorát\experiment_disertace\výsledky\fin_výsl\syntax\typ2\FSM2_oprava\dop_FSM2\vysl_compl_FSM2_dop\param_compl_FSM2_dop_04.par
Analysis completed  4-Apr-2023 16:33.  Runtime = 0.00 seconds.


             ----  Descriptive Statistics for Variables  ----

 Variable    Minimum value   Maximum value    Mean value     Standard dev.
----------  --------------  --------------  --------------  --------------
         x               1            6.05          3.0125        2.183413
         y            1.87            2.29            2.16       0.1962991


                   ----  Calculated Parameter Values  ----

 Parameter  Initial guess   Final estimate   Standard error      t      Prob(t)
----------  -------------  ----------------  --------------  ---------  -------
         a              1        2.05673182        0.132141      15.56  0.04085
         b              1        0.31276911       0.1898788       1.65  0.34735
         c              1     -0.0778345381      0.06346176      -1.23  0.43546


                  ----  Analysis of Variance  ----

  Source     DF   Sum of Squares    Mean Square    F value   Prob(F)
----------  ----  --------------  --------------  ---------  -------
Regression     2      0.09615189      0.04807594       2.47  0.41017
Error          1      0.01944811      0.01944811
Total          3          0.1156

