   1: variable x,y;
   2: parameter a,b,c;
   3: function y=a*(x^b)*exp(-c*x);
   4: Plot xlabel="x-Achse",ylabel="y-Achse";
   5: data;

Beginning computation...
Stopped due to: Both parameter and relative function convergence.


   ----  Final Results  ----

NLREG version 5.4
Copyright (c) 1992-2002 Phillip H. Sherrod.  All rights reserved.
This is a registered copy of NLREG that may not be redistributed.

Number of observations = 4
Maximum allowed number of iterations = 500
Convergence tolerance factor = 1.000000E-010
Stopped due to: Both parameter and relative function convergence.
Number of iterations performed = 12
Final sum of squared deviations = 2.6352369E-006
Final sum of deviations = 4.2832512E-006
Standard error of estimate = 0.00162334
Average deviation = 0.000687457
Maximum deviation for any observation = 0.00121567
Proportion of variance explained (R^2) = 1.0000  (100.00%)
Adjusted coefficient of multiple determination (Ra^2) = 0.9999  (99.99%)
Durbin-Watson test for autocorrelation = 3.323
Parameter values will be written to C:\Users\peleg\OneDrive\doktorát\experiment_disertace\výsledky\fin_výsl\syntax\typ2\FSM2\dop_FSM2\vysl_compl_FSM2_dop_minus_c\param_compl_FSM2_dop_02_minus_c.par
Analysis completed 13-Apr-2023 16:00.  Runtime = 0.00 seconds.


             ----  Descriptive Statistics for Variables  ----

 Variable    Minimum value   Maximum value    Mean value     Standard dev.
----------  --------------  --------------  --------------  --------------
         x               1            6.16            3.04        2.234517
         y            2.01            2.52          2.3175        0.224258


                   ----  Calculated Parameter Values  ----

 Parameter  Initial guess   Final estimate   Standard error      t      Prob(t)
----------  -------------  ----------------  --------------  ---------  -------
         a              1         2.1144503     0.001459143    1449.10  0.00044
         b              1       0.268840211     0.002049123     131.20  0.00485
         c              1      0.0508515872    0.0006697413      75.93  0.00838


                  ----  Analysis of Variance  ----

  Source     DF   Sum of Squares    Mean Square    F value   Prob(F)
----------  ----  --------------  --------------  ---------  -------
Regression     2       0.1508724      0.07543618   28625.96  0.00418
Error          1   2.635237E-006   2.635237E-006
Total          3        0.150875

