   1: variable x,y;
   2: parameter a,b,c;
   3: function y=a*(x^b)*exp(c*x);
   4: Plot xlabel="x-Achse",ylabel="y-Achse";
   5: data;

Beginning computation...
Stopped due to: Relative function convergence.


   ----  Final Results  ----

NLREG version 5.4
Copyright (c) 1992-2002 Phillip H. Sherrod.  All rights reserved.
This is a registered copy of NLREG that may not be redistributed.

Number of observations = 7
Maximum allowed number of iterations = 500
Convergence tolerance factor = 1.000000E-010
Stopped due to: Relative function convergence.
Number of iterations performed = 20
Final sum of squared deviations = 2.0882148E-002
Final sum of deviations = 3.3069194E-003
Standard error of estimate = 0.0722533
Average deviation = 0.0441124
Maximum deviation for any observation = 0.0939311
Proportion of variance explained (R^2) = 0.9935  (99.35%)
Adjusted coefficient of multiple determination (Ra^2) = 0.9903  (99.03%)
Durbin-Watson test for autocorrelation = 2.059
Parameter values will be written to C:\Users\peleg\OneDrive\doktorát\experiment_disertace\výsledky\fin_výsl\slovo_morfém_foném_oprava\stud_SMF\types_stud_SMF\vysl_compl_SMF_types_stud\param_compl_types_stud_06.par
Analysis completed  2-Apr-2023 17:16.  Runtime = 0.00 seconds.


             ----  Descriptive Statistics for Variables  ----

 Variable    Minimum value   Maximum value    Mean value     Standard dev.
----------  --------------  --------------  --------------  --------------
         x               1            7.17        4.024286        2.200181
         y            1.66            3.78        2.232857       0.7327509


                   ----  Calculated Parameter Values  ----

 Parameter  Initial guess   Final estimate   Standard error      t      Prob(t)
----------  -------------  ----------------  --------------  ---------  -------
         a              1        3.39032538      0.07930415      42.75  0.00001
         b              1      -0.718549683      0.06222332     -11.55  0.00032
         c              1       0.104936673      0.02203523       4.76  0.00889


                  ----  Analysis of Variance  ----

  Source     DF   Sum of Squares    Mean Square    F value   Prob(F)
----------  ----  --------------  --------------  ---------  -------
Regression     2        3.200661         1.60033     306.55  0.00004
Error          4      0.02088215     0.005220537
Total          6        3.221543

