   1: variable x,y;
   2: parameter a,b,c;
   3: function y=a*(x^b)*exp(c*x);
   4: Plot xlabel="x-Achse",ylabel="y-Achse";
   5: data;

Beginning computation...
Stopped due to: Relative function convergence.


   ----  Final Results  ----

NLREG version 5.4
Copyright (c) 1992-2002 Phillip H. Sherrod.  All rights reserved.
This is a registered copy of NLREG that may not be redistributed.

Number of observations = 6
Maximum allowed number of iterations = 500
Convergence tolerance factor = 1.000000E-010
Stopped due to: Relative function convergence.
Number of iterations performed = 20
Final sum of squared deviations = 3.1293529E-003
Final sum of deviations = 1.6216378E-004
Standard error of estimate = 0.0322973
Average deviation = 0.0202478
Maximum deviation for any observation = 0.0332533
Proportion of variance explained (R^2) = 0.9923  (99.23%)
Adjusted coefficient of multiple determination (Ra^2) = 0.9872  (98.72%)
Durbin-Watson test for autocorrelation = 1.969
Parameter values will be written to C:\Users\peleg\OneDrive\doktorát\experiment_disertace\výsledky\fin_výsl\slovo_morfém_foném_oprava\stud_SMF\tokens_stud_SMF\vysl_compl_SMF_tokens_stud\param_compl_tokens_stud_10.par
Analysis completed  2-Apr-2023 17:15.  Runtime = 0.00 seconds.


             ----  Descriptive Statistics for Variables  ----

 Variable    Minimum value   Maximum value    Mean value     Standard dev.
----------  --------------  --------------  --------------  --------------
         x               1             6.3            3.55        1.953202
         y            1.65            2.46           1.955       0.2853594


                   ----  Calculated Parameter Values  ----

 Parameter  Initial guess   Final estimate   Standard error      t      Prob(t)
----------  -------------  ----------------  --------------  ---------  -------
         a              1        2.42608281      0.03591508      67.55  0.00001
         b              1      -0.232658217      0.03952756      -5.89  0.00979
         c              1     0.00923688606      0.01447853       0.64  0.56885


                  ----  Analysis of Variance  ----

  Source     DF   Sum of Squares    Mean Square    F value   Prob(F)
----------  ----  --------------  --------------  ---------  -------
Regression     2       0.4040206       0.2020103     193.66  0.00067
Error          3     0.003129353     0.001043118
Total          5         0.40715

