   1: variable x,y;
   2: parameter a,b,c;
   3: function y=a*(x^b)*exp(c*x);
   4: Plot xlabel="x-Achse",ylabel="y-Achse";
   5: data;

Beginning computation...
Stopped due to: Relative function convergence.


   ----  Final Results  ----

NLREG version 5.4
Copyright (c) 1992-2002 Phillip H. Sherrod.  All rights reserved.
This is a registered copy of NLREG that may not be redistributed.

Number of observations = 7
Maximum allowed number of iterations = 500
Convergence tolerance factor = 1.000000E-010
Stopped due to: Relative function convergence.
Number of iterations performed = 19
Final sum of squared deviations = 1.5639705E-002
Final sum of deviations = 1.3755437E-004
Standard error of estimate = 0.0625294
Average deviation = 0.0409316
Maximum deviation for any observation = 0.0863
Proportion of variance explained (R^2) = 0.9652  (96.52%)
Adjusted coefficient of multiple determination (Ra^2) = 0.9477  (94.77%)
Durbin-Watson test for autocorrelation = 3.107
Parameter values will be written to C:\Users\peleg\OneDrive\doktorát\experiment_disertace\výsledky\fin_výsl\slovo_morfém_foném_oprava\stud_SMF\tokens_stud_SMF\vysl_compl_SMF_tokens_stud\param_compl_tokens_stud_04.par
Analysis completed  2-Apr-2023 17:15.  Runtime = 0.00 seconds.


             ----  Descriptive Statistics for Variables  ----

 Variable    Minimum value   Maximum value    Mean value     Standard dev.
----------  --------------  --------------  --------------  --------------
         x               1            7.17        4.024286        2.200181
         y            1.54            2.38            1.87       0.2734959


                   ----  Calculated Parameter Values  ----

 Parameter  Initial guess   Final estimate   Standard error      t      Prob(t)
----------  -------------  ----------------  --------------  ---------  -------
         a              1        2.36869117        0.060262      39.31  0.00001
         b              1      -0.192865213      0.06731151      -2.87  0.04569
         c              1    -0.00229237815      0.02251422      -0.10  0.92380


                  ----  Analysis of Variance  ----

  Source     DF   Sum of Squares    Mean Square    F value   Prob(F)
----------  ----  --------------  --------------  ---------  -------
Regression     2       0.4331603       0.2165801      55.39  0.00121
Error          4      0.01563971     0.003909926
Total          6          0.4488

