   1: variable x,y;
   2: parameter a,b,c;
   3: function y=a*(x^b)*exp(c*x);
   4: Plot xlabel="x-Achse",ylabel="y-Achse";
   5: data;

Beginning computation...
Stopped due to: Relative function convergence.


   ----  Final Results  ----

NLREG version 5.4
Copyright (c) 1992-2002 Phillip H. Sherrod.  All rights reserved.
This is a registered copy of NLREG that may not be redistributed.

Number of observations = 8
Maximum allowed number of iterations = 500
Convergence tolerance factor = 1.000000E-010
Stopped due to: Relative function convergence.
Number of iterations performed = 19
Final sum of squared deviations = 8.6408145E-004
Final sum of deviations = 6.7868061E-005
Standard error of estimate = 0.013146
Average deviation = 0.0088566
Maximum deviation for any observation = 0.0180112
Proportion of variance explained (R^2) = 0.9988  (99.88%)
Adjusted coefficient of multiple determination (Ra^2) = 0.9983  (99.83%)
Durbin-Watson test for autocorrelation = 2.135
Parameter values will be written to C:\Users\peleg\OneDrive\doktorát\experiment_disertace\výsledky\fin_výsl\slovo_morfém_foném_oprava\stud_SMF\tokens_stud_SMF\vysl_compl_SMF_tokens_stud\param_compl_tokens_stud_07.par
Analysis completed  2-Apr-2023 17:15.  Runtime = 0.00 seconds.


             ----  Descriptive Statistics for Variables  ----

 Variable    Minimum value   Maximum value    Mean value     Standard dev.
----------  --------------  --------------  --------------  --------------
         x               1            8.33         4.54125        2.518653
         y            1.48            2.46          1.8275       0.3197209


                   ----  Calculated Parameter Values  ----

 Parameter  Initial guess   Final estimate   Standard error      t      Prob(t)
----------  -------------  ----------------  --------------  ---------  -------
         a              1         2.4615022      0.01175477     209.40  0.00001
         b              1      -0.225739698      0.01196255     -18.87  0.00001
         c              1    -0.00217240355      0.00367955      -0.59  0.58060


                  ----  Analysis of Variance  ----

  Source     DF   Sum of Squares    Mean Square    F value   Prob(F)
----------  ----  --------------  --------------  ---------  -------
Regression     2       0.7146859        0.357343    2067.76  0.00001
Error          5    0.0008640814    0.0001728163
Total          7         0.71555

