   1: variable x,y;
   2: parameter a,b,c;
   3: function y=a*(x^b)*exp(c*x);
   4: Plot xlabel="x-Achse",ylabel="y-Achse";
   5: data;

Beginning computation...
Stopped due to: Relative function convergence.


   ----  Final Results  ----

NLREG version 5.4
Copyright (c) 1992-2002 Phillip H. Sherrod.  All rights reserved.
This is a registered copy of NLREG that may not be redistributed.

Number of observations = 6
Maximum allowed number of iterations = 500
Convergence tolerance factor = 1.000000E-010
Stopped due to: Relative function convergence.
Number of iterations performed = 17
Final sum of squared deviations = 7.3562728E-003
Final sum of deviations = -1.1169299E-005
Standard error of estimate = 0.0495186
Average deviation = 0.0258254
Maximum deviation for any observation = 0.0725426
Proportion of variance explained (R^2) = 0.9887  (98.87%)
Adjusted coefficient of multiple determination (Ra^2) = 0.9812  (98.12%)
Durbin-Watson test for autocorrelation = 2.890
Parameter values will be written to C:\Users\peleg\OneDrive\doktorát\experiment_disertace\výsledky\fin_výsl\slovo_morfém_foném_oprava\stud_SMF\tokens_stud_SMF\vysl_compl_SMF_tokens_stud\param_compl_tokens_stud_03.par
Analysis completed  2-Apr-2023 17:15.  Runtime = 0.00 seconds.


             ----  Descriptive Statistics for Variables  ----

 Variable    Minimum value   Maximum value    Mean value     Standard dev.
----------  --------------  --------------  --------------  --------------
         x               1            6.29        3.548333        1.950389
         y            1.85            2.79             2.2       0.3609986


                   ----  Calculated Parameter Values  ----

 Parameter  Initial guess   Final estimate   Standard error      t      Prob(t)
----------  -------------  ----------------  --------------  ---------  -------
         a              1         2.8412664      0.05746638      49.44  0.00002
         b              1      -0.188398711      0.05389895      -3.50  0.03961
         c              1     -0.0164394624       0.0199198      -0.83  0.46971


                  ----  Analysis of Variance  ----

  Source     DF   Sum of Squares    Mean Square    F value   Prob(F)
----------  ----  --------------  --------------  ---------  -------
Regression     2       0.6442437       0.3221219     131.37  0.00120
Error          3     0.007356273     0.002452091
Total          5          0.6516

