   1: variable x,y;
   2: parameter a,b,c;
   3: function y=a*(x^b)*exp(c*x);
   4: Plot xlabel="x-Achse",ylabel="y-Achse";
   5: data;

Beginning computation...
Stopped due to: Both parameter and relative function convergence.


   ----  Final Results  ----

NLREG version 5.4
Copyright (c) 1992-2002 Phillip H. Sherrod.  All rights reserved.
This is a registered copy of NLREG that may not be redistributed.

Number of observations = 7
Maximum allowed number of iterations = 500
Convergence tolerance factor = 1.000000E-010
Stopped due to: Both parameter and relative function convergence.
Number of iterations performed = 20
Final sum of squared deviations = 1.0853632E-002
Final sum of deviations = 3.5542912E-003
Standard error of estimate = 0.0520904
Average deviation = 0.0343346
Maximum deviation for any observation = 0.0688634
Proportion of variance explained (R^2) = 0.9961  (99.61%)
Adjusted coefficient of multiple determination (Ra^2) = 0.9941  (99.41%)
Durbin-Watson test for autocorrelation = 1.848
Parameter values will be written to C:\Users\peleg\OneDrive\doktorát\experiment_disertace\výsledky\fin_výsl\slovo_morfém_foném_oprava\stud_SMF\types_stud_SMF\vysl_compl_SMF_types_stud\param_compl_types_stud_05.par
Analysis completed  2-Apr-2023 17:16.  Runtime = 0.00 seconds.


             ----  Descriptive Statistics for Variables  ----

 Variable    Minimum value   Maximum value    Mean value     Standard dev.
----------  --------------  --------------  --------------  --------------
         x               1            7.27        4.038571        2.224203
         y            1.65            3.59        2.144286       0.6798985


                   ----  Calculated Parameter Values  ----

 Parameter  Initial guess   Final estimate   Standard error      t      Prob(t)
----------  -------------  ----------------  --------------  ---------  -------
         a              1        3.21228107      0.05575517      57.61  0.00001
         b              1      -0.708360947      0.04611475     -15.36  0.00010
         c              1       0.105720247      0.01617888       6.53  0.00283


                  ----  Analysis of Variance  ----

  Source     DF   Sum of Squares    Mean Square    F value   Prob(F)
----------  ----  --------------  --------------  ---------  -------
Regression     2        2.762718        1.381359     509.09  0.00002
Error          4      0.01085363     0.002713408
Total          6        2.773571

