   1: variable x,y;
   2: parameter a,b,c;
   3: function y=a*(x^b)*exp(c*x);
   4: Plot xlabel="x-Achse",ylabel="y-Achse";
   5: data;

Beginning computation...
Stopped due to: Relative function convergence.


   ----  Final Results  ----

NLREG version 5.4
Copyright (c) 1992-2002 Phillip H. Sherrod.  All rights reserved.
This is a registered copy of NLREG that may not be redistributed.

Number of observations = 7
Maximum allowed number of iterations = 500
Convergence tolerance factor = 1.000000E-010
Stopped due to: Relative function convergence.
Number of iterations performed = 19
Final sum of squared deviations = 7.4151910E-003
Final sum of deviations = -2.5834066E-004
Standard error of estimate = 0.0430558
Average deviation = 0.0282297
Maximum deviation for any observation = 0.059223
Proportion of variance explained (R^2) = 0.9841  (98.41%)
Adjusted coefficient of multiple determination (Ra^2) = 0.9761  (97.61%)
Durbin-Watson test for autocorrelation = 3.245
Parameter values will be written to C:\Users\peleg\OneDrive\doktorát\experiment_disertace\výsledky\fin_výsl\slovo_morfém_foném_oprava\stud_SMF\tokens_stud_SMF\vysl_compl_SMF_tokens_stud\param_compl_tokens_stud_08.par
Analysis completed  2-Apr-2023 17:15.  Runtime = 0.00 seconds.


             ----  Descriptive Statistics for Variables  ----

 Variable    Minimum value   Maximum value    Mean value     Standard dev.
----------  --------------  --------------  --------------  --------------
         x               1            7.16        4.022857          2.1978
         y            1.68            2.48            1.94       0.2785678


                   ----  Calculated Parameter Values  ----

 Parameter  Initial guess   Final estimate   Standard error      t      Prob(t)
----------  -------------  ----------------  --------------  ---------  -------
         a              1         2.4075146       0.0405355      59.39  0.00001
         b              1      -0.293854147      0.04453184      -6.60  0.00273
         c              1      0.0335599135      0.01486951       2.26  0.08697


                  ----  Analysis of Variance  ----

  Source     DF   Sum of Squares    Mean Square    F value   Prob(F)
----------  ----  --------------  --------------  ---------  -------
Regression     2       0.4581848       0.2290924     123.58  0.00025
Error          4     0.007415191     0.001853798
Total          6          0.4656

