   1: variable x,y;
   2: parameter a,b,c;
   3: function y=a*(x^b)*exp(c*x);
   4: Plot xlabel="x-Achse",ylabel="y-Achse";
   5: data;

Beginning computation...
Stopped due to: Both parameter and relative function convergence.


   ----  Final Results  ----

NLREG version 5.4
Copyright (c) 1992-2002 Phillip H. Sherrod.  All rights reserved.
This is a registered copy of NLREG that may not be redistributed.

Number of observations = 7
Maximum allowed number of iterations = 500
Convergence tolerance factor = 1.000000E-010
Stopped due to: Both parameter and relative function convergence.
Number of iterations performed = 20
Final sum of squared deviations = 2.6233421E-002
Final sum of deviations = 5.0710945E-003
Standard error of estimate = 0.0809837
Average deviation = 0.0534913
Maximum deviation for any observation = 0.0908938
Proportion of variance explained (R^2) = 0.9915  (99.15%)
Adjusted coefficient of multiple determination (Ra^2) = 0.9873  (98.73%)
Durbin-Watson test for autocorrelation = 2.180
Parameter values will be written to C:\Users\peleg\OneDrive\doktorát\experiment_disertace\výsledky\fin_výsl\slovo_morfém_foném_oprava\stud_SMF\types_stud_SMF\vysl_compl_SMF_types_stud\param_compl_types_stud_04.par
Analysis completed  2-Apr-2023 17:16.  Runtime = 0.00 seconds.


             ----  Descriptive Statistics for Variables  ----

 Variable    Minimum value   Maximum value    Mean value     Standard dev.
----------  --------------  --------------  --------------  --------------
         x               1            7.19        4.027143        2.204954
         y            1.58            3.66        2.131429       0.7182485


                   ----  Calculated Parameter Values  ----

 Parameter  Initial guess   Final estimate   Standard error      t      Prob(t)
----------  -------------  ----------------  --------------  ---------  -------
         a              1        3.26304211      0.08936066      36.52  0.00001
         b              1      -0.737580765      0.07281451     -10.13  0.00053
         c              1       0.108169261      0.02581741       4.19  0.01381


                  ----  Analysis of Variance  ----

  Source     DF   Sum of Squares    Mean Square    F value   Prob(F)
----------  ----  --------------  --------------  ---------  -------
Regression     2        3.069052        1.534526     233.98  0.00007
Error          4      0.02623342     0.006558355
Total          6        3.095286

