   1: variable x,y;
   2: parameter a,b,c;
   3: function y=a*(x^b)*exp(c*x);
   4: Plot xlabel="x-Achse",ylabel="y-Achse";
   5: data;

Beginning computation...
Stopped due to: Relative function convergence.


   ----  Final Results  ----

NLREG version 5.4
Copyright (c) 1992-2002 Phillip H. Sherrod.  All rights reserved.
This is a registered copy of NLREG that may not be redistributed.

Number of observations = 8
Maximum allowed number of iterations = 500
Convergence tolerance factor = 1.000000E-010
Stopped due to: Relative function convergence.
Number of iterations performed = 20
Final sum of squared deviations = 2.8990284E-002
Final sum of deviations = 1.1045263E-002
Standard error of estimate = 0.076145
Average deviation = 0.0483057
Maximum deviation for any observation = 0.119188
Proportion of variance explained (R^2) = 0.9954  (99.54%)
Adjusted coefficient of multiple determination (Ra^2) = 0.9936  (99.36%)
Durbin-Watson test for autocorrelation = 1.646
Parameter values will be written to C:\Users\peleg\OneDrive\doktorát\experiment_disertace\výsledky\fin_výsl\slovo_morfém_foném_oprava\stud_SMF\types_stud_SMF\vysl_compl_SMF_types_stud\param_compl_types_stud_slouè.par
Analysis completed  2-Apr-2023 17:16.  Runtime = 0.00 seconds.


             ----  Descriptive Statistics for Variables  ----

 Variable    Minimum value   Maximum value    Mean value     Standard dev.
----------  --------------  --------------  --------------  --------------
         x               1            8.19         4.52375        2.488878
         y            1.65            4.48          2.2625       0.9484386


                   ----  Calculated Parameter Values  ----

 Parameter  Initial guess   Final estimate   Standard error      t      Prob(t)
----------  -------------  ----------------  --------------  ---------  -------
         a              1        3.90611442      0.07796968      50.10  0.00001
         b              1      -0.897446234      0.05344593     -16.79  0.00001
         c              1       0.129926218      0.01776668       7.31  0.00075


                  ----  Analysis of Variance  ----

  Source     DF   Sum of Squares    Mean Square    F value   Prob(F)
----------  ----  --------------  --------------  ---------  -------
Regression     2         6.26776         3.13388     540.51  0.00001
Error          5      0.02899028     0.005798057
Total          7         6.29675

