   1: variable x,y;
   2: parameter a,b,c;
   3: function y=a*(x^b)*exp(-c*x);
   4: Plot xlabel="x-Achse",ylabel="y-Achse";
   5: data;

Beginning computation...
Stopped due to: Both parameter and relative function convergence.


   ----  Final Results  ----

NLREG version 5.4
Copyright (c) 1992-2002 Phillip H. Sherrod.  All rights reserved.
This is a registered copy of NLREG that may not be redistributed.

Number of observations = 8
Maximum allowed number of iterations = 500
Convergence tolerance factor = 1.000000E-010
Stopped due to: Both parameter and relative function convergence.
Number of iterations performed = 13
Final sum of squared deviations = 1.6812868E-001
Final sum of deviations = -4.1948287E-004
Standard error of estimate = 0.183373
Average deviation = 0.127273
Maximum deviation for any observation = 0.220433
Proportion of variance explained (R^2) = 0.3047  (30.47%)
Adjusted coefficient of multiple determination (Ra^2) = 0.0266  (2.66%)
Durbin-Watson test for autocorrelation = 1.783
Parameter values will be written to C:\Users\peleg\OneDrive\doktorát\experiment_disertace\výsledky\fin_výsl\syntax\typ3\FSM3\dop_FSM3\vysl_compl_FSM3_dop_minus_c\param_compl_FSM3_dop_01_minus_c.par
Analysis completed  8-Apr-2023 09:59.  Runtime = 0.00 seconds.


             ----  Descriptive Statistics for Variables  ----

 Variable    Minimum value   Maximum value    Mean value     Standard dev.
----------  --------------  --------------  --------------  --------------
         x               1            19.1           6.385        5.931894
         y            1.94             2.5            2.29       0.1858571


                   ----  Calculated Parameter Values  ----

 Parameter  Initial guess   Final estimate   Standard error      t      Prob(t)
----------  -------------  ----------------  --------------  ---------  -------
         a              1        2.11904857       0.1420576      14.92  0.00002
         b              1      0.0620121742      0.08050972       0.77  0.47595
         c              1     0.00249370005      0.01218083       0.20  0.84586


                  ----  Analysis of Variance  ----

  Source     DF   Sum of Squares    Mean Square    F value   Prob(F)
----------  ----  --------------  --------------  ---------  -------
Regression     2      0.07367132      0.03683566       1.10  0.40315
Error          5       0.1681287      0.03362574
Total          7          0.2418

