   1: variable x,y;
   2: parameter a,b,c;
   3: function y=a*(x^b)*exp(c*x);
   4: Plot xlabel="x-Achse",ylabel="y-Achse";
   5: data;

Beginning computation...
Stopped due to: Relative function convergence.


   ----  Final Results  ----

NLREG version 5.4
Copyright (c) 1992-2002 Phillip H. Sherrod.  All rights reserved.
This is a registered copy of NLREG that may not be redistributed.

Number of observations = 6
Maximum allowed number of iterations = 500
Convergence tolerance factor = 1.000000E-010
Stopped due to: Relative function convergence.
Number of iterations performed = 43
Final sum of squared deviations = 1.8797237E-002
Final sum of deviations = 2.6106375E-004
Standard error of estimate = 0.0791565
Average deviation = 0.0502266
Maximum deviation for any observation = 0.103432
Proportion of variance explained (R^2) = 0.8052  (80.52%)
Adjusted coefficient of multiple determination (Ra^2) = 0.6753  (67.53%)
Durbin-Watson test for autocorrelation = 2.477
Parameter values will be written to C:\Users\peleg\OneDrive\doktorát\experiment_disertace\výsledky\fin_výsl\syntax\typ3\FSM3_oprava\dop_FSM3\vysl_compl_FSM3_dop\param_compl_FSM3_dop_08.par
Analysis completed  3-Apr-2023 13:33.  Runtime = 0.00 seconds.


             ----  Descriptive Statistics for Variables  ----

 Variable    Minimum value   Maximum value    Mean value     Standard dev.
----------  --------------  --------------  --------------  --------------
         x               1           13.62           5.395        4.720821
         y            2.08            2.46        2.241667       0.1389124


                   ----  Calculated Parameter Values  ----

 Parameter  Initial guess   Final estimate   Standard error      t      Prob(t)
----------  -------------  ----------------  --------------  ---------  -------
         a              1        2.05414438      0.06172155      33.28  0.00006
         b              1       0.106572706      0.04856438       2.19  0.11577
         c              1     -0.0105330899     0.009450425      -1.11  0.34629


                  ----  Analysis of Variance  ----

  Source     DF   Sum of Squares    Mean Square    F value   Prob(F)
----------  ----  --------------  --------------  ---------  -------
Regression     2       0.0776861      0.03884305       6.20  0.08599
Error          3      0.01879724     0.006265746
Total          5      0.09648333

