   1: variable x,y;
   2: parameter a,b,c;
   3: function y=a*(x^b)*exp(-c*x);
   4: Plot xlabel="x-Achse",ylabel="y-Achse";
   5: data;

Beginning computation...
Stopped due to: Both parameter and relative function convergence.


   ----  Final Results  ----

NLREG version 5.4
Copyright (c) 1992-2002 Phillip H. Sherrod.  All rights reserved.
This is a registered copy of NLREG that may not be redistributed.

Number of observations = 5
Maximum allowed number of iterations = 500
Convergence tolerance factor = 1.000000E-010
Stopped due to: Both parameter and relative function convergence.
Number of iterations performed = 13
Final sum of squared deviations = 8.7291744E-003
Final sum of deviations = -3.0142068E-004
Standard error of estimate = 0.066065
Average deviation = 0.031554
Maximum deviation for any observation = 0.0649218
Proportion of variance explained (R^2) = 0.9503  (95.03%)
Adjusted coefficient of multiple determination (Ra^2) = 0.9006  (90.06%)
Durbin-Watson test for autocorrelation = 3.124
Parameter values will be written to C:\Users\peleg\OneDrive\doktorát\experiment_disertace\výsledky\fin_výsl\syntax\typ3\FSM3\dop_FSM3\vysl_compl_FSM3_dop_minus_c\param_compl_FSM3_dop_06_minus_c.par
Analysis completed  8-Apr-2023 09:59.  Runtime = 0.00 seconds.


             ----  Descriptive Statistics for Variables  ----

 Variable    Minimum value   Maximum value    Mean value     Standard dev.
----------  --------------  --------------  --------------  --------------
         x               1           11.79            4.85        4.287004
         y            1.87             2.4           2.206       0.2095948


                   ----  Calculated Parameter Values  ----

 Parameter  Initial guess   Final estimate   Standard error      t      Prob(t)
----------  -------------  ----------------  --------------  ---------  -------
         a              1        1.96122559      0.05317581      36.88  0.00073
         b              1       0.248413393      0.04721111       5.26  0.03427
         c              1       0.040134495      0.01008736       3.98  0.05775


                  ----  Analysis of Variance  ----

  Source     DF   Sum of Squares    Mean Square    F value   Prob(F)
----------  ----  --------------  --------------  ---------  -------
Regression     2       0.1669908      0.08349541      19.13  0.04968
Error          2     0.008729174     0.004364587
Total          4         0.17572

