   1: variable x,y;
   2: parameter a,b,c;
   3: function y=a*(x^b)*exp(-c*x);
   4: Plot xlabel="x-Achse",ylabel="y-Achse";
   5: data;

Beginning computation...
Stopped due to: Relative function convergence.


   ----  Final Results  ----

NLREG version 5.4
Copyright (c) 1992-2002 Phillip H. Sherrod.  All rights reserved.
This is a registered copy of NLREG that may not be redistributed.

Number of observations = 6
Maximum allowed number of iterations = 500
Convergence tolerance factor = 1.000000E-010
Stopped due to: Relative function convergence.
Number of iterations performed = 12
Final sum of squared deviations = 1.0249368E-001
Final sum of deviations = 1.1378289E-003
Standard error of estimate = 0.184837
Average deviation = 0.105778
Maximum deviation for any observation = 0.253353
Proportion of variance explained (R^2) = 0.7485  (74.85%)
Adjusted coefficient of multiple determination (Ra^2) = 0.5808  (58.08%)
Durbin-Watson test for autocorrelation = 2.842
Parameter values will be written to C:\Users\peleg\OneDrive\doktorát\experiment_disertace\výsledky\fin_výsl\syntax\typ3\FSM3\dop_FSM3\vysl_compl_FSM3_dop_minus_c\param_compl_FSM3_dop_03_minus_c.par
Analysis completed  8-Apr-2023 09:59.  Runtime = 0.00 seconds.


             ----  Descriptive Statistics for Variables  ----

 Variable    Minimum value   Maximum value    Mean value     Standard dev.
----------  --------------  --------------  --------------  --------------
         x               1            11.1           4.425        3.617423
         y            1.85            2.62        2.226667       0.2854937


                   ----  Calculated Parameter Values  ----

 Parameter  Initial guess   Final estimate   Standard error      t      Prob(t)
----------  -------------  ----------------  --------------  ---------  -------
         a              1        1.85738105       0.1442864      12.87  0.00101
         b              1       0.288751653       0.1329409       2.17  0.11823
         c              1      0.0394970486      0.02844218       1.39  0.25907


                  ----  Analysis of Variance  ----

  Source     DF   Sum of Squares    Mean Square    F value   Prob(F)
----------  ----  --------------  --------------  ---------  -------
Regression     2       0.3050396       0.1525198       4.46  0.12612
Error          3       0.1024937      0.03416456
Total          5       0.4075333

