   1: variable x,y;
   2: parameter b;
   3: function y=2.48*(x^b);
   4: Plot xlabel="x-Achse",ylabel="y-Achse";
   5: data;

Beginning computation...
Stopped due to: Relative function convergence.


   ----  Final Results  ----

NLREG version 5.4
Copyright (c) 1992-2002 Phillip H. Sherrod.  All rights reserved.
This is a registered copy of NLREG that may not be redistributed.

Number of observations = 8
Maximum allowed number of iterations = 500
Convergence tolerance factor = 1.000000E-010
Stopped due to: Relative function convergence.
Number of iterations performed = 10
Final sum of squared deviations = 3.4623144E-003
Final sum of deviations = -1.6365807E-002
Standard error of estimate = 0.02224
Average deviation = 0.0178667
Maximum deviation for any observation = 0.0345295
Proportion of variance explained (R^2) = 0.9939  (99.39%)
Adjusted coefficient of multiple determination (Ra^2) = 0.9939  (99.39%)
Durbin-Watson test for autocorrelation = 2.443
Parameter values will be written to C:\Users\peleg\OneDrive\doktorát\experiment_disertace\výsledky\fin_výsl\slovo_morfém_foném_oprava\stud_SMF\tokens_stud_SMF\vysl_trunc_SMF_tokens_stud\param_trunc_tokens_stud_slouè.par
Analysis completed  2-Apr-2023 17:15.  Runtime = 0.00 seconds.


             ----  Descriptive Statistics for Variables  ----

 Variable    Minimum value   Maximum value    Mean value     Standard dev.
----------  --------------  --------------  --------------  --------------
         x               1            8.19         4.52375        2.488878
         y            1.65            2.48          1.9075       0.2846426


                   ----  Calculated Parameter Values  ----

 Parameter  Initial guess   Final estimate   Standard error      t      Prob(t)
----------  -------------  ----------------  --------------  ---------  -------
         b              1      -0.203827799     0.003039396     -67.06  0.00001

