   1: variable x,y;
   2: parameter b;
   3: function y=2.46*(x^b);
   4: Plot xlabel="x-Achse",ylabel="y-Achse";
   5: data;

Beginning computation...
Stopped due to: Both parameter and relative function convergence.


   ----  Final Results  ----

NLREG version 5.4
Copyright (c) 1992-2002 Phillip H. Sherrod.  All rights reserved.
This is a registered copy of NLREG that may not be redistributed.

Number of observations = 8
Maximum allowed number of iterations = 500
Convergence tolerance factor = 1.000000E-010
Stopped due to: Both parameter and relative function convergence.
Number of iterations performed = 10
Final sum of squared deviations = 9.2487240E-004
Final sum of deviations = -7.8933255E-004
Standard error of estimate = 0.0114945
Average deviation = 0.00815116
Maximum deviation for any observation = 0.0223503
Proportion of variance explained (R^2) = 0.9987  (99.87%)
Adjusted coefficient of multiple determination (Ra^2) = 0.9987  (99.87%)
Durbin-Watson test for autocorrelation = 2.041
Parameter values will be written to C:\Users\peleg\OneDrive\doktorát\experiment_disertace\výsledky\fin_výsl\slovo_morfém_foném_oprava\stud_SMF\tokens_stud_SMF\vysl_trunc_SMF_tokens_stud\param_trunc_tokens_stud_07.par
Analysis completed  2-Apr-2023 17:15.  Runtime = 0.00 seconds.


             ----  Descriptive Statistics for Variables  ----

 Variable    Minimum value   Maximum value    Mean value     Standard dev.
----------  --------------  --------------  --------------  --------------
         x               1            8.33         4.54125        2.518653
         y            1.48            2.46          1.8275       0.3197209


                   ----  Calculated Parameter Values  ----

 Parameter  Initial guess   Final estimate   Standard error      t      Prob(t)
----------  -------------  ----------------  --------------  ---------  -------
         b              1      -0.232623769     0.001661634    -140.00  0.00001

