   1: variable x,y;
   2: parameter b;
   3: function y=3.04*(x^b);
   4: Plot xlabel="x-Achse",ylabel="y-Achse";
   5: data;

Beginning computation...
Stopped due to: Both parameter and relative function convergence.


   ----  Final Results  ----

NLREG version 5.4
Copyright (c) 1992-2002 Phillip H. Sherrod.  All rights reserved.
This is a registered copy of NLREG that may not be redistributed.

Number of observations = 6
Maximum allowed number of iterations = 500
Convergence tolerance factor = 1.000000E-010
Stopped due to: Both parameter and relative function convergence.
Number of iterations performed = 11
Final sum of squared deviations = 1.4816572E-002
Final sum of deviations = -3.8115195E-002
Standard error of estimate = 0.0544363
Average deviation = 0.0433327
Maximum deviation for any observation = 0.0743569
Proportion of variance explained (R^2) = 0.9895  (98.95%)
Adjusted coefficient of multiple determination (Ra^2) = 0.9895  (98.95%)
Durbin-Watson test for autocorrelation = 1.902
Parameter values will be written to C:\Users\peleg\OneDrive\doktorát\experiment_disertace\výsledky\fin_výsl\slovo_morfém_foném_oprava\stud_SMF\types_stud_SMF\vysl_trunc_SMF_types_stud\param_trunc_types_stud_09.par
Analysis completed  2-Apr-2023 17:16.  Runtime = 0.00 seconds.


             ----  Descriptive Statistics for Variables  ----

 Variable    Minimum value   Maximum value    Mean value     Standard dev.
----------  --------------  --------------  --------------  --------------
         x               1             6.9            3.65        2.129554
         y             1.6            3.04        2.086667       0.5304966


                   ----  Calculated Parameter Values  ----

 Parameter  Initial guess   Final estimate   Standard error      t      Prob(t)
----------  -------------  ----------------  --------------  ---------  -------
         b              1       -0.35694218     0.009829275     -36.31  0.00001

