   1: variable x,y;
   2: parameter b;
   3: function y=3.59*(x^b);
   4: Plot xlabel="x-Achse",ylabel="y-Achse";
   5: data;

Beginning computation...
Stopped due to: Both parameter and relative function convergence.


   ----  Final Results  ----

NLREG version 5.4
Copyright (c) 1992-2002 Phillip H. Sherrod.  All rights reserved.
This is a registered copy of NLREG that may not be redistributed.

Number of observations = 7
Maximum allowed number of iterations = 500
Convergence tolerance factor = 1.000000E-010
Stopped due to: Both parameter and relative function convergence.
Number of iterations performed = 11
Final sum of squared deviations = 1.5027439E-001
Final sum of deviations = -1.2900754E-001
Standard error of estimate = 0.158258
Average deviation = 0.118419
Maximum deviation for any observation = 0.267341
Proportion of variance explained (R^2) = 0.9458  (94.58%)
Adjusted coefficient of multiple determination (Ra^2) = 0.9458  (94.58%)
Durbin-Watson test for autocorrelation = 0.756
This Durbin-Watson value indicates autocorrelation or inappropriate function.
Parameter values will be written to C:\Users\peleg\OneDrive\doktorát\experiment_disertace\výsledky\fin_výsl\slovo_morfém_foném_oprava\stud_SMF\types_stud_SMF\vysl_trunc_SMF_types_stud\param_trunc_types_stud_05.par
Analysis completed  2-Apr-2023 17:16.  Runtime = 0.00 seconds.


             ----  Descriptive Statistics for Variables  ----

 Variable    Minimum value   Maximum value    Mean value     Standard dev.
----------  --------------  --------------  --------------  --------------
         x               1            7.27        4.038571        2.224203
         y            1.65            3.59        2.144286       0.6798985


                   ----  Calculated Parameter Values  ----

 Parameter  Initial guess   Final estimate   Standard error      t      Prob(t)
----------  -------------  ----------------  --------------  ---------  -------
         b              1      -0.450380378      0.02478553     -18.17  0.00001

