   1: variable x,y;
   2: parameter b;
   3: function y=2.38*(x^b);
   4: Plot xlabel="x-Achse",ylabel="y-Achse";
   5: data;

Beginning computation...
Stopped due to: Both parameter and relative function convergence.


   ----  Final Results  ----

NLREG version 5.4
Copyright (c) 1992-2002 Phillip H. Sherrod.  All rights reserved.
This is a registered copy of NLREG that may not be redistributed.

Number of observations = 7
Maximum allowed number of iterations = 500
Convergence tolerance factor = 1.000000E-010
Stopped due to: Both parameter and relative function convergence.
Number of iterations performed = 9
Final sum of squared deviations = 1.5939919E-002
Final sum of deviations = -1.8375174E-002
Standard error of estimate = 0.0515427
Average deviation = 0.0393068
Maximum deviation for any observation = 0.0869386
Proportion of variance explained (R^2) = 0.9645  (96.45%)
Adjusted coefficient of multiple determination (Ra^2) = 0.9645  (96.45%)
Durbin-Watson test for autocorrelation = 3.002
Parameter values will be written to C:\Users\peleg\OneDrive\doktorát\experiment_disertace\výsledky\fin_výsl\slovo_morfém_foném_oprava\stud_SMF\tokens_stud_SMF\vysl_trunc_SMF_tokens_stud\param_trunc_tokens_stud_04.par
Analysis completed  2-Apr-2023 17:15.  Runtime = 0.00 seconds.


             ----  Descriptive Statistics for Variables  ----

 Variable    Minimum value   Maximum value    Mean value     Standard dev.
----------  --------------  --------------  --------------  --------------
         x               1            7.17        4.024286        2.200181
         y            1.54            2.38            1.87       0.2734959


                   ----  Calculated Parameter Values  ----

 Parameter  Initial guess   Final estimate   Standard error      t      Prob(t)
----------  -------------  ----------------  --------------  ---------  -------
         b              1      -0.203415425      0.00826645     -24.61  0.00001

