   1: variable x,y;
   2: parameter b;
   3: function y=2.75*(x^b);
   4: Plot xlabel="x-Achse",ylabel="y-Achse";
   5: data;

Beginning computation...
Stopped due to: Both parameter and relative function convergence.


   ----  Final Results  ----

NLREG version 5.4
Copyright (c) 1992-2002 Phillip H. Sherrod.  All rights reserved.
This is a registered copy of NLREG that may not be redistributed.

Number of observations = 7
Maximum allowed number of iterations = 500
Convergence tolerance factor = 1.000000E-010
Stopped due to: Both parameter and relative function convergence.
Number of iterations performed = 11
Final sum of squared deviations = 4.7696648E-002
Final sum of deviations = -1.0681628E-001
Standard error of estimate = 0.0891596
Average deviation = 0.0627091
Maximum deviation for any observation = 0.17263
Proportion of variance explained (R^2) = 0.9433  (94.33%)
Adjusted coefficient of multiple determination (Ra^2) = 0.9433  (94.33%)
Durbin-Watson test for autocorrelation = 0.994
Parameter values will be written to C:\Users\peleg\OneDrive\doktorát\experiment_disertace\výsledky\fin_výsl\slovo_morfém_foném_oprava\stud_SMF\tokens_stud_SMF\vysl_trunc_SMF_tokens_stud\param_trunc_tokens_stud_05.par
Analysis completed  2-Apr-2023 17:15.  Runtime = 0.00 seconds.


             ----  Descriptive Statistics for Variables  ----

 Variable    Minimum value   Maximum value    Mean value     Standard dev.
----------  --------------  --------------  --------------  --------------
         x               1            7.25        4.035714        2.219368
         y            1.66            2.75        1.967143       0.3742866


                   ----  Calculated Parameter Values  ----

 Parameter  Initial guess   Final estimate   Standard error      t      Prob(t)
----------  -------------  ----------------  --------------  ---------  -------
         b              1        -0.2814311      0.01400262     -20.10  0.00001

