   1: variable x,y;
   2: parameter b;
   3: function y=3.34*(x^b);
   4: Plot xlabel="x-Achse",ylabel="y-Achse";
   5: data;

Beginning computation...
Stopped due to: Both parameter and relative function convergence.


   ----  Final Results  ----

NLREG version 5.4
Copyright (c) 1992-2002 Phillip H. Sherrod.  All rights reserved.
This is a registered copy of NLREG that may not be redistributed.

Number of observations = 7
Maximum allowed number of iterations = 500
Convergence tolerance factor = 1.000000E-010
Stopped due to: Both parameter and relative function convergence.
Number of iterations performed = 12
Final sum of squared deviations = 9.2974158E-002
Final sum of deviations = -1.0370328E-001
Standard error of estimate = 0.124482
Average deviation = 0.0932355
Maximum deviation for any observation = 0.191111
Proportion of variance explained (R^2) = 0.9499  (94.99%)
Adjusted coefficient of multiple determination (Ra^2) = 0.9499  (94.99%)
Durbin-Watson test for autocorrelation = 0.695
This Durbin-Watson value indicates autocorrelation or inappropriate function.
Parameter values will be written to C:\Users\peleg\OneDrive\doktorát\experiment_disertace\výsledky\fin_výsl\slovo_morfém_foném_oprava\stud_SMF\types_stud_SMF\vysl_trunc_SMF_types_stud\param_trunc_types_stud_01.par
Analysis completed  2-Apr-2023 17:16.  Runtime = 0.00 seconds.


             ----  Descriptive Statistics for Variables  ----

 Variable    Minimum value   Maximum value    Mean value     Standard dev.
----------  --------------  --------------  --------------  --------------
         x               1            7.17        4.024286        2.200181
         y            1.79            3.34            2.19       0.5561774


                   ----  Calculated Parameter Values  ----

 Parameter  Initial guess   Final estimate   Standard error      t      Prob(t)
----------  -------------  ----------------  --------------  ---------  -------
         b              1      -0.363184703      0.01831261     -19.83  0.00001

