   1: variable x,y;
   2: parameter b;
   3: function y=2.46*(x^b);
   4: Plot xlabel="x-Achse",ylabel="y-Achse";
   5: data;

Beginning computation...
Stopped due to: Both parameter and relative function convergence.


   ----  Final Results  ----

NLREG version 5.4
Copyright (c) 1992-2002 Phillip H. Sherrod.  All rights reserved.
This is a registered copy of NLREG that may not be redistributed.

Number of observations = 6
Maximum allowed number of iterations = 500
Convergence tolerance factor = 1.000000E-010
Stopped due to: Both parameter and relative function convergence.
Number of iterations performed = 9
Final sum of squared deviations = 4.0626571E-003
Final sum of deviations = -2.4651293E-002
Standard error of estimate = 0.0285049
Average deviation = 0.0204462
Maximum deviation for any observation = 0.0506685
Proportion of variance explained (R^2) = 0.9900  (99.00%)
Adjusted coefficient of multiple determination (Ra^2) = 0.9900  (99.00%)
Durbin-Watson test for autocorrelation = 1.602
Parameter values will be written to C:\Users\peleg\OneDrive\doktorát\experiment_disertace\výsledky\fin_výsl\slovo_morfém_foném_oprava\stud_SMF\tokens_stud_SMF\vysl_trunc_SMF_tokens_stud\param_trunc_tokens_stud_10.par
Analysis completed  2-Apr-2023 17:15.  Runtime = 0.00 seconds.


             ----  Descriptive Statistics for Variables  ----

 Variable    Minimum value   Maximum value    Mean value     Standard dev.
----------  --------------  --------------  --------------  --------------
         x               1             6.3            3.55        1.953202
         y            1.65            2.46           1.955       0.2853594


                   ----  Calculated Parameter Values  ----

 Parameter  Initial guess   Final estimate   Standard error      t      Prob(t)
----------  -------------  ----------------  --------------  ---------  -------
         b              1      -0.214139189     0.005175493     -41.38  0.00001

