   1: variable x,y;
   2: parameter b;
   3: function y=3.56*(x^b);
   4: Plot xlabel="x-Achse",ylabel="y-Achse";
   5: data;

Beginning computation...
Stopped due to: Both parameter and relative function convergence.


   ----  Final Results  ----

NLREG version 5.4
Copyright (c) 1992-2002 Phillip H. Sherrod.  All rights reserved.
This is a registered copy of NLREG that may not be redistributed.

Number of observations = 8
Maximum allowed number of iterations = 500
Convergence tolerance factor = 1.000000E-010
Stopped due to: Both parameter and relative function convergence.
Number of iterations performed = 11
Final sum of squared deviations = 9.7335624E-002
Final sum of deviations = -1.0988919E-001
Standard error of estimate = 0.11792
Average deviation = 0.0793584
Maximum deviation for any observation = 0.232618
Proportion of variance explained (R^2) = 0.9699  (96.99%)
Adjusted coefficient of multiple determination (Ra^2) = 0.9699  (96.99%)
Durbin-Watson test for autocorrelation = 0.880
Parameter values will be written to C:\Users\peleg\OneDrive\doktorát\experiment_disertace\výsledky\fin_výsl\slovo_morfém_foném_oprava\stud_SMF\types_stud_SMF\vysl_trunc_SMF_types_stud\param_trunc_types_stud_07.par
Analysis completed  2-Apr-2023 17:16.  Runtime = 0.00 seconds.


             ----  Descriptive Statistics for Variables  ----

 Variable    Minimum value   Maximum value    Mean value     Standard dev.
----------  --------------  --------------  --------------  --------------
         x               1            8.33         4.54125        2.518653
         y            1.48            3.56         2.03375       0.6799567


                   ----  Calculated Parameter Values  ----

 Parameter  Initial guess   Final estimate   Standard error      t      Prob(t)
----------  -------------  ----------------  --------------  ---------  -------
         b              1      -0.451913449      0.01697612     -26.62  0.00001

