   1: variable x,y;
   2: parameter b;
   3: function y=2.48*(x^b);
   4: Plot xlabel="x-Achse",ylabel="y-Achse";
   5: data;

Beginning computation...
Stopped due to: Both parameter and relative function convergence.


   ----  Final Results  ----

NLREG version 5.4
Copyright (c) 1992-2002 Phillip H. Sherrod.  All rights reserved.
This is a registered copy of NLREG that may not be redistributed.

Number of observations = 7
Maximum allowed number of iterations = 500
Convergence tolerance factor = 1.000000E-010
Stopped due to: Both parameter and relative function convergence.
Number of iterations performed = 9
Final sum of squared deviations = 1.8082510E-002
Final sum of deviations = -3.9479920E-002
Standard error of estimate = 0.0548976
Average deviation = 0.0418197
Maximum deviation for any observation = 0.0967793
Proportion of variance explained (R^2) = 0.9612  (96.12%)
Adjusted coefficient of multiple determination (Ra^2) = 0.9612  (96.12%)
Durbin-Watson test for autocorrelation = 1.672
Parameter values will be written to C:\Users\peleg\OneDrive\doktorát\experiment_disertace\výsledky\fin_výsl\slovo_morfém_foném_oprava\stud_SMF\tokens_stud_SMF\vysl_trunc_SMF_tokens_stud\param_trunc_tokens_stud_08.par
Analysis completed  2-Apr-2023 17:15.  Runtime = 0.00 seconds.


             ----  Descriptive Statistics for Variables  ----

 Variable    Minimum value   Maximum value    Mean value     Standard dev.
----------  --------------  --------------  --------------  --------------
         x               1            7.16        4.022857          2.1978
         y            1.68            2.48            1.94       0.2785678


                   ----  Calculated Parameter Values  ----

 Parameter  Initial guess   Final estimate   Standard error      t      Prob(t)
----------  -------------  ----------------  --------------  ---------  -------
         b              1      -0.206010246     0.008485557     -24.28  0.00001

