   1: variable x,y;
   2: parameter b;
   3: function y=4.14*(x^b);
   4: Plot xlabel="x-Achse",ylabel="y-Achse";
   5: data;

Beginning computation...
Stopped due to: Both parameter and relative function convergence.


   ----  Final Results  ----

NLREG version 5.4
Copyright (c) 1992-2002 Phillip H. Sherrod.  All rights reserved.
This is a registered copy of NLREG that may not be redistributed.

Number of observations = 6
Maximum allowed number of iterations = 500
Convergence tolerance factor = 1.000000E-010
Stopped due to: Both parameter and relative function convergence.
Number of iterations performed = 13
Final sum of squared deviations = 1.4195561E-001
Final sum of deviations = -8.8846906E-002
Standard error of estimate = 0.168497
Average deviation = 0.115094
Maximum deviation for any observation = 0.251878
Proportion of variance explained (R^2) = 0.9635  (96.35%)
Adjusted coefficient of multiple determination (Ra^2) = 0.9635  (96.35%)
Durbin-Watson test for autocorrelation = 0.850
Parameter values will be written to C:\Users\peleg\OneDrive\doktorát\experiment_disertace\výsledky\fin_výsl\slovo_morfém_foném_oprava\stud_SMF\types_stud_SMF\vysl_trunc_SMF_types_stud\param_trunc_types_stud_03.par
Analysis completed  2-Apr-2023 17:16.  Runtime = 0.00 seconds.


             ----  Descriptive Statistics for Variables  ----

 Variable    Minimum value   Maximum value    Mean value     Standard dev.
----------  --------------  --------------  --------------  --------------
         x               1             6.3            3.55        1.953202
         y            1.85            4.14        2.451667       0.8823019


                   ----  Calculated Parameter Values  ----

 Parameter  Initial guess   Final estimate   Standard error      t      Prob(t)
----------  -------------  ----------------  --------------  ---------  -------
         b              1      -0.517164225      0.02825321     -18.30  0.00001

