   1: variable x,y;
   2: parameter b;
   3: function y=2.41*(x^b);
   4: Plot xlabel="x-Achse",ylabel="y-Achse";
   5: data;

Beginning computation...
Stopped due to: Both parameter and relative function convergence.


   ----  Final Results  ----

NLREG version 5.4
Copyright (c) 1992-2002 Phillip H. Sherrod.  All rights reserved.
This is a registered copy of NLREG that may not be redistributed.

Number of observations = 7
Maximum allowed number of iterations = 500
Convergence tolerance factor = 1.000000E-010
Stopped due to: Both parameter and relative function convergence.
Number of iterations performed = 9
Final sum of squared deviations = 1.0123762E-002
Final sum of deviations = -5.4420406E-004
Standard error of estimate = 0.0410767
Average deviation = 0.0284961
Maximum deviation for any observation = 0.0660264
Proportion of variance explained (R^2) = 0.9654  (96.54%)
Adjusted coefficient of multiple determination (Ra^2) = 0.9654  (96.54%)
Durbin-Watson test for autocorrelation = 3.640
Parameter values will be written to C:\Users\peleg\OneDrive\doktorát\experiment_disertace\výsledky\fin_výsl\slovo_morfém_foném_oprava\stud_SMF\tokens_stud_SMF\vysl_trunc_SMF_tokens_stud\param_trunc_tokens_stud_01.par
Analysis completed  2-Apr-2023 17:15.  Runtime = 0.00 seconds.


             ----  Descriptive Statistics for Variables  ----

 Variable    Minimum value   Maximum value    Mean value     Standard dev.
----------  --------------  --------------  --------------  --------------
         x               1            7.17        4.024286        2.200181
         y            1.79            2.41        2.012857       0.2207347


                   ----  Calculated Parameter Values  ----

 Parameter  Initial guess   Final estimate   Standard error      t      Prob(t)
----------  -------------  ----------------  --------------  ---------  -------
         b              1      -0.151311074     0.005983349     -25.29  0.00001

