   1: variable x,y;
   2: parameter a,b,c;
   3: function y=a*(x^b)*exp(c*x);
   4: Plot xlabel="x-Achse",ylabel="y-Achse";
   5: data;

Beginning computation...
Stopped due to: Relative function convergence.


   ----  Final Results  ----

NLREG version 5.4
Copyright (c) 1992-2002 Phillip H. Sherrod.  All rights reserved.
This is a registered copy of NLREG that may not be redistributed.

Number of observations = 6
Maximum allowed number of iterations = 500
Convergence tolerance factor = 1.000000E-010
Stopped due to: Relative function convergence.
Number of iterations performed = 17
Final sum of squared deviations = 1.4335649E-001
Final sum of deviations = -7.5473671E-007
Standard error of estimate = 0.218599
Average deviation = 0.120988
Maximum deviation for any observation = 0.269594
Proportion of variance explained (R^2) = 0.0280  (2.80%)
Adjusted coefficient of multiple determination (Ra^2) = -0.6200  (-62.00%)
Durbin-Watson test for autocorrelation = 2.560
Parameter values will be written to C:\Users\peleg\OneDrive\doktorát\experiment_disertace\výsledky\fin_výsl\syntax\typ2\KFS2\pov_KFS2\vysl_compl_KFS2_pov\param_compl_KFS2_pov_06.par
Analysis completed  4-Jan-2023 19:54.  Runtime = 0.00 seconds.


             ----  Descriptive Statistics for Variables  ----

 Variable    Minimum value   Maximum value    Mean value     Standard dev.
----------  --------------  --------------  --------------  --------------
         x               1            6.68        3.613333        2.063266
         y            1.37            1.84        1.631667       0.1717459


                   ----  Calculated Parameter Values  ----

 Parameter  Initial guess   Final estimate   Standard error      t      Prob(t)
----------  -------------  ----------------  --------------  ---------  -------
         a              1        1.63682918       0.1965392       8.33  0.00363
         b              1      0.0926690631       0.3170862       0.29  0.78914
         c              1     -0.0294914639       0.1051884      -0.28  0.79742


                  ----  Analysis of Variance  ----

  Source     DF   Sum of Squares    Mean Square    F value   Prob(F)
----------  ----  --------------  --------------  ---------  -------
Regression     2     0.004126839      0.00206342       0.04  0.95832
Error          3       0.1433565       0.0477855
Total          5       0.1474833

