   1: variable x,y;
   2: parameter a,b,c;
   3: function y=a*(x^b)*exp(c*x);
   4: Plot xlabel="x-Achse",ylabel="y-Achse";
   5: data;

Beginning computation...
Stopped due to: Relative function convergence.


   ----  Final Results  ----

NLREG version 5.4
Copyright (c) 1992-2002 Phillip H. Sherrod.  All rights reserved.
This is a registered copy of NLREG that may not be redistributed.

Number of observations = 6
Maximum allowed number of iterations = 500
Convergence tolerance factor = 1.000000E-010
Stopped due to: Relative function convergence.
Number of iterations performed = 17
Final sum of squared deviations = 1.2897676E-001
Final sum of deviations = 1.4306015E-004
Standard error of estimate = 0.207346
Average deviation = 0.108568
Maximum deviation for any observation = 0.302615
Proportion of variance explained (R^2) = 0.3364  (33.64%)
Adjusted coefficient of multiple determination (Ra^2) = -0.1061  (-10.61%)
Durbin-Watson test for autocorrelation = 2.827
Parameter values will be written to C:\Users\peleg\OneDrive\doktorát\experiment_disertace\výsledky\fin_výsl\syntax\typ2\KFS2\pov_KFS2\vysl_compl_KFS2_pov\param_compl_KFS2_pov_08.par
Analysis completed  4-Jan-2023 19:54.  Runtime = 0.00 seconds.


             ----  Descriptive Statistics for Variables  ----

 Variable    Minimum value   Maximum value    Mean value     Standard dev.
----------  --------------  --------------  --------------  --------------
         x               1               6             3.5        1.870829
         y             1.6            2.01           1.755       0.1971548


                   ----  Calculated Parameter Values  ----

 Parameter  Initial guess   Final estimate   Standard error      t      Prob(t)
----------  -------------  ----------------  --------------  ---------  -------
         a              1        1.80169673        0.203479       8.85  0.00304
         b              1      -0.321616733       0.3064504      -1.05  0.37104
         c              1      0.0927712376       0.1108398       0.84  0.46403


                  ----  Analysis of Variance  ----

  Source     DF   Sum of Squares    Mean Square    F value   Prob(F)
----------  ----  --------------  --------------  ---------  -------
Regression     2      0.06537324      0.03268662       0.76  0.54062
Error          3       0.1289768      0.04299225
Total          5         0.19435

