   1: variable x,y;
   2: parameter a,b,c;
   3: function y=a*(x^b)*exp(c*x);
   4: Plot xlabel="x-Achse",ylabel="y-Achse";
   5: data;

Beginning computation...
Stopped due to: Relative function convergence.


   ----  Final Results  ----

NLREG version 5.4
Copyright (c) 1992-2002 Phillip H. Sherrod.  All rights reserved.
This is a registered copy of NLREG that may not be redistributed.

Number of observations = 6
Maximum allowed number of iterations = 500
Convergence tolerance factor = 1.000000E-010
Stopped due to: Relative function convergence.
Number of iterations performed = 19
Final sum of squared deviations = 1.0299754E-002
Final sum of deviations = -2.5980425E-004
Standard error of estimate = 0.058594
Average deviation = 0.032521
Maximum deviation for any observation = 0.0762563
Proportion of variance explained (R^2) = 0.9009  (90.09%)
Adjusted coefficient of multiple determination (Ra^2) = 0.8349  (83.49%)
Durbin-Watson test for autocorrelation = 2.924
Parameter values will be written to C:\Users\peleg\OneDrive\doktorát\experiment_disertace\výsledky\fin_výsl\syntax\typ2\KFS2\pov_KFS2\vysl_compl_KFS2_pov\param_compl_KFS2_pov_07.par
Analysis completed  4-Jan-2023 19:54.  Runtime = 0.00 seconds.


             ----  Descriptive Statistics for Variables  ----

 Variable    Minimum value   Maximum value    Mean value     Standard dev.
----------  --------------  --------------  --------------  --------------
         x               1            6.33           3.555         1.96167
         y            1.53            1.89           1.645       0.1441874


                   ----  Calculated Parameter Values  ----

 Parameter  Initial guess   Final estimate   Standard error      t      Prob(t)
----------  -------------  ----------------  --------------  ---------  -------
         a              1        1.79667067      0.05741075      31.30  0.00007
         b              1      -0.277502951      0.08577188      -3.24  0.04802
         c              1      0.0607389483      0.03044857       1.99  0.14003


                  ----  Analysis of Variance  ----

  Source     DF   Sum of Squares    Mean Square    F value   Prob(F)
----------  ----  --------------  --------------  ---------  -------
Regression     2      0.09365025      0.04682512      13.64  0.03119
Error          3      0.01029975     0.003433251
Total          5         0.10395

