   1: variable x,y;
   2: parameter a,b,c;
   3: function y=a*(x^b)*exp(c*x);
   4: Plot xlabel="x-Achse",ylabel="y-Achse";
   5: data;

Beginning computation...
Stopped due to: Relative function convergence.


   ----  Final Results  ----

NLREG version 5.4
Copyright (c) 1992-2002 Phillip H. Sherrod.  All rights reserved.
This is a registered copy of NLREG that may not be redistributed.

Number of observations = 6
Maximum allowed number of iterations = 500
Convergence tolerance factor = 1.000000E-010
Stopped due to: Relative function convergence.
Number of iterations performed = 15
Final sum of squared deviations = 1.1030271E-002
Final sum of deviations = -9.0183566E-007
Standard error of estimate = 0.0606363
Average deviation = 0.0321629
Maximum deviation for any observation = 0.0841632
Proportion of variance explained (R^2) = 0.9050  (90.50%)
Adjusted coefficient of multiple determination (Ra^2) = 0.8417  (84.17%)
Durbin-Watson test for autocorrelation = 2.645
Parameter values will be written to C:\Users\peleg\OneDrive\doktorát\experiment_disertace\výsledky\fin_výsl\syntax\typ2\KFS2\pov_KFS2\vysl_compl_KFS2_pov\param_compl_KFS2_pov_02.par
Analysis completed  4-Jan-2023 19:54.  Runtime = 0.00 seconds.


             ----  Descriptive Statistics for Variables  ----

 Variable    Minimum value   Maximum value    Mean value     Standard dev.
----------  --------------  --------------  --------------  --------------
         x               1            6.17        3.528333        1.916981
         y            1.26            1.69           1.535       0.1524139


                   ----  Calculated Parameter Values  ----

 Parameter  Initial guess   Final estimate   Standard error      t      Prob(t)
----------  -------------  ----------------  --------------  ---------  -------
         a              1        1.46874682      0.05776288      25.43  0.00013
         b              1       0.513132118       0.1094824       4.69  0.01836
         c              1       -0.14878297      0.03684467      -4.04  0.02732


                  ----  Analysis of Variance  ----

  Source     DF   Sum of Squares    Mean Square    F value   Prob(F)
----------  ----  --------------  --------------  ---------  -------
Regression     2       0.1051197      0.05255986      14.30  0.02927
Error          3      0.01103027     0.003676757
Total          5         0.11615

