   1: variable x,y;
   2: parameter a,b,c;
   3: function y=a*(x^b)*exp(c*x);
   4: Plot xlabel="x-Achse",ylabel="y-Achse";
   5: data;

Beginning computation...
Stopped due to: Both parameter and relative function convergence.


   ----  Final Results  ----

NLREG version 5.4
Copyright (c) 1992-2002 Phillip H. Sherrod.  All rights reserved.
This is a registered copy of NLREG that may not be redistributed.

Number of observations = 6
Maximum allowed number of iterations = 500
Convergence tolerance factor = 1.000000E-010
Stopped due to: Both parameter and relative function convergence.
Number of iterations performed = 19
Final sum of squared deviations = 6.1414612E-002
Final sum of deviations = -1.5914864E-004
Standard error of estimate = 0.143079
Average deviation = 0.0853966
Maximum deviation for any observation = 0.159463
Proportion of variance explained (R^2) = 0.7118  (71.18%)
Adjusted coefficient of multiple determination (Ra^2) = 0.5196  (51.96%)
Durbin-Watson test for autocorrelation = 2.322
Parameter values will be written to C:\Users\peleg\OneDrive\doktorát\experiment_disertace\výsledky\fin_výsl\syntax\typ2\KFS2\pov_KFS2\vysl_compl_KFS2_pov\param_compl_KFS2_pov_01.par
Analysis completed  4-Jan-2023 19:54.  Runtime = 0.00 seconds.


             ----  Descriptive Statistics for Variables  ----

 Variable    Minimum value   Maximum value    Mean value     Standard dev.
----------  --------------  --------------  --------------  --------------
         x               1             6.3            3.55        1.953202
         y            1.67            2.22        1.918333        0.206438


                   ----  Calculated Parameter Values  ----

 Parameter  Initial guess   Final estimate   Standard error      t      Prob(t)
----------  -------------  ----------------  --------------  ---------  -------
         a              1        1.95807153       0.1316695      14.87  0.00066
         b              1      -0.454318406       0.1803272      -2.52  0.08622
         c              1       0.134691586      0.06365511       2.12  0.12466


                  ----  Analysis of Variance  ----

  Source     DF   Sum of Squares    Mean Square    F value   Prob(F)
----------  ----  --------------  --------------  ---------  -------
Regression     2       0.1516687      0.07583436       3.70  0.15473
Error          3      0.06141461      0.02047154
Total          5       0.2130833

