   1: variable x,y;
   2: parameter a,b,c;
   3: function y=a*(x^b)*exp(c*x);
   4: Plot xlabel="x-Achse",ylabel="y-Achse";
   5: data;

Beginning computation...
Stopped due to: Relative function convergence.


   ----  Final Results  ----

NLREG version 5.4
Copyright (c) 1992-2002 Phillip H. Sherrod.  All rights reserved.
This is a registered copy of NLREG that may not be redistributed.

Number of observations = 5
Maximum allowed number of iterations = 500
Convergence tolerance factor = 1.000000E-010
Stopped due to: Relative function convergence.
Number of iterations performed = 15
Final sum of squared deviations = 7.7437585E-003
Final sum of deviations = -2.0785472E-005
Standard error of estimate = 0.0622244
Average deviation = 0.0304766
Maximum deviation for any observation = 0.062887
Proportion of variance explained (R^2) = 0.9448  (94.48%)
Adjusted coefficient of multiple determination (Ra^2) = 0.8896  (88.96%)
Durbin-Watson test for autocorrelation = 3.374
Parameter values will be written to C:\Users\peleg\OneDrive\doktorát\experiment_disertace\výsledky\fin_výsl\syntax\typ2\KFS2\pov_KFS2\vysl_compl_KFS2_pov\param_compl_KFS2_pov_10.par
Analysis completed  4-Jan-2023 19:54.  Runtime = 0.00 seconds.


             ----  Descriptive Statistics for Variables  ----

 Variable    Minimum value   Maximum value    Mean value     Standard dev.
----------  --------------  --------------  --------------  --------------
         x               1             5.4            3.08        1.712308
         y            1.59            2.09           1.774       0.1872966


                   ----  Calculated Parameter Values  ----

 Parameter  Initial guess   Final estimate   Standard error      t      Prob(t)
----------  -------------  ----------------  --------------  ---------  -------
         a              1        1.83715977      0.07351718      24.99  0.00160
         b              1      -0.449297786       0.1046489      -4.29  0.05020
         c              1       0.129290423      0.04128135       3.13  0.08861


                  ----  Analysis of Variance  ----

  Source     DF   Sum of Squares    Mean Square    F value   Prob(F)
----------  ----  --------------  --------------  ---------  -------
Regression     2       0.1325762      0.06628812      17.12  0.05519
Error          2     0.007743759     0.003871879
Total          4         0.14032

