   1: variable x,y;
   2: parameter a,b,c;
   3: function y=a*(x^b)*exp(c*x);
   4: Plot xlabel="x-Achse",ylabel="y-Achse";
   5: data;

Beginning computation...
Stopped due to: Relative function convergence.


   ----  Final Results  ----

NLREG version 5.4
Copyright (c) 1992-2002 Phillip H. Sherrod.  All rights reserved.
This is a registered copy of NLREG that may not be redistributed.

Number of observations = 6
Maximum allowed number of iterations = 500
Convergence tolerance factor = 1.000000E-010
Stopped due to: Relative function convergence.
Number of iterations performed = 17
Final sum of squared deviations = 6.9952996E-001
Final sum of deviations = 2.1880513E-003
Standard error of estimate = 0.482884
Average deviation = 0.274094
Maximum deviation for any observation = 0.672697
Proportion of variance explained (R^2) = 0.6610  (66.10%)
Adjusted coefficient of multiple determination (Ra^2) = 0.4350  (43.50%)
Durbin-Watson test for autocorrelation = 2.987
Parameter values will be written to C:\Users\peleg\OneDrive\doktorát\experiment_disertace\výsledky\fin_výsl\syntax\typ1\VKS1\dop_VKS1\vysl_compl_VKS1_dop\param_compl_VKS1_dop_slouè.par
Analysis completed  4-Jan-2023 19:48.  Runtime = 0.00 seconds.


             ----  Descriptive Statistics for Variables  ----

 Variable    Minimum value   Maximum value    Mean value     Standard dev.
----------  --------------  --------------  --------------  --------------
         x               1            6.62        3.603333        2.045499
         y            5.51            7.21           6.065        0.642394


                   ----  Calculated Parameter Values  ----

 Parameter  Initial guess   Final estimate   Standard error      t      Prob(t)
----------  -------------  ----------------  --------------  ---------  -------
         a              1        6.60153268       0.4503198      14.66  0.00069
         b              1      -0.311318624       0.1809365      -1.72  0.18381
         c              1       0.071798187      0.06256675       1.15  0.33437


                  ----  Analysis of Variance  ----

  Source     DF   Sum of Squares    Mean Square    F value   Prob(F)
----------  ----  --------------  --------------  ---------  -------
Regression     2         1.36382         0.68191       2.92  0.19740
Error          3         0.69953       0.2331767
Total          5         2.06335

