   1: variable x,y;
   2: parameter a,b,c;
   3: function y=a*(x^b)*exp(c*x);
   4: Plot xlabel="x-Achse",ylabel="y-Achse";
   5: data;

Beginning computation...
Stopped due to: Both parameter and relative function convergence.


   ----  Final Results  ----

NLREG version 5.4
Copyright (c) 1992-2002 Phillip H. Sherrod.  All rights reserved.
This is a registered copy of NLREG that may not be redistributed.

Number of observations = 5
Maximum allowed number of iterations = 500
Convergence tolerance factor = 1.000000E-010
Stopped due to: Both parameter and relative function convergence.
Number of iterations performed = 15
Final sum of squared deviations = 8.2440164E-001
Final sum of deviations = 3.9430163E-003
Standard error of estimate = 0.642029
Average deviation = 0.320151
Maximum deviation for any observation = 0.705621
Proportion of variance explained (R^2) = 0.9322  (93.22%)
Adjusted coefficient of multiple determination (Ra^2) = 0.8644  (86.44%)
Durbin-Watson test for autocorrelation = 3.455
Parameter values will be written to C:\Users\peleg\OneDrive\doktorát\experiment_disertace\výsledky\fin_výsl\syntax\typ1\VKS1\stud_VKS1\vysl_compl_VKS1_stud\param_compl_VKS1_stud_08.par
Analysis completed  4-Jan-2023 19:48.  Runtime = 0.00 seconds.


             ----  Descriptive Statistics for Variables  ----

 Variable    Minimum value   Maximum value    Mean value     Standard dev.
----------  --------------  --------------  --------------  --------------
         x               1            6.08           3.216        1.952762
         y            6.63           11.24           8.266        1.743683


                   ----  Calculated Parameter Values  ----

 Parameter  Initial guess   Final estimate   Standard error      t      Prob(t)
----------  -------------  ----------------  --------------  ---------  -------
         a              1        9.07684729       0.6739624      13.47  0.00547
         b              1      -0.785414085       0.1958154      -4.01  0.05690
         c              1        0.20968256      0.07305581       2.87  0.10298


                  ----  Analysis of Variance  ----

  Source     DF   Sum of Squares    Mean Square    F value   Prob(F)
----------  ----  --------------  --------------  ---------  -------
Regression     2        11.33732        5.668659      13.75  0.06779
Error          2       0.8244016       0.4122008
Total          4        12.16172

