   1: variable x,y;
   2: parameter a,b;
   3: function y=a*(x^b);
   4: Plot xlabel="x-Achse",ylabel="y-Achse";
   5: data;

Beginning computation...
Stopped due to: Relative function convergence.


   ----  Final Results  ----

NLREG version 5.4
Copyright (c) 1992-2002 Phillip H. Sherrod.  All rights reserved.
This is a registered copy of NLREG that may not be redistributed.

Number of observations = 6
Maximum allowed number of iterations = 500
Convergence tolerance factor = 1.000000E-010
Stopped due to: Relative function convergence.
Number of iterations performed = 11
Final sum of squared deviations = 4.4761299E-001
Final sum of deviations = 1.5016216E-002
Standard error of estimate = 0.334519
Average deviation = 0.248555
Maximum deviation for any observation = 0.378358
Proportion of variance explained (R^2) = 0.8805  (88.05%)
Adjusted coefficient of multiple determination (Ra^2) = 0.8506  (85.06%)
Durbin-Watson test for autocorrelation = 2.814
Parameter values will be written to C:\Users\peleg\OneDrive\doktorát\experiment_disertace\výsledky\fin_výsl\zvukové_jednotky\VKT\stud_VKT\tokens_stud_VKT\vysl_trunc_VKT_tokens_stud\param_trunc_tokens_stud_04.par
Analysis completed 21-Feb-2023 07:46.  Runtime = 0.00 seconds.


             ----  Descriptive Statistics for Variables  ----

 Variable    Minimum value   Maximum value    Mean value     Standard dev.
----------  --------------  --------------  --------------  --------------
         x            1.67            8.53             4.7        2.408726
         y            3.15            5.58           4.005       0.8655345


                   ----  Calculated Parameter Values  ----

 Parameter  Initial guess   Final estimate   Standard error      t      Prob(t)
----------  -------------  ----------------  --------------  ---------  -------
         a              1        6.46806721       0.5350024      12.09  0.00027
         b              1      -0.348963077       0.0617728      -5.65  0.00484


                  ----  Analysis of Variance  ----

  Source     DF   Sum of Squares    Mean Square    F value   Prob(F)
----------  ----  --------------  --------------  ---------  -------
Regression     1        3.298137        3.298137      29.47  0.00558
Error          4        0.447613       0.1119032
Total          5         3.74575

