   1: variable x,y;
   2: parameter a,b;
   3: function y=a*(x^b);
   4: Plot xlabel="x-Achse",ylabel="y-Achse";
   5: data;

Beginning computation...
Stopped due to: Relative function convergence.


   ----  Final Results  ----

NLREG version 5.4
Copyright (c) 1992-2002 Phillip H. Sherrod.  All rights reserved.
This is a registered copy of NLREG that may not be redistributed.

Number of observations = 3
Maximum allowed number of iterations = 500
Convergence tolerance factor = 1.000000E-010
Stopped due to: Relative function convergence.
Number of iterations performed = 9
Final sum of squared deviations = 1.1101762E-001
Final sum of deviations = 4.1331156E-003
Standard error of estimate = 0.333193
Average deviation = 0.179027
Maximum deviation for any observation = 0.266474
Proportion of variance explained (R^2) = 0.8806  (88.06%)
Adjusted coefficient of multiple determination (Ra^2) = 0.7613  (76.13%)
Durbin-Watson test for autocorrelation = 2.939
Parameter values will be written to C:\Users\peleg\OneDrive\doktorát\experiment_disertace\výsledky\fin_výsl\zvukové_jednotky\VKT\stud_VKT\tokens_stud_VKT\vysl_trunc_VKT_tokens_stud\param_trunc_tokens_stud_10.par
Analysis completed 21-Feb-2023 07:46.  Runtime = 0.00 seconds.


             ----  Descriptive Statistics for Variables  ----

 Variable    Minimum value   Maximum value    Mean value     Standard dev.
----------  --------------  --------------  --------------  --------------
         x            1.71            8.58        4.853333         3.47195
         y            3.18            4.39        3.603333       0.6819335


                   ----  Calculated Parameter Values  ----

 Parameter  Initial guess   Final estimate   Standard error      t      Prob(t)
----------  -------------  ----------------  --------------  ---------  -------
         a              1         4.8389588       0.5290109       9.15  0.06932
         b              1      -0.221883139      0.08074937      -2.75  0.22220


                  ----  Analysis of Variance  ----

  Source     DF   Sum of Squares    Mean Square    F value   Prob(F)
----------  ----  --------------  --------------  ---------  -------
Regression     1        0.819049        0.819049       7.38  0.22458
Error          1       0.1110176       0.1110176
Total          2       0.9300667

