   1: variable x,y;
   2: parameter b;
   3: function y=4.8*(x^b);
   4: Plot xlabel="x-Achse",ylabel="y-Achse";
   5: data;

Beginning computation...
Stopped due to: Both parameter and relative function convergence.


   ----  Final Results  ----

NLREG version 5.4
Copyright (c) 1992-2002 Phillip H. Sherrod.  All rights reserved.
This is a registered copy of NLREG that may not be redistributed.

Number of observations = 7
Maximum allowed number of iterations = 500
Convergence tolerance factor = 1.000000E-010
Stopped due to: Both parameter and relative function convergence.
Number of iterations performed = 11
Final sum of squared deviations = 5.5040744E-001
Final sum of deviations = 3.2759668E-001
Standard error of estimate = 0.302877
Average deviation = 0.19661
Maximum deviation for any observation = 0.627734
Proportion of variance explained (R^2) = 0.8263  (82.63%)
Adjusted coefficient of multiple determination (Ra^2) = 0.8263  (82.63%)
Durbin-Watson test for autocorrelation = 2.155
Parameter values will be written to C:\Users\peleg\OneDrive\doktorát\experiment_disertace\výsledky\fin_výsl\zvukové_jednotky\VKT\stud_VKT\tokens_stud_VKT\vysl_trunc_VKT_tokens_stud\param_trunc_tokens_stud_07.par
Analysis completed 21-Feb-2023 07:46.  Runtime = 0.00 seconds.


             ----  Descriptive Statistics for Variables  ----

 Variable    Minimum value   Maximum value    Mean value     Standard dev.
----------  --------------  --------------  --------------  --------------
         x               1            8.82            4.26        2.638156
         y            2.96            4.82            3.84       0.7268196


                   ----  Calculated Parameter Values  ----

 Parameter  Initial guess   Final estimate   Standard error      t      Prob(t)
----------  -------------  ----------------  --------------  ---------  -------
         b              1      -0.195304229      0.02340005      -8.35  0.00016

