   1: variable x,y;
   2: parameter b;
   3: function y=3.81*(x^b);
   4: Plot xlabel="x-Achse",ylabel="y-Achse";
   5: data;

Beginning computation...
Stopped due to: Relative function convergence.


   ----  Final Results  ----

NLREG version 5.4
Copyright (c) 1992-2002 Phillip H. Sherrod.  All rights reserved.
This is a registered copy of NLREG that may not be redistributed.

Number of observations = 6
Maximum allowed number of iterations = 500
Convergence tolerance factor = 1.000000E-010
Stopped due to: Relative function convergence.
Number of iterations performed = 10
Final sum of squared deviations = 7.2512314E-002
Final sum of deviations = -7.7310686E-004
Standard error of estimate = 0.120426
Average deviation = 0.0753121
Maximum deviation for any observation = 0.207873
Proportion of variance explained (R^2) = 0.8075  (80.75%)
Adjusted coefficient of multiple determination (Ra^2) = 0.8075  (80.75%)
Durbin-Watson test for autocorrelation = 3.191
Parameter values will be written to C:\Users\peleg\OneDrive\doktorát\experiment_disertace\výsledky\fin_výsl\zvukové_jednotky\VKT\stud_VKT\tokens_stud_VKT\vysl_trunc_VKT_tokens_stud\param_trunc_tokens_stud_05.par
Analysis completed 21-Feb-2023 07:46.  Runtime = 0.00 seconds.


             ----  Descriptive Statistics for Variables  ----

 Variable    Minimum value   Maximum value    Mean value     Standard dev.
----------  --------------  --------------  --------------  --------------
         x               1           10.08            4.27         3.25271
         y            3.04            3.81        3.431667       0.2744753


                   ----  Calculated Parameter Values  ----

 Parameter  Initial guess   Final estimate   Standard error      t      Prob(t)
----------  -------------  ----------------  --------------  ---------  -------
         b              1     -0.0888956289      0.01076475      -8.26  0.00042

