   1: variable x,y;
   2: parameter b;
   3: function y=2.05*(x^b);
   4: Plot xlabel="x-Achse",ylabel="y-Achse";
   5: data;

Beginning computation...
Stopped due to: Both parameter and relative function convergence.


   ----  Final Results  ----

NLREG version 5.4
Copyright (c) 1992-2002 Phillip H. Sherrod.  All rights reserved.
This is a registered copy of NLREG that may not be redistributed.

Number of observations = 9
Maximum allowed number of iterations = 500
Convergence tolerance factor = 1.000000E-010
Stopped due to: Both parameter and relative function convergence.
Number of iterations performed = 13
Final sum of squared deviations = 6.1127137E-001
Final sum of deviations = 8.8412937E-001
Standard error of estimate = 0.276422
Average deviation = 0.184186
Maximum deviation for any observation = 0.573943
Parameter values will be written to C:\Users\peleg\OneDrive\doktorát\experiment_disertace\výsledky\fin_výsl\syntax\typ3\FSM3_oprava\stud_FSM3\vysl_trunc_FSM3_stud\param_trunc_FSM3_stud_10.par
Analysis completed  3-Apr-2023 13:33.  Runtime = 0.00 seconds.


             ----  Descriptive Statistics for Variables  ----

 Variable    Minimum value   Maximum value    Mean value     Standard dev.
----------  --------------  --------------  --------------  --------------
         x               1           27.71            9.43        8.649584
         y            2.05            2.76        2.532222       0.2071097


                   ----  Calculated Parameter Values  ----

 Parameter  Initial guess   Final estimate   Standard error      t      Prob(t)
----------  -------------  ----------------  --------------  ---------  -------
         b              1      0.0927068121      0.01700136       5.45  0.00061

