   1: variable x,y;
   2: parameter b;
   3: function y=2.46*(x^b);
   4: Plot xlabel="x-Achse",ylabel="y-Achse";
   5: data;

Beginning computation...
Stopped due to: Both parameter and relative function convergence.


   ----  Final Results  ----

NLREG version 5.4
Copyright (c) 1992-2002 Phillip H. Sherrod.  All rights reserved.
This is a registered copy of NLREG that may not be redistributed.

Number of observations = 6
Maximum allowed number of iterations = 500
Convergence tolerance factor = 1.000000E-010
Stopped due to: Both parameter and relative function convergence.
Number of iterations performed = 9
Final sum of squared deviations = 1.2626458E-002
Final sum of deviations = 6.3684611E-002
Standard error of estimate = 0.0502523
Average deviation = 0.0371497
Maximum deviation for any observation = 0.0846507
Proportion of variance explained (R^2) = 0.8439  (84.39%)
Adjusted coefficient of multiple determination (Ra^2) = 0.8439  (84.39%)
Durbin-Watson test for autocorrelation = 1.224
Parameter values will be written to C:\Users\peleg\OneDrive\doktorát\experiment_disertace\výsledky\fin_výsl\slovo_slabika_foném\pov_SSF\tokens_pov_SSF\vysl_trunc_SSF_tokens_pov\param_trunc_tokens_pov_slouè.par
Analysis completed  9-Mar-2023 14:10.  Runtime = 0.00 seconds.


             ----  Descriptive Statistics for Variables  ----

 Variable    Minimum value   Maximum value    Mean value     Standard dev.
----------  --------------  --------------  --------------  --------------
         x               1            6.12            3.52         1.90326
         y            2.14            2.46        2.308333       0.1271875


                   ----  Calculated Parameter Values  ----

 Parameter  Initial guess   Final estimate   Standard error      t      Prob(t)
----------  -------------  ----------------  --------------  ---------  -------
         b              1     -0.0627172727     0.007296299      -8.60  0.00035

