   1: variable x,y;
   2: parameter b;
   3: function y=2.39*(x^b);
   4: Plot xlabel="x-Achse",ylabel="y-Achse";
   5: data;

Beginning computation...
Stopped due to: Relative function convergence.


   ----  Final Results  ----

NLREG version 5.4
Copyright (c) 1992-2002 Phillip H. Sherrod.  All rights reserved.
This is a registered copy of NLREG that may not be redistributed.

Number of observations = 5
Maximum allowed number of iterations = 500
Convergence tolerance factor = 1.000000E-010
Stopped due to: Relative function convergence.
Number of iterations performed = 8
Final sum of squared deviations = 2.4282564E-002
Final sum of deviations = 7.7105363E-002
Standard error of estimate = 0.0779143
Average deviation = 0.0495327
Maximum deviation for any observation = 0.126543
Proportion of variance explained (R^2) = 0.5359  (53.59%)
Adjusted coefficient of multiple determination (Ra^2) = 0.5359  (53.59%)
Durbin-Watson test for autocorrelation = 1.860
Parameter values will be written to C:\Users\peleg\OneDrive\doktorát\experiment_disertace\výsledky\fin_výsl\slovo_slabika_foném\pov_SSF\tokens_pov_SSF\vysl_trunc_SSF_tokens_pov\param_trunc_tokens_pov_06.par
Analysis completed  9-Mar-2023 14:10.  Runtime = 0.00 seconds.


             ----  Descriptive Statistics for Variables  ----

 Variable    Minimum value   Maximum value    Mean value     Standard dev.
----------  --------------  --------------  --------------  --------------
         x               1            5.17           3.034        1.635781
         y            2.15            2.45           2.314       0.1143678


                   ----  Calculated Parameter Values  ----

 Parameter  Initial guess   Final estimate   Standard error      t      Prob(t)
----------  -------------  ----------------  --------------  ---------  -------
         b              1     -0.0407379695      0.01373307      -2.97  0.04129

