   1: variable x,y;
   2: parameter b;
   3: function y=2.99*(x^b);
   4: Plot xlabel="x-Achse",ylabel="y-Achse";
   5: data;

Beginning computation...
Stopped due to: Both parameter and relative function convergence.


   ----  Final Results  ----

NLREG version 5.4
Copyright (c) 1992-2002 Phillip H. Sherrod.  All rights reserved.
This is a registered copy of NLREG that may not be redistributed.

Number of observations = 5
Maximum allowed number of iterations = 500
Convergence tolerance factor = 1.000000E-010
Stopped due to: Both parameter and relative function convergence.
Number of iterations performed = 10
Final sum of squared deviations = 1.7960571E-002
Final sum of deviations = -5.5141739E-002
Standard error of estimate = 0.0670085
Average deviation = 0.0524003
Maximum deviation for any observation = 0.083527
Proportion of variance explained (R^2) = 0.9454  (94.54%)
Adjusted coefficient of multiple determination (Ra^2) = 0.9454  (94.54%)
Durbin-Watson test for autocorrelation = 1.270
Parameter values will be written to C:\Users\peleg\OneDrive\doktorát\experiment_disertace\výsledky\fin_výsl\slovo_slabika_foném\pov_SSF\types_pov_SSF\vysl_trunc_SSF_types_pov\param_trunc_types_pov_01.par
Analysis completed  9-Mar-2023 14:10.  Runtime = 0.00 seconds.


             ----  Descriptive Statistics for Variables  ----

 Variable    Minimum value   Maximum value    Mean value     Standard dev.
----------  --------------  --------------  --------------  --------------
         x               1            5.12           3.024        1.619531
         y            2.27            2.99            2.51       0.2867054


                   ----  Calculated Parameter Values  ----

 Parameter  Initial guess   Final estimate   Standard error      t      Prob(t)
----------  -------------  ----------------  --------------  ---------  -------
         b              1      -0.183149218      0.01149233     -15.94  0.00009

