   1: variable x,y;
   2: parameter b;
   3: function y=2.39*(x^b);
   4: Plot xlabel="x-Achse",ylabel="y-Achse";
   5: data;

Beginning computation...
Stopped due to: Both parameter and relative function convergence.


   ----  Final Results  ----

NLREG version 5.4
Copyright (c) 1992-2002 Phillip H. Sherrod.  All rights reserved.
This is a registered copy of NLREG that may not be redistributed.

Number of observations = 5
Maximum allowed number of iterations = 500
Convergence tolerance factor = 1.000000E-010
Stopped due to: Both parameter and relative function convergence.
Number of iterations performed = 10
Final sum of squared deviations = 6.8827834E-003
Final sum of deviations = 2.3164291E-002
Standard error of estimate = 0.0414813
Average deviation = 0.0291679
Maximum deviation for any observation = 0.0613376
Proportion of variance explained (R^2) = 0.5286  (52.86%)
Adjusted coefficient of multiple determination (Ra^2) = 0.5286  (52.86%)
Durbin-Watson test for autocorrelation = 2.368
Parameter values will be written to C:\Users\peleg\OneDrive\doktorát\experiment_disertace\výsledky\fin_výsl\slovo_slabika_foném\pov_SSF\tokens_pov_SSF\vysl_trunc_SSF_tokens_pov\param_trunc_tokens_pov_07.par
Analysis completed  9-Mar-2023 14:10.  Runtime = 0.00 seconds.


             ----  Descriptive Statistics for Variables  ----

 Variable    Minimum value   Maximum value    Mean value     Standard dev.
----------  --------------  --------------  --------------  --------------
         x               1            5.11           3.022        1.616298
         y            2.25             2.4            2.34      0.06041523


                   ----  Calculated Parameter Values  ----

 Parameter  Initial guess   Final estimate   Standard error      t      Prob(t)
----------  -------------  ----------------  --------------  ---------  -------
         b              1     -0.0241413022     0.007166157      -3.37  0.02808

