   1: variable x,y;
   2: parameter b;
   3: function y=3.02*(x^b);
   4: Plot xlabel="x-Achse",ylabel="y-Achse";
   5: data;

Beginning computation...
Stopped due to: Relative function convergence.


   ----  Final Results  ----

NLREG version 5.4
Copyright (c) 1992-2002 Phillip H. Sherrod.  All rights reserved.
This is a registered copy of NLREG that may not be redistributed.

Number of observations = 4
Maximum allowed number of iterations = 500
Convergence tolerance factor = 1.000000E-010
Stopped due to: Relative function convergence.
Number of iterations performed = 8
Final sum of squared deviations = 2.5344720E-003
Final sum of deviations = -1.1400756E-002
Standard error of estimate = 0.0290659
Average deviation = 0.0205613
Maximum deviation for any observation = 0.0354222
Proportion of variance explained (R^2) = 0.9929  (99.29%)
Adjusted coefficient of multiple determination (Ra^2) = 0.9929  (99.29%)
Durbin-Watson test for autocorrelation = 2.067
Parameter values will be written to C:\Users\peleg\OneDrive\doktorát\experiment_disertace\výsledky\fin_výsl\slovo_slabika_foném\pov_SSF\types_pov_SSF\vysl_trunc_SSF_types_pov\param_trunc_types_pov_03.par
Analysis completed  9-Mar-2023 14:10.  Runtime = 0.00 seconds.


             ----  Descriptive Statistics for Variables  ----

 Variable    Minimum value   Maximum value    Mean value     Standard dev.
----------  --------------  --------------  --------------  --------------
         x               1            4.11          2.5275        1.334051
         y            2.25            3.02          2.5475       0.3444198


                   ----  Calculated Parameter Values  ----

 Parameter  Initial guess   Final estimate   Standard error      t      Prob(t)
----------  -------------  ----------------  --------------  ---------  -------
         b              1      -0.219463703     0.006527674     -33.62  0.00006

