   1: variable x,y;
   2: parameter b;
   3: function y=2.45*(x^b);
   4: Plot xlabel="x-Achse",ylabel="y-Achse";
   5: data;

Beginning computation...
Stopped due to: Relative function convergence.


   ----  Final Results  ----

NLREG version 5.4
Copyright (c) 1992-2002 Phillip H. Sherrod.  All rights reserved.
This is a registered copy of NLREG that may not be redistributed.

Number of observations = 4
Maximum allowed number of iterations = 500
Convergence tolerance factor = 1.000000E-010
Stopped due to: Relative function convergence.
Number of iterations performed = 7
Final sum of squared deviations = 5.3518005E-003
Final sum of deviations = 2.8191509E-002
Standard error of estimate = 0.0422366
Average deviation = 0.0266561
Maximum deviation for any observation = 0.067408
Proportion of variance explained (R^2) = 0.7297  (72.97%)
Adjusted coefficient of multiple determination (Ra^2) = 0.7297  (72.97%)
Durbin-Watson test for autocorrelation = 2.426
Parameter values will be written to C:\Users\peleg\OneDrive\doktorát\experiment_disertace\výsledky\fin_výsl\slovo_slabika_foném\pov_SSF\tokens_pov_SSF\vysl_trunc_SSF_tokens_pov\param_trunc_tokens_pov_05.par
Analysis completed  9-Mar-2023 14:10.  Runtime = 0.00 seconds.


             ----  Descriptive Statistics for Variables  ----

 Variable    Minimum value   Maximum value    Mean value     Standard dev.
----------  --------------  --------------  --------------  --------------
         x               1            4.08            2.52         1.32222
         y             2.3            2.45            2.38      0.08124038


                   ----  Calculated Parameter Values  ----

 Parameter  Initial guess   Final estimate   Standard error      t      Prob(t)
----------  -------------  ----------------  --------------  ---------  -------
         b              1     -0.0402498237     0.009454696      -4.26  0.02377

