   1: variable x,y;
   2: parameter b;
   3: function y=2.97*(x^b);
   4: Plot xlabel="x-Achse",ylabel="y-Achse";
   5: data;

Beginning computation...
Stopped due to: Both parameter and relative function convergence.


   ----  Final Results  ----

NLREG version 5.4
Copyright (c) 1992-2002 Phillip H. Sherrod.  All rights reserved.
This is a registered copy of NLREG that may not be redistributed.

Number of observations = 5
Maximum allowed number of iterations = 500
Convergence tolerance factor = 1.000000E-010
Stopped due to: Both parameter and relative function convergence.
Number of iterations performed = 9
Final sum of squared deviations = 3.5867542E-002
Final sum of deviations = -7.0184628E-002
Standard error of estimate = 0.0946936
Average deviation = 0.0705207
Maximum deviation for any observation = 0.14121
Proportion of variance explained (R^2) = 0.8899  (88.99%)
Adjusted coefficient of multiple determination (Ra^2) = 0.8899  (88.99%)
Durbin-Watson test for autocorrelation = 1.374
Parameter values will be written to C:\Users\peleg\OneDrive\doktorát\experiment_disertace\výsledky\fin_výsl\slovo_slabika_foném\pov_SSF\types_pov_SSF\vysl_trunc_SSF_types_pov\param_trunc_types_pov_02.par
Analysis completed  9-Mar-2023 14:10.  Runtime = 0.00 seconds.


             ----  Descriptive Statistics for Variables  ----

 Variable    Minimum value   Maximum value    Mean value     Standard dev.
----------  --------------  --------------  --------------  --------------
         x               1            5.18           3.036        1.639049
         y            2.25            2.97            2.49       0.2853945


                   ----  Calculated Parameter Values  ----

 Parameter  Initial guess   Final estimate   Standard error      t      Prob(t)
----------  -------------  ----------------  --------------  ---------  -------
         b              1      -0.182790376      0.01631046     -11.21  0.00036

