   1: variable x,y;
   2: parameter b;
   3: function y=2.94*(x^b);
   4: Plot xlabel="x-Achse",ylabel="y-Achse";
   5: data;

Beginning computation...
Stopped due to: Relative function convergence.


   ----  Final Results  ----

NLREG version 5.4
Copyright (c) 1992-2002 Phillip H. Sherrod.  All rights reserved.
This is a registered copy of NLREG that may not be redistributed.

Number of observations = 5
Maximum allowed number of iterations = 500
Convergence tolerance factor = 1.000000E-010
Stopped due to: Relative function convergence.
Number of iterations performed = 8
Final sum of squared deviations = 4.1513721E-003
Final sum of deviations = -8.4611507E-003
Standard error of estimate = 0.0322156
Average deviation = 0.020135
Maximum deviation for any observation = 0.0545681
Proportion of variance explained (R^2) = 0.9891  (98.91%)
Adjusted coefficient of multiple determination (Ra^2) = 0.9891  (98.91%)
Durbin-Watson test for autocorrelation = 2.786
Parameter values will be written to C:\Users\peleg\OneDrive\doktorát\experiment_disertace\výsledky\fin_výsl\slovo_slabika_foném\pov_SSF\types_pov_SSF\vysl_trunc_SSF_types_pov\param_trunc_types_pov_06.par
Analysis completed  9-Mar-2023 14:10.  Runtime = 0.00 seconds.


             ----  Descriptive Statistics for Variables  ----

 Variable    Minimum value   Maximum value    Mean value     Standard dev.
----------  --------------  --------------  --------------  --------------
         x               1            5.16           3.032         1.63252
         y            2.16            2.94            2.46       0.3084639


                   ----  Calculated Parameter Values  ----

 Parameter  Initial guess   Final estimate   Standard error      t      Prob(t)
----------  -------------  ----------------  --------------  ---------  -------
         b              1       -0.19059641     0.005668829     -33.62  0.00001

