   1: variable x,y;
   2: parameter b;
   3: function y=2.5*(x^b);
   4: Plot xlabel="x-Achse",ylabel="y-Achse";
   5: data;

Beginning computation...
Stopped due to: Relative function convergence.


   ----  Final Results  ----

NLREG version 5.4
Copyright (c) 1992-2002 Phillip H. Sherrod.  All rights reserved.
This is a registered copy of NLREG that may not be redistributed.

Number of observations = 5
Maximum allowed number of iterations = 500
Convergence tolerance factor = 1.000000E-010
Stopped due to: Relative function convergence.
Number of iterations performed = 8
Final sum of squared deviations = 6.9323086E-003
Final sum of deviations = 2.5222565E-002
Standard error of estimate = 0.0416302
Average deviation = 0.0325466
Maximum deviation for any observation = 0.0556371
Proportion of variance explained (R^2) = 0.8120  (81.20%)
Adjusted coefficient of multiple determination (Ra^2) = 0.8120  (81.20%)
Durbin-Watson test for autocorrelation = 3.174
Parameter values will be written to C:\Users\peleg\OneDrive\doktorát\experiment_disertace\výsledky\fin_výsl\slovo_slabika_foném\pov_SSF\tokens_pov_SSF\vysl_trunc_SSF_tokens_pov\param_trunc_tokens_pov_01.par
Analysis completed  9-Mar-2023 14:10.  Runtime = 0.00 seconds.


             ----  Descriptive Statistics for Variables  ----

 Variable    Minimum value   Maximum value    Mean value     Standard dev.
----------  --------------  --------------  --------------  --------------
         x               1            5.11           3.022        1.616298
         y            2.27             2.5           2.388      0.09602083


                   ----  Calculated Parameter Values  ----

 Parameter  Initial guess   Final estimate   Standard error      t      Prob(t)
----------  -------------  ----------------  --------------  ---------  -------
         b              1     -0.0502855636     0.007127265      -7.06  0.00213

