   1: variable x,y;
   2: parameter b;
   3: function y=2.99*(x^b);
   4: Plot xlabel="x-Achse",ylabel="y-Achse";
   5: data;

Beginning computation...
Stopped due to: Both parameter and relative function convergence.


   ----  Final Results  ----

NLREG version 5.4
Copyright (c) 1992-2002 Phillip H. Sherrod.  All rights reserved.
This is a registered copy of NLREG that may not be redistributed.

Number of observations = 5
Maximum allowed number of iterations = 500
Convergence tolerance factor = 1.000000E-010
Stopped due to: Both parameter and relative function convergence.
Number of iterations performed = 9
Final sum of squared deviations = 1.5693004E-003
Final sum of deviations = -7.4030018E-003
Standard error of estimate = 0.0198072
Average deviation = 0.0136274
Maximum deviation for any observation = 0.0303669
Proportion of variance explained (R^2) = 0.9968  (99.68%)
Adjusted coefficient of multiple determination (Ra^2) = 0.9968  (99.68%)
Durbin-Watson test for autocorrelation = 2.746
Parameter values will be written to C:\Users\peleg\OneDrive\doktorát\experiment_disertace\výsledky\fin_výsl\slovo_slabika_foném\pov_SSF\types_pov_SSF\vysl_trunc_SSF_types_pov\param_trunc_types_pov_09.par
Analysis completed  9-Mar-2023 14:10.  Runtime = 0.00 seconds.


             ----  Descriptive Statistics for Variables  ----

 Variable    Minimum value   Maximum value    Mean value     Standard dev.
----------  --------------  --------------  --------------  --------------
         x               1               5               3        1.581139
         y             2.1            2.99           2.444       0.3480374


                   ----  Calculated Parameter Values  ----

 Parameter  Initial guess   Final estimate   Standard error      t      Prob(t)
----------  -------------  ----------------  --------------  ---------  -------
         b              1      -0.218169322     0.003574107     -61.04  0.00001

