   1: variable x,y;
   2: parameter b;
   3: function y=2.54*(x^b);
   4: Plot xlabel="x-Achse",ylabel="y-Achse";
   5: data;

Beginning computation...
Stopped due to: Both parameter and relative function convergence.


   ----  Final Results  ----

NLREG version 5.4
Copyright (c) 1992-2002 Phillip H. Sherrod.  All rights reserved.
This is a registered copy of NLREG that may not be redistributed.

Number of observations = 4
Maximum allowed number of iterations = 500
Convergence tolerance factor = 1.000000E-010
Stopped due to: Both parameter and relative function convergence.
Number of iterations performed = 9
Final sum of squared deviations = 1.3906203E-004
Final sum of deviations = 4.5986903E-003
Standard error of estimate = 0.00680838
Average deviation = 0.00499461
Maximum deviation for any observation = 0.00768988
Proportion of variance explained (R^2) = 0.9968  (99.68%)
Adjusted coefficient of multiple determination (Ra^2) = 0.9968  (99.68%)
Durbin-Watson test for autocorrelation = 1.579
Parameter values will be written to C:\Users\peleg\OneDrive\doktorát\experiment_disertace\výsledky\fin_výsl\slovo_slabika_foném\pov_SSF\tokens_pov_SSF\vysl_trunc_SSF_tokens_pov\param_trunc_tokens_pov_03.par
Analysis completed  9-Mar-2023 14:10.  Runtime = 0.00 seconds.


             ----  Descriptive Statistics for Variables  ----

 Variable    Minimum value   Maximum value    Mean value     Standard dev.
----------  --------------  --------------  --------------  --------------
         x               1             4.1           2.525          1.3301
         y            2.26            2.54           2.385       0.1201388


                   ----  Calculated Parameter Values  ----

 Parameter  Initial guess   Final estimate   Standard error      t      Prob(t)
----------  -------------  ----------------  --------------  ---------  -------
         b              1     -0.0803710061      0.00154033     -52.18  0.00002

