   1: variable x,y;
   2: parameter b;
   3: function y=2.93*(x^b);
   4: Plot xlabel="x-Achse",ylabel="y-Achse";
   5: data;

Beginning computation...
Stopped due to: Both parameter and relative function convergence.


   ----  Final Results  ----

NLREG version 5.4
Copyright (c) 1992-2002 Phillip H. Sherrod.  All rights reserved.
This is a registered copy of NLREG that may not be redistributed.

Number of observations = 5
Maximum allowed number of iterations = 500
Convergence tolerance factor = 1.000000E-010
Stopped due to: Both parameter and relative function convergence.
Number of iterations performed = 10
Final sum of squared deviations = 2.2644655E-002
Final sum of deviations = -4.7306713E-002
Standard error of estimate = 0.0752407
Average deviation = 0.0561318
Maximum deviation for any observation = 0.116676
Proportion of variance explained (R^2) = 0.9268  (92.68%)
Adjusted coefficient of multiple determination (Ra^2) = 0.9268  (92.68%)
Durbin-Watson test for autocorrelation = 1.373
Parameter values will be written to C:\Users\peleg\OneDrive\doktorát\experiment_disertace\výsledky\fin_výsl\slovo_slabika_foném\pov_SSF\types_pov_SSF\vysl_trunc_SSF_types_pov\param_trunc_types_pov_07.par
Analysis completed  9-Mar-2023 14:10.  Runtime = 0.00 seconds.


             ----  Descriptive Statistics for Variables  ----

 Variable    Minimum value   Maximum value    Mean value     Standard dev.
----------  --------------  --------------  --------------  --------------
         x               1            5.12           3.024        1.619531
         y            2.24            2.93           2.474       0.2780827


                   ----  Calculated Parameter Values  ----

 Parameter  Initial guess   Final estimate   Standard error      t      Prob(t)
----------  -------------  ----------------  --------------  ---------  -------
         b              1      -0.177315936      0.01306492     -13.57  0.00017

