   1: variable x,y;
   2: parameter b;
   3: function y=3.07*(x^b);
   4: Plot xlabel="x-Achse",ylabel="y-Achse";
   5: data;

Beginning computation...
Stopped due to: Relative function convergence.


   ----  Final Results  ----

NLREG version 5.4
Copyright (c) 1992-2002 Phillip H. Sherrod.  All rights reserved.
This is a registered copy of NLREG that may not be redistributed.

Number of observations = 5
Maximum allowed number of iterations = 500
Convergence tolerance factor = 1.000000E-010
Stopped due to: Relative function convergence.
Number of iterations performed = 8
Final sum of squared deviations = 4.5865840E-003
Final sum of deviations = -1.3140576E-002
Standard error of estimate = 0.0338622
Average deviation = 0.021977
Maximum deviation for any observation = 0.0482597
Proportion of variance explained (R^2) = 0.9919  (99.19%)
Adjusted coefficient of multiple determination (Ra^2) = 0.9919  (99.19%)
Durbin-Watson test for autocorrelation = 2.621
Parameter values will be written to C:\Users\peleg\OneDrive\doktorát\experiment_disertace\výsledky\fin_výsl\slovo_slabika_foném\pov_SSF\types_pov_SSF\vysl_trunc_SSF_types_pov\param_trunc_types_pov_04.par
Analysis completed  9-Mar-2023 14:10.  Runtime = 0.00 seconds.


             ----  Descriptive Statistics for Variables  ----

 Variable    Minimum value   Maximum value    Mean value     Standard dev.
----------  --------------  --------------  --------------  --------------
         x               1            5.05            3.01        1.597028
         y            2.11            3.07           2.476       0.3761383


                   ----  Calculated Parameter Values  ----

 Parameter  Initial guess   Final estimate   Standard error      t      Prob(t)
----------  -------------  ----------------  --------------  ---------  -------
         b              1       -0.23239185     0.006056362     -38.37  0.00001

