   1: variable x,y;
   2: parameter b;
   3: function y=3.07*(x^b);
   4: Plot xlabel="x-Achse",ylabel="y-Achse";
   5: data;

Beginning computation...
Stopped due to: Both parameter and relative function convergence.


   ----  Final Results  ----

NLREG version 5.4
Copyright (c) 1992-2002 Phillip H. Sherrod.  All rights reserved.
This is a registered copy of NLREG that may not be redistributed.

Number of observations = 4
Maximum allowed number of iterations = 500
Convergence tolerance factor = 1.000000E-010
Stopped due to: Both parameter and relative function convergence.
Number of iterations performed = 9
Final sum of squared deviations = 9.3186816E-003
Final sum of deviations = -3.1178764E-002
Standard error of estimate = 0.0557335
Average deviation = 0.0407847
Maximum deviation for any observation = 0.0659801
Proportion of variance explained (R^2) = 0.9753  (97.53%)
Adjusted coefficient of multiple determination (Ra^2) = 0.9753  (97.53%)
Durbin-Watson test for autocorrelation = 1.584
Parameter values will be written to C:\Users\peleg\OneDrive\doktorát\experiment_disertace\výsledky\fin_výsl\slovo_slabika_foném\pov_SSF\types_pov_SSF\vysl_trunc_SSF_types_pov\param_trunc_types_pov_05.par
Analysis completed  9-Mar-2023 14:10.  Runtime = 0.00 seconds.


             ----  Descriptive Statistics for Variables  ----

 Variable    Minimum value   Maximum value    Mean value     Standard dev.
----------  --------------  --------------  --------------  --------------
         x               1            4.09          2.5225        1.326157
         y            2.29            3.07          2.5675       0.3544362


                   ----  Calculated Parameter Values  ----

 Parameter  Initial guess   Final estimate   Standard error      t      Prob(t)
----------  -------------  ----------------  --------------  ---------  -------
         b              1      -0.228861153       0.0124654     -18.36  0.00035

