   1: variable x,y;
   2: parameter b;
   3: function y=3.47*(x^b);
   4: Plot xlabel="x-Achse",ylabel="y-Achse";
   5: data;

Beginning computation...
Stopped due to: Relative function convergence.


   ----  Final Results  ----

NLREG version 5.4
Copyright (c) 1992-2002 Phillip H. Sherrod.  All rights reserved.
This is a registered copy of NLREG that may not be redistributed.

Number of observations = 6
Maximum allowed number of iterations = 500
Convergence tolerance factor = 1.000000E-010
Stopped due to: Relative function convergence.
Number of iterations performed = 10
Final sum of squared deviations = 2.5976974E-001
Final sum of deviations = -2.5130321E-001
Standard error of estimate = 0.227934
Average deviation = 0.167479
Maximum deviation for any observation = 0.320177
Proportion of variance explained (R^2) = 0.4297  (42.97%)
Adjusted coefficient of multiple determination (Ra^2) = 0.4297  (42.97%)
Durbin-Watson test for autocorrelation = 1.451
Parameter values will be written to C:\Users\peleg\OneDrive\doktorát\experiment_disertace\výsledky\fin_výsl\zvukové_jednotky\VKT\pov_VKT\tokens_pov_VKT\vysl_trunc_VKT_tokens_pov\param_trunc_tokens_pov_07.par
Analysis completed 21-Feb-2023 07:46.  Runtime = 0.00 seconds.


             ----  Descriptive Statistics for Variables  ----

 Variable    Minimum value   Maximum value    Mean value     Standard dev.
----------  --------------  --------------  --------------  --------------
         x               1            7.53           3.755        2.328122
         y            2.64            3.47        2.903333       0.3018388


                   ----  Calculated Parameter Values  ----

 Parameter  Initial guess   Final estimate   Standard error      t      Prob(t)
----------  -------------  ----------------  --------------  ---------  -------
         b              1      -0.148753473      0.02601818      -5.72  0.00229

