   1: variable x,y;
   2: parameter a,b;
   3: function y=a*(x^b);
   4: Plot xlabel="x-Achse",ylabel="y-Achse";
   5: data;

Beginning computation...
Stopped due to: Both parameter and relative function convergence.


   ----  Final Results  ----

NLREG version 5.4
Copyright (c) 1992-2002 Phillip H. Sherrod.  All rights reserved.
This is a registered copy of NLREG that may not be redistributed.

Number of observations = 6
Maximum allowed number of iterations = 500
Convergence tolerance factor = 1.000000E-010
Stopped due to: Both parameter and relative function convergence.
Number of iterations performed = 9
Final sum of squared deviations = 2.0743407E-001
Final sum of deviations = 1.8213792E-003
Standard error of estimate = 0.227725
Average deviation = 0.14433
Maximum deviation for any observation = 0.347905
Proportion of variance explained (R^2) = 0.4942  (49.42%)
Adjusted coefficient of multiple determination (Ra^2) = 0.3678  (36.78%)
Durbin-Watson test for autocorrelation = 2.439
Parameter values will be written to C:\Users\peleg\OneDrive\doktorát\experiment_disertace\výsledky\fin_výsl\zvukové_jednotky\VKT\pov_VKT\tokens_pov_VKT\vysl_trunc_VKT_tokens_pov\param_trunc_tokens_pov_02.par
Analysis completed 21-Feb-2023 07:46.  Runtime = 0.00 seconds.


             ----  Descriptive Statistics for Variables  ----

 Variable    Minimum value   Maximum value    Mean value     Standard dev.
----------  --------------  --------------  --------------  --------------
         x             1.5              10        4.916667        2.939671
         y            2.76            3.56        3.006667        0.286403


                   ----  Calculated Parameter Values  ----

 Parameter  Initial guess   Final estimate   Standard error      t      Prob(t)
----------  -------------  ----------------  --------------  ---------  -------
         a              1        3.48924831       0.2663891      13.10  0.00020
         b              1       -0.10534876        0.051431      -2.05  0.10990


                  ----  Analysis of Variance  ----

  Source     DF   Sum of Squares    Mean Square    F value   Prob(F)
----------  ----  --------------  --------------  ---------  -------
Regression     1       0.2026993       0.2026993       3.91  0.11920
Error          4       0.2074341      0.05185852
Total          5       0.4101333

