   1: variable x,y;
   2: parameter b;
   3: function y=2.94*(x^b);
   4: Plot xlabel="x-Achse",ylabel="y-Achse";
   5: data;

Beginning computation...
Stopped due to: Relative function convergence.


   ----  Final Results  ----

NLREG version 5.4
Copyright (c) 1992-2002 Phillip H. Sherrod.  All rights reserved.
This is a registered copy of NLREG that may not be redistributed.

Number of observations = 7
Maximum allowed number of iterations = 500
Convergence tolerance factor = 1.000000E-010
Stopped due to: Relative function convergence.
Number of iterations performed = 10
Final sum of squared deviations = 3.4670081E-001
Final sum of deviations = 1.3031848E-001
Standard error of estimate = 0.240382
Average deviation = 0.164738
Maximum deviation for any observation = 0.437945
Proportion of variance explained (R^2) = 0.1379  (13.79%)
Adjusted coefficient of multiple determination (Ra^2) = 0.1379  (13.79%)
Durbin-Watson test for autocorrelation = 2.225
Parameter values will be written to C:\Users\peleg\OneDrive\doktorát\experiment_disertace\výsledky\fin_výsl\zvukové_jednotky\VKT\pov_VKT\tokens_pov_VKT\vysl_trunc_VKT_tokens_pov\param_trunc_tokens_pov_06.par
Analysis completed 21-Feb-2023 07:46.  Runtime = 0.00 seconds.


             ----  Descriptive Statistics for Variables  ----

 Variable    Minimum value   Maximum value    Mean value     Standard dev.
----------  --------------  --------------  --------------  --------------
         x               1              10            4.48        3.026461
         y            2.94            3.66        3.182857       0.2588896


                   ----  Calculated Parameter Values  ----

 Parameter  Initial guess   Final estimate   Standard error      t      Prob(t)
----------  -------------  ----------------  --------------  ---------  -------
         b              1      0.0569204435      0.01907918       2.98  0.02453

