   1: variable x,y;
   2: parameter b;
   3: function y=3.34*(x^b);
   4: Plot xlabel="x-Achse",ylabel="y-Achse";
   5: data;

Beginning computation...
Stopped due to: Relative function convergence.


   ----  Final Results  ----

NLREG version 5.4
Copyright (c) 1992-2002 Phillip H. Sherrod.  All rights reserved.
This is a registered copy of NLREG that may not be redistributed.

Number of observations = 13
Maximum allowed number of iterations = 500
Convergence tolerance factor = 1.000000E-010
Stopped due to: Relative function convergence.
Number of iterations performed = 10
Final sum of squared deviations = 3.0854645E-001
Final sum of deviations = -1.3332106E-001
Standard error of estimate = 0.16035
Average deviation = 0.127957
Maximum deviation for any observation = 0.291833
Proportion of variance explained (R^2) = 0.3632  (36.32%)
Adjusted coefficient of multiple determination (Ra^2) = 0.3632  (36.32%)
Durbin-Watson test for autocorrelation = 2.227
Parameter values will be written to C:\Users\peleg\OneDrive\doktorát\experiment_disertace\výsledky\fin_výsl\zvukové_jednotky\VKT\pov_VKT\tokens_pov_VKT\vysl_trunc_VKT_tokens_pov\param_trunc_tokens_pov_slouè.par
Analysis completed 21-Feb-2023 07:46.  Runtime = 0.00 seconds.


             ----  Descriptive Statistics for Variables  ----

 Variable    Minimum value   Maximum value    Mean value     Standard dev.
----------  --------------  --------------  --------------  --------------
         x               1              17        7.433077        4.657366
         y            2.59            3.34        2.993846       0.2009369


                   ----  Calculated Parameter Values  ----

 Parameter  Initial guess   Final estimate   Standard error      t      Prob(t)
----------  -------------  ----------------  --------------  ---------  -------
         b              1     -0.0606534941     0.007905995      -7.67  0.00001

