   1: variable x,y;
   2: parameter b;
   3: function y=3.18*(x^b);
   4: Plot xlabel="x-Achse",ylabel="y-Achse";
   5: data;

Beginning computation...
Stopped due to: Relative function convergence.


   ----  Final Results  ----

NLREG version 5.4
Copyright (c) 1992-2002 Phillip H. Sherrod.  All rights reserved.
This is a registered copy of NLREG that may not be redistributed.

Number of observations = 6
Maximum allowed number of iterations = 500
Convergence tolerance factor = 1.000000E-010
Stopped due to: Relative function convergence.
Number of iterations performed = 9
Final sum of squared deviations = 3.2880920E-001
Final sum of deviations = -1.5524667E-001
Standard error of estimate = 0.256441
Average deviation = 0.18042
Maximum deviation for any observation = 0.407192
Parameter values will be written to C:\Users\peleg\OneDrive\doktorát\experiment_disertace\výsledky\fin_výsl\zvukové_jednotky\VKT\pov_VKT\tokens_pov_VKT\vysl_trunc_VKT_tokens_pov\param_trunc_tokens_pov_10.par
Analysis completed 21-Feb-2023 07:46.  Runtime = 0.00 seconds.


             ----  Descriptive Statistics for Variables  ----

 Variable    Minimum value   Maximum value    Mean value     Standard dev.
----------  --------------  --------------  --------------  --------------
         x               1            7.12        3.686667        2.197514
         y            2.71            3.44        3.053333       0.2500133


                   ----  Calculated Parameter Values  ----

 Parameter  Initial guess   Final estimate   Standard error      t      Prob(t)
----------  -------------  ----------------  --------------  ---------  -------
         b              1       -0.02877964      0.02662799      -1.08  0.32914

