   1: variable x,y;
   2: parameter b;
   3: function y=2.81*(x^b);
   4: Plot xlabel="x-Achse",ylabel="y-Achse";
   5: data;

Beginning computation...
Stopped due to: Relative function convergence.


   ----  Final Results  ----

NLREG version 5.4
Copyright (c) 1992-2002 Phillip H. Sherrod.  All rights reserved.
This is a registered copy of NLREG that may not be redistributed.

Number of observations = 6
Maximum allowed number of iterations = 500
Convergence tolerance factor = 1.000000E-010
Stopped due to: Relative function convergence.
Number of iterations performed = 9
Final sum of squared deviations = 1.6254639E-001
Final sum of deviations = 3.6737879E-002
Standard error of estimate = 0.180303
Average deviation = 0.112193
Maximum deviation for any observation = 0.354946
Proportion of variance explained (R^2) = 0.2135  (21.35%)
Adjusted coefficient of multiple determination (Ra^2) = 0.2135  (21.35%)
Durbin-Watson test for autocorrelation = 2.840
Parameter values will be written to C:\Users\peleg\OneDrive\doktorát\experiment_disertace\výsledky\fin_výsl\zvukové_jednotky\VKT\pov_VKT\tokens_pov_VKT\vysl_trunc_VKT_tokens_pov\param_trunc_tokens_pov_05.par
Analysis completed 21-Feb-2023 07:46.  Runtime = 0.00 seconds.


             ----  Descriptive Statistics for Variables  ----

 Variable    Minimum value   Maximum value    Mean value     Standard dev.
----------  --------------  --------------  --------------  --------------
         x               1            8.19           3.865         2.54742
         y            2.81            3.36        2.978333       0.2033142


                   ----  Calculated Parameter Values  ----

 Parameter  Initial guess   Final estimate   Standard error      t      Prob(t)
----------  -------------  ----------------  --------------  ---------  -------
         b              1       0.048410285      0.01814711       2.67  0.04447

