   1: variable x,y;
   2: parameter a,b;
   3: function y=a*(x^b);
   4: Plot xlabel="x-Achse",ylabel="y-Achse";
   5: data;

Beginning computation...
Stopped due to: Relative function convergence.


   ----  Final Results  ----

NLREG version 5.4
Copyright (c) 1992-2002 Phillip H. Sherrod.  All rights reserved.
This is a registered copy of NLREG that may not be redistributed.

Number of observations = 6
Maximum allowed number of iterations = 500
Convergence tolerance factor = 1.000000E-010
Stopped due to: Relative function convergence.
Number of iterations performed = 11
Final sum of squared deviations = 2.0630668E-001
Final sum of deviations = -2.3907332E-004
Standard error of estimate = 0.227105
Average deviation = 0.157931
Maximum deviation for any observation = 0.292746
Proportion of variance explained (R^2) = 0.1625  (16.25%)
Adjusted coefficient of multiple determination (Ra^2) = -0.0469  (-4.69%)
Durbin-Watson test for autocorrelation = 1.636
Parameter values will be written to C:\Users\peleg\OneDrive\doktorát\experiment_disertace\výsledky\fin_výsl\zvukové_jednotky\VKT\pov_VKT\tokens_pov_VKT\vysl_trunc_VKT_tokens_pov\param_trunc_tokens_pov_09.par
Analysis completed 21-Feb-2023 07:46.  Runtime = 0.00 seconds.


             ----  Descriptive Statistics for Variables  ----

 Variable    Minimum value   Maximum value    Mean value     Standard dev.
----------  --------------  --------------  --------------  --------------
         x            1.64              13        5.971667        4.038635
         y            2.57            3.22        2.953333        0.221961


                   ----  Calculated Parameter Values  ----

 Parameter  Initial guess   Final estimate   Standard error      t      Prob(t)
----------  -------------  ----------------  --------------  ---------  -------
         a              1        3.14996383       0.2503328      12.58  0.00023
         b              1     -0.0409241485      0.04717749      -0.87  0.43464


                  ----  Analysis of Variance  ----

  Source     DF   Sum of Squares    Mean Square    F value   Prob(F)
----------  ----  --------------  --------------  ---------  -------
Regression     1      0.04002666      0.04002666       0.78  0.42810
Error          4       0.2063067      0.05157667
Total          5       0.2463333

