   1: variable x,y;
   2: parameter a,b;
   3: function y=a*(x^b);
   4: Plot xlabel="x-Achse",ylabel="y-Achse";
   5: data;

Beginning computation...
Stopped due to: Both parameter and relative function convergence.


   ----  Final Results  ----

NLREG version 5.4
Copyright (c) 1992-2002 Phillip H. Sherrod.  All rights reserved.
This is a registered copy of NLREG that may not be redistributed.

Number of observations = 5
Maximum allowed number of iterations = 500
Convergence tolerance factor = 1.000000E-010
Stopped due to: Both parameter and relative function convergence.
Number of iterations performed = 11
Final sum of squared deviations = 2.0420841E-001
Final sum of deviations = -3.1057896E-004
Standard error of estimate = 0.260901
Average deviation = 0.171962
Maximum deviation for any observation = 0.325683
Proportion of variance explained (R^2) = 0.4472  (44.72%)
Adjusted coefficient of multiple determination (Ra^2) = 0.2629  (26.29%)
Durbin-Watson test for autocorrelation = 3.469
Parameter values will be written to C:\Users\peleg\OneDrive\doktorát\experiment_disertace\výsledky\fin_výsl\zvukové_jednotky\VKT\pov_VKT\tokens_pov_VKT\vysl_trunc_VKT_tokens_pov\param_trunc_tokens_pov_03.par
Analysis completed 21-Feb-2023 07:46.  Runtime = 0.00 seconds.


             ----  Descriptive Statistics for Variables  ----

 Variable    Minimum value   Maximum value    Mean value     Standard dev.
----------  --------------  --------------  --------------  --------------
         x            1.67            7.42           4.218        2.172998
         y            2.93            3.56             3.3       0.3038914


                   ----  Calculated Parameter Values  ----

 Parameter  Initial guess   Final estimate   Standard error      t      Prob(t)
----------  -------------  ----------------  --------------  ---------  -------
         a              1        3.80227929       0.3604008      10.55  0.00182
         b              1      -0.108253546      0.06942748      -1.56  0.21684


                  ----  Analysis of Variance  ----

  Source     DF   Sum of Squares    Mean Square    F value   Prob(F)
----------  ----  --------------  --------------  ---------  -------
Regression     1       0.1651916       0.1651916       2.43  0.21715
Error          3       0.2042084      0.06806947
Total          4          0.3694

