   1: variable x,y;
   2: parameter b;
   3: function y=1.97*(x^b);
   4: Plot xlabel="x-Achse",ylabel="y-Achse";
   5: data;

Beginning computation...
Stopped due to: Both parameter and relative function convergence.


   ----  Final Results  ----

NLREG version 5.4
Copyright (c) 1992-2002 Phillip H. Sherrod.  All rights reserved.
This is a registered copy of NLREG that may not be redistributed.

Number of observations = 8
Maximum allowed number of iterations = 500
Convergence tolerance factor = 1.000000E-010
Stopped due to: Both parameter and relative function convergence.
Number of iterations performed = 12
Final sum of squared deviations = 3.9027041E-001
Final sum of deviations = 5.8892053E-001
Standard error of estimate = 0.236121
Average deviation = 0.168696
Maximum deviation for any observation = 0.41624
Proportion of variance explained (R^2) = 0.1126  (11.26%)
Adjusted coefficient of multiple determination (Ra^2) = 0.1126  (11.26%)
Durbin-Watson test for autocorrelation = 0.933
Parameter values will be written to C:\Users\peleg\OneDrive\doktorát\experiment_disertace\výsledky\fin_výsl\syntax\typ2\FSM2_oprava\stud_FSM2\vysl_trunc_FSM2_stud\param_trunc_FSM2_stud_10.par
Analysis completed  4-Apr-2023 16:33.  Runtime = 0.00 seconds.


             ----  Descriptive Statistics for Variables  ----

 Variable    Minimum value   Maximum value    Mean value     Standard dev.
----------  --------------  --------------  --------------  --------------
         x               1           12.52         5.11875        3.651663
         y            1.97            2.75            2.53       0.2506563


                   ----  Calculated Parameter Values  ----

 Parameter  Initial guess   Final estimate   Standard error      t      Prob(t)
----------  -------------  ----------------  --------------  ---------  -------
         b              1       0.154237499      0.01984811       7.77  0.00011

