   1: variable x,y;
   2: parameter b;
   3: function y=1.83*(x^b);
   4: Plot xlabel="x-Achse",ylabel="y-Achse";
   5: data;

Beginning computation...
Stopped due to: Both parameter and relative function convergence.


   ----  Final Results  ----

NLREG version 5.4
Copyright (c) 1992-2002 Phillip H. Sherrod.  All rights reserved.
This is a registered copy of NLREG that may not be redistributed.

Number of observations = 4
Maximum allowed number of iterations = 500
Convergence tolerance factor = 1.000000E-010
Stopped due to: Both parameter and relative function convergence.
Number of iterations performed = 8
Final sum of squared deviations = 2.9065440E-001
Final sum of deviations = 4.5044957E-001
Standard error of estimate = 0.311263
Average deviation = 0.228456
Maximum deviation for any observation = 0.387549
Proportion of variance explained (R^2) = 0.2929  (29.29%)
Adjusted coefficient of multiple determination (Ra^2) = 0.2929  (29.29%)
Durbin-Watson test for autocorrelation = 1.499
Parameter values will be written to C:\Users\peleg\OneDrive\doktorát\experiment_disertace\výsledky\fin_výsl\syntax\typ2\FSM2_oprava\stud_FSM2\vysl_trunc_FSM2_stud\param_trunc_FSM2_stud_09.par
Analysis completed  4-Apr-2023 16:33.  Runtime = 0.00 seconds.


             ----  Descriptive Statistics for Variables  ----

 Variable    Minimum value   Maximum value    Mean value     Standard dev.
----------  --------------  --------------  --------------  --------------
         x               1            9.05           3.895        3.590696
         y            1.83            2.63          2.3775       0.3701689


                   ----  Calculated Parameter Values  ----

 Parameter  Initial guess   Final estimate   Standard error      t      Prob(t)
----------  -------------  ----------------  --------------  ---------  -------
         b              1       0.193350476       0.0445265       4.34  0.02254

