   1: variable x,y;
   2: parameter b;
   3: function y=2.08*(x^b);
   4: Plot xlabel="x-Achse",ylabel="y-Achse";
   5: data;

Beginning computation...
Stopped due to: Both parameter and relative function convergence.


   ----  Final Results  ----

NLREG version 5.4
Copyright (c) 1992-2002 Phillip H. Sherrod.  All rights reserved.
This is a registered copy of NLREG that may not be redistributed.

Number of observations = 9
Maximum allowed number of iterations = 500
Convergence tolerance factor = 1.000000E-010
Stopped due to: Both parameter and relative function convergence.
Number of iterations performed = 9
Final sum of squared deviations = 8.0194463E-001
Final sum of deviations = 9.2628333E-001
Standard error of estimate = 0.316612
Average deviation = 0.247229
Maximum deviation for any observation = 0.527632
Proportion of variance explained (R^2) = 0.0194  (1.94%)
Adjusted coefficient of multiple determination (Ra^2) = 0.0194  (1.94%)
Durbin-Watson test for autocorrelation = 0.828
Parameter values will be written to C:\Users\peleg\OneDrive\doktorát\experiment_disertace\výsledky\fin_výsl\syntax\typ2\FSM2_oprava\stud_FSM2\vysl_trunc_FSM2_stud\param_trunc_FSM2_stud_04.par
Analysis completed  4-Apr-2023 16:33.  Runtime = 0.00 seconds.


             ----  Descriptive Statistics for Variables  ----

 Variable    Minimum value   Maximum value    Mean value     Standard dev.
----------  --------------  --------------  --------------  --------------
         x               1           12.67        5.463333        3.608095
         y            2.08            3.27        2.876667       0.3197264


                   ----  Calculated Parameter Values  ----

 Parameter  Initial guess   Final estimate   Standard error      t      Prob(t)
----------  -------------  ----------------  --------------  ---------  -------
         b              1       0.189744524      0.02111731       8.99  0.00002

