   1: variable x,y;
   2: parameter a,b,c;
   3: function y=a*(x^b)*exp(c*x);
   4: Plot xlabel="x-Achse",ylabel="y-Achse";
   5: data;

Beginning computation...
Stopped due to: Relative function convergence.


   ----  Final Results  ----

NLREG version 5.4
Copyright (c) 1992-2002 Phillip H. Sherrod.  All rights reserved.
This is a registered copy of NLREG that may not be redistributed.

Number of observations = 5
Maximum allowed number of iterations = 500
Convergence tolerance factor = 1.000000E-010
Stopped due to: Relative function convergence.
Number of iterations performed = 14
Final sum of squared deviations = 3.7517404E-001
Final sum of deviations = 5.5378235E-003
Standard error of estimate = 0.433113
Average deviation = 0.226888
Maximum deviation for any observation = 0.514476
Proportion of variance explained (R^2) = 0.6094  (60.94%)
Adjusted coefficient of multiple determination (Ra^2) = 0.2188  (21.88%)
Durbin-Watson test for autocorrelation = 2.813
Parameter values will be written to C:\Users\peleg\OneDrive\doktorát\experiment_disertace\výsledky\fin_výsl\syntax\typ2\KFS2\dop_KFS2\vysl_compl_KFS2_dop\param_compl_KFS2_dop_04.par
Analysis completed  4-Jan-2023 19:54.  Runtime = 0.00 seconds.


             ----  Descriptive Statistics for Variables  ----

 Variable    Minimum value   Maximum value    Mean value     Standard dev.
----------  --------------  --------------  --------------  --------------
         x               1             5.3            3.06         1.67869
         y            1.51            2.67           1.934       0.4900306


                   ----  Calculated Parameter Values  ----

 Parameter  Initial guess   Final estimate   Standard error      t      Prob(t)
----------  -------------  ----------------  --------------  ---------  -------
         a              1        2.03119899       0.5484671       3.70  0.06580
         b              1      -0.862960369       0.6827909      -1.26  0.33364
         c              1       0.252441789        0.278131       0.91  0.45987


                  ----  Analysis of Variance  ----

  Source     DF   Sum of Squares    Mean Square    F value   Prob(F)
----------  ----  --------------  --------------  ---------  -------
Regression     2        0.585346        0.292673       1.56  0.39059
Error          2        0.375174        0.187587
Total          4         0.96052

