   1: variable x,y;
   2: parameter a,b,c;
   3: function y=a*(x^b)*exp(c*x);
   4: Plot xlabel="x-Achse",ylabel="y-Achse";
   5: data;

Beginning computation...
Stopped due to: Relative function convergence.


   ----  Final Results  ----

NLREG version 5.4
Copyright (c) 1992-2002 Phillip H. Sherrod.  All rights reserved.
This is a registered copy of NLREG that may not be redistributed.

Number of observations = 5
Maximum allowed number of iterations = 500
Convergence tolerance factor = 1.000000E-010
Stopped due to: Relative function convergence.
Number of iterations performed = 17
Final sum of squared deviations = 2.9057876E-001
Final sum of deviations = 3.1308228E-002
Standard error of estimate = 0.381168
Average deviation = 0.21313
Maximum deviation for any observation = 0.341081
Proportion of variance explained (R^2) = 0.7948  (79.48%)
Adjusted coefficient of multiple determination (Ra^2) = 0.5896  (58.96%)
Durbin-Watson test for autocorrelation = 2.775
Parameter values will be written to C:\Users\peleg\OneDrive\doktorát\experiment_disertace\výsledky\fin_výsl\syntax\typ2\KFS2\dop_KFS2\vysl_compl_KFS2_dop\param_compl_KFS2_dop_06.par
Analysis completed  4-Jan-2023 19:54.  Runtime = 0.00 seconds.


             ----  Descriptive Statistics for Variables  ----

 Variable    Minimum value   Maximum value    Mean value     Standard dev.
----------  --------------  --------------  --------------  --------------
         x               1            5.27           3.054        1.668706
         y            1.29            2.79            1.91        0.595021


                   ----  Calculated Parameter Values  ----

 Parameter  Initial guess   Final estimate   Standard error      t      Prob(t)
----------  -------------  ----------------  --------------  ---------  -------
         a              1         3.7269451        0.965302       3.86  0.06101
         b              1       0.788713353       0.6397773       1.23  0.34290
         c              1      -0.483318353       0.2789054      -1.73  0.22525


                  ----  Analysis of Variance  ----

  Source     DF   Sum of Squares    Mean Square    F value   Prob(F)
----------  ----  --------------  --------------  ---------  -------
Regression     2        1.125621       0.5628106       3.87  0.20518
Error          2       0.2905788       0.1452894
Total          4          1.4162

