   1: variable x,y;
   2: parameter a,b,c;
   3: function y=a*(x^b)*exp(c*x);
   4: Plot xlabel="x-Achse",ylabel="y-Achse";
   5: data;

Beginning computation...
Stopped due to: Relative function convergence.


   ----  Final Results  ----

NLREG version 5.4
Copyright (c) 1992-2002 Phillip H. Sherrod.  All rights reserved.
This is a registered copy of NLREG that may not be redistributed.

Number of observations = 5
Maximum allowed number of iterations = 500
Convergence tolerance factor = 1.000000E-010
Stopped due to: Relative function convergence.
Number of iterations performed = 16
Final sum of squared deviations = 1.4136673E-001
Final sum of deviations = 1.7390472E-005
Standard error of estimate = 0.265863
Average deviation = 0.137179
Maximum deviation for any observation = 0.308868
Proportion of variance explained (R^2) = 0.0210  (2.10%)
Adjusted coefficient of multiple determination (Ra^2) = -0.9580  (-95.80%)
Durbin-Watson test for autocorrelation = 3.032
Parameter values will be written to C:\Users\peleg\OneDrive\doktorát\experiment_disertace\výsledky\fin_výsl\syntax\typ2\KFS2\dop_KFS2\vysl_compl_KFS2_dop\param_compl_KFS2_dop_03.par
Analysis completed  4-Jan-2023 19:54.  Runtime = 0.00 seconds.


             ----  Descriptive Statistics for Variables  ----

 Variable    Minimum value   Maximum value    Mean value     Standard dev.
----------  --------------  --------------  --------------  --------------
         x               1             5.3            3.06         1.67869
         y            1.52            1.98            1.69            0.19


                   ----  Calculated Parameter Values  ----

 Parameter  Initial guess   Final estimate   Standard error      t      Prob(t)
----------  -------------  ----------------  --------------  ---------  -------
         a              1        1.72080259       0.3157078       5.45  0.03205
         b              1     -0.0463541338       0.4928616      -0.09  0.93364
         c              1     0.00874270299       0.1922683       0.05  0.96786


                  ----  Analysis of Variance  ----

  Source     DF   Sum of Squares    Mean Square    F value   Prob(F)
----------  ----  --------------  --------------  ---------  -------
Regression     2      0.00303327     0.001516635       0.02  0.97899
Error          2       0.1413667      0.07068337
Total          4          0.1444

