   1: variable x,y;
   2: parameter b;
   3: function y=3.0*(x^b);
   4: Plot xlabel="x-Achse",ylabel="y-Achse";
   5: data;

Beginning computation...
Stopped due to: Both parameter and relative function convergence.


   ----  Final Results  ----

NLREG version 5.4
Copyright (c) 1992-2002 Phillip H. Sherrod.  All rights reserved.
This is a registered copy of NLREG that may not be redistributed.

Number of observations = 8
Maximum allowed number of iterations = 500
Convergence tolerance factor = 1.000000E-010
Stopped due to: Both parameter and relative function convergence.
Number of iterations performed = 10
Final sum of squared deviations = 5.8742595E-002
Final sum of deviations = -1.2768968E-001
Standard error of estimate = 0.0916068
Average deviation = 0.0725065
Maximum deviation for any observation = 0.143543
Parameter values will be written to C:\Users\peleg\OneDrive\doktorát\experiment_disertace\výsledky\fin_výsl\zvukové_jednotky\KTS\poh_KTS\tokens_poh_KTS\vysl_trunc_KTS_tokens_poh\param_trunc_tokens_poh_09.par
Analysis completed 21-Feb-2023 07:46.  Runtime = 0.00 seconds.


             ----  Descriptive Statistics for Variables  ----

 Variable    Minimum value   Maximum value    Mean value     Standard dev.
----------  --------------  --------------  --------------  --------------
         x               1            8.75         4.59375        2.611573
         y            2.74               3         2.87125      0.08659223


                   ----  Calculated Parameter Values  ----

 Parameter  Initial guess   Final estimate   Standard error      t      Prob(t)
----------  -------------  ----------------  --------------  ---------  -------
         b              1     -0.0288074296     0.007595463      -3.79  0.00678

