   1: variable x,y;
   2: parameter b;
   3: function y=2.8*(x^b);
   4: Plot xlabel="x-Achse",ylabel="y-Achse";
   5: data;

Beginning computation...
Stopped due to: Relative function convergence.


   ----  Final Results  ----

NLREG version 5.4
Copyright (c) 1992-2002 Phillip H. Sherrod.  All rights reserved.
This is a registered copy of NLREG that may not be redistributed.

Number of observations = 7
Maximum allowed number of iterations = 500
Convergence tolerance factor = 1.000000E-010
Stopped due to: Relative function convergence.
Number of iterations performed = 10
Final sum of squared deviations = 3.2696010E-002
Final sum of deviations = 3.0791459E-002
Standard error of estimate = 0.0738196
Average deviation = 0.0542865
Maximum deviation for any observation = 0.120963
Proportion of variance explained (R^2) = 0.2231  (22.31%)
Adjusted coefficient of multiple determination (Ra^2) = 0.2231  (22.31%)
Durbin-Watson test for autocorrelation = 2.360
Parameter values will be written to C:\Users\peleg\OneDrive\doktorát\experiment_disertace\výsledky\fin_výsl\zvukové_jednotky\KTS\poh_KTS\tokens_poh_KTS\vysl_trunc_KTS_tokens_poh\param_trunc_tokens_poh_06.par
Analysis completed 21-Feb-2023 07:46.  Runtime = 0.00 seconds.


             ----  Descriptive Statistics for Variables  ----

 Variable    Minimum value   Maximum value    Mean value     Standard dev.
----------  --------------  --------------  --------------  --------------
         x               1             7.8        4.114286        2.357561
         y            2.64            2.85        2.748571      0.08375133


                   ----  Calculated Parameter Values  ----

 Parameter  Initial guess   Final estimate   Standard error      t      Prob(t)
----------  -------------  ----------------  --------------  ---------  -------
         b              1      -0.016375892     0.007340364      -2.23  0.06718

