   1: variable x,y;
   2: parameter b;
   3: function y=2.88*(x^b);
   4: Plot xlabel="x-Achse",ylabel="y-Achse";
   5: data;

Beginning computation...
Stopped due to: Both parameter and relative function convergence.


   ----  Final Results  ----

NLREG version 5.4
Copyright (c) 1992-2002 Phillip H. Sherrod.  All rights reserved.
This is a registered copy of NLREG that may not be redistributed.

Number of observations = 7
Maximum allowed number of iterations = 500
Convergence tolerance factor = 1.000000E-010
Stopped due to: Both parameter and relative function convergence.
Number of iterations performed = 9
Final sum of squared deviations = 4.6491453E-003
Final sum of deviations = 3.3921281E-002
Standard error of estimate = 0.0278363
Average deviation = 0.0219243
Maximum deviation for any observation = 0.0376179
Proportion of variance explained (R^2) = 0.9095  (90.95%)
Adjusted coefficient of multiple determination (Ra^2) = 0.9095  (90.95%)
Durbin-Watson test for autocorrelation = 1.079
Parameter values will be written to C:\Users\peleg\OneDrive\doktorát\experiment_disertace\výsledky\fin_výsl\zvukové_jednotky\KTS\poh_KTS\tokens_poh_KTS\vysl_trunc_KTS_tokens_poh\param_trunc_tokens_poh_01.par
Analysis completed 21-Feb-2023 07:46.  Runtime = 0.00 seconds.


             ----  Descriptive Statistics for Variables  ----

 Variable    Minimum value   Maximum value    Mean value     Standard dev.
----------  --------------  --------------  --------------  --------------
         x               1            7.17        4.024286        2.200181
         y            2.64            2.88        2.744286      0.09253056


                   ----  Calculated Parameter Values  ----

 Parameter  Initial guess   Final estimate   Standard error      t      Prob(t)
----------  -------------  ----------------  --------------  ---------  -------
         b              1       -0.04125527     0.002837123     -14.54  0.00001

