   1: variable x,y;
   2: parameter b;
   3: function y=2.77*(x^b);
   4: Plot xlabel="x-Achse",ylabel="y-Achse";
   5: data;

Beginning computation...
Stopped due to: Relative function convergence.


   ----  Final Results  ----

NLREG version 5.4
Copyright (c) 1992-2002 Phillip H. Sherrod.  All rights reserved.
This is a registered copy of NLREG that may not be redistributed.

Number of observations = 6
Maximum allowed number of iterations = 500
Convergence tolerance factor = 1.000000E-010
Stopped due to: Relative function convergence.
Number of iterations performed = 8
Final sum of squared deviations = 1.8657073E-002
Final sum of deviations = 3.6430210E-002
Standard error of estimate = 0.0610853
Average deviation = 0.0390518
Maximum deviation for any observation = 0.0926044
Proportion of variance explained (R^2) = 0.2769  (27.69%)
Adjusted coefficient of multiple determination (Ra^2) = 0.2769  (27.69%)
Durbin-Watson test for autocorrelation = 2.469
Parameter values will be written to C:\Users\peleg\OneDrive\doktorát\experiment_disertace\výsledky\fin_výsl\zvukové_jednotky\KTS\poh_KTS\tokens_poh_KTS\vysl_trunc_KTS_tokens_poh\param_trunc_tokens_poh_08.par
Analysis completed 21-Feb-2023 07:46.  Runtime = 0.00 seconds.


             ----  Descriptive Statistics for Variables  ----

 Variable    Minimum value   Maximum value    Mean value     Standard dev.
----------  --------------  --------------  --------------  --------------
         x               1            6.64        3.606667        2.051406
         y            2.62            2.83            2.73      0.07183314


                   ----  Calculated Parameter Values  ----

 Parameter  Initial guess   Final estimate   Standard error      t      Prob(t)
----------  -------------  ----------------  --------------  ---------  -------
         b              1      -0.015103646     0.007218454      -2.09  0.09063

