   1: variable x,y;
   2: parameter b;
   3: function y=2.81*(x^b);
   4: Plot xlabel="x-Achse",ylabel="y-Achse";
   5: data;

Beginning computation...
Stopped due to: Both parameter and relative function convergence.


   ----  Final Results  ----

NLREG version 5.4
Copyright (c) 1992-2002 Phillip H. Sherrod.  All rights reserved.
This is a registered copy of NLREG that may not be redistributed.

Number of observations = 10
Maximum allowed number of iterations = 500
Convergence tolerance factor = 1.000000E-010
Stopped due to: Both parameter and relative function convergence.
Number of iterations performed = 12
Final sum of squared deviations = 3.4732571E-002
Final sum of deviations = -4.9183005E-002
Standard error of estimate = 0.0621223
Average deviation = 0.0484362
Maximum deviation for any observation = 0.112131
Parameter values will be written to C:\Users\peleg\OneDrive\doktorát\experiment_disertace\výsledky\fin_výsl\zvukové_jednotky\KTS\poh_KTS\tokens_poh_KTS\vysl_trunc_KTS_tokens_poh\param_trunc_tokens_poh_slouè.par
Analysis completed 21-Feb-2023 07:46.  Runtime = 0.00 seconds.


             ----  Descriptive Statistics for Variables  ----

 Variable    Minimum value   Maximum value    Mean value     Standard dev.
----------  --------------  --------------  --------------  --------------
         x               1           11.56           5.656        3.312103
         y            2.67            2.85            2.76      0.06182412


                   ----  Calculated Parameter Values  ----

 Parameter  Initial guess   Final estimate   Standard error      t      Prob(t)
----------  -------------  ----------------  --------------  ---------  -------
         b              1      -0.010624795     0.004240722      -2.51  0.03356

