   1: variable x,y;
   2: parameter b;
   3: function y=2.91*(x^b);
   4: Plot xlabel="x-Achse",ylabel="y-Achse";
   5: data;

Beginning computation...
Stopped due to: Relative function convergence.


   ----  Final Results  ----

NLREG version 5.4
Copyright (c) 1992-2002 Phillip H. Sherrod.  All rights reserved.
This is a registered copy of NLREG that may not be redistributed.

Number of observations = 8
Maximum allowed number of iterations = 500
Convergence tolerance factor = 1.000000E-010
Stopped due to: Relative function convergence.
Number of iterations performed = 9
Final sum of squared deviations = 5.8733641E-002
Final sum of deviations = 2.1342734E-002
Standard error of estimate = 0.0915998
Average deviation = 0.063179
Maximum deviation for any observation = 0.169066
Proportion of variance explained (R^2) = 0.3840  (38.40%)
Adjusted coefficient of multiple determination (Ra^2) = 0.3840  (38.40%)
Durbin-Watson test for autocorrelation = 2.219
Parameter values will be written to C:\Users\peleg\OneDrive\doktorát\experiment_disertace\výsledky\fin_výsl\zvukové_jednotky\KTS\poh_KTS\tokens_poh_KTS\vysl_trunc_KTS_tokens_poh\param_trunc_tokens_poh_04.par
Analysis completed 21-Feb-2023 07:46.  Runtime = 0.00 seconds.


             ----  Descriptive Statistics for Variables  ----

 Variable    Minimum value   Maximum value    Mean value     Standard dev.
----------  --------------  --------------  --------------  --------------
         x               1               9           4.625         2.66927
         y            2.56            2.91          2.7875       0.1167109


                   ----  Calculated Parameter Values  ----

 Parameter  Initial guess   Final estimate   Standard error      t      Prob(t)
----------  -------------  ----------------  --------------  ---------  -------
         b              1     -0.0329891034     0.007863559      -4.20  0.00406

