   1: variable x,y;
   2: parameter a,b,c;
   3: function y=a*(x^b)*exp(-c*x);
   4: Plot xlabel="x-Achse",ylabel="y-Achse";
   5: data;

Beginning computation...
Stopped due to: Relative function convergence.


   ----  Final Results  ----

NLREG version 5.4
Copyright (c) 1992-2002 Phillip H. Sherrod.  All rights reserved.
This is a registered copy of NLREG that may not be redistributed.

Number of observations = 10
Maximum allowed number of iterations = 500
Convergence tolerance factor = 1.000000E-010
Stopped due to: Relative function convergence.
Number of iterations performed = 20
Final sum of squared deviations = 9.1766260E-002
Final sum of deviations = -5.3693494E-005
Standard error of estimate = 0.114497
Average deviation = 0.0772644
Maximum deviation for any observation = 0.223932
Proportion of variance explained (R^2) = 0.2682  (26.82%)
Adjusted coefficient of multiple determination (Ra^2) = 0.0591  (5.91%)
Durbin-Watson test for autocorrelation = 2.823
Parameter values will be written to C:\Users\peleg\OneDrive\doktorát\experiment_disertace\výsledky\fin_výsl\syntax\typ1\KSM1\stud_KSM1\vysl_compl_KSM1_stud_minus_c\param_compl_KSM1_stud_10_minus_c.par
Analysis completed 13-Apr-2023 16:13.  Runtime = 0.00 seconds.


             ----  Descriptive Statistics for Variables  ----

 Variable    Minimum value   Maximum value    Mean value     Standard dev.
----------  --------------  --------------  --------------  --------------
         x            2.37           20.36           8.803         5.39193
         y            2.26            2.66            2.53       0.1180395


                   ----  Calculated Parameter Values  ----

 Parameter  Initial guess   Final estimate   Standard error      t      Prob(t)
----------  -------------  ----------------  --------------  ---------  -------
         a              1        2.74488294       0.2187771      12.55  0.00001
         b              1      -0.099254255      0.07269728      -1.37  0.21441
         c              1     -0.0133122208     0.008466757      -1.57  0.15988


                  ----  Analysis of Variance  ----

  Source     DF   Sum of Squares    Mean Square    F value   Prob(F)
----------  ----  --------------  --------------  ---------  -------
Regression     2      0.03363374      0.01681687       1.28  0.33523
Error          7      0.09176626      0.01310947
Total          9          0.1254

