   1: variable x,y;
   2: parameter a,b,c;
   3: function y=a*(x^b)*exp(-c*x);
   4: Plot xlabel="x-Achse",ylabel="y-Achse";
   5: data;

Beginning computation...
Stopped due to: Relative function convergence.


   ----  Final Results  ----

NLREG version 5.4
Copyright (c) 1992-2002 Phillip H. Sherrod.  All rights reserved.
This is a registered copy of NLREG that may not be redistributed.

Number of observations = 14
Maximum allowed number of iterations = 500
Convergence tolerance factor = 1.000000E-010
Stopped due to: Relative function convergence.
Number of iterations performed = 14
Final sum of squared deviations = 2.5758127E-001
Final sum of deviations = 1.6666172E-004
Standard error of estimate = 0.153024
Average deviation = 0.119562
Maximum deviation for any observation = 0.269506
Proportion of variance explained (R^2) = 0.1318  (13.18%)
Adjusted coefficient of multiple determination (Ra^2) = -0.0260  (-2.60%)
Durbin-Watson test for autocorrelation = 1.642
Parameter values will be written to C:\Users\peleg\OneDrive\doktorát\experiment_disertace\výsledky\fin_výsl\syntax\typ1\KSM1\stud_KSM1\vysl_compl_KSM1_stud_minus_c\param_compl_KSM1_stud_06_minus_c.par
Analysis completed 13-Apr-2023 16:13.  Runtime = 0.00 seconds.


             ----  Descriptive Statistics for Variables  ----

 Variable    Minimum value   Maximum value    Mean value     Standard dev.
----------  --------------  --------------  --------------  --------------
         x            1.67           21.69        9.117857        5.442897
         y            2.52            2.97        2.729286       0.1510713


                   ----  Calculated Parameter Values  ----

 Parameter  Initial guess   Final estimate   Standard error      t      Prob(t)
----------  -------------  ----------------  --------------  ---------  -------
         a              1        2.95461693       0.1851873      15.95  0.00001
         b              1     -0.0631368663      0.06030625      -1.05  0.31759
         c              1    -0.00525011159     0.007768041      -0.68  0.51309


                  ----  Analysis of Variance  ----

  Source     DF   Sum of Squares    Mean Square    F value   Prob(F)
----------  ----  --------------  --------------  ---------  -------
Regression     2      0.03911159      0.01955579       0.84  0.45956
Error         11       0.2575813      0.02341648
Total         13       0.2966929

