   1: variable x,y;
   2: parameter a,b,c;
   3: function y=a*(x^b)*exp(-c*x);
   4: Plot xlabel="x-Achse",ylabel="y-Achse";
   5: data;

Beginning computation...
Stopped due to: Both parameter and relative function convergence.


   ----  Final Results  ----

NLREG version 5.4
Copyright (c) 1992-2002 Phillip H. Sherrod.  All rights reserved.
This is a registered copy of NLREG that may not be redistributed.

Number of observations = 15
Maximum allowed number of iterations = 500
Convergence tolerance factor = 1.000000E-010
Stopped due to: Both parameter and relative function convergence.
Number of iterations performed = 16
Final sum of squared deviations = 1.0876975E-001
Final sum of deviations = 4.6332224E-005
Standard error of estimate = 0.0952058
Average deviation = 0.0675806
Maximum deviation for any observation = 0.176343
Proportion of variance explained (R^2) = 0.2779  (27.79%)
Adjusted coefficient of multiple determination (Ra^2) = 0.1576  (15.76%)
Durbin-Watson test for autocorrelation = 2.383
Parameter values will be written to C:\Users\peleg\OneDrive\doktorát\experiment_disertace\výsledky\fin_výsl\syntax\typ1\KSM1\stud_KSM1\vysl_compl_KSM1_stud_minus_c\param_compl_KSM1_stud_08_minus_c.par
Analysis completed 13-Apr-2023 16:13.  Runtime = 0.00 seconds.


             ----  Descriptive Statistics for Variables  ----

 Variable    Minimum value   Maximum value    Mean value     Standard dev.
----------  --------------  --------------  --------------  --------------
         x            1.88           25.27           10.05         6.39906
         y            2.47            2.83           2.618       0.1037304


                   ----  Calculated Parameter Values  ----

 Parameter  Initial guess   Final estimate   Standard error      t      Prob(t)
----------  -------------  ----------------  --------------  ---------  -------
         a              1        2.83142674       0.1204702      23.50  0.00001
         b              1     -0.0789981394      0.03672693      -2.15  0.05255
         c              1    -0.00868040959     0.004061708      -2.14  0.05387


                  ----  Analysis of Variance  ----

  Source     DF   Sum of Squares    Mean Square    F value   Prob(F)
----------  ----  --------------  --------------  ---------  -------
Regression     2      0.04187025      0.02093513       2.31  0.14171
Error         12       0.1087697     0.009064146
Total         14         0.15064

