   1: variable x,y;
   2: parameter a,b,c;
   3: function y=a*(x^b)*exp(-c*x);
   4: Plot xlabel="x-Achse",ylabel="y-Achse";
   5: data;

Beginning computation...
Stopped due to: Relative function convergence.


   ----  Final Results  ----

NLREG version 5.4
Copyright (c) 1992-2002 Phillip H. Sherrod.  All rights reserved.
This is a registered copy of NLREG that may not be redistributed.

Number of observations = 13
Maximum allowed number of iterations = 500
Convergence tolerance factor = 1.000000E-010
Stopped due to: Relative function convergence.
Number of iterations performed = 12
Final sum of squared deviations = 1.0251021E-001
Final sum of deviations = 6.2756697E-007
Standard error of estimate = 0.101247
Average deviation = 0.0650959
Maximum deviation for any observation = 0.198784
Proportion of variance explained (R^2) = 0.0602  (6.02%)
Adjusted coefficient of multiple determination (Ra^2) = -0.1278  (-12.78%)
Durbin-Watson test for autocorrelation = 2.946
Parameter values will be written to C:\Users\peleg\OneDrive\doktorát\experiment_disertace\výsledky\fin_výsl\syntax\typ1\KSM1\stud_KSM1\vysl_compl_KSM1_stud_minus_c\param_compl_KSM1_stud_04_minus_c.par
Analysis completed 13-Apr-2023 16:13.  Runtime = 0.00 seconds.


             ----  Descriptive Statistics for Variables  ----

 Variable    Minimum value   Maximum value    Mean value     Standard dev.
----------  --------------  --------------  --------------  --------------
         x               2           17.62        8.326154        4.506901
         y            2.59            2.97        2.803077      0.09534015


                   ----  Calculated Parameter Values  ----

 Parameter  Initial guess   Final estimate   Standard error      t      Prob(t)
----------  -------------  ----------------  --------------  ---------  -------
         a              1        2.91580895       0.1475924      19.76  0.00001
         b              1     -0.0423792172      0.05395722      -0.79  0.45041
         c              1     -0.0052319395     0.007534695      -0.69  0.50326


                  ----  Analysis of Variance  ----

  Source     DF   Sum of Squares    Mean Square    F value   Prob(F)
----------  ----  --------------  --------------  ---------  -------
Regression     2     0.006566711     0.003283356       0.32  0.73311
Error         10       0.1025102      0.01025102
Total         12       0.1090769

