   1: variable x,y;
   2: parameter b;
   3: function y=2.75*(x^b);
   4: Plot xlabel="x-Achse",ylabel="y-Achse";
   5: data;

Beginning computation...
Stopped due to: Relative function convergence.


   ----  Final Results  ----

NLREG version 5.4
Copyright (c) 1992-2002 Phillip H. Sherrod.  All rights reserved.
This is a registered copy of NLREG that may not be redistributed.

Number of observations = 8
Maximum allowed number of iterations = 500
Convergence tolerance factor = 1.000000E-010
Stopped due to: Relative function convergence.
Number of iterations performed = 10
Final sum of squared deviations = 2.3524149E-003
Final sum of deviations = 2.0909719E-002
Standard error of estimate = 0.0183319
Average deviation = 0.0133831
Maximum deviation for any observation = 0.0355251
Parameter values will be written to C:\Users\peleg\OneDrive\doktorát\experiment_disertace\výsledky\fin_výsl\zvukové_jednotky\KTS\dop_KTS\tokens_dop_KTS\vysl_trunc_KTS_tokens_dop\param_trunc_tokens_dop_slouè.par
Analysis completed 21-Feb-2023 07:46.  Runtime = 0.00 seconds.


             ----  Descriptive Statistics for Variables  ----

 Variable    Minimum value   Maximum value    Mean value     Standard dev.
----------  --------------  --------------  --------------  --------------
         x               1            8.71         4.58875        2.602501
         y            2.74            2.79         2.76125      0.01726888


                   ----  Calculated Parameter Values  ----

 Parameter  Initial guess   Final estimate   Standard error      t      Prob(t)
----------  -------------  ----------------  --------------  ---------  -------
         b              1     0.00234568165     0.001569875       1.49  0.17877

