   1: variable x,y;
   2: parameter b;
   3: function y=2.77*(x^b);
   4: Plot xlabel="x-Achse",ylabel="y-Achse";
   5: data;

Beginning computation...
Stopped due to: Relative function convergence.


   ----  Final Results  ----

NLREG version 5.4
Copyright (c) 1992-2002 Phillip H. Sherrod.  All rights reserved.
This is a registered copy of NLREG that may not be redistributed.

Number of observations = 5
Maximum allowed number of iterations = 500
Convergence tolerance factor = 1.000000E-010
Stopped due to: Relative function convergence.
Number of iterations performed = 8
Final sum of squared deviations = 3.1250796E-002
Final sum of deviations = -3.5462615E-002
Standard error of estimate = 0.0883895
Average deviation = 0.0630586
Maximum deviation for any observation = 0.135719
Proportion of variance explained (R^2) = 0.1836  (18.36%)
Adjusted coefficient of multiple determination (Ra^2) = 0.1836  (18.36%)
Durbin-Watson test for autocorrelation = 3.022
Parameter values will be written to C:\Users\peleg\OneDrive\doktorát\experiment_disertace\výsledky\fin_výsl\zvukové_jednotky\KTS\dop_KTS\tokens_dop_KTS\vysl_trunc_KTS_tokens_dop\param_trunc_tokens_dop_10.par
Analysis completed 21-Feb-2023 07:46.  Runtime = 0.00 seconds.


             ----  Descriptive Statistics for Variables  ----

 Variable    Minimum value   Maximum value    Mean value     Standard dev.
----------  --------------  --------------  --------------  --------------
         x               1            6.82           3.484        2.290258
         y             2.7            2.95           2.808      0.09782638


                   ----  Calculated Parameter Values  ----

 Parameter  Initial guess   Final estimate   Standard error      t      Prob(t)
----------  -------------  ----------------  --------------  ---------  -------
         b              1      0.0153651714        0.011219       1.37  0.24268

