   1: variable x,y;
   2: parameter b;
   3: function y=2.55*(x^b);
   4: Plot xlabel="x-Achse",ylabel="y-Achse";
   5: data;

Beginning computation...
Stopped due to: Relative function convergence.


   ----  Final Results  ----

NLREG version 5.4
Copyright (c) 1992-2002 Phillip H. Sherrod.  All rights reserved.
This is a registered copy of NLREG that may not be redistributed.

Number of observations = 5
Maximum allowed number of iterations = 500
Convergence tolerance factor = 1.000000E-010
Stopped due to: Relative function convergence.
Number of iterations performed = 8
Final sum of squared deviations = 4.8320588E-002
Final sum of deviations = 1.1826182E-001
Standard error of estimate = 0.10991
Average deviation = 0.0733483
Maximum deviation for any observation = 0.165339
Proportion of variance explained (R^2) = 0.0219  (2.19%)
Adjusted coefficient of multiple determination (Ra^2) = 0.0219  (2.19%)
Durbin-Watson test for autocorrelation = 2.097
Parameter values will be written to C:\Users\peleg\OneDrive\doktorát\experiment_disertace\výsledky\fin_výsl\zvukové_jednotky\KTS\dop_KTS\tokens_dop_KTS\vysl_trunc_KTS_tokens_dop\param_trunc_tokens_dop_03.par
Analysis completed 21-Feb-2023 07:46.  Runtime = 0.00 seconds.


             ----  Descriptive Statistics for Variables  ----

 Variable    Minimum value   Maximum value    Mean value     Standard dev.
----------  --------------  --------------  --------------  --------------
         x               1            5.63           3.126        1.791474
         y            2.55            2.82            2.71       0.1111306


                   ----  Calculated Parameter Values  ----

 Parameter  Initial guess   Final estimate   Standard error      t      Prob(t)
----------  -------------  ----------------  --------------  ---------  -------
         b              1      0.0525858082      0.01555647       3.38  0.02778

