   1: variable x,y;
   2: parameter b;
   3: function y=2.64*(x^b);
   4: Plot xlabel="x-Achse",ylabel="y-Achse";
   5: data;

Beginning computation...
Stopped due to: Relative function convergence.


   ----  Final Results  ----

NLREG version 5.4
Copyright (c) 1992-2002 Phillip H. Sherrod.  All rights reserved.
This is a registered copy of NLREG that may not be redistributed.

Number of observations = 5
Maximum allowed number of iterations = 500
Convergence tolerance factor = 1.000000E-010
Stopped due to: Relative function convergence.
Number of iterations performed = 8
Final sum of squared deviations = 2.2917828E-002
Final sum of deviations = 1.6245594E-002
Standard error of estimate = 0.0756932
Average deviation = 0.0499752
Maximum deviation for any observation = 0.133061
Proportion of variance explained (R^2) = 0.4517  (45.17%)
Adjusted coefficient of multiple determination (Ra^2) = 0.4517  (45.17%)
Durbin-Watson test for autocorrelation = 2.670
Parameter values will be written to C:\Users\peleg\OneDrive\doktorát\experiment_disertace\výsledky\fin_výsl\zvukové_jednotky\KTS\dop_KTS\tokens_dop_KTS\vysl_trunc_KTS_tokens_dop\param_trunc_tokens_dop_02.par
Analysis completed 21-Feb-2023 07:46.  Runtime = 0.00 seconds.


             ----  Descriptive Statistics for Variables  ----

 Variable    Minimum value   Maximum value    Mean value     Standard dev.
----------  --------------  --------------  --------------  --------------
         x               1             6.1            3.22        1.960102
         y            2.64            2.89            2.75       0.1022252


                   ----  Calculated Parameter Values  ----

 Parameter  Initial guess   Final estimate   Standard error      t      Prob(t)
----------  -------------  ----------------  --------------  ---------  -------
         b              1      0.0394517281      0.01030645       3.83  0.01865

