   1: variable x,y;
   2: parameter b;
   3: function y=3.09*(x^b);
   4: Plot xlabel="x-Achse",ylabel="y-Achse";
   5: data;

Beginning computation...
Stopped due to: Both parameter and relative function convergence.


   ----  Final Results  ----

NLREG version 5.4
Copyright (c) 1992-2002 Phillip H. Sherrod.  All rights reserved.
This is a registered copy of NLREG that may not be redistributed.

Number of observations = 5
Maximum allowed number of iterations = 500
Convergence tolerance factor = 1.000000E-010
Stopped due to: Both parameter and relative function convergence.
Number of iterations performed = 10
Final sum of squared deviations = 5.6319182E-002
Final sum of deviations = -1.1659643E-001
Standard error of estimate = 0.118658
Average deviation = 0.0820626
Maximum deviation for any observation = 0.197311
Proportion of variance explained (R^2) = 0.4101  (41.01%)
Adjusted coefficient of multiple determination (Ra^2) = 0.4101  (41.01%)
Durbin-Watson test for autocorrelation = 1.607
Parameter values will be written to C:\Users\peleg\OneDrive\doktorát\experiment_disertace\výsledky\fin_výsl\zvukové_jednotky\KTS\dop_KTS\tokens_dop_KTS\vysl_trunc_KTS_tokens_dop\param_trunc_tokens_dop_09.par
Analysis completed 21-Feb-2023 07:46.  Runtime = 0.00 seconds.


             ----  Descriptive Statistics for Variables  ----

 Variable    Minimum value   Maximum value    Mean value     Standard dev.
----------  --------------  --------------  --------------  --------------
         x               1             6.2            3.24        1.996998
         y            2.72            3.09           2.838       0.1544992


                   ----  Calculated Parameter Values  ----

 Parameter  Initial guess   Final estimate   Standard error      t      Prob(t)
----------  -------------  ----------------  --------------  ---------  -------
         b              1     -0.0780309209      0.01637414      -4.77  0.00887

