   1: variable x,y;
   2: parameter b;
   3: function y=3.54*(x^b);
   4: Plot xlabel="x-Achse",ylabel="y-Achse";
   5: data;

Beginning computation...
Stopped due to: Both parameter and relative function convergence.


   ----  Final Results  ----

NLREG version 5.4
Copyright (c) 1992-2002 Phillip H. Sherrod.  All rights reserved.
This is a registered copy of NLREG that may not be redistributed.

Number of observations = 5
Maximum allowed number of iterations = 500
Convergence tolerance factor = 1.000000E-010
Stopped due to: Both parameter and relative function convergence.
Number of iterations performed = 9
Final sum of squared deviations = 6.3885700E-002
Final sum of deviations = -1.1124511E-001
Standard error of estimate = 0.126378
Average deviation = 0.0935217
Maximum deviation for any observation = 0.178182
Proportion of variance explained (R^2) = 0.8002  (80.02%)
Adjusted coefficient of multiple determination (Ra^2) = 0.8002  (80.02%)
Durbin-Watson test for autocorrelation = 1.246
Parameter values will be written to C:\Users\peleg\OneDrive\doktorát\experiment_disertace\výsledky\fin_výsl\syntax\typ2\VKF2\stud_VKF2\vysl_trunc_VKF2_stud\param_trunc_VKF2_stud_07.par
Analysis completed  4-Jan-2023 19:54.  Runtime = 0.00 seconds.


             ----  Descriptive Statistics for Variables  ----

 Variable    Minimum value   Maximum value    Mean value     Standard dev.
----------  --------------  --------------  --------------  --------------
         x               1             5.5             3.1        1.746425
         y            2.83            3.54           3.054       0.2827189


                   ----  Calculated Parameter Values  ----

 Parameter  Initial guess   Final estimate   Standard error      t      Prob(t)
----------  -------------  ----------------  --------------  ---------  -------
         b              1       -0.14774312      0.01722439      -8.58  0.00101

