   1: variable x,y;
   2: parameter b;
   3: function y=3.22*(x^b);
   4: Plot xlabel="x-Achse",ylabel="y-Achse";
   5: data;

Beginning computation...
Stopped due to: Both parameter and relative function convergence.


   ----  Final Results  ----

NLREG version 5.4
Copyright (c) 1992-2002 Phillip H. Sherrod.  All rights reserved.
This is a registered copy of NLREG that may not be redistributed.

Number of observations = 5
Maximum allowed number of iterations = 500
Convergence tolerance factor = 1.000000E-010
Stopped due to: Both parameter and relative function convergence.
Number of iterations performed = 9
Final sum of squared deviations = 1.2728358E-002
Final sum of deviations = -4.6818973E-002
Standard error of estimate = 0.05641
Average deviation = 0.0325798
Maximum deviation for any observation = 0.104859
Proportion of variance explained (R^2) = 0.7250  (72.50%)
Adjusted coefficient of multiple determination (Ra^2) = 0.7250  (72.50%)
Durbin-Watson test for autocorrelation = 2.215
Parameter values will be written to C:\Users\peleg\OneDrive\doktorát\experiment_disertace\výsledky\fin_výsl\syntax\typ2\VKF2\stud_VKF2\vysl_trunc_VKF2_stud\param_trunc_VKF2_stud_08.par
Analysis completed  4-Jan-2023 19:54.  Runtime = 0.00 seconds.


             ----  Descriptive Statistics for Variables  ----

 Variable    Minimum value   Maximum value    Mean value     Standard dev.
----------  --------------  --------------  --------------  --------------
         x               1            6.08           3.216        1.952762
         y            2.93            3.22           3.048       0.1075639


                   ----  Calculated Parameter Values  ----

 Parameter  Initial guess   Final estimate   Standard error      t      Prob(t)
----------  -------------  ----------------  --------------  ---------  -------
         b              1     -0.0525329896     0.007225404      -7.27  0.00190

