   1: variable x,y;
   2: parameter b;
   3: function y=3.17*(x^b);
   4: Plot xlabel="x-Achse",ylabel="y-Achse";
   5: data;

Beginning computation...
Stopped due to: Relative function convergence.


   ----  Final Results  ----

NLREG version 5.4
Copyright (c) 1992-2002 Phillip H. Sherrod.  All rights reserved.
This is a registered copy of NLREG that may not be redistributed.

Number of observations = 4
Maximum allowed number of iterations = 500
Convergence tolerance factor = 1.000000E-010
Stopped due to: Relative function convergence.
Number of iterations performed = 10
Final sum of squared deviations = 3.5098663E-002
Final sum of deviations = -9.4265689E-002
Standard error of estimate = 0.108164
Average deviation = 0.0710554
Maximum deviation for any observation = 0.158541
Proportion of variance explained (R^2) = 0.0384  (3.84%)
Adjusted coefficient of multiple determination (Ra^2) = 0.0384  (3.84%)
Durbin-Watson test for autocorrelation = 1.632
Parameter values will be written to C:\Users\peleg\OneDrive\doktorát\experiment_disertace\výsledky\fin_výsl\syntax\typ2\VKF2\stud_VKF2\vysl_trunc_VKF2_stud\param_trunc_VKF2_stud_05.par
Analysis completed  4-Jan-2023 19:54.  Runtime = 0.00 seconds.


             ----  Descriptive Statistics for Variables  ----

 Variable    Minimum value   Maximum value    Mean value     Standard dev.
----------  --------------  --------------  --------------  --------------
         x               1             4.8             2.7        1.620699
         y            2.91            3.17           3.025       0.1103026


                   ----  Calculated Parameter Values  ----

 Parameter  Initial guess   Final estimate   Standard error      t      Prob(t)
----------  -------------  ----------------  --------------  ---------  -------
         b              1     -0.0469301043       0.0178292      -2.63  0.07818

