   1: variable x,y;
   2: parameter b;
   3: function y=3.44*(x^b);
   4: Plot xlabel="x-Achse",ylabel="y-Achse";
   5: data;

Beginning computation...
Stopped due to: Both parameter and relative function convergence.


   ----  Final Results  ----

NLREG version 5.4
Copyright (c) 1992-2002 Phillip H. Sherrod.  All rights reserved.
This is a registered copy of NLREG that may not be redistributed.

Number of observations = 7
Maximum allowed number of iterations = 500
Convergence tolerance factor = 1.000000E-010
Stopped due to: Both parameter and relative function convergence.
Number of iterations performed = 10
Final sum of squared deviations = 4.5275255E-002
Final sum of deviations = -6.4382293E-002
Standard error of estimate = 0.086867
Average deviation = 0.0638559
Maximum deviation for any observation = 0.133703
Proportion of variance explained (R^2) = 0.8452  (84.52%)
Adjusted coefficient of multiple determination (Ra^2) = 0.8452  (84.52%)
Durbin-Watson test for autocorrelation = 2.364
Parameter values will be written to C:\Users\peleg\OneDrive\doktorát\experiment_disertace\výsledky\fin_výsl\syntax\typ2\VKF2\stud_VKF2\vysl_trunc_VKF2_stud\param_trunc_VKF2_stud_slouè.par
Analysis completed  4-Jan-2023 19:54.  Runtime = 0.00 seconds.


             ----  Descriptive Statistics for Variables  ----

 Variable    Minimum value   Maximum value    Mean value     Standard dev.
----------  --------------  --------------  --------------  --------------
         x               1             7.8        4.114286        2.357561
         y            2.74            3.44        3.028571       0.2207886


                   ----  Calculated Parameter Values  ----

 Parameter  Initial guess   Final estimate   Standard error      t      Prob(t)
----------  -------------  ----------------  --------------  ---------  -------
         b              1       -0.10266808     0.008117753     -12.65  0.00001

