   1: variable x,y;
   2: parameter a,b,c;
   3: function y=a*(x^b)*exp(c*x);
   4: Plot xlabel="x-Achse",ylabel="y-Achse";
   5: data;

Beginning computation...
Stopped due to: Relative function convergence.


   ----  Final Results  ----

NLREG version 5.4
Copyright (c) 1992-2002 Phillip H. Sherrod.  All rights reserved.
This is a registered copy of NLREG that may not be redistributed.

Number of observations = 6
Maximum allowed number of iterations = 500
Convergence tolerance factor = 1.000000E-010
Stopped due to: Relative function convergence.
Number of iterations performed = 24
Final sum of squared deviations = 1.6337865E-001
Final sum of deviations = -1.0999772E-003
Standard error of estimate = 0.233366
Average deviation = 0.134639
Maximum deviation for any observation = 0.289395
Proportion of variance explained (R^2) = 0.7617  (76.17%)
Adjusted coefficient of multiple determination (Ra^2) = 0.6028  (60.28%)
Durbin-Watson test for autocorrelation = 3.481
Parameter values will be written to C:\Users\peleg\OneDrive\doktorát\experiment_disertace\výsledky\fin_výsl\zvukové_jednotky\VKT\poh_VKT\tokens_poh_VKT\vysl_compl_VKT_tokens_poh\param_compl_tokens_poh_03.par
Analysis completed 21-Feb-2023 07:46.  Runtime = 0.00 seconds.


             ----  Descriptive Statistics for Variables  ----

 Variable    Minimum value   Maximum value    Mean value     Standard dev.
----------  --------------  --------------  --------------  --------------
         x               1           12.69        4.693333        4.214089
         y            2.35            3.14        2.681667       0.3702657


                   ----  Calculated Parameter Values  ----

 Parameter  Initial guess   Final estimate   Standard error      t      Prob(t)
----------  -------------  ----------------  --------------  ---------  -------
         a              1        3.17590061       0.1890579      16.80  0.00046
         b              1      -0.201809327       0.1115501      -1.81  0.16814
         c              1      0.0159117802      0.02497788       0.64  0.56939


                  ----  Analysis of Variance  ----

  Source     DF   Sum of Squares    Mean Square    F value   Prob(F)
----------  ----  --------------  --------------  ---------  -------
Regression     2       0.5221047       0.2610523       4.79  0.11636
Error          3       0.1633786      0.05445955
Total          5       0.6854833

