   1: variable x,y;
   2: parameter a,b,c;
   3: function y=a*(x^b)*exp(c*x);
   4: Plot xlabel="x-Achse",ylabel="y-Achse";
   5: data;

Beginning computation...
Stopped due to: Relative function convergence.


   ----  Final Results  ----

NLREG version 5.4
Copyright (c) 1992-2002 Phillip H. Sherrod.  All rights reserved.
This is a registered copy of NLREG that may not be redistributed.

Number of observations = 6
Maximum allowed number of iterations = 500
Convergence tolerance factor = 1.000000E-010
Stopped due to: Relative function convergence.
Number of iterations performed = 19
Final sum of squared deviations = 4.6641706E-002
Final sum of deviations = -7.9063642E-004
Standard error of estimate = 0.124689
Average deviation = 0.0727265
Maximum deviation for any observation = 0.172729
Proportion of variance explained (R^2) = 0.8390  (83.90%)
Adjusted coefficient of multiple determination (Ra^2) = 0.7317  (73.17%)
Durbin-Watson test for autocorrelation = 2.301
Parameter values will be written to C:\Users\peleg\OneDrive\doktorát\experiment_disertace\výsledky\fin_výsl\zvukové_jednotky\VKT\poh_VKT\tokens_poh_VKT\vysl_compl_VKT_tokens_poh\param_compl_tokens_poh_02.par
Analysis completed 21-Feb-2023 07:46.  Runtime = 0.00 seconds.


             ----  Descriptive Statistics for Variables  ----

 Variable    Minimum value   Maximum value    Mean value     Standard dev.
----------  --------------  --------------  --------------  --------------
         x               1            8.93        4.083333        2.854054
         y            2.43               3        2.661667       0.2407004


                   ----  Calculated Parameter Values  ----

 Parameter  Initial guess   Final estimate   Standard error      t      Prob(t)
----------  -------------  ----------------  --------------  ---------  -------
         a              1        2.97224127       0.1015165      29.28  0.00009
         b              1      -0.203611587      0.07915223      -2.57  0.08232
         c              1      0.0312122273      0.02234785       1.40  0.25691


                  ----  Analysis of Variance  ----

  Source     DF   Sum of Squares    Mean Square    F value   Prob(F)
----------  ----  --------------  --------------  ---------  -------
Regression     2       0.2430416       0.1215208       7.82  0.06461
Error          3      0.04664171      0.01554724
Total          5       0.2896833

