   1: variable x,y;
   2: parameter a,b,c;
   3: function y=a*(x^b)*exp(c*x);
   4: Plot xlabel="x-Achse",ylabel="y-Achse";
   5: data;

Beginning computation...
Stopped due to: Relative function convergence.


   ----  Final Results  ----

NLREG version 5.4
Copyright (c) 1992-2002 Phillip H. Sherrod.  All rights reserved.
This is a registered copy of NLREG that may not be redistributed.

Number of observations = 5
Maximum allowed number of iterations = 500
Convergence tolerance factor = 1.000000E-010
Stopped due to: Relative function convergence.
Number of iterations performed = 19
Final sum of squared deviations = 1.2133324E-001
Final sum of deviations = -1.7588481E-005
Standard error of estimate = 0.246306
Average deviation = 0.118442
Maximum deviation for any observation = 0.265238
Proportion of variance explained (R^2) = 0.1365  (13.65%)
Adjusted coefficient of multiple determination (Ra^2) = -0.7269  (-72.69%)
Durbin-Watson test for autocorrelation = 3.258
Parameter values will be written to C:\Users\peleg\OneDrive\doktorát\experiment_disertace\výsledky\fin_výsl\zvukové_jednotky\VKT\poh_VKT\tokens_poh_VKT\vysl_compl_VKT_tokens_poh\param_compl_tokens_poh_08.par
Analysis completed 21-Feb-2023 07:46.  Runtime = 0.00 seconds.


             ----  Descriptive Statistics for Variables  ----

 Variable    Minimum value   Maximum value    Mean value     Standard dev.
----------  --------------  --------------  --------------  --------------
         x               1           10.15           4.148        3.607668
         y            2.36            2.84           2.684         0.18743


                   ----  Calculated Parameter Values  ----

 Parameter  Initial guess   Final estimate   Standard error      t      Prob(t)
----------  -------------  ----------------  --------------  ---------  -------
         a              1        2.68789891       0.1927114      13.95  0.00510
         b              1     -0.0787495585       0.1557228      -0.51  0.66329
         c              1      0.0209756904      0.03751418       0.56  0.63232


                  ----  Analysis of Variance  ----

  Source     DF   Sum of Squares    Mean Square    F value   Prob(F)
----------  ----  --------------  --------------  ---------  -------
Regression     2      0.01918676     0.009593381       0.16  0.86346
Error          2       0.1213332      0.06066662
Total          4         0.14052

