   1: variable x,y;
   2: parameter a,b,c;
   3: function y=a*(x^b)*exp(-c*x);
   4: Plot xlabel="x-Achse",ylabel="y-Achse";
   5: data;

Beginning computation...
Stopped due to: Relative function convergence.


   ----  Final Results  ----

NLREG version 6.6
Copyright (c) 1992-2015 Phillip H. Sherrod.

Number of observations = 8
Maximum allowed number of iterations = 500
Convergence tolerance factor = 1.000000E-010
Stopped due to: Relative function convergence.
Number of iterations performed = 13
Final sum of squared deviations = 9.3105210E-001
Final sum of deviations = 3.9464819E-002
Standard error of estimate = 0.431521
Average deviation = 0.278218
Maximum deviation for any observation = 0.610997
Proportion of variance explained (R^2) = 0.7573  (75.73%)
Adjusted coefficient of multiple determination (Ra^2) = 0.6602  (66.02%)
Durbin-Watson test for autocorrelation = 1.934
Analysis completed  7-May-2023 11:19.  Runtime = 0.09 seconds.


             ----  Descriptive Statistics for Variables  ----

      Variable       Minimum value   Maximum value    Mean value     Standard dev.
------------------  --------------  --------------  --------------  --------------
                 x               1              17            5.74        5.058876
                 y            2.55            4.79         3.00625        0.740269


                   ----  Calculated Parameter Values  ----

     Parameter      Initial guess   Final estimate   Standard error      t      Prob(t)
------------------  -------------  ----------------  --------------  ---------  -------
                 a              1        4.25510284        0.347591      12.24  0.00006
                 b              1       -0.45998044       0.1287109      -3.57  0.01598
                 c              1      -0.050949039      0.02487165      -2.05  0.09583


                  ----  Analysis of Variance  ----

  Source     DF   Sum of Squares    Mean Square    F value   Prob(F)
----------  ----  --------------  --------------  ---------  -------
Regression     2        2.904935        1.452468       7.80  0.02902
Error          5       0.9310521       0.1862104
Total          7        3.835988


If you haven't registered your use, please do so.  If you have, thank you.
