   1: variable x,y;
   2: parameter a,b,c;
   3: function y=a*(x^b)*exp(c*x);
   4: Plot xlabel="x-Achse",ylabel="y-Achse";
   5: data;

Beginning computation...
Stopped due to: Both parameter and relative function convergence.


   ----  Final Results  ----

NLREG version 5.4
Copyright (c) 1992-2002 Phillip H. Sherrod.  All rights reserved.
This is a registered copy of NLREG that may not be redistributed.

Number of observations = 8
Maximum allowed number of iterations = 500
Convergence tolerance factor = 1.000000E-010
Stopped due to: Both parameter and relative function convergence.
Number of iterations performed = 62
Final sum of squared deviations = 1.4052930E-001
Final sum of deviations = 1.5760102E-004
Standard error of estimate = 0.167648
Average deviation = 0.0954557
Maximum deviation for any observation = 0.295359
Proportion of variance explained (R^2) = 0.1399  (13.99%)
Adjusted coefficient of multiple determination (Ra^2) = -0.2041  (-20.41%)
Durbin-Watson test for autocorrelation = 2.304
Parameter values will be written to C:\Users\peleg\OneDrive\doktorát\experiment_disertace\výsledky\fin_výsl\zvukové_jednotky\VKT\poh_VKT\tokens_poh_VKT\vysl_compl_VKT_tokens_poh\param_compl_tokens_poh_10.par
Analysis completed 21-Feb-2023 07:46.  Runtime = 0.00 seconds.


             ----  Descriptive Statistics for Variables  ----

 Variable    Minimum value   Maximum value    Mean value     Standard dev.
----------  --------------  --------------  --------------  --------------
         x               1            15.4           5.505        4.536981
         y            2.36            2.86         2.68375       0.1527778


                   ----  Calculated Parameter Values  ----

 Parameter  Initial guess   Final estimate   Standard error      t      Prob(t)
----------  -------------  ----------------  --------------  ---------  -------
         a              1        2.59426487       0.1317682      19.69  0.00001
         b              1      0.0620474314      0.06864753       0.90  0.40751
         c              1    -0.00986569936      0.01262347      -0.78  0.46986


                  ----  Analysis of Variance  ----

  Source     DF   Sum of Squares    Mean Square    F value   Prob(F)
----------  ----  --------------  --------------  ---------  -------
Regression     2       0.0228582       0.0114291       0.41  0.68607
Error          5       0.1405293      0.02810586
Total          7       0.1633875

