   1: variable x,y;
   2: parameter a,b,c;
   3: function y=a*(x^b)*exp(c*x);
   4: Plot xlabel="x-Achse",ylabel="y-Achse";
   5: data;

Beginning computation...
Stopped due to: Both parameter and relative function convergence.


   ----  Final Results  ----

NLREG version 5.4
Copyright (c) 1992-2002 Phillip H. Sherrod.  All rights reserved.
This is a registered copy of NLREG that may not be redistributed.

Number of observations = 5
Maximum allowed number of iterations = 500
Convergence tolerance factor = 1.000000E-010
Stopped due to: Both parameter and relative function convergence.
Number of iterations performed = 14
Final sum of squared deviations = 3.5116929E-003
Final sum of deviations = -1.3179699E-004
Standard error of estimate = 0.0419028
Average deviation = 0.0239947
Maximum deviation for any observation = 0.036894
Proportion of variance explained (R^2) = 0.9848  (98.48%)
Adjusted coefficient of multiple determination (Ra^2) = 0.9697  (96.97%)
Durbin-Watson test for autocorrelation = 2.515
Parameter values will be written to C:\Users\peleg\OneDrive\doktorát\experiment_disertace\výsledky\fin_výsl\slovo_slabika_foném\pov_SSF\types_pov_SSF\vysl_compl_SSF_types_pov\param_compl_types_pov_08.par
Analysis completed  9-Mar-2023 14:10.  Runtime = 0.00 seconds.


             ----  Descriptive Statistics for Variables  ----

 Variable    Minimum value   Maximum value    Mean value     Standard dev.
----------  --------------  --------------  --------------  --------------
         x               1            5.21           3.042        1.648884
         y            2.29            2.87           2.486       0.2406865


                   ----  Calculated Parameter Values  ----

 Parameter  Initial guess   Final estimate   Standard error      t      Prob(t)
----------  -------------  ----------------  --------------  ---------  -------
         a              1        2.75863064       0.0564416      48.88  0.00042
         b              1      -0.247219439       0.0530132      -4.66  0.04304
         c              1      0.0431297059      0.02148194       2.01  0.18246


                  ----  Analysis of Variance  ----

  Source     DF   Sum of Squares    Mean Square    F value   Prob(F)
----------  ----  --------------  --------------  ---------  -------
Regression     2       0.2282083       0.1141042      64.99  0.01515
Error          2     0.003511693     0.001755846
Total          4         0.23172

