   1: variable x,y;
   2: parameter a,b,c;
   3: function y=a*(x^b)*exp(c*x);
   4: Plot xlabel="x-Achse",ylabel="y-Achse";
   5: data;

Beginning computation...
Stopped due to: Relative function convergence.


   ----  Final Results  ----

NLREG version 5.4
Copyright (c) 1992-2002 Phillip H. Sherrod.  All rights reserved.
This is a registered copy of NLREG that may not be redistributed.

Number of observations = 4
Maximum allowed number of iterations = 500
Convergence tolerance factor = 1.000000E-010
Stopped due to: Relative function convergence.
Number of iterations performed = 14
Final sum of squared deviations = 2.7227988E-003
Final sum of deviations = 1.2390094E-005
Standard error of estimate = 0.0521804
Average deviation = 0.0229181
Maximum deviation for any observation = 0.0391094
Proportion of variance explained (R^2) = 0.8625  (86.25%)
Adjusted coefficient of multiple determination (Ra^2) = 0.5875  (58.75%)
Durbin-Watson test for autocorrelation = 3.355
Parameter values will be written to C:\Users\peleg\OneDrive\doktorát\experiment_disertace\výsledky\fin_výsl\slovo_slabika_foném\pov_SSF\tokens_pov_SSF\vysl_compl_SSF_tokens_pov\param_compl_tokens_pov_05.par
Analysis completed  9-Mar-2023 14:10.  Runtime = 0.00 seconds.


             ----  Descriptive Statistics for Variables  ----

 Variable    Minimum value   Maximum value    Mean value     Standard dev.
----------  --------------  --------------  --------------  --------------
         x               1            4.08            2.52         1.32222
         y             2.3            2.45            2.38      0.08124038


                   ----  Calculated Parameter Values  ----

 Parameter  Initial guess   Final estimate   Standard error      t      Prob(t)
----------  -------------  ----------------  --------------  ---------  -------
         a              1        2.55784279       0.1117628      22.89  0.02780
         b              1      0.0365285151       0.1020612       0.36  0.78119
         c              1     -0.0403369108      0.04732297      -0.85  0.55063


                  ----  Analysis of Variance  ----

  Source     DF   Sum of Squares    Mean Square    F value   Prob(F)
----------  ----  --------------  --------------  ---------  -------
Regression     2       0.0170772     0.008538601       3.14  0.37083
Error          1     0.002722799     0.002722799
Total          3          0.0198

