   1: variable x,y;
   2: parameter a,b,c;
   3: function y=a*(x^b)*exp(c*x);
   4: Plot xlabel="x-Achse",ylabel="y-Achse";
   5: data;

Beginning computation...
Stopped due to: Relative function convergence.


   ----  Final Results  ----

NLREG version 5.4
Copyright (c) 1992-2002 Phillip H. Sherrod.  All rights reserved.
This is a registered copy of NLREG that may not be redistributed.

Number of observations = 5
Maximum allowed number of iterations = 500
Convergence tolerance factor = 1.000000E-010
Stopped due to: Relative function convergence.
Number of iterations performed = 14
Final sum of squared deviations = 1.3428047E-003
Final sum of deviations = 2.3152340E-005
Standard error of estimate = 0.0259114
Average deviation = 0.0123599
Maximum deviation for any observation = 0.0295988
Proportion of variance explained (R^2) = 0.9972  (99.72%)
Adjusted coefficient of multiple determination (Ra^2) = 0.9945  (99.45%)
Durbin-Watson test for autocorrelation = 3.182
Parameter values will be written to C:\Users\peleg\OneDrive\doktorát\experiment_disertace\výsledky\fin_výsl\slovo_slabika_foném\pov_SSF\types_pov_SSF\vysl_compl_SSF_types_pov\param_compl_types_pov_09.par
Analysis completed  9-Mar-2023 14:10.  Runtime = 0.00 seconds.


             ----  Descriptive Statistics for Variables  ----

 Variable    Minimum value   Maximum value    Mean value     Standard dev.
----------  --------------  --------------  --------------  --------------
         x               1               5               3        1.581139
         y             2.1            2.99           2.444       0.3480374


                   ----  Calculated Parameter Values  ----

 Parameter  Initial guess   Final estimate   Standard error      t      Prob(t)
----------  -------------  ----------------  --------------  ---------  -------
         a              1        2.96606424      0.04143224      71.59  0.00020
         b              1      -0.234045223      0.03510808      -6.67  0.02177
         c              1     0.00759842286      0.01479021       0.51  0.65856


                  ----  Analysis of Variance  ----

  Source     DF   Sum of Squares    Mean Square    F value   Prob(F)
----------  ----  --------------  --------------  ---------  -------
Regression     2       0.4831772       0.2415886     359.83  0.00277
Error          2     0.001342805    0.0006714023
Total          4         0.48452

