   1: variable x,y;
   2: parameter a,b,c;
   3: function y=a*(x^b)*exp(c*x);
   4: Plot xlabel="x-Achse",ylabel="y-Achse";
   5: data;

Beginning computation...
Stopped due to: Both parameter and relative function convergence.


   ----  Final Results  ----

NLREG version 5.4
Copyright (c) 1992-2002 Phillip H. Sherrod.  All rights reserved.
This is a registered copy of NLREG that may not be redistributed.

Number of observations = 6
Maximum allowed number of iterations = 500
Convergence tolerance factor = 1.000000E-010
Stopped due to: Both parameter and relative function convergence.
Number of iterations performed = 17
Final sum of squared deviations = 2.3411983E-003
Final sum of deviations = 3.9140149E-004
Standard error of estimate = 0.0279356
Average deviation = 0.0184559
Maximum deviation for any observation = 0.0274017
Proportion of variance explained (R^2) = 0.9975  (99.75%)
Adjusted coefficient of multiple determination (Ra^2) = 0.9959  (99.59%)
Durbin-Watson test for autocorrelation = 1.864
Parameter values will be written to C:\Users\peleg\OneDrive\doktorát\experiment_disertace\výsledky\fin_výsl\slovo_slabika_foném\pov_SSF\types_pov_SSF\vysl_compl_SSF_types_pov\param_compl_types_pov_slouè.par
Analysis completed  9-Mar-2023 14:10.  Runtime = 0.00 seconds.


             ----  Descriptive Statistics for Variables  ----

 Variable    Minimum value   Maximum value    Mean value     Standard dev.
----------  --------------  --------------  --------------  --------------
         x               1            6.14        3.523333        1.908734
         y            2.15            3.32        2.498333       0.4355877


                   ----  Calculated Parameter Values  ----

 Parameter  Initial guess   Final estimate   Standard error      t      Prob(t)
----------  -------------  ----------------  --------------  ---------  -------
         a              1        3.10722167      0.03193216      97.31  0.00001
         b              1      -0.413287271      0.02731244     -15.13  0.00063
         c              1      0.0639306697      0.01020121       6.27  0.00820


                  ----  Analysis of Variance  ----

  Source     DF   Sum of Squares    Mean Square    F value   Prob(F)
----------  ----  --------------  --------------  ---------  -------
Regression     2       0.9463421       0.4731711     606.32  0.00012
Error          3     0.002341198    0.0007803994
Total          5       0.9486833

