   1: variable x,y;
   2: parameter a,b,c;
   3: function y=a*(x^b)*exp(c*x);
   4: Plot xlabel="x-Achse",ylabel="y-Achse";
   5: data;

Beginning computation...
Stopped due to: Relative function convergence.


   ----  Final Results  ----

NLREG version 5.4
Copyright (c) 1992-2002 Phillip H. Sherrod.  All rights reserved.
This is a registered copy of NLREG that may not be redistributed.

Number of observations = 5
Maximum allowed number of iterations = 500
Convergence tolerance factor = 1.000000E-010
Stopped due to: Relative function convergence.
Number of iterations performed = 14
Final sum of squared deviations = 1.9861645E-003
Final sum of deviations = 2.5377208E-006
Standard error of estimate = 0.0315132
Average deviation = 0.0167435
Maximum deviation for any observation = 0.0316316
Proportion of variance explained (R^2) = 0.9839  (98.39%)
Adjusted coefficient of multiple determination (Ra^2) = 0.9678  (96.78%)
Durbin-Watson test for autocorrelation = 3.540
Parameter values will be written to C:\Users\peleg\OneDrive\doktorát\experiment_disertace\výsledky\fin_výsl\slovo_slabika_foném\pov_SSF\tokens_pov_SSF\vysl_compl_SSF_tokens_pov\param_compl_tokens_pov_09.par
Analysis completed  9-Mar-2023 14:10.  Runtime = 0.00 seconds.


             ----  Descriptive Statistics for Variables  ----

 Variable    Minimum value   Maximum value    Mean value     Standard dev.
----------  --------------  --------------  --------------  --------------
         x               1               5               3        1.581139
         y             2.1            2.54           2.334       0.1755847


                   ----  Calculated Parameter Values  ----

 Parameter  Initial guess   Final estimate   Standard error      t      Prob(t)
----------  -------------  ----------------  --------------  ---------  -------
         a              1        2.70714507      0.04727612      57.26  0.00030
         b              1       0.039058403      0.04540714       0.86  0.48034
         c              1     -0.0626522312      0.01871316      -3.35  0.07881


                  ----  Analysis of Variance  ----

  Source     DF   Sum of Squares    Mean Square    F value   Prob(F)
----------  ----  --------------  --------------  ---------  -------
Regression     2       0.1213338      0.06066692      61.09  0.01611
Error          2     0.001986164    0.0009930822
Total          4         0.12332

