   1: variable x,y;
   2: parameter a,b,c;
   3: function y=a*(x^b)*exp(c*x);
   4: Plot xlabel="x-Achse",ylabel="y-Achse";
   5: data;

Beginning computation...
Stopped due to: Relative function convergence.


   ----  Final Results  ----

NLREG version 5.4
Copyright (c) 1992-2002 Phillip H. Sherrod.  All rights reserved.
This is a registered copy of NLREG that may not be redistributed.

Number of observations = 5
Maximum allowed number of iterations = 500
Convergence tolerance factor = 1.000000E-010
Stopped due to: Relative function convergence.
Number of iterations performed = 15
Final sum of squared deviations = 5.3293466E-003
Final sum of deviations = 1.4748645E-006
Standard error of estimate = 0.0516205
Average deviation = 0.0271698
Maximum deviation for any observation = 0.0537626
Proportion of variance explained (R^2) = 0.8555  (85.55%)
Adjusted coefficient of multiple determination (Ra^2) = 0.7110  (71.10%)
Durbin-Watson test for autocorrelation = 3.536
Parameter values will be written to C:\Users\peleg\OneDrive\doktorát\experiment_disertace\výsledky\fin_výsl\slovo_slabika_foném\pov_SSF\tokens_pov_SSF\vysl_compl_SSF_tokens_pov\param_compl_tokens_pov_01.par
Analysis completed  9-Mar-2023 14:10.  Runtime = 0.00 seconds.


             ----  Descriptive Statistics for Variables  ----

 Variable    Minimum value   Maximum value    Mean value     Standard dev.
----------  --------------  --------------  --------------  --------------
         x               1            5.11           3.022        1.616298
         y            2.27             2.5           2.388      0.09602083


                   ----  Calculated Parameter Values  ----

 Parameter  Initial guess   Final estimate   Standard error      t      Prob(t)
----------  -------------  ----------------  --------------  ---------  -------
         a              1        2.55197895      0.06846643      37.27  0.00072
         b              1     -0.0119005404      0.07103636      -0.17  0.88236
         c              1     -0.0183716276      0.02855684      -0.64  0.58592


                  ----  Analysis of Variance  ----

  Source     DF   Sum of Squares    Mean Square    F value   Prob(F)
----------  ----  --------------  --------------  ---------  -------
Regression     2      0.03155065      0.01577533       5.92  0.14451
Error          2     0.005329347     0.002664673
Total          4         0.03688

