   1: variable x,y;
   2: parameter a,b,c;
   3: function y=a*(x^b)*exp(c*x);
   4: Plot xlabel="x-Achse",ylabel="y-Achse";
   5: data;

Beginning computation...
Stopped due to: Relative function convergence.


   ----  Final Results  ----

NLREG version 5.4
Copyright (c) 1992-2002 Phillip H. Sherrod.  All rights reserved.
This is a registered copy of NLREG that may not be redistributed.

Number of observations = 5
Maximum allowed number of iterations = 500
Convergence tolerance factor = 1.000000E-010
Stopped due to: Relative function convergence.
Number of iterations performed = 14
Final sum of squared deviations = 3.6420002E-003
Final sum of deviations = 1.0159788E-004
Standard error of estimate = 0.0426732
Average deviation = 0.0216519
Maximum deviation for any observation = 0.0500467
Proportion of variance explained (R^2) = 0.9889  (98.89%)
Adjusted coefficient of multiple determination (Ra^2) = 0.9778  (97.78%)
Durbin-Watson test for autocorrelation = 3.026
Parameter values will be written to C:\Users\peleg\OneDrive\doktorát\experiment_disertace\výsledky\fin_výsl\slovo_slabika_foném\pov_SSF\types_pov_SSF\vysl_compl_SSF_types_pov\param_compl_types_pov_01.par
Analysis completed  9-Mar-2023 14:10.  Runtime = 0.00 seconds.


             ----  Descriptive Statistics for Variables  ----

 Variable    Minimum value   Maximum value    Mean value     Standard dev.
----------  --------------  --------------  --------------  --------------
         x               1            5.12           3.024        1.619531
         y            2.27            2.99            2.51       0.2867054


                   ----  Calculated Parameter Values  ----

 Parameter  Initial guess   Final estimate   Standard error      t      Prob(t)
----------  -------------  ----------------  --------------  ---------  -------
         a              1        2.82087505      0.06025209      46.82  0.00046
         b              1      -0.305036978      0.05465686      -5.58  0.03064
         c              1       0.056842743      0.02248726       2.53  0.12730


                  ----  Analysis of Variance  ----

  Source     DF   Sum of Squares    Mean Square    F value   Prob(F)
----------  ----  --------------  --------------  ---------  -------
Regression     2        0.325158        0.162579      89.28  0.01108
Error          2        0.003642        0.001821
Total          4          0.3288

