   1: variable x,y;
   2: parameter a,b,c;
   3: function y=a*(x^b)*exp(c*x);
   4: Plot xlabel="x-Achse",ylabel="y-Achse";
   5: data;

Beginning computation...
Stopped due to: Relative function convergence.


   ----  Final Results  ----

NLREG version 5.4
Copyright (c) 1992-2002 Phillip H. Sherrod.  All rights reserved.
This is a registered copy of NLREG that may not be redistributed.

Number of observations = 5
Maximum allowed number of iterations = 500
Convergence tolerance factor = 1.000000E-010
Stopped due to: Relative function convergence.
Number of iterations performed = 16
Final sum of squared deviations = 4.1874739E-003
Final sum of deviations = 2.8024564E-005
Standard error of estimate = 0.0457574
Average deviation = 0.0254709
Maximum deviation for any observation = 0.0435264
Proportion of variance explained (R^2) = 0.8489  (84.89%)
Adjusted coefficient of multiple determination (Ra^2) = 0.6979  (69.79%)
Durbin-Watson test for autocorrelation = 2.539
Parameter values will be written to C:\Users\peleg\OneDrive\doktorát\experiment_disertace\výsledky\fin_výsl\slovo_slabika_foném\pov_SSF\tokens_pov_SSF\vysl_compl_SSF_tokens_pov\param_compl_tokens_pov_08.par
Analysis completed  9-Mar-2023 14:10.  Runtime = 0.00 seconds.


             ----  Descriptive Statistics for Variables  ----

 Variable    Minimum value   Maximum value    Mean value     Standard dev.
----------  --------------  --------------  --------------  --------------
         x               1            5.19           3.038        1.642322
         y            2.28            2.46           2.364      0.08324662


                   ----  Calculated Parameter Values  ----

 Parameter  Initial guess   Final estimate   Standard error      t      Prob(t)
----------  -------------  ----------------  --------------  ---------  -------
         a              1        2.52669669      0.05908075      42.77  0.00055
         b              1      0.0377689192      0.06241526       0.61  0.60661
         c              1     -0.0340464042      0.02479905      -1.37  0.30345


                  ----  Analysis of Variance  ----

  Source     DF   Sum of Squares    Mean Square    F value   Prob(F)
----------  ----  --------------  --------------  ---------  -------
Regression     2      0.02353253      0.01176626       5.62  0.15106
Error          2     0.004187474     0.002093737
Total          4         0.02772

