   1: variable x,y;
   2: parameter a,b,c;
   3: function y=a*(x^b)*exp(c*x);
   4: Plot xlabel="x-Achse",ylabel="y-Achse";
   5: data;

Beginning computation...
Stopped due to: Relative function convergence.


   ----  Final Results  ----

NLREG version 5.4
Copyright (c) 1992-2002 Phillip H. Sherrod.  All rights reserved.
This is a registered copy of NLREG that may not be redistributed.

Number of observations = 5
Maximum allowed number of iterations = 500
Convergence tolerance factor = 1.000000E-010
Stopped due to: Relative function convergence.
Number of iterations performed = 16
Final sum of squared deviations = 6.3125144E-003
Final sum of deviations = 2.1015441E-006
Standard error of estimate = 0.0561806
Average deviation = 0.0293995
Maximum deviation for any observation = 0.06105
Proportion of variance explained (R^2) = 0.5676  (56.76%)
Adjusted coefficient of multiple determination (Ra^2) = 0.1353  (13.53%)
Durbin-Watson test for autocorrelation = 2.623
Parameter values will be written to C:\Users\peleg\OneDrive\doktorát\experiment_disertace\výsledky\fin_výsl\slovo_slabika_foném\pov_SSF\tokens_pov_SSF\vysl_compl_SSF_tokens_pov\param_compl_tokens_pov_07.par
Analysis completed  9-Mar-2023 14:10.  Runtime = 0.00 seconds.


             ----  Descriptive Statistics for Variables  ----

 Variable    Minimum value   Maximum value    Mean value     Standard dev.
----------  --------------  --------------  --------------  --------------
         x               1            5.11           3.022        1.616298
         y            2.25             2.4            2.34      0.06041523


                   ----  Calculated Parameter Values  ----

 Parameter  Initial guess   Final estimate   Standard error      t      Prob(t)
----------  -------------  ----------------  --------------  ---------  -------
         a              1        2.41956848      0.07196927      33.62  0.00088
         b              1     -0.0126111124      0.07926028      -0.16  0.88820
         c              1    -0.00710113712      0.03166299      -0.22  0.84337


                  ----  Analysis of Variance  ----

  Source     DF   Sum of Squares    Mean Square    F value   Prob(F)
----------  ----  --------------  --------------  ---------  -------
Regression     2     0.008287486     0.004143743       1.31  0.43236
Error          2     0.006312514     0.003156257
Total          4          0.0146

