   1: variable x,y;
   2: parameter a,b,c;
   3: function y=a*(x^b)*exp(c*x);
   4: Plot xlabel="x-Achse",ylabel="y-Achse";
   5: data;

Beginning computation...
Stopped due to: Relative function convergence.


   ----  Final Results  ----

NLREG version 5.4
Copyright (c) 1992-2002 Phillip H. Sherrod.  All rights reserved.
This is a registered copy of NLREG that may not be redistributed.

Number of observations = 5
Maximum allowed number of iterations = 500
Convergence tolerance factor = 1.000000E-010
Stopped due to: Relative function convergence.
Number of iterations performed = 14
Final sum of squared deviations = 9.7816498E-003
Final sum of deviations = -5.6194309E-005
Standard error of estimate = 0.0699344
Average deviation = 0.0356829
Maximum deviation for any observation = 0.0709063
Proportion of variance explained (R^2) = 0.9150  (91.50%)
Adjusted coefficient of multiple determination (Ra^2) = 0.8301  (83.01%)
Durbin-Watson test for autocorrelation = 3.429
Parameter values will be written to C:\Users\peleg\OneDrive\doktorát\experiment_disertace\výsledky\fin_výsl\slovo_slabika_foném\pov_SSF\tokens_pov_SSF\vysl_compl_SSF_tokens_pov\param_compl_tokens_pov_04.par
Analysis completed  9-Mar-2023 14:10.  Runtime = 0.00 seconds.


             ----  Descriptive Statistics for Variables  ----

 Variable    Minimum value   Maximum value    Mean value     Standard dev.
----------  --------------  --------------  --------------  --------------
         x               1            5.03           3.006        1.590654
         y            2.06            2.48           2.314       0.1696467


                   ----  Calculated Parameter Values  ----

 Parameter  Initial guess   Final estimate   Standard error      t      Prob(t)
----------  -------------  ----------------  --------------  ---------  -------
         a              1        2.68669672       0.1037735      25.89  0.00149
         b              1       0.091842992       0.1010819       0.91  0.45947
         c              1     -0.0796337511      0.04141951      -1.92  0.19445


                  ----  Analysis of Variance  ----

  Source     DF   Sum of Squares    Mean Square    F value   Prob(F)
----------  ----  --------------  --------------  ---------  -------
Regression     2       0.1053384      0.05266918      10.77  0.08497
Error          2      0.00978165     0.004890825
Total          4         0.11512

