   1: variable x,y;
   2: parameter a,b,c;
   3: function y=a*(x^b)*exp(c*x);
   4: Plot xlabel="x-Achse",ylabel="y-Achse";
   5: data;

Beginning computation...
Stopped due to: Both parameter and relative function convergence.


   ----  Final Results  ----

NLREG version 5.4
Copyright (c) 1992-2002 Phillip H. Sherrod.  All rights reserved.
This is a registered copy of NLREG that may not be redistributed.

Number of observations = 5
Maximum allowed number of iterations = 500
Convergence tolerance factor = 1.000000E-010
Stopped due to: Both parameter and relative function convergence.
Number of iterations performed = 15
Final sum of squared deviations = 4.5612680E-003
Final sum of deviations = -2.0686227E-004
Standard error of estimate = 0.047756
Average deviation = 0.0245583
Maximum deviation for any observation = 0.0508813
Proportion of variance explained (R^2) = 0.9853  (98.53%)
Adjusted coefficient of multiple determination (Ra^2) = 0.9705  (97.05%)
Durbin-Watson test for autocorrelation = 2.568
Parameter values will be written to C:\Users\peleg\OneDrive\doktorát\experiment_disertace\výsledky\fin_výsl\slovo_slabika_foném\pov_SSF\types_pov_SSF\vysl_compl_SSF_types_pov\param_compl_types_pov_07.par
Analysis completed  9-Mar-2023 14:10.  Runtime = 0.00 seconds.


             ----  Descriptive Statistics for Variables  ----

 Variable    Minimum value   Maximum value    Mean value     Standard dev.
----------  --------------  --------------  --------------  --------------
         x               1            5.12           3.024        1.619531
         y            2.24            2.93           2.474       0.2780827


                   ----  Calculated Parameter Values  ----

 Parameter  Initial guess   Final estimate   Standard error      t      Prob(t)
----------  -------------  ----------------  --------------  ---------  -------
         a              1        2.74563726      0.06655948      41.25  0.00059
         b              1      -0.327400895      0.06208002      -5.27  0.03412
         c              1      0.0681993461      0.02550733       2.67  0.11604


                  ----  Analysis of Variance  ----

  Source     DF   Sum of Squares    Mean Square    F value   Prob(F)
----------  ----  --------------  --------------  ---------  -------
Regression     2       0.3047587       0.1523794      66.81  0.01475
Error          2     0.004561268     0.002280634
Total          4         0.30932

