   1: variable x,y;
   2: parameter a,b,c;
   3: function y=a*(x^b)*exp(c*x);
   4: Plot xlabel="x-Achse",ylabel="y-Achse";
   5: data;

Beginning computation...
Stopped due to: Relative function convergence.


   ----  Final Results  ----

NLREG version 5.4
Copyright (c) 1992-2002 Phillip H. Sherrod.  All rights reserved.
This is a registered copy of NLREG that may not be redistributed.

Number of observations = 5
Maximum allowed number of iterations = 500
Convergence tolerance factor = 1.000000E-010
Stopped due to: Relative function convergence.
Number of iterations performed = 14
Final sum of squared deviations = 5.4973134E-003
Final sum of deviations = 7.4658497E-007
Standard error of estimate = 0.0524276
Average deviation = 0.027497
Maximum deviation for any observation = 0.0518812
Proportion of variance explained (R^2) = 0.8180  (81.80%)
Adjusted coefficient of multiple determination (Ra^2) = 0.6359  (63.59%)
Durbin-Watson test for autocorrelation = 2.982
Parameter values will be written to C:\Users\peleg\OneDrive\doktorát\experiment_disertace\výsledky\fin_výsl\slovo_slabika_foném\pov_SSF\tokens_pov_SSF\vysl_compl_SSF_tokens_pov\param_compl_tokens_pov_10.par
Analysis completed  9-Mar-2023 14:10.  Runtime = 0.00 seconds.


             ----  Descriptive Statistics for Variables  ----

 Variable    Minimum value   Maximum value    Mean value     Standard dev.
----------  --------------  --------------  --------------  --------------
         x               1               5               3        1.581139
         y             2.3            2.47            2.37      0.08689074


                   ----  Calculated Parameter Values  ----

 Parameter  Initial guess   Final estimate   Standard error      t      Prob(t)
----------  -------------  ----------------  --------------  ---------  -------
         a              1        2.50208575      0.07130953      35.09  0.00081
         b              1     -0.0334065276      0.07504111      -0.45  0.69974
         c              1     -0.0075615903      0.03051284      -0.25  0.82740


                  ----  Analysis of Variance  ----

  Source     DF   Sum of Squares    Mean Square    F value   Prob(F)
----------  ----  --------------  --------------  ---------  -------
Regression     2      0.02470269      0.01235134       4.49  0.18203
Error          2     0.005497313     0.002748657
Total          4          0.0302

