   1: variable x,y;
   2: parameter a,b,c;
   3: function y=a*(x^b)*exp(c*x);
   4: Plot xlabel="x-Achse",ylabel="y-Achse";
   5: data;

Beginning computation...
Stopped due to: Relative function convergence.


   ----  Final Results  ----

NLREG version 5.4
Copyright (c) 1992-2002 Phillip H. Sherrod.  All rights reserved.
This is a registered copy of NLREG that may not be redistributed.

Number of observations = 5
Maximum allowed number of iterations = 500
Convergence tolerance factor = 1.000000E-010
Stopped due to: Relative function convergence.
Number of iterations performed = 14
Final sum of squared deviations = 3.5214678E-003
Final sum of deviations = 2.6648691E-005
Standard error of estimate = 0.0419611
Average deviation = 0.0208746
Maximum deviation for any observation = 0.0443022
Proportion of variance explained (R^2) = 0.9938  (99.38%)
Adjusted coefficient of multiple determination (Ra^2) = 0.9876  (98.76%)
Durbin-Watson test for autocorrelation = 3.373
Parameter values will be written to C:\Users\peleg\OneDrive\doktorát\experiment_disertace\výsledky\fin_výsl\slovo_slabika_foném\pov_SSF\types_pov_SSF\vysl_compl_SSF_types_pov\param_compl_types_pov_04.par
Analysis completed  9-Mar-2023 14:10.  Runtime = 0.00 seconds.


             ----  Descriptive Statistics for Variables  ----

 Variable    Minimum value   Maximum value    Mean value     Standard dev.
----------  --------------  --------------  --------------  --------------
         x               1            5.05            3.01        1.597028
         y            2.11            3.07           2.476       0.3761383


                   ----  Calculated Parameter Values  ----

 Parameter  Initial guess   Final estimate   Standard error      t      Prob(t)
----------  -------------  ----------------  --------------  ---------  -------
         a              1        3.01918227      0.06642949      45.45  0.00048
         b              1      -0.267967846      0.05527442      -4.85  0.04001
         c              1       0.016641697      0.02322524       0.72  0.54804


                  ----  Analysis of Variance  ----

  Source     DF   Sum of Squares    Mean Square    F value   Prob(F)
----------  ----  --------------  --------------  ---------  -------
Regression     2       0.5623985       0.2811993     159.71  0.00622
Error          2     0.003521468     0.001760734
Total          4         0.56592

