   1: variable x,y;
   2: parameter a,b,c;
   3: function y=a*(x^b)*exp(c*x);
   4: Plot xlabel="x-Achse",ylabel="y-Achse";
   5: data;

Beginning computation...
Stopped due to: Relative function convergence.


   ----  Final Results  ----

NLREG version 5.4
Copyright (c) 1992-2002 Phillip H. Sherrod.  All rights reserved.
This is a registered copy of NLREG that may not be redistributed.

Number of observations = 4
Maximum allowed number of iterations = 500
Convergence tolerance factor = 1.000000E-010
Stopped due to: Relative function convergence.
Number of iterations performed = 13
Final sum of squared deviations = 2.7221875E-004
Final sum of deviations = -4.0500988E-005
Standard error of estimate = 0.0164991
Average deviation = 0.00715937
Maximum deviation for any observation = 0.0125949
Proportion of variance explained (R^2) = 0.9993  (99.93%)
Adjusted coefficient of multiple determination (Ra^2) = 0.9978  (99.78%)
Durbin-Watson test for autocorrelation = 3.334
Parameter values will be written to C:\Users\peleg\OneDrive\doktorát\experiment_disertace\výsledky\fin_výsl\slovo_slabika_foném\pov_SSF\types_pov_SSF\vysl_compl_SSF_types_pov\param_compl_types_pov_05.par
Analysis completed  9-Mar-2023 14:10.  Runtime = 0.00 seconds.


             ----  Descriptive Statistics for Variables  ----

 Variable    Minimum value   Maximum value    Mean value     Standard dev.
----------  --------------  --------------  --------------  --------------
         x               1            4.09          2.5225        1.326157
         y            2.29            3.07          2.5675       0.3544362


                   ----  Calculated Parameter Values  ----

 Parameter  Initial guess   Final estimate   Standard error      t      Prob(t)
----------  -------------  ----------------  --------------  ---------  -------
         a              1        2.84342902       0.0379373      74.95  0.00849
         b              1      -0.379528424      0.02975247     -12.76  0.04980
         c              1      0.0772347977      0.01413117       5.47  0.11520


                  ----  Analysis of Variance  ----

  Source     DF   Sum of Squares    Mean Square    F value   Prob(F)
----------  ----  --------------  --------------  ---------  -------
Regression     2       0.3766028       0.1883014     691.73  0.02688
Error          1    0.0002722187    0.0002722187
Total          3        0.376875

