   1: variable x,y;
   2: parameter a,b,c;
   3: function y=a*(x^b)*exp(c*x);
   4: Plot xlabel="x-Achse",ylabel="y-Achse";
   5: data;

Beginning computation...
Stopped due to: Relative function convergence.


   ----  Final Results  ----

NLREG version 5.4
Copyright (c) 1992-2002 Phillip H. Sherrod.  All rights reserved.
This is a registered copy of NLREG that may not be redistributed.

Number of observations = 5
Maximum allowed number of iterations = 500
Convergence tolerance factor = 1.000000E-010
Stopped due to: Relative function convergence.
Number of iterations performed = 15
Final sum of squared deviations = 3.3731804E-003
Final sum of deviations = -1.4012916E-005
Standard error of estimate = 0.0410681
Average deviation = 0.0214838
Maximum deviation for any observation = 0.0421674
Proportion of variance explained (R^2) = 0.9911  (99.11%)
Adjusted coefficient of multiple determination (Ra^2) = 0.9823  (98.23%)
Durbin-Watson test for autocorrelation = 3.521
Parameter values will be written to C:\Users\peleg\OneDrive\doktorát\experiment_disertace\výsledky\fin_výsl\slovo_slabika_foném\pov_SSF\types_pov_SSF\vysl_compl_SSF_types_pov\param_compl_types_pov_06.par
Analysis completed  9-Mar-2023 14:10.  Runtime = 0.00 seconds.


             ----  Descriptive Statistics for Variables  ----

 Variable    Minimum value   Maximum value    Mean value     Standard dev.
----------  --------------  --------------  --------------  --------------
         x               1            5.16           3.032         1.63252
         y            2.16            2.94            2.46       0.3084639


                   ----  Calculated Parameter Values  ----

 Parameter  Initial guess   Final estimate   Standard error      t      Prob(t)
----------  -------------  ----------------  --------------  ---------  -------
         a              1        2.90163605      0.06016616      48.23  0.00043
         b              1      -0.222169645      0.05301375      -4.19  0.05250
         c              1      0.0142025329      0.02183664       0.65  0.58217


                  ----  Analysis of Variance  ----

  Source     DF   Sum of Squares    Mean Square    F value   Prob(F)
----------  ----  --------------  --------------  ---------  -------
Regression     2       0.3772268       0.1886134     111.83  0.00886
Error          2      0.00337318      0.00168659
Total          4          0.3806

