   1: variable x,y;
   2: parameter a,b,c;
   3: function y=a*(x^b)*exp(-c*x);
   4: Plot xlabel="x-Achse",ylabel="y-Achse";
   5: data;

Beginning computation...
Stopped due to: Relative function convergence.


   ----  Final Results  ----

NLREG version 5.4
Copyright (c) 1992-2002 Phillip H. Sherrod.  All rights reserved.
This is a registered copy of NLREG that may not be redistributed.

Number of observations = 11
Maximum allowed number of iterations = 500
Convergence tolerance factor = 1.000000E-010
Stopped due to: Relative function convergence.
Number of iterations performed = 15
Final sum of squared deviations = 1.3392730E-001
Final sum of deviations = -1.6400235E-005
Standard error of estimate = 0.129387
Average deviation = 0.0904533
Maximum deviation for any observation = 0.200335
Proportion of variance explained (R^2) = 0.1383  (13.83%)
Adjusted coefficient of multiple determination (Ra^2) = -0.0772  (-7.72%)
Durbin-Watson test for autocorrelation = 1.856
Parameter values will be written to C:\Users\peleg\OneDrive\doktorát\experiment_disertace\výsledky\fin_výsl\syntax\typ3\FSM3\poh_FSM3\vysl_compl_FSM3_poh_minus_c\param_compl_FSM3_poh_08_minus_c.par
Analysis completed  8-Apr-2023 09:59.  Runtime = 0.00 seconds.


             ----  Descriptive Statistics for Variables  ----

 Variable    Minimum value   Maximum value    Mean value     Standard dev.
----------  --------------  --------------  --------------  --------------
         x               1           21.71        7.415455        5.951009
         y            1.93            2.26        2.092727       0.1246668


                   ----  Calculated Parameter Values  ----

 Parameter  Initial guess   Final estimate   Standard error      t      Prob(t)
----------  -------------  ----------------  --------------  ---------  -------
         a              1        2.01094793      0.09862548      20.39  0.00001
         b              1      0.0191428625      0.05144898       0.37  0.71950
         c              1   -0.000968892428     0.007407042      -0.13  0.89916


                  ----  Analysis of Variance  ----

  Source     DF   Sum of Squares    Mean Square    F value   Prob(F)
----------  ----  --------------  --------------  ---------  -------
Regression     2      0.02149088      0.01074544       0.64  0.55140
Error          8       0.1339273      0.01674091
Total         10       0.1554182

