   1: variable x,y;
   2: parameter a,b,c;
   3: function y=a*(x^b)*exp(-c*x);
   4: Plot xlabel="x-Achse",ylabel="y-Achse";
   5: data;

Beginning computation...
Stopped due to: Relative function convergence.


   ----  Final Results  ----

NLREG version 5.4
Copyright (c) 1992-2002 Phillip H. Sherrod.  All rights reserved.
This is a registered copy of NLREG that may not be redistributed.

Number of observations = 11
Maximum allowed number of iterations = 500
Convergence tolerance factor = 1.000000E-010
Stopped due to: Relative function convergence.
Number of iterations performed = 16
Final sum of squared deviations = 1.0777641E-001
Final sum of deviations = -1.9523573E-004
Standard error of estimate = 0.116069
Average deviation = 0.0789174
Maximum deviation for any observation = 0.175653
Proportion of variance explained (R^2) = 0.1858  (18.58%)
Adjusted coefficient of multiple determination (Ra^2) = -0.0178  (-1.78%)
Durbin-Watson test for autocorrelation = 1.464
Parameter values will be written to C:\Users\peleg\OneDrive\doktorát\experiment_disertace\výsledky\fin_výsl\syntax\typ3\FSM3\poh_FSM3\vysl_compl_FSM3_poh_minus_c\param_compl_FSM3_poh_07_minus_c.par
Analysis completed  8-Apr-2023 09:59.  Runtime = 0.00 seconds.


             ----  Descriptive Statistics for Variables  ----

 Variable    Minimum value   Maximum value    Mean value     Standard dev.
----------  --------------  --------------  --------------  --------------
         x               1           42.64        10.23273        11.99137
         y            1.92            2.35        2.158182       0.1150494


                   ----  Calculated Parameter Values  ----

 Parameter  Initial guess   Final estimate   Standard error      t      Prob(t)
----------  -------------  ----------------  --------------  ---------  -------
         a              1        2.06215999      0.08526086      24.19  0.00001
         b              1      0.0429938443      0.03271252       1.31  0.22518
         c              1     0.00324431064      0.00287079       1.13  0.29117


                  ----  Analysis of Variance  ----

  Source     DF   Sum of Squares    Mean Square    F value   Prob(F)
----------  ----  --------------  --------------  ---------  -------
Regression     2      0.02458722      0.01229361       0.91  0.43956
Error          8       0.1077764      0.01347205
Total         10       0.1323636

