   1: variable x,y;
   2: parameter a,b,c;
   3: function y=a*(x^b)*exp(-c*x);
   4: Plot xlabel="x-Achse",ylabel="y-Achse";
   5: data;

Beginning computation...
Stopped due to: Relative function convergence.


   ----  Final Results  ----

NLREG version 5.4
Copyright (c) 1992-2002 Phillip H. Sherrod.  All rights reserved.
This is a registered copy of NLREG that may not be redistributed.

Number of observations = 10
Maximum allowed number of iterations = 500
Convergence tolerance factor = 1.000000E-010
Stopped due to: Relative function convergence.
Number of iterations performed = 14
Final sum of squared deviations = 3.6387457E-002
Final sum of deviations = 7.1251549E-005
Standard error of estimate = 0.0720986
Average deviation = 0.0483818
Maximum deviation for any observation = 0.117452
Proportion of variance explained (R^2) = 0.7535  (75.35%)
Adjusted coefficient of multiple determination (Ra^2) = 0.6830  (68.30%)
Durbin-Watson test for autocorrelation = 2.481
Parameter values will be written to C:\Users\peleg\OneDrive\doktorát\experiment_disertace\výsledky\fin_výsl\syntax\typ3\FSM3\poh_FSM3\vysl_compl_FSM3_poh_minus_c\param_compl_FSM3_poh_02_minus_c.par
Analysis completed  8-Apr-2023 09:59.  Runtime = 0.00 seconds.


             ----  Descriptive Statistics for Variables  ----

 Variable    Minimum value   Maximum value    Mean value     Standard dev.
----------  --------------  --------------  --------------  --------------
         x               1           24.62           7.896        7.111617
         y            1.97            2.32            2.16       0.1280625


                   ----  Calculated Parameter Values  ----

 Parameter  Initial guess   Final estimate   Standard error      t      Prob(t)
----------  -------------  ----------------  --------------  ---------  -------
         a              1        1.94611614      0.05411719      35.96  0.00001
         b              1      0.0752617941      0.02732355       2.75  0.02832
         c              1     0.00313553731     0.003491211       0.90  0.39896


                  ----  Analysis of Variance  ----

  Source     DF   Sum of Squares    Mean Square    F value   Prob(F)
----------  ----  --------------  --------------  ---------  -------
Regression     2       0.1112125      0.05560627      10.70  0.00744
Error          7      0.03638746     0.005198208
Total          9          0.1476

