   1: variable x,y;
   2: parameter a,b,c;
   3: function y=a*(x^b)*exp(c*x);
   4: Plot xlabel="x-Achse",ylabel="y-Achse";
   5: data;

Beginning computation...
Stopped due to: Singular convergence.  Mutually dependent parameters?


   ----  Final Results  ----

NLREG version 5.4
Copyright (c) 1992-2002 Phillip H. Sherrod.  All rights reserved.
This is a registered copy of NLREG that may not be redistributed.

Number of observations = 14
Maximum allowed number of iterations = 500
Convergence tolerance factor = 1.000000E-010
Stopped due to: Singular convergence.  Mutually dependent parameters?
Warning: All data points are on one side of the curve.
This indicates the model does not fit the data well.
Number of iterations performed = 1
Final sum of squared deviations = 2.8120468E+037
Final sum of deviations = -5.3028742E+018
Standard error of estimate = 1.59888E+018
Average deviation = 3.78777E+017
Maximum deviation for any observation = 5.30287E+018
Parameter values will be written to C:\Users\peleg\OneDrive\doktorát\experiment_disertace\výsledky\fin_výsl\syntax\typ3\FSM3_oprava\poh_FSM3\vysl_compl_FSM3_poh\param_compl_FSM3_poh_09.par
Analysis completed  3-Apr-2023 13:33.  Runtime = 0.00 seconds.


             ----  Descriptive Statistics for Variables  ----

 Variable    Minimum value   Maximum value    Mean value     Standard dev.
----------  --------------  --------------  --------------  --------------
         x               1           39.44        10.79429        10.38082
         y            1.89             2.4        2.227143       0.1309391


  ----  Calculated Parameter Values  ----

 Parameter  Initial guess   Final estimate 
----------  -------------  ----------------
         a              1                 1
         b              1                 1
         c              1                 1


                  ----  Analysis of Variance  ----

  Source     DF   Sum of Squares    Mean Square    F value   Prob(F)
----------  ----  --------------  --------------  ---------  -------
Regression     2               0               0       0.00  1.00000
Error         11   2.812047E+037   2.556406E+036
Total         13       0.2228857

