   1: variable x,y;
   2: parameter a,b,c;
   3: function y=a*(x^b)*exp(-c*x);
   4: Plot xlabel="x-Achse",ylabel="y-Achse";
   5: data;

Beginning computation...
Stopped due to: Relative function convergence.


   ----  Final Results  ----

NLREG version 5.4
Copyright (c) 1992-2002 Phillip H. Sherrod.  All rights reserved.
This is a registered copy of NLREG that may not be redistributed.

Number of observations = 12
Maximum allowed number of iterations = 500
Convergence tolerance factor = 1.000000E-010
Stopped due to: Relative function convergence.
Number of iterations performed = 12
Final sum of squared deviations = 5.1416431E-002
Final sum of deviations = 1.0987652E-005
Standard error of estimate = 0.075584
Average deviation = 0.052568
Maximum deviation for any observation = 0.132041
Proportion of variance explained (R^2) = 0.4569  (45.69%)
Adjusted coefficient of multiple determination (Ra^2) = 0.3362  (33.62%)
Durbin-Watson test for autocorrelation = 2.280
Parameter values will be written to C:\Users\peleg\OneDrive\doktorát\experiment_disertace\výsledky\fin_výsl\syntax\typ3\FSM3\poh_FSM3\vysl_compl_FSM3_poh_minus_c\param_compl_FSM3_poh_03_minus_c.par
Analysis completed  8-Apr-2023 09:59.  Runtime = 0.00 seconds.


             ----  Descriptive Statistics for Variables  ----

 Variable    Minimum value   Maximum value    Mean value     Standard dev.
----------  --------------  --------------  --------------  --------------
         x               1           29.42        8.558333        7.816024
         y            2.04            2.41        2.226667      0.09276886


                   ----  Calculated Parameter Values  ----

 Parameter  Initial guess   Final estimate   Standard error      t      Prob(t)
----------  -------------  ----------------  --------------  ---------  -------
         a              1        2.09371816      0.05635242      37.15  0.00001
         b              1      0.0410480204      0.02366666       1.73  0.11687
         c              1     0.00143789182     0.002710979       0.53  0.60867


                  ----  Analysis of Variance  ----

  Source     DF   Sum of Squares    Mean Square    F value   Prob(F)
----------  ----  --------------  --------------  ---------  -------
Regression     2      0.04325024      0.02162512       3.79  0.06413
Error          9      0.05141643     0.005712937
Total         11      0.09466667

