   1: variable x,y;
   2: parameter a,b,c;
   3: function y=a*(x^b)*exp(-c*x);
   4: Plot xlabel="x-Achse",ylabel="y-Achse";
   5: data;

Beginning computation...
Stopped due to: Relative function convergence.


   ----  Final Results  ----

NLREG version 5.4
Copyright (c) 1992-2002 Phillip H. Sherrod.  All rights reserved.
This is a registered copy of NLREG that may not be redistributed.

Number of observations = 14
Maximum allowed number of iterations = 500
Convergence tolerance factor = 1.000000E-010
Stopped due to: Relative function convergence.
Number of iterations performed = 13
Final sum of squared deviations = 1.8766767E-001
Final sum of deviations = -3.4516467E-004
Standard error of estimate = 0.130617
Average deviation = 0.0945817
Maximum deviation for any observation = 0.210159
Proportion of variance explained (R^2) = 0.1580  (15.80%)
Adjusted coefficient of multiple determination (Ra^2) = 0.0049  (0.49%)
Durbin-Watson test for autocorrelation = 1.315
Parameter values will be written to C:\Users\peleg\OneDrive\doktorát\experiment_disertace\výsledky\fin_výsl\syntax\typ3\FSM3\poh_FSM3\vysl_compl_FSM3_poh_minus_c\param_compl_FSM3_poh_09_minus_c.par
Analysis completed  8-Apr-2023 09:59.  Runtime = 0.00 seconds.


             ----  Descriptive Statistics for Variables  ----

 Variable    Minimum value   Maximum value    Mean value     Standard dev.
----------  --------------  --------------  --------------  --------------
         x               1           39.44        10.79429        10.38082
         y            1.89             2.4        2.227143       0.1309391


                   ----  Calculated Parameter Values  ----

 Parameter  Initial guess   Final estimate   Standard error      t      Prob(t)
----------  -------------  ----------------  --------------  ---------  -------
         a              1        2.10771554      0.09448307      22.31  0.00001
         b              1      0.0474956194      0.03465352       1.37  0.19782
         c              1     0.00359166209     0.003264156       1.10  0.29468


                  ----  Analysis of Variance  ----

  Source     DF   Sum of Squares    Mean Square    F value   Prob(F)
----------  ----  --------------  --------------  ---------  -------
Regression     2      0.03521804      0.01760902       1.03  0.38832
Error         11       0.1876677       0.0170607
Total         13       0.2228857

