   1: variable x,y;
   2: parameter a,b,c;
   3: function y=a*(x^b)*exp(-c*x);
   4: Plot xlabel="x-Achse",ylabel="y-Achse";
   5: data;

Beginning computation...
Stopped due to: Singular convergence.  Mutually dependent parameters?


   ----  Final Results  ----

NLREG version 5.4
Copyright (c) 1992-2002 Phillip H. Sherrod.  All rights reserved.
This is a registered copy of NLREG that may not be redistributed.

Number of observations = 12
Maximum allowed number of iterations = 500
Convergence tolerance factor = 1.000000E-010
Stopped due to: Singular convergence.  Mutually dependent parameters?
Number of iterations performed = 14
Final sum of squared deviations = 9.9981039E-002
Final sum of deviations = -5.5429529E-005
Standard error of estimate = 0.105399
Average deviation = 0.0649301
Maximum deviation for any observation = 0.165682
Proportion of variance explained (R^2) = 0.2418  (24.18%)
Adjusted coefficient of multiple determination (Ra^2) = 0.0733  (7.33%)
Durbin-Watson test for autocorrelation = 2.421
Parameter values will be written to C:\Users\peleg\OneDrive\doktorát\experiment_disertace\výsledky\fin_výsl\syntax\typ3\FSM3\poh_FSM3\vysl_compl_FSM3_poh_minus_c\param_compl_FSM3_poh_05_minus_c.par
Analysis completed  8-Apr-2023 09:59.  Runtime = 0.00 seconds.


             ----  Descriptive Statistics for Variables  ----

 Variable    Minimum value   Maximum value    Mean value     Standard dev.
----------  --------------  --------------  --------------  --------------
         x               1            22.8        8.074167        6.363719
         y             2.2            2.55        2.346667       0.1094892


  ----  Calculated Parameter Values  ----

 Parameter  Initial guess   Final estimate 
----------  -------------  ----------------
         a              1        2.22428483
         b              1      0.0431115072
         c              1     0.00287019136


                  ----  Analysis of Variance  ----

  Source     DF   Sum of Squares    Mean Square    F value   Prob(F)
----------  ----  --------------  --------------  ---------  -------
Regression     2      0.03188563      0.01594281       1.44  0.28775
Error          9      0.09998104        0.011109
Total         11       0.1318667

