   1: variable x,y;
   2: parameter a,b,c;
   3: function y=a*(x^b)*exp(-c*x);
   4: Plot xlabel="x-Achse",ylabel="y-Achse";
   5: data;

Beginning computation...
Stopped due to: Relative function convergence.


   ----  Final Results  ----

NLREG version 5.4
Copyright (c) 1992-2002 Phillip H. Sherrod.  All rights reserved.
This is a registered copy of NLREG that may not be redistributed.

Number of observations = 14
Maximum allowed number of iterations = 500
Convergence tolerance factor = 1.000000E-010
Stopped due to: Relative function convergence.
Number of iterations performed = 15
Final sum of squared deviations = 1.5763809E-001
Final sum of deviations = -2.6312823E-005
Standard error of estimate = 0.119711
Average deviation = 0.0920287
Maximum deviation for any observation = 0.200942
Proportion of variance explained (R^2) = 0.0488  (4.88%)
Adjusted coefficient of multiple determination (Ra^2) = -0.1242  (-12.42%)
Durbin-Watson test for autocorrelation = 2.828
Parameter values will be written to C:\Users\peleg\OneDrive\doktorát\experiment_disertace\výsledky\fin_výsl\syntax\typ3\FSM3\poh_FSM3\vysl_compl_FSM3_poh_minus_c\param_compl_FSM3_poh_10_minus_c.par
Analysis completed  8-Apr-2023 09:59.  Runtime = 0.00 seconds.


             ----  Descriptive Statistics for Variables  ----

 Variable    Minimum value   Maximum value    Mean value     Standard dev.
----------  --------------  --------------  --------------  --------------
         x               1              43        11.15857        11.13354
         y            1.89            2.22        2.063571       0.1129062


                   ----  Calculated Parameter Values  ----

 Parameter  Initial guess   Final estimate   Standard error      t      Prob(t)
----------  -------------  ----------------  --------------  ---------  -------
         a              1        2.00923249        0.086399      23.26  0.00001
         b              1      0.0155915607       0.0322762       0.48  0.63852
         c              1    0.000391279624     0.002868344       0.14  0.89396


                  ----  Analysis of Variance  ----

  Source     DF   Sum of Squares    Mean Square    F value   Prob(F)
----------  ----  --------------  --------------  ---------  -------
Regression     2     0.008083338     0.004041669       0.28  0.75955
Error         11       0.1576381      0.01433074
Total         13       0.1657214

