   1: variable x,y;
   2: parameter a,b,c;
   3: function y=a*(x^b)*exp(c*x);
   4: Plot xlabel="x-Achse",ylabel="y-Achse";
   5: data;

Beginning computation...
Stopped due to: Both parameter and relative function convergence.


   ----  Final Results  ----

NLREG version 5.4
Copyright (c) 1992-2002 Phillip H. Sherrod.  All rights reserved.
This is a registered copy of NLREG that may not be redistributed.

Number of observations = 6
Maximum allowed number of iterations = 500
Convergence tolerance factor = 1.000000E-010
Stopped due to: Both parameter and relative function convergence.
Number of iterations performed = 17
Final sum of squared deviations = 1.0605026E-001
Final sum of deviations = -4.8487321E-004
Standard error of estimate = 0.188016
Average deviation = 0.107498
Maximum deviation for any observation = 0.245072
Proportion of variance explained (R^2) = 0.9592  (95.92%)
Adjusted coefficient of multiple determination (Ra^2) = 0.9319  (93.19%)
Durbin-Watson test for autocorrelation = 2.961
Parameter values will be written to C:\Users\peleg\OneDrive\doktorát\experiment_disertace\výsledky\fin_výsl\syntax\typ3\VFS3\dopVFS3\vysl_compl_VFS3_dop\param_compl_VFS3_dop_slouè.par
Analysis completed  4-Jan-2023 19:59.  Runtime = 0.00 seconds.


             ----  Descriptive Statistics for Variables  ----

 Variable    Minimum value   Maximum value    Mean value     Standard dev.
----------  --------------  --------------  --------------  --------------
         x               1            6.41        3.568333        1.984444
         y            3.27            5.14        3.838333       0.7206779


                   ----  Calculated Parameter Values  ----

 Parameter  Initial guess   Final estimate   Standard error      t      Prob(t)
----------  -------------  ----------------  --------------  ---------  -------
         a              1        4.80932232       0.2058382      23.36  0.00017
         b              1      -0.443641373       0.1133862      -3.91  0.02967
         c              1      0.0709831556      0.04155355       1.71  0.18613


                  ----  Analysis of Variance  ----

  Source     DF   Sum of Squares    Mean Square    F value   Prob(F)
----------  ----  --------------  --------------  ---------  -------
Regression     2        2.490833        1.245417      35.23  0.00825
Error          3       0.1060503      0.03535009
Total          5        2.596883

