   1: variable x,y;
   2: parameter a,b,c;
   3: function y=a*(x^b)*exp(c*x);
   4: Plot xlabel="x-Achse",ylabel="y-Achse";
   5: data;

Beginning computation...
Stopped due to: Relative function convergence.


   ----  Final Results  ----

NLREG version 5.4
Copyright (c) 1992-2002 Phillip H. Sherrod.  All rights reserved.
This is a registered copy of NLREG that may not be redistributed.

Number of observations = 4
Maximum allowed number of iterations = 500
Convergence tolerance factor = 1.000000E-010
Stopped due to: Relative function convergence.
Number of iterations performed = 17
Final sum of squared deviations = 6.4194866E-002
Final sum of deviations = -3.7961383E-004
Standard error of estimate = 0.253367
Average deviation = 0.110597
Maximum deviation for any observation = 0.179098
Proportion of variance explained (R^2) = 0.7205  (72.05%)
Adjusted coefficient of multiple determination (Ra^2) = 0.1615  (16.15%)
Durbin-Watson test for autocorrelation = 3.373
Parameter values will be written to C:\Users\peleg\OneDrive\doktorát\experiment_disertace\výsledky\fin_výsl\syntax\typ3\VFS3\dopVFS3\vysl_compl_VFS3_dop\param_compl_VFS3_dop_03.par
Analysis completed  4-Jan-2023 19:59.  Runtime = 0.00 seconds.


             ----  Descriptive Statistics for Variables  ----

 Variable    Minimum value   Maximum value    Mean value     Standard dev.
----------  --------------  --------------  --------------  --------------
         x            1.77             5.7          3.6175        1.661092
         y            2.69            3.35          3.0075       0.2766918


                   ----  Calculated Parameter Values  ----

 Parameter  Initial guess   Final estimate   Standard error      t      Prob(t)
----------  -------------  ----------------  --------------  ---------  -------
         a              1        2.83539748       0.4044261       7.01  0.09020
         b              1       0.813565416        0.541401       1.50  0.37381
         c              1      -0.254001804       0.1619609      -1.57  0.36137


                  ----  Analysis of Variance  ----

  Source     DF   Sum of Squares    Mean Square    F value   Prob(F)
----------  ----  --------------  --------------  ---------  -------
Regression     2       0.1654801      0.08274007       1.29  0.52868
Error          1      0.06419487      0.06419487
Total          3        0.229675

