   1: variable x,y;
   2: parameter b;
   3: function y=1.89*(x^b);
   4: Plot xlabel="x-Achse",ylabel="y-Achse";
   5: data;

Beginning computation...
Stopped due to: Both parameter and relative function convergence.


   ----  Final Results  ----

NLREG version 5.4
Copyright (c) 1992-2002 Phillip H. Sherrod.  All rights reserved.
This is a registered copy of NLREG that may not be redistributed.

Number of observations = 6
Maximum allowed number of iterations = 500
Convergence tolerance factor = 1.000000E-010
Stopped due to: Both parameter and relative function convergence.
Number of iterations performed = 10
Final sum of squared deviations = 2.5090607E-002
Final sum of deviations = -3.9374869E-002
Standard error of estimate = 0.0708387
Average deviation = 0.0494405
Maximum deviation for any observation = 0.11804
Proportion of variance explained (R^2) = 0.7586  (75.86%)
Adjusted coefficient of multiple determination (Ra^2) = 0.7586  (75.86%)
Durbin-Watson test for autocorrelation = 1.300
Parameter values will be written to C:\Users\peleg\OneDrive\doktorát\experiment_disertace\výsledky\fin_výsl\syntax\typ2\KFS2\pov_KFS2\vysl_trunc_KFS2_pov\param_trunc_KFS2_pov_07.par
Analysis completed  4-Jan-2023 19:54.  Runtime = 0.00 seconds.


             ----  Descriptive Statistics for Variables  ----

 Variable    Minimum value   Maximum value    Mean value     Standard dev.
----------  --------------  --------------  --------------  --------------
         x               1            6.33           3.555         1.96167
         y            1.53            1.89           1.645       0.1441874


                   ----  Calculated Parameter Values  ----

 Parameter  Initial guess   Final estimate   Standard error      t      Prob(t)
----------  -------------  ----------------  --------------  ---------  -------
         b              1      -0.124693825      0.01462812      -8.52  0.00037

