   1: variable x,y;
   2: parameter b;
   3: function y=1.26*(x^b);
   4: Plot xlabel="x-Achse",ylabel="y-Achse";
   5: data;

Beginning computation...
Stopped due to: Both parameter and relative function convergence.


   ----  Final Results  ----

NLREG version 5.4
Copyright (c) 1992-2002 Phillip H. Sherrod.  All rights reserved.
This is a registered copy of NLREG that may not be redistributed.

Number of observations = 6
Maximum allowed number of iterations = 500
Convergence tolerance factor = 1.000000E-010
Stopped due to: Both parameter and relative function convergence.
Number of iterations performed = 8
Final sum of squared deviations = 9.8182493E-002
Final sum of deviations = 2.0289726E-001
Standard error of estimate = 0.14013
Average deviation = 0.113129
Maximum deviation for any observation = 0.195984
Proportion of variance explained (R^2) = 0.1547  (15.47%)
Adjusted coefficient of multiple determination (Ra^2) = 0.1547  (15.47%)
Durbin-Watson test for autocorrelation = 0.776
This Durbin-Watson value indicates autocorrelation or inappropriate function.
Parameter values will be written to C:\Users\peleg\OneDrive\doktorát\experiment_disertace\výsledky\fin_výsl\syntax\typ2\KFS2\pov_KFS2\vysl_trunc_KFS2_pov\param_trunc_KFS2_pov_02.par
Analysis completed  4-Jan-2023 19:54.  Runtime = 0.00 seconds.


             ----  Descriptive Statistics for Variables  ----

 Variable    Minimum value   Maximum value    Mean value     Standard dev.
----------  --------------  --------------  --------------  --------------
         x               1            6.17        3.528333        1.916981
         y            1.26            1.69           1.535       0.1524139


                   ----  Calculated Parameter Values  ----

 Parameter  Initial guess   Final estimate   Standard error      t      Prob(t)
----------  -------------  ----------------  --------------  ---------  -------
         b              1       0.155064921      0.02839924       5.46  0.00280

