   1: variable x,y;
   2: parameter b;
   3: function y=1.5*(x^b);
   4: Plot xlabel="x-Achse",ylabel="y-Achse";
   5: data;

Beginning computation...
Stopped due to: Relative function convergence.


   ----  Final Results  ----

NLREG version 5.4
Copyright (c) 1992-2002 Phillip H. Sherrod.  All rights reserved.
This is a registered copy of NLREG that may not be redistributed.

Number of observations = 5
Maximum allowed number of iterations = 500
Convergence tolerance factor = 1.000000E-010
Stopped due to: Relative function convergence.
Number of iterations performed = 7
Final sum of squared deviations = 3.9359741E-002
Final sum of deviations = 6.7373537E-002
Standard error of estimate = 0.0991964
Average deviation = 0.0704862
Maximum deviation for any observation = 0.142529
Proportion of variance explained (R^2) = 0.1611  (16.11%)
Adjusted coefficient of multiple determination (Ra^2) = 0.1611  (16.11%)
Durbin-Watson test for autocorrelation = 2.382
Parameter values will be written to C:\Users\peleg\OneDrive\doktorát\experiment_disertace\výsledky\fin_výsl\syntax\typ2\KFS2\pov_KFS2\vysl_trunc_KFS2_pov\param_trunc_KFS2_pov_09.par
Analysis completed  4-Jan-2023 19:54.  Runtime = 0.00 seconds.


             ----  Descriptive Statistics for Variables  ----

 Variable    Minimum value   Maximum value    Mean value     Standard dev.
----------  --------------  --------------  --------------  --------------
         x               1            5.13           3.026        1.622769
         y             1.5            1.73           1.626       0.1083051


                   ----  Calculated Parameter Values  ----

 Parameter  Initial guess   Final estimate   Standard error      t      Prob(t)
----------  -------------  ----------------  --------------  ---------  -------
         b              1      0.0742083568      0.02379807       3.12  0.03559

