   1: variable x,y;
   2: parameter b;
   3: function y=1.78*(x^b);
   4: Plot xlabel="x-Achse",ylabel="y-Achse";
   5: data;

Beginning computation...
Stopped due to: Both parameter and relative function convergence.


   ----  Final Results  ----

NLREG version 5.4
Copyright (c) 1992-2002 Phillip H. Sherrod.  All rights reserved.
This is a registered copy of NLREG that may not be redistributed.

Number of observations = 5
Maximum allowed number of iterations = 500
Convergence tolerance factor = 1.000000E-010
Stopped due to: Both parameter and relative function convergence.
Number of iterations performed = 8
Final sum of squared deviations = 8.7231205E-002
Final sum of deviations = 1.5617605E-001
Standard error of estimate = 0.147675
Average deviation = 0.107009
Maximum deviation for any observation = 0.24057
Proportion of variance explained (R^2) = 0.2819  (28.19%)
Adjusted coefficient of multiple determination (Ra^2) = 0.2819  (28.19%)
Durbin-Watson test for autocorrelation = 1.279
Parameter values will be written to C:\Users\peleg\OneDrive\doktorát\experiment_disertace\výsledky\fin_výsl\syntax\typ2\KFS2\pov_KFS2\vysl_trunc_KFS2_pov\param_trunc_KFS2_pov_05.par
Analysis completed  4-Jan-2023 19:54.  Runtime = 0.00 seconds.


             ----  Descriptive Statistics for Variables  ----

 Variable    Minimum value   Maximum value    Mean value     Standard dev.
----------  --------------  --------------  --------------  --------------
         x               1            5.25            3.05        1.662077
         y            1.53            1.96           1.728       0.1742699


                   ----  Calculated Parameter Values  ----

 Parameter  Initial guess   Final estimate   Standard error      t      Prob(t)
----------  -------------  ----------------  --------------  ---------  -------
         b              1     -0.0499469249      0.03526983      -1.42  0.22968

