   1: variable x,y;
   2: parameter b;
   3: function y=2.09*(x^b);
   4: Plot xlabel="x-Achse",ylabel="y-Achse";
   5: data;

Beginning computation...
Stopped due to: Both parameter and relative function convergence.


   ----  Final Results  ----

NLREG version 5.4
Copyright (c) 1992-2002 Phillip H. Sherrod.  All rights reserved.
This is a registered copy of NLREG that may not be redistributed.

Number of observations = 5
Maximum allowed number of iterations = 500
Convergence tolerance factor = 1.000000E-010
Stopped due to: Both parameter and relative function convergence.
Number of iterations performed = 8
Final sum of squared deviations = 5.2399486E-002
Final sum of deviations = -9.2465979E-002
Standard error of estimate = 0.114455
Average deviation = 0.0829677
Maximum deviation for any observation = 0.161186
Proportion of variance explained (R^2) = 0.6266  (62.66%)
Adjusted coefficient of multiple determination (Ra^2) = 0.6266  (62.66%)
Durbin-Watson test for autocorrelation = 1.672
Parameter values will be written to C:\Users\peleg\OneDrive\doktorát\experiment_disertace\výsledky\fin_výsl\syntax\typ2\KFS2\pov_KFS2\vysl_trunc_KFS2_pov\param_trunc_KFS2_pov_10.par
Analysis completed  4-Jan-2023 19:54.  Runtime = 0.00 seconds.


             ----  Descriptive Statistics for Variables  ----

 Variable    Minimum value   Maximum value    Mean value     Standard dev.
----------  --------------  --------------  --------------  --------------
         x               1             5.4            3.08        1.712308
         y            1.59            2.09           1.774       0.1872966


                   ----  Calculated Parameter Values  ----

 Parameter  Initial guess   Final estimate   Standard error      t      Prob(t)
----------  -------------  ----------------  --------------  ---------  -------
         b              1      -0.162580969      0.02705914      -6.01  0.00386

