   1: variable x,y;
   2: parameter b;
   3: function y=1.65*(x^b);
   4: Plot xlabel="x-Achse",ylabel="y-Achse";
   5: data;

Beginning computation...
Stopped due to: Relative function convergence.


   ----  Final Results  ----

NLREG version 5.4
Copyright (c) 1992-2002 Phillip H. Sherrod.  All rights reserved.
This is a registered copy of NLREG that may not be redistributed.

Number of observations = 6
Maximum allowed number of iterations = 500
Convergence tolerance factor = 1.000000E-010
Stopped due to: Relative function convergence.
Number of iterations performed = 8
Final sum of squared deviations = 1.9113192E-002
Final sum of deviations = 5.1009416E-002
Standard error of estimate = 0.0618275
Average deviation = 0.0390987
Maximum deviation for any observation = 0.118441
Proportion of variance explained (R^2) = 0.2475  (24.75%)
Adjusted coefficient of multiple determination (Ra^2) = 0.2475  (24.75%)
Durbin-Watson test for autocorrelation = 1.643
Parameter values will be written to C:\Users\peleg\OneDrive\doktorát\experiment_disertace\výsledky\fin_výsl\syntax\typ2\KFS2\pov_KFS2\vysl_trunc_KFS2_pov\param_trunc_KFS2_pov_04.par
Analysis completed  4-Jan-2023 19:54.  Runtime = 0.00 seconds.


             ----  Descriptive Statistics for Variables  ----

 Variable    Minimum value   Maximum value    Mean value     Standard dev.
----------  --------------  --------------  --------------  --------------
         x               1            6.29        3.548333        1.950389
         y            1.53            1.73            1.62      0.07127412


                   ----  Calculated Parameter Values  ----

 Parameter  Initial guess   Final estimate   Standard error      t      Prob(t)
----------  -------------  ----------------  --------------  ---------  -------
         b              1     -0.0214575477      0.01251049      -1.72  0.14698

