   1: variable x,y;
   2: parameter b;
   3: function y=3.6*(x^b);
   4: Plot xlabel="x-Achse",ylabel="y-Achse";
   5: data;

Beginning computation...
Stopped due to: Both parameter and relative function convergence.


   ----  Final Results  ----

NLREG version 5.4
Copyright (c) 1992-2002 Phillip H. Sherrod.  All rights reserved.
This is a registered copy of NLREG that may not be redistributed.

Number of observations = 11
Maximum allowed number of iterations = 500
Convergence tolerance factor = 1.000000E-010
Stopped due to: Both parameter and relative function convergence.
Number of iterations performed = 11
Final sum of squared deviations = 7.7876207E-001
Final sum of deviations = -5.6252956E-001
Standard error of estimate = 0.279063
Average deviation = 0.202615
Maximum deviation for any observation = 0.532211
Proportion of variance explained (R^2) = 0.4467  (44.67%)
Adjusted coefficient of multiple determination (Ra^2) = 0.4467  (44.67%)
Durbin-Watson test for autocorrelation = 0.543
This Durbin-Watson value indicates autocorrelation or inappropriate function.
Parameter values will be written to C:\Users\peleg\OneDrive\doktorát\experiment_disertace\výsledky\fin_výsl\syntax\typ1\KSM1_oprava\pov_KSM1\vysl_trunc_KSM1_pov\param_trunc_KSM1_pov_07.par
Analysis completed  5-Apr-2023 12:16.  Runtime = 0.00 seconds.


             ----  Descriptive Statistics for Variables  ----

 Variable    Minimum value   Maximum value    Mean value     Standard dev.
----------  --------------  --------------  --------------  --------------
         x               1           13.19        6.199091        3.691342
         y            2.29             3.6        2.495455        0.375163


                   ----  Calculated Parameter Values  ----

 Parameter  Initial guess   Final estimate   Standard error      t      Prob(t)
----------  -------------  ----------------  --------------  ---------  -------
         b              1      -0.224031367      0.02079551     -10.77  0.00001

