   1: variable x,y;
   2: parameter b;
   3: function y=3.38*(x^b);
   4: Plot xlabel="x-Achse",ylabel="y-Achse";
   5: data;

Beginning computation...
Stopped due to: Both parameter and relative function convergence.


   ----  Final Results  ----

NLREG version 5.4
Copyright (c) 1992-2002 Phillip H. Sherrod.  All rights reserved.
This is a registered copy of NLREG that may not be redistributed.

Number of observations = 20
Maximum allowed number of iterations = 500
Convergence tolerance factor = 1.000000E-010
Stopped due to: Both parameter and relative function convergence.
Number of iterations performed = 12
Final sum of squared deviations = 1.0640647E+000
Final sum of deviations = -9.0404839E-001
Standard error of estimate = 0.23665
Average deviation = 0.182789
Maximum deviation for any observation = 0.472875
Proportion of variance explained (R^2) = 0.1520  (15.20%)
Adjusted coefficient of multiple determination (Ra^2) = 0.1520  (15.20%)
Durbin-Watson test for autocorrelation = 0.283
This Durbin-Watson value indicates autocorrelation or inappropriate function.
Parameter values will be written to C:\Users\peleg\OneDrive\doktorát\experiment_disertace\výsledky\fin_výsl\syntax\typ1\KSM1_oprava\pov_KSM1\vysl_trunc_KSM1_pov\param_trunc_KSM1_pov_slouè.par
Analysis completed  5-Apr-2023 12:16.  Runtime = 0.00 seconds.


             ----  Descriptive Statistics for Variables  ----

 Variable    Minimum value   Maximum value    Mean value     Standard dev.
----------  --------------  --------------  --------------  --------------
         x               1           25.29          10.801        6.507587
         y            2.22            3.38           2.328       0.2569784


                   ----  Calculated Parameter Values  ----

 Parameter  Initial guess   Final estimate   Standard error      t      Prob(t)
----------  -------------  ----------------  --------------  ---------  -------
         b              1      -0.170678977      0.01056699     -16.15  0.00001

