   1: variable x,y;
   2: parameter a,b;
   3: function y=a*(x^b);
   4: Plot xlabel="x-Achse",ylabel="y-Achse";
   5: data;

Beginning computation...
Stopped due to: Both parameter and relative function convergence.


   ----  Final Results  ----

NLREG version 5.4
Copyright (c) 1992-2002 Phillip H. Sherrod.  All rights reserved.
This is a registered copy of NLREG that may not be redistributed.

Number of observations = 11
Maximum allowed number of iterations = 500
Convergence tolerance factor = 1.000000E-010
Stopped due to: Both parameter and relative function convergence.
Number of iterations performed = 13
Final sum of squared deviations = 1.4927033E-001
Final sum of deviations = 3.5593412E-003
Standard error of estimate = 0.128785
Average deviation = 0.0947596
Maximum deviation for any observation = 0.238281
Proportion of variance explained (R^2) = 0.6545  (65.45%)
Adjusted coefficient of multiple determination (Ra^2) = 0.6161  (61.61%)
Durbin-Watson test for autocorrelation = 1.164
Parameter values will be written to C:\Users\peleg\OneDrive\doktorát\experiment_disertace\výsledky\fin_výsl\syntax\typ1\KSM1_oprava\pov_KSM1\vysl_trunc_KSM1_pov\param_trunc_KSM1_pov_03.par
Analysis completed  5-Apr-2023 12:16.  Runtime = 0.00 seconds.


             ----  Descriptive Statistics for Variables  ----

 Variable    Minimum value   Maximum value    Mean value     Standard dev.
----------  --------------  --------------  --------------  --------------
         x            1.67           14.65            7.26         3.88329
         y            2.06            2.79        2.183636       0.2078592


                   ----  Calculated Parameter Values  ----

 Parameter  Initial guess   Final estimate   Standard error      t      Prob(t)
----------  -------------  ----------------  --------------  ---------  -------
         a              1        2.71520929       0.1396183      19.45  0.00001
         b              1      -0.121097682      0.02790824      -4.34  0.00188


                  ----  Analysis of Variance  ----

  Source     DF   Sum of Squares    Mean Square    F value   Prob(F)
----------  ----  --------------  --------------  ---------  -------
Regression     1       0.2827842       0.2827842      17.05  0.00256
Error          9       0.1492703      0.01658559
Total         10       0.4320545

