   1: variable x,y;
   2: parameter a,b;
   3: function y=a*(x^b);
   4: Plot xlabel="x-Achse",ylabel="y-Achse";
   5: data;

Beginning computation...
Stopped due to: Relative function convergence.


   ----  Final Results  ----

NLREG version 5.4
Copyright (c) 1992-2002 Phillip H. Sherrod.  All rights reserved.
This is a registered copy of NLREG that may not be redistributed.

Number of observations = 12
Maximum allowed number of iterations = 500
Convergence tolerance factor = 1.000000E-010
Stopped due to: Relative function convergence.
Number of iterations performed = 9
Final sum of squared deviations = 1.0342488E-001
Final sum of deviations = 7.4659738E-005
Standard error of estimate = 0.101698
Average deviation = 0.0783234
Maximum deviation for any observation = 0.164554
Proportion of variance explained (R^2) = 0.1963  (19.63%)
Adjusted coefficient of multiple determination (Ra^2) = 0.1160  (11.60%)
Durbin-Watson test for autocorrelation = 2.506
Parameter values will be written to C:\Users\peleg\OneDrive\doktorát\experiment_disertace\výsledky\fin_výsl\syntax\typ1\KSM1_oprava\pov_KSM1\vysl_trunc_KSM1_pov\param_trunc_KSM1_pov_06.par
Analysis completed  5-Apr-2023 12:16.  Runtime = 0.00 seconds.


             ----  Descriptive Statistics for Variables  ----

 Variable    Minimum value   Maximum value    Mean value     Standard dev.
----------  --------------  --------------  --------------  --------------
         x            1.84            17.5        7.899167        4.440271
         y            2.17            2.53        2.314167        0.108163


                   ----  Calculated Parameter Values  ----

 Parameter  Initial guess   Final estimate   Standard error      t      Prob(t)
----------  -------------  ----------------  --------------  ---------  -------
         a              1        2.46055723      0.09950467      24.73  0.00001
         b              1     -0.0323847642      0.02047279      -1.58  0.14477


                  ----  Analysis of Variance  ----

  Source     DF   Sum of Squares    Mean Square    F value   Prob(F)
----------  ----  --------------  --------------  ---------  -------
Regression     1      0.02526679      0.02526679       2.44  0.14911
Error         10       0.1034249      0.01034249
Total         11       0.1286917

