   1: variable x,y;
   2: parameter a,b;
   3: function y=a*(x^b);
   4: Plot xlabel="x-Achse",ylabel="y-Achse";
   5: data;

Beginning computation...
Stopped due to: Relative function convergence.


   ----  Final Results  ----

NLREG version 5.4
Copyright (c) 1992-2002 Phillip H. Sherrod.  All rights reserved.
This is a registered copy of NLREG that may not be redistributed.

Number of observations = 11
Maximum allowed number of iterations = 500
Convergence tolerance factor = 1.000000E-010
Stopped due to: Relative function convergence.
Number of iterations performed = 11
Final sum of squared deviations = 1.1042201E-001
Final sum of deviations = 7.8466470E-004
Standard error of estimate = 0.110766
Average deviation = 0.0789058
Maximum deviation for any observation = 0.216749
Proportion of variance explained (R^2) = 0.4401  (44.01%)
Adjusted coefficient of multiple determination (Ra^2) = 0.3778  (37.78%)
Durbin-Watson test for autocorrelation = 1.329
Parameter values will be written to C:\Users\peleg\OneDrive\doktorát\experiment_disertace\výsledky\fin_výsl\syntax\typ1\KSM1_oprava\pov_KSM1\vysl_trunc_KSM1_pov\param_trunc_KSM1_pov_05.par
Analysis completed  5-Apr-2023 12:16.  Runtime = 0.00 seconds.


             ----  Descriptive Statistics for Variables  ----

 Variable    Minimum value   Maximum value    Mean value     Standard dev.
----------  --------------  --------------  --------------  --------------
         x            1.82           14.25        7.246364        3.798116
         y            2.13            2.64            2.23       0.1404279


                   ----  Calculated Parameter Values  ----

 Parameter  Initial guess   Final estimate   Standard error      t      Prob(t)
----------  -------------  ----------------  --------------  ---------  -------
         a              1        2.52431731       0.1179867      21.39  0.00001
         b              1      -0.068233188      0.02486402      -2.74  0.02269


                  ----  Analysis of Variance  ----

  Source     DF   Sum of Squares    Mean Square    F value   Prob(F)
----------  ----  --------------  --------------  ---------  -------
Regression     1      0.08677799      0.08677799       7.07  0.02607
Error          9        0.110422      0.01226911
Total         10          0.1972

