   1: variable x,y;
   2: parameter a,b;
   3: function y=a*(x^b);
   4: Plot xlabel="x-Achse",ylabel="y-Achse";
   5: data;

Beginning computation...
Stopped due to: Relative function convergence.


   ----  Final Results  ----

NLREG version 5.4
Copyright (c) 1992-2002 Phillip H. Sherrod.  All rights reserved.
This is a registered copy of NLREG that may not be redistributed.

Number of observations = 4
Maximum allowed number of iterations = 500
Convergence tolerance factor = 1.000000E-010
Stopped due to: Relative function convergence.
Number of iterations performed = 10
Final sum of squared deviations = 3.7859552E-002
Final sum of deviations = 9.6945773E-005
Standard error of estimate = 0.137586
Average deviation = 0.0807939
Maximum deviation for any observation = 0.142817
Proportion of variance explained (R^2) = 0.7491  (74.91%)
Adjusted coefficient of multiple determination (Ra^2) = 0.6236  (62.36%)
Durbin-Watson test for autocorrelation = 3.301
Parameter values will be written to C:\Users\peleg\OneDrive\doktorát\experiment_disertace\výsledky\fin_výsl\syntax\typ1\KSM1_oprava\dop_KSM1\vysl_trunc_KSM1_dop\param_trunc_KSM1_dop_02.par
Analysis completed  5-Apr-2023 12:16.  Runtime = 0.00 seconds.


             ----  Descriptive Statistics for Variables  ----

 Variable    Minimum value   Maximum value    Mean value     Standard dev.
----------  --------------  --------------  --------------  --------------
         x            2.15              13          6.5625        4.660718
         y            2.31            2.83          2.5525        0.224258


                   ----  Calculated Parameter Values  ----

 Parameter  Initial guess   Final estimate   Standard error      t      Prob(t)
----------  -------------  ----------------  --------------  ---------  -------
         a              1        3.01937548       0.2150964      14.04  0.00504
         b              1      -0.101261409      0.04136972      -2.45  0.13413


                  ----  Analysis of Variance  ----

  Source     DF   Sum of Squares    Mean Square    F value   Prob(F)
----------  ----  --------------  --------------  ---------  -------
Regression     1       0.1130154       0.1130154       5.97  0.13451
Error          2      0.03785955      0.01892978
Total          3        0.150875

