   1: variable x,y;
   2: parameter a,b;
   3: function y=a*(x^b);
   4: Plot xlabel="x-Achse",ylabel="y-Achse";
   5: data;

Beginning computation...
Stopped due to: Relative function convergence.


   ----  Final Results  ----

NLREG version 5.4
Copyright (c) 1992-2002 Phillip H. Sherrod.  All rights reserved.
This is a registered copy of NLREG that may not be redistributed.

Number of observations = 5
Maximum allowed number of iterations = 500
Convergence tolerance factor = 1.000000E-010
Stopped due to: Relative function convergence.
Number of iterations performed = 10
Final sum of squared deviations = 2.1636201E-002
Final sum of deviations = 3.2294934E-004
Standard error of estimate = 0.0849239
Average deviation = 0.0531477
Maximum deviation for any observation = 0.116153
Proportion of variance explained (R^2) = 0.7469  (74.69%)
Adjusted coefficient of multiple determination (Ra^2) = 0.6625  (66.25%)
Durbin-Watson test for autocorrelation = 1.603
Parameter values will be written to C:\Users\peleg\OneDrive\doktorát\experiment_disertace\výsledky\fin_výsl\syntax\typ1\KSM1_oprava\dop_KSM1\vysl_trunc_KSM1_dop\param_trunc_KSM1_dop_09.par
Analysis completed  5-Apr-2023 12:16.  Runtime = 0.00 seconds.


             ----  Descriptive Statistics for Variables  ----

 Variable    Minimum value   Maximum value    Mean value     Standard dev.
----------  --------------  --------------  --------------  --------------
         x            2.58           12.38           6.398        3.810501
         y             2.2            2.55           2.318       0.1461848


                   ----  Calculated Parameter Values  ----

 Parameter  Initial guess   Final estimate   Standard error      t      Prob(t)
----------  -------------  ----------------  --------------  ---------  -------
         a              1        2.71288444       0.1458659      18.60  0.00034
         b              1     -0.0924489289      0.03080699      -3.00  0.05763


                  ----  Analysis of Variance  ----

  Source     DF   Sum of Squares    Mean Square    F value   Prob(F)
----------  ----  --------------  --------------  ---------  -------
Regression     1       0.0638438       0.0638438       8.85  0.05882
Error          3       0.0216362     0.007212067
Total          4         0.08548

