   1: variable x,y;
   2: parameter a,b;
   3: function y=a*(x^b);
   4: Plot xlabel="x-Achse",ylabel="y-Achse";
   5: data;

Beginning computation...
Stopped due to: Both parameter and relative function convergence.


   ----  Final Results  ----

NLREG version 5.4
Copyright (c) 1992-2002 Phillip H. Sherrod.  All rights reserved.
This is a registered copy of NLREG that may not be redistributed.

Number of observations = 7
Maximum allowed number of iterations = 500
Convergence tolerance factor = 1.000000E-010
Stopped due to: Both parameter and relative function convergence.
Number of iterations performed = 10
Final sum of squared deviations = 1.7255448E-002
Final sum of deviations = -6.9163060E-005
Standard error of estimate = 0.058746
Average deviation = 0.0390572
Maximum deviation for any observation = 0.0945315
Proportion of variance explained (R^2) = 0.6272  (62.72%)
Adjusted coefficient of multiple determination (Ra^2) = 0.5526  (55.26%)
Durbin-Watson test for autocorrelation = 2.613
Parameter values will be written to C:\Users\peleg\OneDrive\doktorát\experiment_disertace\výsledky\fin_výsl\syntax\typ1\KSM1_oprava\dop_KSM1\vysl_trunc_KSM1_dop\param_trunc_KSM1_dop_03.par
Analysis completed  5-Apr-2023 12:16.  Runtime = 0.00 seconds.


             ----  Descriptive Statistics for Variables  ----

 Variable    Minimum value   Maximum value    Mean value     Standard dev.
----------  --------------  --------------  --------------  --------------
         x            1.91           10.59            5.44        2.946676
         y            2.16            2.41        2.331429      0.08783101


                   ----  Calculated Parameter Values  ----

 Parameter  Initial guess   Final estimate   Standard error      t      Prob(t)
----------  -------------  ----------------  --------------  ---------  -------
         a              1        2.52499201      0.07272673      34.72  0.00001
         b              1     -0.0513706428      0.01776214      -2.89  0.03410


                  ----  Analysis of Variance  ----

  Source     DF   Sum of Squares    Mean Square    F value   Prob(F)
----------  ----  --------------  --------------  ---------  -------
Regression     1      0.02903027      0.02903027       8.41  0.03378
Error          5      0.01725545      0.00345109
Total          6      0.04628571

