   1: variable x,y;
   2: parameter a,b,c;
   3: function y=a*(x^b)*exp(c*x);
   4: Plot xlabel="x-Achse",ylabel="y-Achse";
   5: data;

Beginning computation...
Stopped due to: Relative function convergence.


   ----  Final Results  ----

NLREG version 5.4
Copyright (c) 1992-2002 Phillip H. Sherrod.  All rights reserved.
This is a registered copy of NLREG that may not be redistributed.

Number of observations = 6
Maximum allowed number of iterations = 500
Convergence tolerance factor = 1.000000E-010
Stopped due to: Relative function convergence.
Number of iterations performed = 19
Final sum of squared deviations = 1.5158906E-001
Final sum of deviations = 5.9031306E-005
Standard error of estimate = 0.224788
Average deviation = 0.118311
Maximum deviation for any observation = 0.315959
Proportion of variance explained (R^2) = 0.2666  (26.66%)
Adjusted coefficient of multiple determination (Ra^2) = -0.2224  (-22.24%)
Durbin-Watson test for autocorrelation = 3.203
Parameter values will be written to C:\Users\peleg\OneDrive\doktorát\experiment_disertace\výsledky\fin_výsl\zvukové_jednotky\VKT\pov_VKT\tokens_pov_VKT\vysl_compl_VKT_tokens_pov\param_compl_tokens_pov_05.par
Analysis completed 21-Feb-2023 07:46.  Runtime = 0.00 seconds.


             ----  Descriptive Statistics for Variables  ----

 Variable    Minimum value   Maximum value    Mean value     Standard dev.
----------  --------------  --------------  --------------  --------------
         x               1            8.19           3.865         2.54742
         y            2.81            3.36        2.978333       0.2033142


                   ----  Calculated Parameter Values  ----

 Parameter  Initial guess   Final estimate   Standard error      t      Prob(t)
----------  -------------  ----------------  --------------  ---------  -------
         a              1        2.83387709         0.18063      15.69  0.00056
         b              1       0.104372879       0.1442949       0.72  0.52177
         c              1     -0.0182878605      0.04089824      -0.45  0.68508


                  ----  Analysis of Variance  ----

  Source     DF   Sum of Squares    Mean Square    F value   Prob(F)
----------  ----  --------------  --------------  ---------  -------
Regression     2      0.05509428      0.02754714       0.55  0.62812
Error          3       0.1515891      0.05052969
Total          5       0.2066833

