   1: variable x,y;
   2: parameter a,b,c;
   3: function y=a*(x^b)*exp(c*x);
   4: Plot xlabel="x-Achse",ylabel="y-Achse";
   5: data;

Beginning computation...
Stopped due to: Both parameter and relative function convergence.


   ----  Final Results  ----

NLREG version 5.4
Copyright (c) 1992-2002 Phillip H. Sherrod.  All rights reserved.
This is a registered copy of NLREG that may not be redistributed.

Number of observations = 6
Maximum allowed number of iterations = 500
Convergence tolerance factor = 1.000000E-010
Stopped due to: Both parameter and relative function convergence.
Number of iterations performed = 20
Final sum of squared deviations = 3.8384975E-002
Final sum of deviations = 1.2829416E-003
Standard error of estimate = 0.113115
Average deviation = 0.0640186
Maximum deviation for any observation = 0.153785
Proportion of variance explained (R^2) = 0.9479  (94.79%)
Adjusted coefficient of multiple determination (Ra^2) = 0.9131  (91.31%)
Durbin-Watson test for autocorrelation = 2.903
Parameter values will be written to C:\Users\peleg\OneDrive\doktorát\experiment_disertace\výsledky\fin_výsl\zvukové_jednotky\VKT\pov_VKT\tokens_pov_VKT\vysl_compl_VKT_tokens_pov\param_compl_tokens_pov_08.par
Analysis completed 21-Feb-2023 07:46.  Runtime = 0.00 seconds.


             ----  Descriptive Statistics for Variables  ----

 Variable    Minimum value   Maximum value    Mean value     Standard dev.
----------  --------------  --------------  --------------  --------------
         x               1            8.15        3.858333        2.533854
         y            2.84            3.92        3.161667       0.3837925


                   ----  Calculated Parameter Values  ----

 Parameter  Initial guess   Final estimate   Standard error      t      Prob(t)
----------  -------------  ----------------  --------------  ---------  -------
         a              1        3.56281594      0.09267061      38.45  0.00004
         b              1       -0.39832734       0.0634121      -6.28  0.00815
         c              1      0.0860955974       0.0192131       4.48  0.02072


                  ----  Analysis of Variance  ----

  Source     DF   Sum of Squares    Mean Square    F value   Prob(F)
----------  ----  --------------  --------------  ---------  -------
Regression     2       0.6980984       0.3490492      27.28  0.01190
Error          3      0.03838498      0.01279499
Total          5       0.7364833

