   1: variable x,y;
   2: parameter a,b,c;
   3: function y=a*(x^b)*exp(-c*x);
   4: Plot xlabel="x-Achse",ylabel="y-Achse";
   5: data;

Beginning computation...
Stopped due to: Relative function convergence.


   ----  Final Results  ----

NLREG version 6.6
Copyright (c) 1992-2015 Phillip H. Sherrod.

Number of observations = 13
Maximum allowed number of iterations = 500
Convergence tolerance factor = 1.000000E-010
Stopped due to: Relative function convergence.
Number of iterations performed = 13
Final sum of squared deviations = 2.7453867E-001
Final sum of deviations = -4.0380302E-004
Standard error of estimate = 0.165692
Average deviation = 0.130814
Maximum deviation for any observation = 0.260515
Proportion of variance explained (R^2) = 0.4334  (43.34%)
Adjusted coefficient of multiple determination (Ra^2) = 0.3200  (32.00%)
Durbin-Watson test for autocorrelation = 2.529
Analysis completed  7-May-2023 11:14.  Runtime = 0.09 seconds.


             ----  Descriptive Statistics for Variables  ----

      Variable       Minimum value   Maximum value    Mean value     Standard dev.
------------------  --------------  --------------  --------------  --------------
                 x               1              17        7.433077        4.657366
                 y            2.59            3.34        2.993846       0.2009369


                   ----  Calculated Parameter Values  ----

     Parameter      Initial guess   Final estimate   Standard error      t      Prob(t)
------------------  -------------  ----------------  --------------  ---------  -------
                 a              1        3.22013694       0.1292679      24.91  0.00001
                 b              1    -0.00539129392      0.05141073      -0.10  0.91855
                 c              1     0.00864175531     0.009183309       0.94  0.36887


                  ----  Analysis of Variance  ----

  Source     DF   Sum of Squares    Mean Square    F value   Prob(F)
----------  ----  --------------  --------------  ---------  -------
Regression     2        0.209969       0.1049845       3.82  0.05841
Error         10       0.2745387      0.02745387
Total         12       0.4845077


If you haven't registered your use, please do so.  If you have, thank you.
