   1: variable x,y;
   2: parameter a,b,c;
   3: function y=a*(x^b)*exp(c*x);
   4: Plot xlabel="x-Achse",ylabel="y-Achse";
   5: data;

Beginning computation...
Stopped due to: Both parameter and relative function convergence.


   ----  Final Results  ----

NLREG version 5.4
Copyright (c) 1992-2002 Phillip H. Sherrod.  All rights reserved.
This is a registered copy of NLREG that may not be redistributed.

Number of observations = 7
Maximum allowed number of iterations = 500
Convergence tolerance factor = 1.000000E-010
Stopped due to: Both parameter and relative function convergence.
Number of iterations performed = 26
Final sum of squared deviations = 2.4521421E-001
Final sum of deviations = 5.4661064E-004
Standard error of estimate = 0.247596
Average deviation = 0.14604
Maximum deviation for any observation = 0.344481
Proportion of variance explained (R^2) = 0.3902  (39.02%)
Adjusted coefficient of multiple determination (Ra^2) = 0.0853  (8.53%)
Durbin-Watson test for autocorrelation = 2.599
Parameter values will be written to C:\Users\peleg\OneDrive\doktorát\experiment_disertace\výsledky\fin_výsl\zvukové_jednotky\VKT\pov_VKT\tokens_pov_VKT\vysl_compl_VKT_tokens_pov\param_compl_tokens_pov_06.par
Analysis completed 21-Feb-2023 07:46.  Runtime = 0.00 seconds.


             ----  Descriptive Statistics for Variables  ----

 Variable    Minimum value   Maximum value    Mean value     Standard dev.
----------  --------------  --------------  --------------  --------------
         x               1              10            4.48        3.026461
         y            2.94            3.66        3.182857       0.2588896


                   ----  Calculated Parameter Values  ----

 Parameter  Initial guess   Final estimate   Standard error      t      Prob(t)
----------  -------------  ----------------  --------------  ---------  -------
         a              1         2.9656825        0.196044      15.13  0.00011
         b              1       0.184603686       0.1250511       1.48  0.21393
         c              1     -0.0371202588      0.03093765      -1.20  0.29641


                  ----  Analysis of Variance  ----

  Source     DF   Sum of Squares    Mean Square    F value   Prob(F)
----------  ----  --------------  --------------  ---------  -------
Regression     2       0.1569287      0.07846433       1.28  0.37182
Error          4       0.2452142      0.06130355
Total          6       0.4021429

