   1: variable x,y;
   2: parameter a,b,c;
   3: function y=a*(x^b)*exp(c*x);
   4: Plot xlabel="x-Achse",ylabel="y-Achse";
   5: data;

Beginning computation...
Stopped due to: Relative function convergence.


   ----  Final Results  ----

NLREG version 5.4
Copyright (c) 1992-2002 Phillip H. Sherrod.  All rights reserved.
This is a registered copy of NLREG that may not be redistributed.

Number of observations = 5
Maximum allowed number of iterations = 500
Convergence tolerance factor = 1.000000E-010
Stopped due to: Relative function convergence.
Number of iterations performed = 38
Final sum of squared deviations = 1.8787167E-001
Final sum of deviations = 3.5837506E-005
Standard error of estimate = 0.30649
Average deviation = 0.174473
Maximum deviation for any observation = 0.311338
Proportion of variance explained (R^2) = 0.1843  (18.43%)
Adjusted coefficient of multiple determination (Ra^2) = -0.6314  (-63.14%)
Durbin-Watson test for autocorrelation = 2.552
Parameter values will be written to C:\Users\peleg\OneDrive\doktorát\experiment_disertace\výsledky\fin_výsl\zvukové_jednotky\VKT\pov_VKT\tokens_pov_VKT\vysl_compl_VKT_tokens_pov\param_compl_tokens_pov_01.par
Analysis completed 21-Feb-2023 07:46.  Runtime = 0.00 seconds.


             ----  Descriptive Statistics for Variables  ----

 Variable    Minimum value   Maximum value    Mean value     Standard dev.
----------  --------------  --------------  --------------  --------------
         x            1.71           11.21           5.142        3.705114
         y            2.97            3.45           3.184       0.2399583


                   ----  Calculated Parameter Values  ----

 Parameter  Initial guess   Final estimate   Standard error      t      Prob(t)
----------  -------------  ----------------  --------------  ---------  -------
         a              1        3.39565658       0.4741787       7.16  0.01895
         b              1     -0.0423174136       0.2384285      -0.18  0.87548
         c              1   -0.000757439816      0.04611091      -0.02  0.98839


                  ----  Analysis of Variance  ----

  Source     DF   Sum of Squares    Mean Square    F value   Prob(F)
----------  ----  --------------  --------------  ---------  -------
Regression     2      0.04244833      0.02122416       0.23  0.81570
Error          2       0.1878717      0.09393584
Total          4         0.23032

