   1: variable x,y;
   2: parameter a,b,c;
   3: function y=a*(x^b)*exp(c*x);
   4: Plot xlabel="x-Achse",ylabel="y-Achse";
   5: data;

Beginning computation...
Stopped due to: Relative function convergence.


   ----  Final Results  ----

NLREG version 5.4
Copyright (c) 1992-2002 Phillip H. Sherrod.  All rights reserved.
This is a registered copy of NLREG that may not be redistributed.

Number of observations = 6
Maximum allowed number of iterations = 500
Convergence tolerance factor = 1.000000E-010
Stopped due to: Relative function convergence.
Number of iterations performed = 18
Final sum of squared deviations = 3.0582004E-001
Final sum of deviations = 2.8000175E-005
Standard error of estimate = 0.31928
Average deviation = 0.170027
Maximum deviation for any observation = 0.419326
Proportion of variance explained (R^2) = 0.0215  (2.15%)
Adjusted coefficient of multiple determination (Ra^2) = -0.6309  (-63.09%)
Durbin-Watson test for autocorrelation = 3.250
Parameter values will be written to C:\Users\peleg\OneDrive\doktorát\experiment_disertace\výsledky\fin_výsl\zvukové_jednotky\VKT\pov_VKT\tokens_pov_VKT\vysl_compl_VKT_tokens_pov\param_compl_tokens_pov_10.par
Analysis completed 21-Feb-2023 07:46.  Runtime = 0.00 seconds.


             ----  Descriptive Statistics for Variables  ----

 Variable    Minimum value   Maximum value    Mean value     Standard dev.
----------  --------------  --------------  --------------  --------------
         x               1            7.12        3.686667        2.197514
         y            2.71            3.44        3.053333       0.2500133


                   ----  Calculated Parameter Values  ----

 Parameter  Initial guess   Final estimate   Standard error      t      Prob(t)
----------  -------------  ----------------  --------------  ---------  -------
         a              1        3.05436051       0.2706553      11.29  0.00149
         b              1     -0.0587962354       0.2255155      -0.26  0.81118
         c              1      0.0178346906      0.07206273       0.25  0.82050


                  ----  Analysis of Variance  ----

  Source     DF   Sum of Squares    Mean Square    F value   Prob(F)
----------  ----  --------------  --------------  ---------  -------
Regression     2     0.006713298     0.003356649       0.03  0.96795
Error          3         0.30582         0.10194
Total          5       0.3125333

