   1: variable x,y;
   2: parameter a,b,c;
   3: function y=a*(x^b)*exp(-c*x);
   4: Plot xlabel="x-Achse",ylabel="y-Achse";
   5: data;

Beginning computation...
Stopped due to: Both parameter and relative function convergence.


   ----  Final Results  ----

NLREG version 5.4
Copyright (c) 1992-2002 Phillip H. Sherrod.  All rights reserved.
This is a registered copy of NLREG that may not be redistributed.

Number of observations = 11
Maximum allowed number of iterations = 500
Convergence tolerance factor = 1.000000E-010
Stopped due to: Both parameter and relative function convergence.
Number of iterations performed = 14
Final sum of squared deviations = 3.4059792E-001
Final sum of deviations = -3.2851526E-003
Standard error of estimate = 0.206336
Average deviation = 0.145505
Maximum deviation for any observation = 0.35061
Proportion of variance explained (R^2) = 0.4860  (48.60%)
Adjusted coefficient of multiple determination (Ra^2) = 0.3575  (35.75%)
Durbin-Watson test for autocorrelation = 1.924
Parameter values will be written to C:\Users\peleg\OneDrive\doktorát\experiment_disertace\výsledky\fin_výsl\syntax\typ2\FSM2\stud_FSM2\vysl_compl_FSM2_stud_minus_c\param_compl_FSM2_stud_08_minus_c.par
Analysis completed 13-Apr-2023 16:00.  Runtime = 0.00 seconds.


             ----  Descriptive Statistics for Variables  ----

 Variable    Minimum value   Maximum value    Mean value     Standard dev.
----------  --------------  --------------  --------------  --------------
         x               1           17.47        6.831818        4.848342
         y            1.93            2.81        2.616364       0.2574208


                   ----  Calculated Parameter Values  ----

 Parameter  Initial guess   Final estimate   Standard error      t      Prob(t)
----------  -------------  ----------------  --------------  ---------  -------
         a              1        2.22863689       0.1558175      14.30  0.00001
         b              1       0.163993043      0.08026546       2.04  0.07531
         c              1      0.0165686708      0.01302601       1.27  0.23911


                  ----  Analysis of Variance  ----

  Source     DF   Sum of Squares    Mean Square    F value   Prob(F)
----------  ----  --------------  --------------  ---------  -------
Regression     2       0.3220566       0.1610283       3.78  0.06979
Error          8       0.3405979      0.04257474
Total         10       0.6626545

