   1: variable x,y;
   2: parameter a,b,c;
   3: function y=a*(x^b)*exp(c*x);
   4: Plot xlabel="x-Achse",ylabel="y-Achse";
   5: data;

Beginning computation...
Stopped due to: Singular convergence.  Mutually dependent parameters?


   ----  Final Results  ----

NLREG version 5.4
Copyright (c) 1992-2002 Phillip H. Sherrod.  All rights reserved.
This is a registered copy of NLREG that may not be redistributed.

Number of observations = 18
Maximum allowed number of iterations = 500
Convergence tolerance factor = 1.000000E-010
Stopped due to: Singular convergence.  Mutually dependent parameters?
Warning: All data points are on one side of the curve.
This indicates the model does not fit the data well.
Number of iterations performed = 1
Final sum of squared deviations = 1.7560292E+023
Final sum of deviations = -4.2140499E+011
Standard error of estimate = 1.08198E+011
Average deviation = 2.34114E+010
Maximum deviation for any observation = 4.19046E+011
Parameter values will be written to C:\Users\peleg\OneDrive\doktorát\experiment_disertace\výsledky\fin_výsl\syntax\typ2\FSM2_oprava\stud_FSM2\vysl_compl_FSM2_stud\param_compl_FSM2_stud_slouè.par
Analysis completed  4-Apr-2023 16:33.  Runtime = 0.00 seconds.


             ----  Descriptive Statistics for Variables  ----

 Variable    Minimum value   Maximum value    Mean value     Standard dev.
----------  --------------  --------------  --------------  --------------
         x               1            23.6        10.03333        6.233254
         y            1.97            2.99        2.717778       0.2232528


  ----  Calculated Parameter Values  ----

 Parameter  Initial guess   Final estimate 
----------  -------------  ----------------
         a              1                 1
         b              1                 1
         c              1                 1


                  ----  Analysis of Variance  ----

  Source     DF   Sum of Squares    Mean Square    F value   Prob(F)
----------  ----  --------------  --------------  ---------  -------
Regression     2               0               0       0.00  1.00000
Error         15   1.756029E+023   1.170686E+022
Total         17       0.8473111

