   1: variable x,y;
   2: parameter a,b,c;
   3: function y=a*(x^b)*exp(-c*x);
   4: Plot xlabel="x-Achse",ylabel="y-Achse";
   5: data;

Beginning computation...
Stopped due to: Relative function convergence.


   ----  Final Results  ----

NLREG version 5.4
Copyright (c) 1992-2002 Phillip H. Sherrod.  All rights reserved.
This is a registered copy of NLREG that may not be redistributed.

Number of observations = 13
Maximum allowed number of iterations = 500
Convergence tolerance factor = 1.000000E-010
Stopped due to: Relative function convergence.
Number of iterations performed = 13
Final sum of squared deviations = 6.5869709E-001
Final sum of deviations = -5.9801159E-004
Standard error of estimate = 0.256651
Average deviation = 0.203795
Maximum deviation for any observation = 0.381134
Proportion of variance explained (R^2) = 0.1921  (19.21%)
Adjusted coefficient of multiple determination (Ra^2) = 0.0305  (3.05%)
Durbin-Watson test for autocorrelation = 2.049
Parameter values will be written to C:\Users\peleg\OneDrive\doktorát\experiment_disertace\výsledky\fin_výsl\syntax\typ3\FSM3\stud_FSM3\vysl_compl_FSM3_stud_minus_c\param_compl_FSM3_stud_07_minus_c.par
Analysis completed  8-Apr-2023 09:59.  Runtime = 0.00 seconds.


             ----  Descriptive Statistics for Variables  ----

 Variable    Minimum value   Maximum value    Mean value     Standard dev.
----------  --------------  --------------  --------------  --------------
         x               1           25.13            8.77        6.887576
         y            2.11            3.07        2.716923       0.2606525


                   ----  Calculated Parameter Values  ----

 Parameter  Initial guess   Final estimate   Standard error      t      Prob(t)
----------  -------------  ----------------  --------------  ---------  -------
         a              1        2.52642828        0.192499      13.12  0.00001
         b              1       0.105525177      0.07348015       1.44  0.18151
         c              1      0.0140686086     0.009629269       1.46  0.17471


                  ----  Analysis of Variance  ----

  Source     DF   Sum of Squares    Mean Square    F value   Prob(F)
----------  ----  --------------  --------------  ---------  -------
Regression     2       0.1565798      0.07828992       1.19  0.34427
Error         10       0.6586971      0.06586971
Total         12       0.8152769

