   1: variable x,y;
   2: parameter a,b,c;
   3: function y=a*(x^b)*exp(-c*x);
   4: Plot xlabel="x-Achse",ylabel="y-Achse";
   5: data;

Beginning computation...
Stopped due to: Relative function convergence.


   ----  Final Results  ----

NLREG version 5.4
Copyright (c) 1992-2002 Phillip H. Sherrod.  All rights reserved.
This is a registered copy of NLREG that may not be redistributed.

Number of observations = 11
Maximum allowed number of iterations = 500
Convergence tolerance factor = 1.000000E-010
Stopped due to: Relative function convergence.
Number of iterations performed = 13
Final sum of squared deviations = 6.0647281E-001
Final sum of deviations = -4.5656957E-003
Standard error of estimate = 0.275335
Average deviation = 0.204342
Maximum deviation for any observation = 0.412419
Proportion of variance explained (R^2) = 0.3469  (34.69%)
Adjusted coefficient of multiple determination (Ra^2) = 0.1836  (18.36%)
Durbin-Watson test for autocorrelation = 1.718
Parameter values will be written to C:\Users\peleg\OneDrive\doktorát\experiment_disertace\výsledky\fin_výsl\syntax\typ3\FSM3\stud_FSM3\vysl_compl_FSM3_stud_minus_c\param_compl_FSM3_stud_05_minus_c.par
Analysis completed  8-Apr-2023 09:59.  Runtime = 0.00 seconds.


             ----  Descriptive Statistics for Variables  ----

 Variable    Minimum value   Maximum value    Mean value     Standard dev.
----------  --------------  --------------  --------------  --------------
         x               1            20.8        7.335455        5.747823
         y            1.91               3            2.73       0.3047294


                   ----  Calculated Parameter Values  ----

 Parameter  Initial guess   Final estimate   Standard error      t      Prob(t)
----------  -------------  ----------------  --------------  ---------  -------
         a              1        2.36950216       0.2072383      11.43  0.00001
         b              1       0.169738718      0.09227245       1.84  0.10312
         c              1      0.0200706794      0.01358505       1.48  0.17782


                  ----  Analysis of Variance  ----

  Source     DF   Sum of Squares    Mean Square    F value   Prob(F)
----------  ----  --------------  --------------  ---------  -------
Regression     2       0.3221272       0.1610636       2.12  0.18194
Error          8       0.6064728       0.0758091
Total         10          0.9286

