   1: variable x,y;
   2: parameter a,b,c;
   3: function y=a*(x^b)*exp(-c*x);
   4: Plot xlabel="x-Achse",ylabel="y-Achse";
   5: data;

Beginning computation...
Stopped due to: Relative function convergence.


   ----  Final Results  ----

NLREG version 5.4
Copyright (c) 1992-2002 Phillip H. Sherrod.  All rights reserved.
This is a registered copy of NLREG that may not be redistributed.

Number of observations = 4
Maximum allowed number of iterations = 500
Convergence tolerance factor = 1.000000E-010
Stopped due to: Relative function convergence.
Number of iterations performed = 12
Final sum of squared deviations = 2.0141090E-002
Final sum of deviations = -3.2179861E-003
Standard error of estimate = 0.141919
Average deviation = 0.0595256
Maximum deviation for any observation = 0.112243
Proportion of variance explained (R^2) = 0.9701  (97.01%)
Adjusted coefficient of multiple determination (Ra^2) = 0.9103  (91.03%)
Durbin-Watson test for autocorrelation = 3.117
Parameter values will be written to C:\Users\peleg\OneDrive\doktorát\experiment_disertace\výsledky\fin_výsl\syntax\typ3\FSM3\stud_FSM3\vysl_compl_FSM3_stud_minus_c\param_compl_FSM3_stud_09_minus_c.par
Analysis completed  8-Apr-2023 09:59.  Runtime = 0.00 seconds.


             ----  Descriptive Statistics for Variables  ----

 Variable    Minimum value   Maximum value    Mean value     Standard dev.
----------  --------------  --------------  --------------  --------------
         x               1           21.77          7.3375        9.739159
         y            1.83            2.98            2.45       0.4737791


                   ----  Calculated Parameter Values  ----

 Parameter  Initial guess   Final estimate   Standard error      t      Prob(t)
----------  -------------  ----------------  --------------  ---------  -------
         a              1        2.00097215       0.1174088      17.04  0.03731
         b              1       0.426513349      0.07757744       5.50  0.11454
         c              1      0.0511510196     0.009976684       5.13  0.12263


                  ----  Analysis of Variance  ----

  Source     DF   Sum of Squares    Mean Square    F value   Prob(F)
----------  ----  --------------  --------------  ---------  -------
Regression     2       0.6532589       0.3266295      16.22  0.17294
Error          1      0.02014109      0.02014109
Total          3          0.6734

