   1: variable x,y;
   2: parameter a,b,c;
   3: function y=a*(x^b)*exp(-c*x);
   4: Plot xlabel="x-Achse",ylabel="y-Achse";
   5: data;

Beginning computation...
Stopped due to: Relative function convergence.


   ----  Final Results  ----

NLREG version 5.4
Copyright (c) 1992-2002 Phillip H. Sherrod.  All rights reserved.
This is a registered copy of NLREG that may not be redistributed.

Number of observations = 28
Maximum allowed number of iterations = 500
Convergence tolerance factor = 1.000000E-010
Stopped due to: Relative function convergence.
Number of iterations performed = 16
Final sum of squared deviations = 6.3379125E-001
Final sum of deviations = -1.2262056E-003
Standard error of estimate = 0.159222
Average deviation = 0.104517
Maximum deviation for any observation = 0.443386
Proportion of variance explained (R^2) = 0.2153  (21.53%)
Adjusted coefficient of multiple determination (Ra^2) = 0.1525  (15.25%)
Durbin-Watson test for autocorrelation = 1.671
Parameter values will be written to C:\Users\peleg\OneDrive\doktorát\experiment_disertace\výsledky\fin_výsl\syntax\typ3\FSM3\stud_FSM3\vysl_compl_FSM3_stud_minus_c\param_compl_FSM3_stud_slouè_minus_c.par
Analysis completed  8-Apr-2023 09:59.  Runtime = 0.00 seconds.


             ----  Descriptive Statistics for Variables  ----

 Variable    Minimum value   Maximum value    Mean value     Standard dev.
----------  --------------  --------------  --------------  --------------
         x               1           49.29        16.11571        11.32002
         y            2.02             2.9        2.686429       0.1729529


                   ----  Calculated Parameter Values  ----

 Parameter  Initial guess   Final estimate   Standard error      t      Prob(t)
----------  -------------  ----------------  --------------  ---------  -------
         a              1        2.47685701       0.1071463      23.12  0.00001
         b              1      0.0681610973      0.02811467       2.42  0.02290
         c              1     0.00545375804     0.002241186       2.43  0.02244


                  ----  Analysis of Variance  ----

  Source     DF   Sum of Squares    Mean Square    F value   Prob(F)
----------  ----  --------------  --------------  ---------  -------
Regression     2       0.1738516       0.0869258       3.43  0.04832
Error         25       0.6337913      0.02535165
Total         27       0.8076429

