   1: variable x,y;
   2: parameter a,b,c;
   3: function y=a*(x^b)*exp(-c*x);
   4: Plot xlabel="x-Achse",ylabel="y-Achse";
   5: data;

Beginning computation...
Stopped due to: Relative function convergence.


   ----  Final Results  ----

NLREG version 5.4
Copyright (c) 1992-2002 Phillip H. Sherrod.  All rights reserved.
This is a registered copy of NLREG that may not be redistributed.

Number of observations = 9
Maximum allowed number of iterations = 500
Convergence tolerance factor = 1.000000E-010
Stopped due to: Relative function convergence.
Number of iterations performed = 14
Final sum of squared deviations = 2.8617071E-001
Final sum of deviations = -6.2263006E-004
Standard error of estimate = 0.218392
Average deviation = 0.143127
Maximum deviation for any observation = 0.313755
Proportion of variance explained (R^2) = 0.1661  (16.61%)
Adjusted coefficient of multiple determination (Ra^2) = -0.1119  (-11.19%)
Durbin-Watson test for autocorrelation = 1.858
Parameter values will be written to C:\Users\peleg\OneDrive\doktorát\experiment_disertace\výsledky\fin_výsl\syntax\typ3\FSM3\stud_FSM3\vysl_compl_FSM3_stud_minus_c\param_compl_FSM3_stud_10_minus_c.par
Analysis completed  8-Apr-2023 09:59.  Runtime = 0.00 seconds.


             ----  Descriptive Statistics for Variables  ----

 Variable    Minimum value   Maximum value    Mean value     Standard dev.
----------  --------------  --------------  --------------  --------------
         x               1           27.71            9.43        8.649584
         y            2.05            2.76        2.532222       0.2071097


                   ----  Calculated Parameter Values  ----

 Parameter  Initial guess   Final estimate   Standard error      t      Prob(t)
----------  -------------  ----------------  --------------  ---------  -------
         a              1        2.37347178       0.1653847      14.35  0.00001
         b              1      0.0570583409      0.06786967       0.84  0.43273
         c              1     0.00410250097     0.008276183       0.50  0.63774


                  ----  Analysis of Variance  ----

  Source     DF   Sum of Squares    Mean Square    F value   Prob(F)
----------  ----  --------------  --------------  ---------  -------
Regression     2      0.05698485      0.02849242       0.60  0.57997
Error          6       0.2861707      0.04769512
Total          8       0.3431556

