   1: variable x,y;
   2: parameter a,b,c;
   3: function y=a*(x^b)*exp(-c*x);
   4: Plot xlabel="x-Achse",ylabel="y-Achse";
   5: data;

Beginning computation...
Stopped due to: Relative function convergence.


   ----  Final Results  ----

NLREG version 5.4
Copyright (c) 1992-2002 Phillip H. Sherrod.  All rights reserved.
This is a registered copy of NLREG that may not be redistributed.

Number of observations = 7
Maximum allowed number of iterations = 500
Convergence tolerance factor = 1.000000E-010
Stopped due to: Relative function convergence.
Number of iterations performed = 13
Final sum of squared deviations = 4.6368986E-001
Final sum of deviations = -5.8210834E-003
Standard error of estimate = 0.340474
Average deviation = 0.183909
Maximum deviation for any observation = 0.530968
Proportion of variance explained (R^2) = 0.5687  (56.87%)
Adjusted coefficient of multiple determination (Ra^2) = 0.3530  (35.30%)
Durbin-Watson test for autocorrelation = 2.675
Parameter values will be written to C:\Users\peleg\OneDrive\doktorát\experiment_disertace\výsledky\fin_výsl\syntax\typ3\FSM3\stud_FSM3\vysl_compl_FSM3_stud_minus_c\param_compl_FSM3_stud_01_minus_c.par
Analysis completed  8-Apr-2023 09:59.  Runtime = 0.00 seconds.


             ----  Descriptive Statistics for Variables  ----

 Variable    Minimum value   Maximum value    Mean value     Standard dev.
----------  --------------  --------------  --------------  --------------
         x               1           26.64        8.605714        9.287459
         y            1.95             3.2        2.811429       0.4232977


                   ----  Calculated Parameter Values  ----

 Parameter  Initial guess   Final estimate   Standard error      t      Prob(t)
----------  -------------  ----------------  --------------  ---------  -------
         a              1        2.37985476       0.2569956       9.26  0.00076
         b              1       0.244432044       0.1131472       2.16  0.09686
         c              1      0.0273754568      0.01386488       1.97  0.11956


                  ----  Analysis of Variance  ----

  Source     DF   Sum of Squares    Mean Square    F value   Prob(F)
----------  ----  --------------  --------------  ---------  -------
Regression     2       0.6113959       0.3056979       2.64  0.18602
Error          4       0.4636899       0.1159225
Total          6        1.075086

