   1: variable x,y;
   2: parameter a,b,c;
   3: function y=a*(x^b)*exp(-c*x);
   4: Plot xlabel="x-Achse",ylabel="y-Achse";
   5: data;

Beginning computation...
Stopped due to: Relative function convergence.


   ----  Final Results  ----

NLREG version 5.4
Copyright (c) 1992-2002 Phillip H. Sherrod.  All rights reserved.
This is a registered copy of NLREG that may not be redistributed.

Number of observations = 13
Maximum allowed number of iterations = 500
Convergence tolerance factor = 1.000000E-010
Stopped due to: Relative function convergence.
Number of iterations performed = 14
Final sum of squared deviations = 5.4333993E-001
Final sum of deviations = -1.5132725E-003
Standard error of estimate = 0.233097
Average deviation = 0.149318
Maximum deviation for any observation = 0.42592
Proportion of variance explained (R^2) = 0.2263  (22.63%)
Adjusted coefficient of multiple determination (Ra^2) = 0.0716  (7.16%)
Durbin-Watson test for autocorrelation = 1.744
Parameter values will be written to C:\Users\peleg\OneDrive\doktorát\experiment_disertace\výsledky\fin_výsl\syntax\typ3\FSM3\stud_FSM3\vysl_compl_FSM3_stud_minus_c\param_compl_FSM3_stud_04_minus_c.par
Analysis completed  8-Apr-2023 09:59.  Runtime = 0.00 seconds.


             ----  Descriptive Statistics for Variables  ----

 Variable    Minimum value   Maximum value    Mean value     Standard dev.
----------  --------------  --------------  --------------  --------------
         x               1            34.8        10.67462        9.295941
         y            2.15            3.19        2.820769       0.2419181


                   ----  Calculated Parameter Values  ----

 Parameter  Initial guess   Final estimate   Standard error      t      Prob(t)
----------  -------------  ----------------  --------------  ---------  -------
         a              1        2.57366358       0.1688255      15.24  0.00001
         b              1      0.0847421344      0.05272776       1.61  0.13910
         c              1     0.00724049272     0.005551266       1.30  0.22135


                  ----  Analysis of Variance  ----

  Source     DF   Sum of Squares    Mean Square    F value   Prob(F)
----------  ----  --------------  --------------  ---------  -------
Regression     2       0.1589524      0.07947619       1.46  0.27718
Error         10       0.5433399      0.05433399
Total         12       0.7022923

