   1: variable x,y;
   2: parameter a,b,c;
   3: function y=a*(x^b)*exp(-c*x);
   4: Plot xlabel="x-Achse",ylabel="y-Achse";
   5: data;

Beginning computation...
Stopped due to: Relative function convergence.


   ----  Final Results  ----

NLREG version 5.4
Copyright (c) 1992-2002 Phillip H. Sherrod.  All rights reserved.
This is a registered copy of NLREG that may not be redistributed.

Number of observations = 15
Maximum allowed number of iterations = 500
Convergence tolerance factor = 1.000000E-010
Stopped due to: Relative function convergence.
Number of iterations performed = 15
Final sum of squared deviations = 3.5901286E-001
Final sum of deviations = -2.4829935E-003
Standard error of estimate = 0.172967
Average deviation = 0.114291
Maximum deviation for any observation = 0.343222
Proportion of variance explained (R^2) = 0.4447  (44.47%)
Adjusted coefficient of multiple determination (Ra^2) = 0.3521  (35.21%)
Durbin-Watson test for autocorrelation = 1.694
Parameter values will be written to C:\Users\peleg\OneDrive\doktorát\experiment_disertace\výsledky\fin_výsl\syntax\typ3\FSM3\stud_FSM3\vysl_compl_FSM3_stud_minus_c\param_compl_FSM3_stud_08_minus_c.par
Analysis completed  8-Apr-2023 09:59.  Runtime = 0.00 seconds.


             ----  Descriptive Statistics for Variables  ----

 Variable    Minimum value   Maximum value    Mean value     Standard dev.
----------  --------------  --------------  --------------  --------------
         x               1              35        10.99467        9.353567
         y            1.91            2.82        2.592667       0.2148909


                   ----  Calculated Parameter Values  ----

 Parameter  Initial guess   Final estimate   Standard error      t      Prob(t)
----------  -------------  ----------------  --------------  ---------  -------
         a              1         2.2382567       0.1227783      18.23  0.00001
         b              1       0.112634611      0.04351739       2.59  0.02373
         c              1     0.00749356441     0.004332299       1.73  0.10930


                  ----  Analysis of Variance  ----

  Source     DF   Sum of Squares    Mean Square    F value   Prob(F)
----------  ----  --------------  --------------  ---------  -------
Regression     2       0.2874805       0.1437402       4.80  0.02933
Error         12       0.3590129      0.02991774
Total         14       0.6464933

