   1: variable x,y;
   2: parameter b;
   3: function y=3.46*(x^b);
   4: Plot xlabel="x-Achse",ylabel="y-Achse";
   5: data;

Beginning computation...
Stopped due to: Relative function convergence.


   ----  Final Results  ----

NLREG version 5.4
Copyright (c) 1992-2002 Phillip H. Sherrod.  All rights reserved.
This is a registered copy of NLREG that may not be redistributed.

Number of observations = 8
Maximum allowed number of iterations = 500
Convergence tolerance factor = 1.000000E-010
Stopped due to: Relative function convergence.
Number of iterations performed = 10
Final sum of squared deviations = 2.8280922E-001
Final sum of deviations = -3.1744660E-001
Standard error of estimate = 0.201001
Average deviation = 0.135224
Maximum deviation for any observation = 0.37864
Proportion of variance explained (R^2) = 0.2055  (20.55%)
Adjusted coefficient of multiple determination (Ra^2) = 0.2055  (20.55%)
Durbin-Watson test for autocorrelation = 1.039
Parameter values will be written to C:\Users\peleg\OneDrive\doktorát\experiment_disertace\výsledky\fin_výsl\syntax\typ2\VKF2\pov_VKF2\vysl_trunc_VKF2_pov\param_trunc_VKF2_pov_slouè.par
Analysis completed  4-Jan-2023 19:54.  Runtime = 0.00 seconds.


             ----  Descriptive Statistics for Variables  ----

 Variable    Minimum value   Maximum value    Mean value     Standard dev.
----------  --------------  --------------  --------------  --------------
         x               1            9.32           4.665        2.745505
         y            2.79            3.46          2.9625       0.2254994


                   ----  Calculated Parameter Values  ----

 Parameter  Initial guess   Final estimate   Standard error      t      Prob(t)
----------  -------------  ----------------  --------------  ---------  -------
         b              1      -0.107580279      0.01650924      -6.52  0.00033

