   1: variable x,y;
   2: parameter b;
   3: function y=4.13*(x^b);
   4: Plot xlabel="x-Achse",ylabel="y-Achse";
   5: data;

Beginning computation...
Stopped due to: Both parameter and relative function convergence.


   ----  Final Results  ----

NLREG version 5.4
Copyright (c) 1992-2002 Phillip H. Sherrod.  All rights reserved.
This is a registered copy of NLREG that may not be redistributed.

Number of observations = 5
Maximum allowed number of iterations = 500
Convergence tolerance factor = 1.000000E-010
Stopped due to: Both parameter and relative function convergence.
Number of iterations performed = 12
Final sum of squared deviations = 1.9037507E-001
Final sum of deviations = -1.7400203E-001
Standard error of estimate = 0.21816
Average deviation = 0.131631
Maximum deviation for any observation = 0.358648
Proportion of variance explained (R^2) = 0.8618  (86.18%)
Adjusted coefficient of multiple determination (Ra^2) = 0.8618  (86.18%)
Durbin-Watson test for autocorrelation = 1.484
Parameter values will be written to C:\Users\peleg\OneDrive\doktorát\experiment_disertace\výsledky\fin_výsl\syntax\typ2\VKF2\pov_VKF2\vysl_trunc_VKF2_pov\param_trunc_VKF2_pov_02.par
Analysis completed  4-Jan-2023 19:54.  Runtime = 0.00 seconds.


             ----  Descriptive Statistics for Variables  ----

 Variable    Minimum value   Maximum value    Mean value     Standard dev.
----------  --------------  --------------  --------------  --------------
         x               1            5.47           3.094        1.736139
         y            2.73            4.13           3.102       0.5867453


                   ----  Calculated Parameter Values  ----

 Parameter  Initial guess   Final estimate   Standard error      t      Prob(t)
----------  -------------  ----------------  --------------  ---------  -------
         b              1      -0.298261239      0.03138414      -9.50  0.00068

