   1: variable x,y;
   2: parameter b;
   3: function y=3.64*(x^b);
   4: Plot xlabel="x-Achse",ylabel="y-Achse";
   5: data;

Beginning computation...
Stopped due to: Both parameter and relative function convergence.


   ----  Final Results  ----

NLREG version 5.4
Copyright (c) 1992-2002 Phillip H. Sherrod.  All rights reserved.
This is a registered copy of NLREG that may not be redistributed.

Number of observations = 5
Maximum allowed number of iterations = 500
Convergence tolerance factor = 1.000000E-010
Stopped due to: Both parameter and relative function convergence.
Number of iterations performed = 9
Final sum of squared deviations = 4.0343751E-001
Final sum of deviations = -1.5457180E-001
Standard error of estimate = 0.317584
Average deviation = 0.222463
Maximum deviation for any observation = 0.478871
Proportion of variance explained (R^2) = 0.4495  (44.95%)
Adjusted coefficient of multiple determination (Ra^2) = 0.4495  (44.95%)
Durbin-Watson test for autocorrelation = 2.364
Parameter values will be written to C:\Users\peleg\OneDrive\doktorát\experiment_disertace\výsledky\fin_výsl\syntax\typ2\VKF2\pov_VKF2\vysl_trunc_VKF2_pov\param_trunc_VKF2_pov_08.par
Analysis completed  4-Jan-2023 19:54.  Runtime = 0.00 seconds.


             ----  Descriptive Statistics for Variables  ----

 Variable    Minimum value   Maximum value    Mean value     Standard dev.
----------  --------------  --------------  --------------  --------------
         x               1            5.55            3.11        1.763661
         y            2.56            3.64           3.064       0.4280537


                   ----  Calculated Parameter Values  ----

 Parameter  Initial guess   Final estimate   Standard error      t      Prob(t)
----------  -------------  ----------------  --------------  ---------  -------
         b              1      -0.171160068      0.04342469      -3.94  0.01694

