   1: variable x,y;
   2: parameter b;
   3: function y=3.66*(x^b);
   4: Plot xlabel="x-Achse",ylabel="y-Achse";
   5: data;

Beginning computation...
Stopped due to: Both parameter and relative function convergence.


   ----  Final Results  ----

NLREG version 5.4
Copyright (c) 1992-2002 Phillip H. Sherrod.  All rights reserved.
This is a registered copy of NLREG that may not be redistributed.

Number of observations = 4
Maximum allowed number of iterations = 500
Convergence tolerance factor = 1.000000E-010
Stopped due to: Both parameter and relative function convergence.
Number of iterations performed = 10
Final sum of squared deviations = 2.3558290E-002
Final sum of deviations = -3.3036303E-002
Standard error of estimate = 0.0886158
Average deviation = 0.0580732
Maximum deviation for any observation = 0.115488
Proportion of variance explained (R^2) = 0.9373  (93.73%)
Adjusted coefficient of multiple determination (Ra^2) = 0.9373  (93.73%)
Durbin-Watson test for autocorrelation = 3.110
Parameter values will be written to C:\Users\peleg\OneDrive\doktorát\experiment_disertace\výsledky\fin_výsl\syntax\typ2\VKF2\pov_VKF2\vysl_trunc_VKF2_pov\param_trunc_VKF2_pov_03.par
Analysis completed  4-Jan-2023 19:54.  Runtime = 0.00 seconds.


             ----  Descriptive Statistics for Variables  ----

 Variable    Minimum value   Maximum value    Mean value     Standard dev.
----------  --------------  --------------  --------------  --------------
         x               1            4.27          2.5675        1.398174
         y            2.81            3.66           3.175       0.3538832


                   ----  Calculated Parameter Values  ----

 Parameter  Initial guess   Final estimate   Standard error      t      Prob(t)
----------  -------------  ----------------  --------------  ---------  -------
         b              1      -0.177860367      0.01547066     -11.50  0.00141

