   1: variable x,y;
   2: parameter b;
   3: function y=3.47*(x^b);
   4: Plot xlabel="x-Achse",ylabel="y-Achse";
   5: data;

Beginning computation...
Stopped due to: Both parameter and relative function convergence.


   ----  Final Results  ----

NLREG version 5.4
Copyright (c) 1992-2002 Phillip H. Sherrod.  All rights reserved.
This is a registered copy of NLREG that may not be redistributed.

Number of observations = 5
Maximum allowed number of iterations = 500
Convergence tolerance factor = 1.000000E-010
Stopped due to: Both parameter and relative function convergence.
Number of iterations performed = 10
Final sum of squared deviations = 6.9467367E-002
Final sum of deviations = -8.4675027E-002
Standard error of estimate = 0.131783
Average deviation = 0.10352
Maximum deviation for any observation = 0.160578
Proportion of variance explained (R^2) = 0.7931  (79.31%)
Adjusted coefficient of multiple determination (Ra^2) = 0.7931  (79.31%)
Durbin-Watson test for autocorrelation = 3.082
Parameter values will be written to C:\Users\peleg\OneDrive\doktorát\experiment_disertace\výsledky\fin_výsl\syntax\typ2\VKF2\pov_VKF2\vysl_trunc_VKF2_pov\param_trunc_VKF2_pov_05.par
Analysis completed  4-Jan-2023 19:54.  Runtime = 0.00 seconds.


             ----  Descriptive Statistics for Variables  ----

 Variable    Minimum value   Maximum value    Mean value     Standard dev.
----------  --------------  --------------  --------------  --------------
         x               1            6.12           3.224        1.967455
         y            2.72            3.47           3.014       0.2897067


                   ----  Calculated Parameter Values  ----

 Parameter  Initial guess   Final estimate   Standard error      t      Prob(t)
----------  -------------  ----------------  --------------  ---------  -------
         b              1      -0.139319219      0.01776183      -7.84  0.00143

