   1: variable x,y;
   2: parameter b;
   3: function y=1.89*(x^b);
   4: Plot xlabel="x-Achse",ylabel="y-Achse";
   5: data;

Beginning computation...
Stopped due to: Both parameter and relative function convergence.


   ----  Final Results  ----

NLREG version 5.4
Copyright (c) 1992-2002 Phillip H. Sherrod.  All rights reserved.
This is a registered copy of NLREG that may not be redistributed.

Number of observations = 12
Maximum allowed number of iterations = 500
Convergence tolerance factor = 1.000000E-010
Stopped due to: Both parameter and relative function convergence.
Number of iterations performed = 11
Final sum of squared deviations = 1.1305539E-001
Final sum of deviations = 3.5248749E-001
Standard error of estimate = 0.101379
Average deviation = 0.0754476
Maximum deviation for any observation = 0.222373
Proportion of variance explained (R^2) = 0.0036  (0.36%)
Adjusted coefficient of multiple determination (Ra^2) = 0.0036  (0.36%)
Durbin-Watson test for autocorrelation = 0.941
Parameter values will be written to C:\Users\peleg\OneDrive\doktorát\experiment_disertace\výsledky\fin_výsl\syntax\typ3\FSM3_oprava\pov_FSM3\vysl_trunc_FSM3_pov\param_trunc_FSM3_pov_05.par
Analysis completed  3-Apr-2023 13:33.  Runtime = 0.00 seconds.


             ----  Descriptive Statistics for Variables  ----

 Variable    Minimum value   Maximum value    Mean value     Standard dev.
----------  --------------  --------------  --------------  --------------
         x               1            30.4        9.391667        8.424299
         y            1.89            2.26        2.143333       0.1015635


                   ----  Calculated Parameter Values  ----

 Parameter  Initial guess   Final estimate   Standard error      t      Prob(t)
----------  -------------  ----------------  --------------  ---------  -------
         b              1      0.0594797639     0.006397058       9.30  0.00001

