   1: variable x,y;
   2: parameter b;
   3: function y=1.91*(x^b);
   4: Plot xlabel="x-Achse",ylabel="y-Achse";
   5: data;

Beginning computation...
Stopped due to: Both parameter and relative function convergence.


   ----  Final Results  ----

NLREG version 5.4
Copyright (c) 1992-2002 Phillip H. Sherrod.  All rights reserved.
This is a registered copy of NLREG that may not be redistributed.

Number of observations = 15
Maximum allowed number of iterations = 500
Convergence tolerance factor = 1.000000E-010
Stopped due to: Both parameter and relative function convergence.
Number of iterations performed = 11
Final sum of squared deviations = 2.1252302E-001
Final sum of deviations = 5.3108059E-001
Standard error of estimate = 0.123208
Average deviation = 0.0937587
Maximum deviation for any observation = 0.226516
Parameter values will be written to C:\Users\peleg\OneDrive\doktorát\experiment_disertace\výsledky\fin_výsl\syntax\typ3\FSM3_oprava\pov_FSM3\vysl_trunc_FSM3_pov\param_trunc_FSM3_pov_04.par
Analysis completed  3-Apr-2023 13:33.  Runtime = 0.00 seconds.


             ----  Descriptive Statistics for Variables  ----

 Variable    Minimum value   Maximum value    Mean value     Standard dev.
----------  --------------  --------------  --------------  --------------
         x               1           36.36        9.993333        8.820896
         y            1.91            2.35        2.213333       0.1077475


                   ----  Calculated Parameter Values  ----

 Parameter  Initial guess   Final estimate   Standard error      t      Prob(t)
----------  -------------  ----------------  --------------  ---------  -------
         b              1      0.0661665595     0.006536606      10.12  0.00001

