   1: variable x,y;
   2: parameter b;
   3: function y=1.83*(x^b);
   4: Plot xlabel="x-Achse",ylabel="y-Achse";
   5: data;

Beginning computation...
Stopped due to: Relative function convergence.


   ----  Final Results  ----

NLREG version 5.4
Copyright (c) 1992-2002 Phillip H. Sherrod.  All rights reserved.
This is a registered copy of NLREG that may not be redistributed.

Number of observations = 11
Maximum allowed number of iterations = 500
Convergence tolerance factor = 1.000000E-010
Stopped due to: Relative function convergence.
Number of iterations performed = 10
Final sum of squared deviations = 2.2828125E-001
Final sum of deviations = 3.3086315E-001
Standard error of estimate = 0.15109
Average deviation = 0.106814
Maximum deviation for any observation = 0.350907
Proportion of variance explained (R^2) = 0.3305  (33.05%)
Adjusted coefficient of multiple determination (Ra^2) = 0.3305  (33.05%)
Durbin-Watson test for autocorrelation = 1.862
Parameter values will be written to C:\Users\peleg\OneDrive\doktorát\experiment_disertace\výsledky\fin_výsl\syntax\typ3\FSM3_oprava\pov_FSM3\vysl_trunc_FSM3_pov\param_trunc_FSM3_pov_10.par
Analysis completed  3-Apr-2023 13:33.  Runtime = 0.00 seconds.


             ----  Descriptive Statistics for Variables  ----

 Variable    Minimum value   Maximum value    Mean value     Standard dev.
----------  --------------  --------------  --------------  --------------
         x               1           18.08        6.902727        4.939713
         y            1.83            2.51        2.208182        0.184652


                   ----  Calculated Parameter Values  ----

 Parameter  Initial guess   Final estimate   Standard error      t      Prob(t)
----------  -------------  ----------------  --------------  ---------  -------
         b              1       0.102751527      0.01074456       9.56  0.00001

