   1: variable x,y;
   2: parameter b;
   3: function y=1.93*(x^b);
   4: Plot xlabel="x-Achse",ylabel="y-Achse";
   5: data;

Beginning computation...
Stopped due to: Both parameter and relative function convergence.


   ----  Final Results  ----

NLREG version 5.4
Copyright (c) 1992-2002 Phillip H. Sherrod.  All rights reserved.
This is a registered copy of NLREG that may not be redistributed.

Number of observations = 12
Maximum allowed number of iterations = 500
Convergence tolerance factor = 1.000000E-010
Stopped due to: Both parameter and relative function convergence.
Number of iterations performed = 11
Final sum of squared deviations = 1.6581361E-001
Final sum of deviations = 3.0728549E-001
Standard error of estimate = 0.122776
Average deviation = 0.097596
Maximum deviation for any observation = 0.222066
Proportion of variance explained (R^2) = 0.0721  (7.21%)
Adjusted coefficient of multiple determination (Ra^2) = 0.0721  (7.21%)
Durbin-Watson test for autocorrelation = 1.657
Parameter values will be written to C:\Users\peleg\OneDrive\doktorát\experiment_disertace\výsledky\fin_výsl\syntax\typ3\FSM3_oprava\pov_FSM3\vysl_trunc_FSM3_pov\param_trunc_FSM3_pov_09.par
Analysis completed  3-Apr-2023 13:33.  Runtime = 0.00 seconds.


             ----  Descriptive Statistics for Variables  ----

 Variable    Minimum value   Maximum value    Mean value     Standard dev.
----------  --------------  --------------  --------------  --------------
         x               1           21.37            7.64        5.730332
         y            1.93            2.33        2.194167       0.1274547


                   ----  Calculated Parameter Values  ----

 Parameter  Initial guess   Final estimate   Standard error      t      Prob(t)
----------  -------------  ----------------  --------------  ---------  -------
         b              1      0.0659457797     0.008172782       8.07  0.00001

