   1: variable x,y;
   2: parameter b;
   3: function y=2.11*(x^b);
   4: Plot xlabel="x-Achse",ylabel="y-Achse";
   5: data;

Beginning computation...
Stopped due to: Relative function convergence.


   ----  Final Results  ----

NLREG version 5.4
Copyright (c) 1992-2002 Phillip H. Sherrod.  All rights reserved.
This is a registered copy of NLREG that may not be redistributed.

Number of observations = 13
Maximum allowed number of iterations = 500
Convergence tolerance factor = 1.000000E-010
Stopped due to: Relative function convergence.
Number of iterations performed = 11
Final sum of squared deviations = 1.0695340E-001
Final sum of deviations = 2.8145240E-001
Standard error of estimate = 0.0944075
Average deviation = 0.0718108
Maximum deviation for any observation = 0.20762
Parameter values will be written to C:\Users\peleg\OneDrive\doktorát\experiment_disertace\výsledky\fin_výsl\syntax\typ3\FSM3_oprava\pov_FSM3\vysl_trunc_FSM3_pov\param_trunc_FSM3_pov_07.par
Analysis completed  3-Apr-2023 13:33.  Runtime = 0.00 seconds.


             ----  Descriptive Statistics for Variables  ----

 Variable    Minimum value   Maximum value    Mean value     Standard dev.
----------  --------------  --------------  --------------  --------------
         x               1           22.45        7.930769        5.804902
         y            2.11            2.46        2.319231      0.09022763


                   ----  Calculated Parameter Values  ----

 Parameter  Initial guess   Final estimate   Standard error      t      Prob(t)
----------  -------------  ----------------  --------------  ---------  -------
         b              1       0.047103718     0.005651433       8.33  0.00001

