   1: variable x,y;
   2: parameter b;
   3: function y=2.73*(x^b);
   4: Plot xlabel="x-Achse",ylabel="y-Achse";
   5: data;

Beginning computation...
Stopped due to: Both parameter and relative function convergence.


   ----  Final Results  ----

NLREG version 5.4
Copyright (c) 1992-2002 Phillip H. Sherrod.  All rights reserved.
This is a registered copy of NLREG that may not be redistributed.

Number of observations = 5
Maximum allowed number of iterations = 500
Convergence tolerance factor = 1.000000E-010
Stopped due to: Both parameter and relative function convergence.
Number of iterations performed = 10
Final sum of squared deviations = 1.6726320E-001
Final sum of deviations = -1.3632341E-001
Standard error of estimate = 0.204489
Average deviation = 0.122729
Maximum deviation for any observation = 0.374984
Proportion of variance explained (R^2) = 0.7299  (72.99%)
Adjusted coefficient of multiple determination (Ra^2) = 0.7299  (72.99%)
Durbin-Watson test for autocorrelation = 2.200
Parameter values will be written to C:\Users\peleg\OneDrive\doktorát\experiment_disertace\výsledky\fin_výsl\syntax\typ2\KFS2\stud_KFS2\vysl_trunc_KFS2_stud\param_trunc_KFS2_stud_07.par
Analysis completed  4-Jan-2023 19:54.  Runtime = 0.00 seconds.


             ----  Descriptive Statistics for Variables  ----

 Variable    Minimum value   Maximum value    Mean value     Standard dev.
----------  --------------  --------------  --------------  --------------
         x               1            5.23           3.046         1.65547
         y            1.71            2.73           2.068       0.3934717


                   ----  Calculated Parameter Values  ----

 Parameter  Initial guess   Final estimate   Standard error      t      Prob(t)
----------  -------------  ----------------  --------------  ---------  -------
         b              1      -0.288636414      0.04414833      -6.54  0.00283

