   1: variable x,y;
   2: parameter a,b;
   3: function y=a*(x^b);
   4: Plot xlabel="x-Achse",ylabel="y-Achse";
   5: data;

Beginning computation...
Stopped due to: Relative function convergence.


   ----  Final Results  ----

NLREG version 5.4
Copyright (c) 1992-2002 Phillip H. Sherrod.  All rights reserved.
This is a registered copy of NLREG that may not be redistributed.

Number of observations = 3
Maximum allowed number of iterations = 500
Convergence tolerance factor = 1.000000E-010
Stopped due to: Relative function convergence.
Number of iterations performed = 9
Final sum of squared deviations = 1.1515644E+000
Final sum of deviations = -8.6366585E-003
Standard error of estimate = 1.07311
Average deviation = 0.584653
Maximum deviation for any observation = 0.872661
Proportion of variance explained (R^2) = 0.2309  (23.09%)
Adjusted coefficient of multiple determination (Ra^2) = -0.5382  (-53.82%)
Durbin-Watson test for autocorrelation = 2.997
Parameter values will be written to C:\Users\peleg\OneDrive\doktorát\experiment_disertace\výsledky\fin_výsl\syntax\typ2\KFS2\stud_KFS2\vysl_trunc_KFS2_stud\param_trunc_KFS2_stud_09.par
Analysis completed  4-Jan-2023 19:54.  Runtime = 0.00 seconds.


             ----  Descriptive Statistics for Variables  ----

 Variable    Minimum value   Maximum value    Mean value     Standard dev.
----------  --------------  --------------  --------------  --------------
         x            1.77            5.33        3.433333        1.791433
         y            1.91            3.64        2.763333        0.865236


                   ----  Calculated Parameter Values  ----

 Parameter  Initial guess   Final estimate   Standard error      t      Prob(t)
----------  -------------  ----------------  --------------  ---------  -------
         a              1        2.05740716        1.373796       1.50  0.37480
         b              1       0.254859345       0.5089928       0.50  0.70447


                  ----  Analysis of Variance  ----

  Source     DF   Sum of Squares    Mean Square    F value   Prob(F)
----------  ----  --------------  --------------  ---------  -------
Regression     1       0.3457023       0.3457023       0.30  0.68090
Error          1        1.151564        1.151564
Total          2        1.497267

