   1: variable x,y;
   2: parameter b;
   3: function y=2.19*(x^b);
   4: Plot xlabel="x-Achse",ylabel="y-Achse";
   5: data;

Beginning computation...
Stopped due to: Relative function convergence.


   ----  Final Results  ----

NLREG version 5.4
Copyright (c) 1992-2002 Phillip H. Sherrod.  All rights reserved.
This is a registered copy of NLREG that may not be redistributed.

Number of observations = 5
Maximum allowed number of iterations = 500
Convergence tolerance factor = 1.000000E-010
Stopped due to: Relative function convergence.
Number of iterations performed = 8
Final sum of squared deviations = 8.4724175E-002
Final sum of deviations = 4.2083459E-002
Standard error of estimate = 0.145537
Average deviation = 0.0920832
Maximum deviation for any observation = 0.25125
Proportion of variance explained (R^2) = 0.0574  (5.74%)
Adjusted coefficient of multiple determination (Ra^2) = 0.0574  (5.74%)
Durbin-Watson test for autocorrelation = 2.882
Parameter values will be written to C:\Users\peleg\OneDrive\doktorát\experiment_disertace\výsledky\fin_výsl\syntax\typ2\KFS2\stud_KFS2\vysl_trunc_KFS2_stud\param_trunc_KFS2_stud_05.par
Analysis completed  4-Jan-2023 19:54.  Runtime = 0.00 seconds.


             ----  Descriptive Statistics for Variables  ----

 Variable    Minimum value   Maximum value    Mean value     Standard dev.
----------  --------------  --------------  --------------  --------------
         x               1            5.37           3.074        1.702169
         y               2             2.4           2.162          0.1499


                   ----  Calculated Parameter Values  ----

 Parameter  Initial guess   Final estimate   Standard error      t      Prob(t)
----------  -------------  ----------------  --------------  ---------  -------
         b              1     -0.0173083334      0.02684492      -0.64  0.55420

