   1: variable x,y;
   2: parameter a,b;
   3: function y=a*(x^b);
   4: Plot xlabel="x-Achse",ylabel="y-Achse";
   5: data;

Beginning computation...
Stopped due to: Relative function convergence.


   ----  Final Results  ----

NLREG version 5.4
Copyright (c) 1992-2002 Phillip H. Sherrod.  All rights reserved.
This is a registered copy of NLREG that may not be redistributed.

Number of observations = 4
Maximum allowed number of iterations = 500
Convergence tolerance factor = 1.000000E-010
Stopped due to: Relative function convergence.
Number of iterations performed = 10
Final sum of squared deviations = 6.3351489E-001
Final sum of deviations = -7.9035345E-003
Standard error of estimate = 0.562812
Average deviation = 0.328809
Maximum deviation for any observation = 0.653666
Proportion of variance explained (R^2) = 0.5886  (58.86%)
Adjusted coefficient of multiple determination (Ra^2) = 0.3829  (38.29%)
Durbin-Watson test for autocorrelation = 3.133
Parameter values will be written to C:\Users\peleg\OneDrive\doktorát\experiment_disertace\výsledky\fin_výsl\syntax\typ2\KFS2\stud_KFS2\vysl_trunc_KFS2_stud\param_trunc_KFS2_stud_01.par
Analysis completed  4-Jan-2023 19:54.  Runtime = 0.00 seconds.


             ----  Descriptive Statistics for Variables  ----

 Variable    Minimum value   Maximum value    Mean value     Standard dev.
----------  --------------  --------------  --------------  --------------
         x             1.9            5.62            3.63        1.579747
         y            2.25            3.62          2.8675       0.7164438


                   ----  Calculated Parameter Values  ----

 Parameter  Initial guess   Final estimate   Standard error      t      Prob(t)
----------  -------------  ----------------  --------------  ---------  -------
         a              1         4.6116422        1.300646       3.55  0.07116
         b              1      -0.401649648       0.2441173      -1.65  0.24164


                  ----  Analysis of Variance  ----

  Source     DF   Sum of Squares    Mean Square    F value   Prob(F)
----------  ----  --------------  --------------  ---------  -------
Regression     1       0.9063601       0.9063601       2.86  0.23280
Error          2       0.6335149       0.3167574
Total          3        1.539875

