   1: variable x,y;
   2: parameter a,b,c;
   3: function y=a*(x^b)*exp(c*x);
   4: Plot xlabel="x-Achse",ylabel="y-Achse";
   5: data;

Beginning computation...
Stopped due to: Both parameter and relative function convergence.


   ----  Final Results  ----

NLREG version 5.4
Copyright (c) 1992-2002 Phillip H. Sherrod.  All rights reserved.
This is a registered copy of NLREG that may not be redistributed.

Number of observations = 5
Maximum allowed number of iterations = 500
Convergence tolerance factor = 1.000000E-010
Stopped due to: Both parameter and relative function convergence.
Number of iterations performed = 16
Final sum of squared deviations = 3.0700511E-002
Final sum of deviations = -6.6186323E-004
Standard error of estimate = 0.123896
Average deviation = 0.0670443
Maximum deviation for any observation = 0.127341
Proportion of variance explained (R^2) = 0.8821  (88.21%)
Adjusted coefficient of multiple determination (Ra^2) = 0.7641  (76.41%)
Durbin-Watson test for autocorrelation = 2.588
Parameter values will be written to C:\Users\peleg\OneDrive\doktorát\experiment_disertace\výsledky\fin_výsl\syntax\typ2\VKF2\stud_VKF2\vysl_compl_VKF2_stud\param_compl_VKF2_stud_04.par
Analysis completed  4-Jan-2023 19:54.  Runtime = 0.00 seconds.


             ----  Descriptive Statistics for Variables  ----

 Variable    Minimum value   Maximum value    Mean value     Standard dev.
----------  --------------  --------------  --------------  --------------
         x               1            6.15            3.23         1.97851
         y            2.71            3.29           3.166       0.2551078


                   ----  Calculated Parameter Values  ----

 Parameter  Initial guess   Final estimate   Standard error      t      Prob(t)
----------  -------------  ----------------  --------------  ---------  -------
         a              1        3.58748802       0.1359547      26.39  0.00143
         b              1       0.211907449         0.10204       2.08  0.17345
         c              1      -0.104951274      0.03678701      -2.85  0.10404


                  ----  Analysis of Variance  ----

  Source     DF   Sum of Squares    Mean Square    F value   Prob(F)
----------  ----  --------------  --------------  ---------  -------
Regression     2       0.2296195       0.1148097       7.48  0.11793
Error          2      0.03070051      0.01535026
Total          4         0.26032

