   1: variable x,y;
   2: parameter a,b,c;
   3: function y=a*(x^b)*exp(c*x);
   4: Plot xlabel="x-Achse",ylabel="y-Achse";
   5: data;

Beginning computation...
Stopped due to: Relative function convergence.


   ----  Final Results  ----

NLREG version 5.4
Copyright (c) 1992-2002 Phillip H. Sherrod.  All rights reserved.
This is a registered copy of NLREG that may not be redistributed.

Number of observations = 7
Maximum allowed number of iterations = 500
Convergence tolerance factor = 1.000000E-010
Stopped due to: Relative function convergence.
Number of iterations performed = 19
Final sum of squared deviations = 4.0838421E-002
Final sum of deviations = 6.4316030E-005
Standard error of estimate = 0.101043
Average deviation = 0.0661138
Maximum deviation for any observation = 0.131656
Proportion of variance explained (R^2) = 0.8604  (86.04%)
Adjusted coefficient of multiple determination (Ra^2) = 0.7906  (79.06%)
Durbin-Watson test for autocorrelation = 2.405
Parameter values will be written to C:\Users\peleg\OneDrive\doktorát\experiment_disertace\výsledky\fin_výsl\syntax\typ2\VKF2\stud_VKF2\vysl_compl_VKF2_stud\param_compl_VKF2_stud_slouè.par
Analysis completed  4-Jan-2023 19:54.  Runtime = 0.00 seconds.


             ----  Descriptive Statistics for Variables  ----

 Variable    Minimum value   Maximum value    Mean value     Standard dev.
----------  --------------  --------------  --------------  --------------
         x               1             7.8        4.114286        2.357561
         y            2.74            3.44        3.028571       0.2207886


                   ----  Calculated Parameter Values  ----

 Parameter  Initial guess   Final estimate   Standard error      t      Prob(t)
----------  -------------  ----------------  --------------  ---------  -------
         a              1        3.38679244       0.0863444      39.22  0.00001
         b              1       -0.11726428      0.06325747      -1.85  0.13739
         c              1     0.00751914497      0.01959933       0.38  0.72076


                  ----  Analysis of Variance  ----

  Source     DF   Sum of Squares    Mean Square    F value   Prob(F)
----------  ----  --------------  --------------  ---------  -------
Regression     2       0.2516473       0.1258236      12.32  0.01950
Error          4      0.04083842      0.01020961
Total          6       0.2924857

