   1: variable x,y;
   2: parameter a,b,c;
   3: function y=a*(x^b)*exp(c*x);
   4: Plot xlabel="x-Achse",ylabel="y-Achse";
   5: data;

Beginning computation...
Stopped due to: Relative function convergence.


   ----  Final Results  ----

NLREG version 5.4
Copyright (c) 1992-2002 Phillip H. Sherrod.  All rights reserved.
This is a registered copy of NLREG that may not be redistributed.

Number of observations = 4
Maximum allowed number of iterations = 500
Convergence tolerance factor = 1.000000E-010
Stopped due to: Relative function convergence.
Number of iterations performed = 14
Final sum of squared deviations = 4.5226806E-003
Final sum of deviations = 1.9631718E-005
Standard error of estimate = 0.0672509
Average deviation = 0.0287784
Maximum deviation for any observation = 0.0469386
Proportion of variance explained (R^2) = 0.8761  (87.61%)
Adjusted coefficient of multiple determination (Ra^2) = 0.6283  (62.83%)
Durbin-Watson test for autocorrelation = 3.350
Parameter values will be written to C:\Users\peleg\OneDrive\doktorát\experiment_disertace\výsledky\fin_výsl\syntax\typ2\VKF2\stud_VKF2\vysl_compl_VKF2_stud\param_compl_VKF2_stud_05.par
Analysis completed  4-Jan-2023 19:54.  Runtime = 0.00 seconds.


             ----  Descriptive Statistics for Variables  ----

 Variable    Minimum value   Maximum value    Mean value     Standard dev.
----------  --------------  --------------  --------------  --------------
         x               1             4.8             2.7        1.620699
         y            2.91            3.17           3.025       0.1103026


                   ----  Calculated Parameter Values  ----

 Parameter  Initial guess   Final estimate   Standard error      t      Prob(t)
----------  -------------  ----------------  --------------  ---------  -------
         a              1        2.92866698      0.09102055      32.18  0.01978
         b              1       -0.20569427      0.08101711      -2.54  0.23887
         c              1      0.0758258721      0.03340095       2.27  0.26415


                  ----  Analysis of Variance  ----

  Source     DF   Sum of Squares    Mean Square    F value   Prob(F)
----------  ----  --------------  --------------  ---------  -------
Regression     2      0.03197732      0.01598866       3.54  0.35201
Error          1     0.004522681     0.004522681
Total          3          0.0365

