   1: variable x,y;
   2: parameter b;
   3: function y=3.3*(x^b);
   4: Plot xlabel="x-Achse",ylabel="y-Achse";
   5: data;

Beginning computation...
Stopped due to: Relative function convergence.


   ----  Final Results  ----

NLREG version 5.4
Copyright (c) 1992-2002 Phillip H. Sherrod.  All rights reserved.
This is a registered copy of NLREG that may not be redistributed.

Number of observations = 8
Maximum allowed number of iterations = 500
Convergence tolerance factor = 1.000000E-010
Stopped due to: Relative function convergence.
Number of iterations performed = 10
Final sum of squared deviations = 2.5040239E-002
Final sum of deviations = -4.7008168E-002
Standard error of estimate = 0.0598095
Average deviation = 0.0486166
Maximum deviation for any observation = 0.0992831
Proportion of variance explained (R^2) = 0.8315  (83.15%)
Adjusted coefficient of multiple determination (Ra^2) = 0.8315  (83.15%)
Durbin-Watson test for autocorrelation = 2.224
Parameter values will be written to C:\Users\peleg\OneDrive\doktorát\experiment_disertace\výsledky\fin_výsl\zvukové_jednotky\KTS\stud_KTS\tokens_stud_KTS\vysl_trunc_KTS_tokens_stud\param_trunc_tokens_stud_07.par
Analysis completed 21-Feb-2023 07:46.  Runtime = 0.00 seconds.


             ----  Descriptive Statistics for Variables  ----

 Variable    Minimum value   Maximum value    Mean value     Standard dev.
----------  --------------  --------------  --------------  --------------
         x               1            8.79         4.59875        2.620689
         y             2.8             3.3         3.01625       0.1456942


                   ----  Calculated Parameter Values  ----

 Parameter  Initial guess   Final estimate   Standard error      t      Prob(t)
----------  -------------  ----------------  --------------  ---------  -------
         b              1     -0.0665287528     0.004816386     -13.81  0.00001

