   1: variable x,y;
   2: parameter b;
   3: function y=3.45*(x^b);
   4: Plot xlabel="x-Achse",ylabel="y-Achse";
   5: data;

Beginning computation...
Stopped due to: Both parameter and relative function convergence.


   ----  Final Results  ----

NLREG version 5.4
Copyright (c) 1992-2002 Phillip H. Sherrod.  All rights reserved.
This is a registered copy of NLREG that may not be redistributed.

Number of observations = 8
Maximum allowed number of iterations = 500
Convergence tolerance factor = 1.000000E-010
Stopped due to: Both parameter and relative function convergence.
Number of iterations performed = 11
Final sum of squared deviations = 9.7593407E-002
Final sum of deviations = -1.6689846E-001
Standard error of estimate = 0.118076
Average deviation = 0.0904593
Maximum deviation for any observation = 0.188628
Proportion of variance explained (R^2) = 0.5519  (55.19%)
Adjusted coefficient of multiple determination (Ra^2) = 0.5519  (55.19%)
Durbin-Watson test for autocorrelation = 1.688
Parameter values will be written to C:\Users\peleg\OneDrive\doktorát\experiment_disertace\výsledky\fin_výsl\zvukové_jednotky\KTS\stud_KTS\tokens_stud_KTS\vysl_trunc_KTS_tokens_stud\param_trunc_tokens_stud_08.par
Analysis completed 21-Feb-2023 07:46.  Runtime = 0.00 seconds.


             ----  Descriptive Statistics for Variables  ----

 Variable    Minimum value   Maximum value    Mean value     Standard dev.
----------  --------------  --------------  --------------  --------------
         x               1            8.23         4.52875        2.497321
         y            2.88            3.45         3.06375       0.1763874


                   ----  Calculated Parameter Values  ----

 Parameter  Initial guess   Final estimate   Standard error      t      Prob(t)
----------  -------------  ----------------  --------------  ---------  -------
         b              1     -0.0854488051     0.009460013      -9.03  0.00004

