   1: variable x,y;
   2: parameter b;
   3: function y=3.86*(x^b);
   4: Plot xlabel="x-Achse",ylabel="y-Achse";
   5: data;

Beginning computation...
Stopped due to: Both parameter and relative function convergence.


   ----  Final Results  ----

NLREG version 5.4
Copyright (c) 1992-2002 Phillip H. Sherrod.  All rights reserved.
This is a registered copy of NLREG that may not be redistributed.

Number of observations = 7
Maximum allowed number of iterations = 500
Convergence tolerance factor = 1.000000E-010
Stopped due to: Both parameter and relative function convergence.
Number of iterations performed = 12
Final sum of squared deviations = 9.7737718E-002
Final sum of deviations = -1.2354166E-001
Standard error of estimate = 0.127631
Average deviation = 0.0991673
Maximum deviation for any observation = 0.17235
Proportion of variance explained (R^2) = 0.6871  (68.71%)
Adjusted coefficient of multiple determination (Ra^2) = 0.6871  (68.71%)
Durbin-Watson test for autocorrelation = 1.533
Parameter values will be written to C:\Users\peleg\OneDrive\doktorát\experiment_disertace\výsledky\fin_výsl\zvukové_jednotky\KTS\stud_KTS\tokens_stud_KTS\vysl_trunc_KTS_tokens_stud\param_trunc_tokens_stud_01.par
Analysis completed 21-Feb-2023 07:46.  Runtime = 0.00 seconds.


             ----  Descriptive Statistics for Variables  ----

 Variable    Minimum value   Maximum value    Mean value     Standard dev.
----------  --------------  --------------  --------------  --------------
         x               1            8.14        4.162857        2.447922
         y            3.17            3.86        3.425714       0.2281708


                   ----  Calculated Parameter Values  ----

 Parameter  Initial guess   Final estimate   Standard error      t      Prob(t)
----------  -------------  ----------------  --------------  ---------  -------
         b              1     -0.0937180122      0.01042257      -8.99  0.00011

