   1: variable x,y;
   2: parameter b;
   3: function y=3.49*(x^b);
   4: Plot xlabel="x-Achse",ylabel="y-Achse";
   5: data;

Beginning computation...
Stopped due to: Both parameter and relative function convergence.


   ----  Final Results  ----

NLREG version 5.4
Copyright (c) 1992-2002 Phillip H. Sherrod.  All rights reserved.
This is a registered copy of NLREG that may not be redistributed.

Number of observations = 9
Maximum allowed number of iterations = 500
Convergence tolerance factor = 1.000000E-010
Stopped due to: Both parameter and relative function convergence.
Number of iterations performed = 11
Final sum of squared deviations = 1.1960528E-001
Final sum of deviations = -2.3133110E-001
Standard error of estimate = 0.122273
Average deviation = 0.0973019
Maximum deviation for any observation = 0.195965
Proportion of variance explained (R^2) = 0.1626  (16.26%)
Adjusted coefficient of multiple determination (Ra^2) = 0.1626  (16.26%)
Durbin-Watson test for autocorrelation = 1.160
Parameter values will be written to C:\Users\peleg\OneDrive\doktorát\experiment_disertace\výsledky\fin_výsl\zvukové_jednotky\KTS\stud_KTS\tokens_stud_KTS\vysl_trunc_KTS_tokens_stud\param_trunc_tokens_stud_06.par
Analysis completed 21-Feb-2023 07:46.  Runtime = 0.00 seconds.


             ----  Descriptive Statistics for Variables  ----

 Variable    Minimum value   Maximum value    Mean value     Standard dev.
----------  --------------  --------------  --------------  --------------
         x               1           10.08            5.12        2.951203
         y            3.03            3.49        3.175556       0.1336143


                   ----  Calculated Parameter Values  ----

 Parameter  Initial guess   Final estimate   Standard error      t      Prob(t)
----------  -------------  ----------------  --------------  ---------  -------
         b              1     -0.0608044875      0.00821003      -7.41  0.00008

