   1: variable x,y;
   2: parameter b;
   3: function y=3.33*(x^b);
   4: Plot xlabel="x-Achse",ylabel="y-Achse";
   5: data;

Beginning computation...
Stopped due to: Relative function convergence.


   ----  Final Results  ----

NLREG version 5.4
Copyright (c) 1992-2002 Phillip H. Sherrod.  All rights reserved.
This is a registered copy of NLREG that may not be redistributed.

Number of observations = 7
Maximum allowed number of iterations = 500
Convergence tolerance factor = 1.000000E-010
Stopped due to: Relative function convergence.
Number of iterations performed = 10
Final sum of squared deviations = 3.4439698E-002
Final sum of deviations = -4.1685550E-002
Standard error of estimate = 0.0757625
Average deviation = 0.048093
Maximum deviation for any observation = 0.127223
Proportion of variance explained (R^2) = 0.8191  (81.91%)
Adjusted coefficient of multiple determination (Ra^2) = 0.8191  (81.91%)
Durbin-Watson test for autocorrelation = 2.625
Parameter values will be written to C:\Users\peleg\OneDrive\doktorát\experiment_disertace\výsledky\fin_výsl\zvukové_jednotky\KTS\stud_KTS\tokens_stud_KTS\vysl_trunc_KTS_tokens_stud\param_trunc_tokens_stud_10.par
Analysis completed 21-Feb-2023 07:46.  Runtime = 0.00 seconds.


             ----  Descriptive Statistics for Variables  ----

 Variable    Minimum value   Maximum value    Mean value     Standard dev.
----------  --------------  --------------  --------------  --------------
         x               1            8.69        4.241429          2.6009
         y            2.82            3.33        3.017143       0.1781118


                   ----  Calculated Parameter Values  ----

 Parameter  Initial guess   Final estimate   Standard error      t      Prob(t)
----------  -------------  ----------------  --------------  ---------  -------
         b              1     -0.0785570444     0.006937554     -11.32  0.00003

