   1: variable x,y;
   2: parameter a,b,c;
   3: function y=a*(x^b)*exp(c*x);
   4: Plot xlabel="x-Achse",ylabel="y-Achse";
   5: data;

Beginning computation...
Stopped due to: Relative function convergence.


   ----  Final Results  ----

NLREG version 5.4
Copyright (c) 1992-2002 Phillip H. Sherrod.  All rights reserved.
This is a registered copy of NLREG that may not be redistributed.

Number of observations = 8
Maximum allowed number of iterations = 500
Convergence tolerance factor = 1.000000E-010
Stopped due to: Relative function convergence.
Number of iterations performed = 35
Final sum of squared deviations = 2.2864081E-002
Final sum of deviations = -8.2201537E-004
Standard error of estimate = 0.0676226
Average deviation = 0.0495521
Maximum deviation for any observation = 0.0870932
Proportion of variance explained (R^2) = 0.8813  (88.13%)
Adjusted coefficient of multiple determination (Ra^2) = 0.8339  (83.39%)
Durbin-Watson test for autocorrelation = 1.231
Parameter values will be written to C:\Users\peleg\OneDrive\doktorát\experiment_disertace\výsledky\fin_výsl\syntax\typ2\FSM2_oprava\pov_FSM2\vysl_compl_FSM2_pov\param_compl_FSM2_pov_04.par
Analysis completed  4-Apr-2023 16:33.  Runtime = 0.00 seconds.


             ----  Descriptive Statistics for Variables  ----

 Variable    Minimum value   Maximum value    Mean value     Standard dev.
----------  --------------  --------------  --------------  --------------
         x               1            11.8          5.0375        3.453337
         y            1.81            2.31         2.19875        0.165912


                   ----  Calculated Parameter Values  ----

 Parameter  Initial guess   Final estimate   Standard error      t      Prob(t)
----------  -------------  ----------------  --------------  ---------  -------
         a              1        1.94112571      0.05278139      36.78  0.00001
         b              1       0.227787735      0.04333055       5.26  0.00331
         c              1     -0.0382342465     0.009451614      -4.05  0.00987


                  ----  Analysis of Variance  ----

  Source     DF   Sum of Squares    Mean Square    F value   Prob(F)
----------  ----  --------------  --------------  ---------  -------
Regression     2       0.1698234      0.08491171      18.57  0.00485
Error          5      0.02286408     0.004572816
Total          7       0.1926875

