   1: variable x,y;
   2: parameter a,b,c;
   3: function y=a*(x^b)*exp(-c*x);
   4: Plot xlabel="x-Achse",ylabel="y-Achse";
   5: data;

Beginning computation...
Stopped due to: Relative function convergence.


   ----  Final Results  ----

NLREG version 5.4
Copyright (c) 1992-2002 Phillip H. Sherrod.  All rights reserved.
This is a registered copy of NLREG that may not be redistributed.

Number of observations = 7
Maximum allowed number of iterations = 500
Convergence tolerance factor = 1.000000E-010
Stopped due to: Relative function convergence.
Number of iterations performed = 13
Final sum of squared deviations = 1.0501668E-001
Final sum of deviations = -6.9958993E-004
Standard error of estimate = 0.162031
Average deviation = 0.105302
Maximum deviation for any observation = 0.233384
Proportion of variance explained (R^2) = 0.5340  (53.40%)
Adjusted coefficient of multiple determination (Ra^2) = 0.3010  (30.10%)
Durbin-Watson test for autocorrelation = 2.094
Parameter values will be written to C:\Users\peleg\OneDrive\doktorát\experiment_disertace\výsledky\fin_výsl\syntax\typ2\FSM2\pov_FSM2\vysl_compl_FSM2_pov_minus_c\param_compl_FSM2_pov_05_minus_c.par
Analysis completed 13-Apr-2023 16:00.  Runtime = 0.00 seconds.


             ----  Descriptive Statistics for Variables  ----

 Variable    Minimum value   Maximum value    Mean value     Standard dev.
----------  --------------  --------------  --------------  --------------
         x               1            8.41        4.201429        2.522039
         y            1.79            2.37        2.132857       0.1937967


                   ----  Calculated Parameter Values  ----

 Parameter  Initial guess   Final estimate   Standard error      t      Prob(t)
----------  -------------  ----------------  --------------  ---------  -------
         a              1        1.92300145       0.1285866      14.95  0.00012
         b              1       0.222296405       0.1452009       1.53  0.20053
         c              1      0.0416283348      0.03999301       1.04  0.35670


                  ----  Analysis of Variance  ----

  Source     DF   Sum of Squares    Mean Square    F value   Prob(F)
----------  ----  --------------  --------------  ---------  -------
Regression     2       0.1203262      0.06016309       2.29  0.21718
Error          4       0.1050167      0.02625417
Total          6       0.2253429

