   1: variable x,y;
   2: parameter a,b,c;
   3: function y=a*(x^b)*exp(-c*x);
   4: Plot xlabel="x-Achse",ylabel="y-Achse";
   5: data;

Beginning computation...
Stopped due to: Both parameter and relative function convergence.


   ----  Final Results  ----

NLREG version 5.4
Copyright (c) 1992-2002 Phillip H. Sherrod.  All rights reserved.
This is a registered copy of NLREG that may not be redistributed.

Number of observations = 6
Maximum allowed number of iterations = 500
Convergence tolerance factor = 1.000000E-010
Stopped due to: Both parameter and relative function convergence.
Number of iterations performed = 13
Final sum of squared deviations = 3.3117891E-002
Final sum of deviations = -4.6317839E-004
Standard error of estimate = 0.105068
Average deviation = 0.0640157
Maximum deviation for any observation = 0.116989
Proportion of variance explained (R^2) = 0.8664  (86.64%)
Adjusted coefficient of multiple determination (Ra^2) = 0.7773  (77.73%)
Durbin-Watson test for autocorrelation = 2.718
Parameter values will be written to C:\Users\peleg\OneDrive\doktorát\experiment_disertace\výsledky\fin_výsl\syntax\typ2\FSM2\pov_FSM2\vysl_compl_FSM2_pov_minus_c\param_compl_FSM2_pov_02_minus_c.par
Analysis completed 13-Apr-2023 16:00.  Runtime = 0.00 seconds.


             ----  Descriptive Statistics for Variables  ----

 Variable    Minimum value   Maximum value    Mean value     Standard dev.
----------  --------------  --------------  --------------  --------------
         x               1            8.37           3.895         2.60886
         y            1.81            2.38        2.128333       0.2226582


                   ----  Calculated Parameter Values  ----

 Parameter  Initial guess   Final estimate   Standard error      t      Prob(t)
----------  -------------  ----------------  --------------  ---------  -------
         a              1        2.03261324      0.08922592      22.78  0.00019
         b              1       0.409713762      0.09708967       4.22  0.02432
         c              1       0.110406949      0.02730945       4.04  0.02724


                  ----  Analysis of Variance  ----

  Source     DF   Sum of Squares    Mean Square    F value   Prob(F)
----------  ----  --------------  --------------  ---------  -------
Regression     2       0.2147654       0.1073827       9.73  0.04883
Error          3      0.03311789       0.0110393
Total          5       0.2478833

