   1: variable x,y;
   2: parameter a,b,c;
   3: function y=a*(x^b)*exp(-c*x);
   4: Plot xlabel="x-Achse",ylabel="y-Achse";
   5: data;

Beginning computation...
Stopped due to: Both parameter and relative function convergence.


   ----  Final Results  ----

NLREG version 5.4
Copyright (c) 1992-2002 Phillip H. Sherrod.  All rights reserved.
This is a registered copy of NLREG that may not be redistributed.

Number of observations = 12
Maximum allowed number of iterations = 500
Convergence tolerance factor = 1.000000E-010
Stopped due to: Both parameter and relative function convergence.
Number of iterations performed = 12
Final sum of squared deviations = 9.3675829E-002
Final sum of deviations = -9.7890239E-004
Standard error of estimate = 0.102022
Average deviation = 0.0758647
Maximum deviation for any observation = 0.150487
Proportion of variance explained (R^2) = 0.6125  (61.25%)
Adjusted coefficient of multiple determination (Ra^2) = 0.5264  (52.64%)
Durbin-Watson test for autocorrelation = 1.759
Parameter values will be written to C:\Users\peleg\OneDrive\doktorát\experiment_disertace\výsledky\fin_výsl\syntax\typ2\FSM2\pov_FSM2\vysl_compl_FSM2_pov_minus_c\param_compl_FSM2_pov_slouè_minus_c.par
Analysis completed 13-Apr-2023 16:00.  Runtime = 0.00 seconds.


             ----  Descriptive Statistics for Variables  ----

 Variable    Minimum value   Maximum value    Mean value     Standard dev.
----------  --------------  --------------  --------------  --------------
         x               1           16.11        6.981667        4.446214
         y            1.82            2.36        2.228333       0.1482524


                   ----  Calculated Parameter Values  ----

 Parameter  Initial guess   Final estimate   Standard error      t      Prob(t)
----------  -------------  ----------------  --------------  ---------  -------
         a              1        1.97352596      0.07771552      25.39  0.00001
         b              1       0.162885461      0.04876319       3.34  0.00866
         c              1      0.0225120572     0.008528086       2.64  0.02692


                  ----  Analysis of Variance  ----

  Source     DF   Sum of Squares    Mean Square    F value   Prob(F)
----------  ----  --------------  --------------  ---------  -------
Regression     2       0.1480908      0.07404542       7.11  0.01403
Error          9      0.09367583      0.01040843
Total         11       0.2417667

