   1: variable x,y;
   2: parameter a,b,c;
   3: function y=a*(x^b)*exp(c*x);
   4: Plot xlabel="x-Achse",ylabel="y-Achse";
   5: data;

Beginning computation...
Stopped due to: Relative function convergence.


   ----  Final Results  ----

NLREG version 5.4
Copyright (c) 1992-2002 Phillip H. Sherrod.  All rights reserved.
This is a registered copy of NLREG that may not be redistributed.

Number of observations = 6
Maximum allowed number of iterations = 500
Convergence tolerance factor = 1.000000E-010
Stopped due to: Relative function convergence.
Number of iterations performed = 20
Final sum of squared deviations = 1.9816517E-002
Final sum of deviations = 6.0918979E-004
Standard error of estimate = 0.0812743
Average deviation = 0.0503799
Maximum deviation for any observation = 0.103991
Proportion of variance explained (R^2) = 0.9208  (92.08%)
Adjusted coefficient of multiple determination (Ra^2) = 0.8680  (86.80%)
Durbin-Watson test for autocorrelation = 3.320
Parameter values will be written to C:\Users\peleg\OneDrive\doktorát\experiment_disertace\výsledky\fin_výsl\syntax\typ2\FSM2_oprava\pov_FSM2\vysl_compl_FSM2_pov\param_compl_FSM2_pov_10.par
Analysis completed  4-Apr-2023 16:33.  Runtime = 0.00 seconds.


             ----  Descriptive Statistics for Variables  ----

 Variable    Minimum value   Maximum value    Mean value     Standard dev.
----------  --------------  --------------  --------------  --------------
         x               1            8.07        3.943333        2.571915
         y            1.83            2.48           2.205       0.2236739


                   ----  Calculated Parameter Values  ----

 Parameter  Initial guess   Final estimate   Standard error      t      Prob(t)
----------  -------------  ----------------  --------------  ---------  -------
         a              1         1.9199499       0.0649012      29.58  0.00008
         b              1       0.329413781      0.07712821       4.27  0.02356
         c              1     -0.0632900546      0.02130891      -2.97  0.05906


                  ----  Analysis of Variance  ----

  Source     DF   Sum of Squares    Mean Square    F value   Prob(F)
----------  ----  --------------  --------------  ---------  -------
Regression     2       0.2303335       0.1151667      17.43  0.02230
Error          3      0.01981652     0.006605506
Total          5         0.25015

