   1: variable x,y;
   2: parameter a,b,c;
   3: function y=a*(x^b)*exp(c*x);
   4: Plot xlabel="x-Achse",ylabel="y-Achse";
   5: data;

Beginning computation...
Stopped due to: Relative function convergence.


   ----  Final Results  ----

NLREG version 5.4
Copyright (c) 1992-2002 Phillip H. Sherrod.  All rights reserved.
This is a registered copy of NLREG that may not be redistributed.

Number of observations = 5
Maximum allowed number of iterations = 500
Convergence tolerance factor = 1.000000E-010
Stopped due to: Relative function convergence.
Number of iterations performed = 14
Final sum of squared deviations = 1.9684666E-003
Final sum of deviations = 1.4618338E-004
Standard error of estimate = 0.0313725
Average deviation = 0.0174297
Maximum deviation for any observation = 0.030321
Proportion of variance explained (R^2) = 0.9958  (99.58%)
Adjusted coefficient of multiple determination (Ra^2) = 0.9916  (99.16%)
Durbin-Watson test for autocorrelation = 2.507
Parameter values will be written to C:\Users\peleg\OneDrive\doktorát\experiment_disertace\výsledky\fin_výsl\slovo_slabika_foném\dop_SSF\types_dop_SSF\vysl_compl_SSF_types_dop\param_compl_types_dop_slouè.par
Analysis completed  9-Mar-2023 13:16.  Runtime = 0.00 seconds.


             ----  Descriptive Statistics for Variables  ----

 Variable    Minimum value   Maximum value    Mean value     Standard dev.
----------  --------------  --------------  --------------  --------------
         x               1            5.15            3.03        1.629264
         y            2.22            3.09           2.526       0.3415113


                   ----  Calculated Parameter Values  ----

 Parameter  Initial guess   Final estimate   Standard error      t      Prob(t)
----------  -------------  ----------------  --------------  ---------  -------
         a              1         2.9495178      0.04577695      64.43  0.00024
         b              1      -0.307504965      0.03947583      -7.79  0.01608
         c              1      0.0443550656      0.01630975       2.72  0.11279


                  ----  Analysis of Variance  ----

  Source     DF   Sum of Squares    Mean Square    F value   Prob(F)
----------  ----  --------------  --------------  ---------  -------
Regression     2       0.4645515       0.2322758     236.00  0.00422
Error          2     0.001968467    0.0009842333
Total          4         0.46652

