   1: variable x,y;
   2: parameter a,b,c;
   3: function y=a*(x^b)*exp(c*x);
   4: Plot xlabel="x-Achse",ylabel="y-Achse";
   5: data;

Beginning computation...
Stopped due to: Both parameter and relative function convergence.


   ----  Final Results  ----

NLREG version 5.4
Copyright (c) 1992-2002 Phillip H. Sherrod.  All rights reserved.
This is a registered copy of NLREG that may not be redistributed.

Number of observations = 4
Maximum allowed number of iterations = 500
Convergence tolerance factor = 1.000000E-010
Stopped due to: Both parameter and relative function convergence.
Number of iterations performed = 14
Final sum of squared deviations = 5.2258183E-003
Final sum of deviations = -1.4616389E-004
Standard error of estimate = 0.0722898
Average deviation = 0.0313136
Maximum deviation for any observation = 0.0542056
Proportion of variance explained (R^2) = 0.9711  (97.11%)
Adjusted coefficient of multiple determination (Ra^2) = 0.9134  (91.34%)
Durbin-Watson test for autocorrelation = 3.347
Parameter values will be written to C:\Users\peleg\OneDrive\doktorát\experiment_disertace\výsledky\fin_výsl\slovo_slabika_foném\dop_SSF\types_dop_SSF\vysl_compl_SSF_types_dop\param_compl_types_dop_07.par
Analysis completed  9-Mar-2023 13:16.  Runtime = 0.02 seconds.


             ----  Descriptive Statistics for Variables  ----

 Variable    Minimum value   Maximum value    Mean value     Standard dev.
----------  --------------  --------------  --------------  --------------
         x               1            4.19          2.5475        1.365903
         y            2.32            2.88          2.5325       0.2456793


                   ----  Calculated Parameter Values  ----

 Parameter  Initial guess   Final estimate   Standard error      t      Prob(t)
----------  -------------  ----------------  --------------  ---------  -------
         a              1        2.57740048       0.1418503      18.17  0.03500
         b              1      -0.385924037        0.126979      -3.04  0.20236
         c              1       0.113954151       0.0586701       1.94  0.30269


                  ----  Analysis of Variance  ----

  Source     DF   Sum of Squares    Mean Square    F value   Prob(F)
----------  ----  --------------  --------------  ---------  -------
Regression     2       0.1758492      0.08792459      16.83  0.16988
Error          1     0.005225818     0.005225818
Total          3        0.181075

