   1: variable x,y;
   2: parameter a,b,c;
   3: function y=a*(x^b)*exp(c*x);
   4: Plot xlabel="x-Achse",ylabel="y-Achse";
   5: data;

Beginning computation...
Stopped due to: Both parameter and relative function convergence.


   ----  Final Results  ----

NLREG version 5.4
Copyright (c) 1992-2002 Phillip H. Sherrod.  All rights reserved.
This is a registered copy of NLREG that may not be redistributed.

Number of observations = 4
Maximum allowed number of iterations = 500
Convergence tolerance factor = 1.000000E-010
Stopped due to: Both parameter and relative function convergence.
Number of iterations performed = 14
Final sum of squared deviations = 1.0848382E-006
Final sum of deviations = 1.2444808E-006
Standard error of estimate = 0.00104156
Average deviation = 0.00045103
Maximum deviation for any observation = 0.000766715
Proportion of variance explained (R^2) = 1.0000  (100.00%)
Adjusted coefficient of multiple determination (Ra^2) = 1.0000  (100.00%)
Durbin-Watson test for autocorrelation = 3.355
Parameter values will be written to C:\Users\peleg\OneDrive\doktorát\experiment_disertace\výsledky\fin_výsl\slovo_slabika_foném\dop_SSF\types_dop_SSF\vysl_compl_SSF_types_dop\param_compl_types_dop_05.par
Analysis completed  9-Mar-2023 13:16.  Runtime = 0.00 seconds.


             ----  Descriptive Statistics for Variables  ----

 Variable    Minimum value   Maximum value    Mean value     Standard dev.
----------  --------------  --------------  --------------  --------------
         x               1            4.36            2.59        1.434945
         y            2.34            2.77          2.4875       0.1963628


                   ----  Calculated Parameter Values  ----

 Parameter  Initial guess   Final estimate   Standard error      t      Prob(t)
----------  -------------  ----------------  --------------  ---------  -------
         a              1        2.60818291     0.001903724    1370.04  0.00046
         b              1      -0.251700039     0.001741553    -144.53  0.00440
         c              1       0.060144458    0.0007821652      76.89  0.00828


                  ----  Analysis of Variance  ----

  Source     DF   Sum of Squares    Mean Square    F value   Prob(F)
----------  ----  --------------  --------------  ---------  -------
Regression     2       0.1156739      0.05783696   53313.90  0.00306
Error          1   1.084838E-006   1.084838E-006
Total          3        0.115675

