   1: variable x,y;
   2: parameter a,b,c;
   3: function y=a*(x^b)*exp(c*x);
   4: Plot xlabel="x-Achse",ylabel="y-Achse";
   5: data;

Beginning computation...
Stopped due to: Both parameter and relative function convergence.


   ----  Final Results  ----

NLREG version 5.4
Copyright (c) 1992-2002 Phillip H. Sherrod.  All rights reserved.
This is a registered copy of NLREG that may not be redistributed.

Number of observations = 4
Maximum allowed number of iterations = 500
Convergence tolerance factor = 1.000000E-010
Stopped due to: Both parameter and relative function convergence.
Number of iterations performed = 13
Final sum of squared deviations = 5.3184240E-005
Final sum of deviations = 8.1347726E-006
Standard error of estimate = 0.00729275
Average deviation = 0.00321145
Maximum deviation for any observation = 0.0054071
Proportion of variance explained (R^2) = 0.9986  (99.86%)
Adjusted coefficient of multiple determination (Ra^2) = 0.9958  (99.58%)
Durbin-Watson test for autocorrelation = 3.364
Parameter values will be written to C:\Users\peleg\OneDrive\doktorát\experiment_disertace\výsledky\fin_výsl\slovo_slabika_foném\dop_SSF\tokens_dop_SSF\vysl_compl_SSF_tokens_dop\param_compl_tokens_dop_09.par
Analysis completed  9-Mar-2023 13:16.  Runtime = 0.00 seconds.


             ----  Descriptive Statistics for Variables  ----

 Variable    Minimum value   Maximum value    Mean value     Standard dev.
----------  --------------  --------------  --------------  --------------
         x               1            4.19          2.5475        1.365903
         y            2.24             2.5          2.3975       0.1126573


                   ----  Calculated Parameter Values  ----

 Parameter  Initial guess   Final estimate   Standard error      t      Prob(t)
----------  -------------  ----------------  --------------  ---------  -------
         a              1        2.74776046       0.0155839     176.32  0.00361
         b              1       0.190958087      0.01351376      14.13  0.04498
         c              1      -0.114285313     0.006171016     -18.52  0.03434


                  ----  Analysis of Variance  ----

  Source     DF   Sum of Squares    Mean Square    F value   Prob(F)
----------  ----  --------------  --------------  ---------  -------
Regression     2      0.03802182      0.01901091     357.45  0.03737
Error          1   5.318424E-005   5.318424E-005
Total          3        0.038075

