   1: variable x,y;
   2: parameter a,b,c;
   3: function y=a*(x^b)*exp(c*x);
   4: Plot xlabel="x-Achse",ylabel="y-Achse";
   5: data;

Beginning computation...
Stopped due to: Relative function convergence.


   ----  Final Results  ----

NLREG version 5.4
Copyright (c) 1992-2002 Phillip H. Sherrod.  All rights reserved.
This is a registered copy of NLREG that may not be redistributed.

Number of observations = 4
Maximum allowed number of iterations = 500
Convergence tolerance factor = 1.000000E-010
Stopped due to: Relative function convergence.
Number of iterations performed = 13
Final sum of squared deviations = 7.2292352E-005
Final sum of deviations = -2.7928154E-007
Standard error of estimate = 0.00850249
Average deviation = 0.00370139
Maximum deviation for any observation = 0.00615119
Proportion of variance explained (R^2) = 0.9620  (96.20%)
Adjusted coefficient of multiple determination (Ra^2) = 0.8859  (88.59%)
Durbin-Watson test for autocorrelation = 3.366
Parameter values will be written to C:\Users\peleg\OneDrive\doktorát\experiment_disertace\výsledky\fin_výsl\slovo_slabika_foném\dop_SSF\tokens_dop_SSF\vysl_compl_SSF_tokens_dop\param_compl_tokens_dop_05.par
Analysis completed  9-Mar-2023 13:16.  Runtime = 0.00 seconds.


             ----  Descriptive Statistics for Variables  ----

 Variable    Minimum value   Maximum value    Mean value     Standard dev.
----------  --------------  --------------  --------------  --------------
         x               1            4.37          2.5925        1.439059
         y            2.35            2.41           2.375      0.02516611


                   ----  Calculated Parameter Values  ----

 Parameter  Initial guess   Final estimate   Standard error      t      Prob(t)
----------  -------------  ----------------  --------------  ---------  -------
         a              1        2.36624011       0.0143024     165.44  0.00385
         b              1     -0.0553462639      0.01493997      -3.70  0.16785
         c              1      0.0188437581     0.006568455       2.87  0.21353


                  ----  Analysis of Variance  ----

  Source     DF   Sum of Squares    Mean Square    F value   Prob(F)
----------  ----  --------------  --------------  ---------  -------
Regression     2     0.001827708    0.0009138538      12.64  0.19506
Error          1   7.229235E-005   7.229235E-005
Total          3          0.0019

