   1: variable x,y;
   2: parameter a,b,c;
   3: function y=a*(x^b)*exp(c*x);
   4: Plot xlabel="x-Achse",ylabel="y-Achse";
   5: data;

Beginning computation...
Stopped due to: Relative function convergence.


   ----  Final Results  ----

NLREG version 5.4
Copyright (c) 1992-2002 Phillip H. Sherrod.  All rights reserved.
This is a registered copy of NLREG that may not be redistributed.

Number of observations = 4
Maximum allowed number of iterations = 500
Convergence tolerance factor = 1.000000E-010
Stopped due to: Relative function convergence.
Number of iterations performed = 13
Final sum of squared deviations = 6.0668273E-005
Final sum of deviations = 9.3110406E-006
Standard error of estimate = 0.00778898
Average deviation = 0.00338721
Maximum deviation for any observation = 0.0058518
Proportion of variance explained (R^2) = 0.9996  (99.96%)
Adjusted coefficient of multiple determination (Ra^2) = 0.9989  (99.89%)
Durbin-Watson test for autocorrelation = 3.348
Parameter values will be written to C:\Users\peleg\OneDrive\doktorát\experiment_disertace\výsledky\fin_výsl\slovo_slabika_foném\dop_SSF\types_dop_SSF\vysl_compl_SSF_types_dop\param_compl_types_dop_01.par
Analysis completed  9-Mar-2023 13:16.  Runtime = 0.00 seconds.


             ----  Descriptive Statistics for Variables  ----

 Variable    Minimum value   Maximum value    Mean value     Standard dev.
----------  --------------  --------------  --------------  --------------
         x               1            4.18           2.545        1.361898
         y             2.3            2.83          2.4975       0.2351418


                   ----  Calculated Parameter Values  ----

 Parameter  Initial guess   Final estimate   Standard error      t      Prob(t)
----------  -------------  ----------------  --------------  ---------  -------
         a              1        2.69642886      0.01626168     165.81  0.00384
         b              1      -0.250837072      0.01388799     -18.06  0.03521
         c              1      0.0480207419     0.006442104       7.45  0.08490


                  ----  Analysis of Variance  ----

  Source     DF   Sum of Squares    Mean Square    F value   Prob(F)
----------  ----  --------------  --------------  ---------  -------
Regression     2       0.1658143      0.08290717    1366.57  0.01912
Error          1   6.066827E-005   6.066827E-005
Total          3        0.165875

