   1: variable x,y;
   2: parameter a,b,c;
   3: function y=a*(x^b)*exp(c*x);
   4: Plot xlabel="x-Achse",ylabel="y-Achse";
   5: data;

Beginning computation...
Stopped due to: Relative function convergence.


   ----  Final Results  ----

NLREG version 5.4
Copyright (c) 1992-2002 Phillip H. Sherrod.  All rights reserved.
This is a registered copy of NLREG that may not be redistributed.

Number of observations = 4
Maximum allowed number of iterations = 500
Convergence tolerance factor = 1.000000E-010
Stopped due to: Relative function convergence.
Number of iterations performed = 14
Final sum of squared deviations = 2.0314742E-003
Final sum of deviations = 3.5141354E-006
Standard error of estimate = 0.0450719
Average deviation = 0.0196814
Maximum deviation for any observation = 0.0331478
Proportion of variance explained (R^2) = 0.9382  (93.82%)
Adjusted coefficient of multiple determination (Ra^2) = 0.8146  (81.46%)
Durbin-Watson test for autocorrelation = 3.363
Parameter values will be written to C:\Users\peleg\OneDrive\doktorát\experiment_disertace\výsledky\fin_výsl\slovo_slabika_foném\dop_SSF\tokens_dop_SSF\vysl_compl_SSF_tokens_dop\param_compl_tokens_dop_04.par
Analysis completed  9-Mar-2023 13:16.  Runtime = 0.00 seconds.


             ----  Descriptive Statistics for Variables  ----

 Variable    Minimum value   Maximum value    Mean value     Standard dev.
----------  --------------  --------------  --------------  --------------
         x               1            4.29          2.5725        1.406304
         y            2.25            2.47          2.3525       0.1046821


                   ----  Calculated Parameter Values  ----

 Parameter  Initial guess   Final estimate   Standard error      t      Prob(t)
----------  -------------  ----------------  --------------  ---------  -------
         a              1        2.51854827      0.08582447      29.35  0.02169
         b              1     -0.0311456165      0.08187821      -0.38  0.76860
         c              1     -0.0169521396      0.03686018      -0.46  0.72558


                  ----  Analysis of Variance  ----

  Source     DF   Sum of Squares    Mean Square    F value   Prob(F)
----------  ----  --------------  --------------  ---------  -------
Regression     2      0.03084353      0.01542176       7.59  0.24858
Error          1     0.002031474     0.002031474
Total          3        0.032875

