   1: variable x,y;
   2: parameter a,b,c;
   3: function y=a*(x^b)*exp(c*x);
   4: Plot xlabel="x-Achse",ylabel="y-Achse";
   5: data;

Beginning computation...
Stopped due to: Both parameter and relative function convergence.


   ----  Final Results  ----

NLREG version 5.4
Copyright (c) 1992-2002 Phillip H. Sherrod.  All rights reserved.
This is a registered copy of NLREG that may not be redistributed.

Number of observations = 4
Maximum allowed number of iterations = 500
Convergence tolerance factor = 1.000000E-010
Stopped due to: Both parameter and relative function convergence.
Number of iterations performed = 14
Final sum of squared deviations = 7.6851555E-003
Final sum of deviations = 4.0943855E-006
Standard error of estimate = 0.087665
Average deviation = 0.0384632
Maximum deviation for any observation = 0.0640048
Proportion of variance explained (R^2) = 0.3259  (32.59%)
Adjusted coefficient of multiple determination (Ra^2) = -1.0224  (-102.24%)
Durbin-Watson test for autocorrelation = 3.370
Parameter values will be written to C:\Users\peleg\OneDrive\doktorát\experiment_disertace\výsledky\fin_výsl\slovo_slabika_foném\dop_SSF\tokens_dop_SSF\vysl_compl_SSF_tokens_dop\param_compl_tokens_dop_02.par
Analysis completed  9-Mar-2023 13:16.  Runtime = 0.00 seconds.


             ----  Descriptive Statistics for Variables  ----

 Variable    Minimum value   Maximum value    Mean value     Standard dev.
----------  --------------  --------------  --------------  --------------
         x               1            4.26           2.565        1.394119
         y            2.43            2.56            2.47      0.06164414


                   ----  Calculated Parameter Values  ----

 Parameter  Initial guess   Final estimate   Standard error      t      Prob(t)
----------  -------------  ----------------  --------------  ---------  -------
         a              1        2.56301419       0.1616637      15.85  0.04010
         b              1       0.106203196       0.1544078       0.69  0.61644
         c              1     -0.0479901188      0.06892641      -0.70  0.61280


                  ----  Analysis of Variance  ----

  Source     DF   Sum of Squares    Mean Square    F value   Prob(F)
----------  ----  --------------  --------------  ---------  -------
Regression     2     0.003714845     0.001857422       0.24  0.82106
Error          1     0.007685155     0.007685155
Total          3          0.0114

