   1: variable x,y;
   2: parameter a,b,c;
   3: function y=a*(x^b)*exp(c*x);
   4: Plot xlabel="x-Achse",ylabel="y-Achse";
   5: data;

Beginning computation...
Stopped due to: Relative function convergence.


   ----  Final Results  ----

NLREG version 5.4
Copyright (c) 1992-2002 Phillip H. Sherrod.  All rights reserved.
This is a registered copy of NLREG that may not be redistributed.

Number of observations = 4
Maximum allowed number of iterations = 500
Convergence tolerance factor = 1.000000E-010
Stopped due to: Relative function convergence.
Number of iterations performed = 13
Final sum of squared deviations = 6.0842490E-003
Final sum of deviations = -2.5867134E-005
Standard error of estimate = 0.0780016
Average deviation = 0.0340003
Maximum deviation for any observation = 0.0579897
Proportion of variance explained (R^2) = 0.9342  (93.42%)
Adjusted coefficient of multiple determination (Ra^2) = 0.8026  (80.26%)
Durbin-Watson test for autocorrelation = 3.356
Parameter values will be written to C:\Users\peleg\OneDrive\doktorát\experiment_disertace\výsledky\fin_výsl\slovo_slabika_foném\dop_SSF\tokens_dop_SSF\vysl_compl_SSF_tokens_dop\param_compl_tokens_dop_08.par
Analysis completed  9-Mar-2023 13:16.  Runtime = 0.00 seconds.


             ----  Descriptive Statistics for Variables  ----

 Variable    Minimum value   Maximum value    Mean value     Standard dev.
----------  --------------  --------------  --------------  --------------
         x               1            4.24            2.56        1.386025
         y             2.3            2.66          2.4425       0.1755705


                   ----  Calculated Parameter Values  ----

 Parameter  Initial guess   Final estimate   Standard error      t      Prob(t)
----------  -------------  ----------------  --------------  ---------  -------
         a              1        2.64900899       0.1563851      16.94  0.03754
         b              1      -0.127507733       0.1388377      -0.92  0.52706
         c              1      0.0079018013       0.0634539       0.12  0.92113


                  ----  Analysis of Variance  ----

  Source     DF   Sum of Squares    Mean Square    F value   Prob(F)
----------  ----  --------------  --------------  ---------  -------
Regression     2      0.08639075      0.04319538       7.10  0.25650
Error          1     0.006084249     0.006084249
Total          3        0.092475

