   1: variable x,y;
   2: parameter a,b,c;
   3: function y=a*(x^b)*exp(c*x);
   4: Plot xlabel="x-Achse",ylabel="y-Achse";
   5: data;

Beginning computation...
Stopped due to: Both parameter and relative function convergence.


   ----  Final Results  ----

NLREG version 5.4
Copyright (c) 1992-2002 Phillip H. Sherrod.  All rights reserved.
This is a registered copy of NLREG that may not be redistributed.

Number of observations = 4
Maximum allowed number of iterations = 500
Convergence tolerance factor = 1.000000E-010
Stopped due to: Both parameter and relative function convergence.
Number of iterations performed = 14
Final sum of squared deviations = 4.1660160E-004
Final sum of deviations = 1.6957830E-005
Standard error of estimate = 0.0204108
Average deviation = 0.00888872
Maximum deviation for any observation = 0.015296
Proportion of variance explained (R^2) = 0.9963  (99.63%)
Adjusted coefficient of multiple determination (Ra^2) = 0.9889  (98.89%)
Durbin-Watson test for autocorrelation = 3.351
Parameter values will be written to C:\Users\peleg\OneDrive\doktorát\experiment_disertace\výsledky\fin_výsl\slovo_slabika_foném\dop_SSF\types_dop_SSF\vysl_compl_SSF_types_dop\param_compl_types_dop_10.par
Analysis completed  9-Mar-2023 13:16.  Runtime = 0.00 seconds.


             ----  Descriptive Statistics for Variables  ----

 Variable    Minimum value   Maximum value    Mean value     Standard dev.
----------  --------------  --------------  --------------  --------------
         x               1            4.17          2.5425          1.3579
         y            2.36             2.8           2.525       0.1933046


                   ----  Calculated Parameter Values  ----

 Parameter  Initial guess   Final estimate   Standard error      t      Prob(t)
----------  -------------  ----------------  --------------  ---------  -------
         a              1        2.68384717      0.04189514      64.06  0.00994
         b              1      -0.209455216      0.03616557      -5.79  0.10885
         c              1      0.0414784997      0.01672505       2.48  0.24400


                  ----  Analysis of Variance  ----

  Source     DF   Sum of Squares    Mean Square    F value   Prob(F)
----------  ----  --------------  --------------  ---------  -------
Regression     2       0.1116834       0.0558417     134.04  0.06096
Error          1    0.0004166016    0.0004166016
Total          3          0.1121

