   1: variable x,y;
   2: parameter a,b,c;
   3: function y=a*(x^b)*exp(c*x);
   4: Plot xlabel="x-Achse",ylabel="y-Achse";
   5: data;

Beginning computation...
Stopped due to: Absolute function convergence.


   ----  Final Results  ----

NLREG version 5.4
Copyright (c) 1992-2002 Phillip H. Sherrod.  All rights reserved.
This is a registered copy of NLREG that may not be redistributed.

Number of observations = 3
Maximum allowed number of iterations = 500
Convergence tolerance factor = 1.000000E-010
Stopped due to: Absolute function convergence.
Number of iterations performed = 19
Final sum of squared deviations = 4.0707660E-024
Final sum of deviations = -2.3581137E-012
Average deviation = 7.86038E-013
Maximum deviation for any observation = 1.99663E-012
Proportion of variance explained (R^2) = 1.0000  (100.00%)
Adjusted coefficient of multiple determination (Ra^2) = 0.0000  (0.00%)
Durbin-Watson test for autocorrelation = 0.735
This Durbin-Watson value indicates autocorrelation or inappropriate function.
Parameter values will be written to C:\Users\peleg\OneDrive\doktorát\experiment_disertace\výsledky\fin_výsl\zvukové_jednotky\VKT\dop_VKT\tokens_dop_VKT\vysl_compl_VKT_tokens_dop\param_compl_tokens_dop_09.par
Analysis completed 21-Feb-2023 07:46.  Runtime = 0.00 seconds.


             ----  Descriptive Statistics for Variables  ----

 Variable    Minimum value   Maximum value    Mean value     Standard dev.
----------  --------------  --------------  --------------  --------------
         x             1.6            7.27        4.263333         2.85055
         y            2.39            2.75        2.596667       0.1858315


  ----  Calculated Parameter Values  ----

 Parameter  Initial guess   Final estimate 
----------  -------------  ----------------
         a              1        2.69506612
         b              1       0.286568974
         c              1     -0.0947197215


----  Analysis of Variance  ----

  Source     DF   Sum of Squares
----------  ----  --------------
Regression     2      0.06906667
Error          0   4.070766E-024
Total          2      0.06906667

