   1: variable x,y;
   2: parameter b;
   3: function y=1.85*(x^b);
   4: Plot xlabel="x-Achse",ylabel="y-Achse";
   5: data;

Beginning computation...
Stopped due to: Relative function convergence.


   ----  Final Results  ----

NLREG version 5.4
Copyright (c) 1992-2002 Phillip H. Sherrod.  All rights reserved.
This is a registered copy of NLREG that may not be redistributed.

Number of observations = 7
Maximum allowed number of iterations = 500
Convergence tolerance factor = 1.000000E-010
Stopped due to: Relative function convergence.
Number of iterations performed = 8
Final sum of squared deviations = 5.9999053E-002
Final sum of deviations = 5.5410084E-002
Standard error of estimate = 0.0999992
Average deviation = 0.0755671
Maximum deviation for any observation = 0.160555
Proportion of variance explained (R^2) = 0.5973  (59.73%)
Adjusted coefficient of multiple determination (Ra^2) = 0.5973  (59.73%)
Durbin-Watson test for autocorrelation = 3.198
Parameter values will be written to C:\Users\peleg\OneDrive\doktorát\experiment_disertace\výsledky\fin_výsl\syntax\typ2\FSM2_oprava\poh_FSM2\vysl_trunc_FSM2_poh\param_trunc_FSM2_poh_04.par
Analysis completed  4-Apr-2023 16:33.  Runtime = 0.00 seconds.


             ----  Descriptive Statistics for Variables  ----

 Variable    Minimum value   Maximum value    Mean value     Standard dev.
----------  --------------  --------------  --------------  --------------
         x               1            8.35        4.192857        2.505399
         y            1.85            2.32            2.09        0.157586


                   ----  Calculated Parameter Values  ----

 Parameter  Initial guess   Final estimate   Standard error      t      Prob(t)
----------  -------------  ----------------  --------------  ---------  -------
         b              1      0.0935358278      0.01233332       7.58  0.00027

