   1: variable x,y;
   2: parameter b;
   3: function y=1.83*(x^b);
   4: Plot xlabel="x-Achse",ylabel="y-Achse";
   5: data;

Beginning computation...
Stopped due to: Both parameter and relative function convergence.


   ----  Final Results  ----

NLREG version 5.4
Copyright (c) 1992-2002 Phillip H. Sherrod.  All rights reserved.
This is a registered copy of NLREG that may not be redistributed.

Number of observations = 15
Maximum allowed number of iterations = 500
Convergence tolerance factor = 1.000000E-010
Stopped due to: Both parameter and relative function convergence.
Number of iterations performed = 13
Final sum of squared deviations = 3.1252319E-001
Final sum of deviations = 4.7754960E-001
Standard error of estimate = 0.149409
Average deviation = 0.11871
Maximum deviation for any observation = 0.286281
Proportion of variance explained (R^2) = 0.0401  (4.01%)
Adjusted coefficient of multiple determination (Ra^2) = 0.0401  (4.01%)
Durbin-Watson test for autocorrelation = 1.661
Parameter values will be written to C:\Users\peleg\OneDrive\doktorát\experiment_disertace\výsledky\fin_výsl\syntax\typ2\FSM2_oprava\poh_FSM2\vysl_trunc_FSM2_poh\param_trunc_FSM2_poh_slouè.par
Analysis completed  4-Apr-2023 16:33.  Runtime = 0.00 seconds.


             ----  Descriptive Statistics for Variables  ----

 Variable    Minimum value   Maximum value    Mean value     Standard dev.
----------  --------------  --------------  --------------  --------------
         x               1           28.27        9.322667        7.141879
         y            1.83            2.49        2.175333       0.1524967


                   ----  Calculated Parameter Values  ----

 Parameter  Initial guess   Final estimate   Standard error      t      Prob(t)
----------  -------------  ----------------  --------------  ---------  -------
         b              1      0.0807050703     0.008175892       9.87  0.00001

