   1: variable x,y;
   2: parameter b;
   3: function y=1.78*(x^b);
   4: Plot xlabel="x-Achse",ylabel="y-Achse";
   5: data;

Beginning computation...
Stopped due to: Both parameter and relative function convergence.


   ----  Final Results  ----

NLREG version 5.4
Copyright (c) 1992-2002 Phillip H. Sherrod.  All rights reserved.
This is a registered copy of NLREG that may not be redistributed.

Number of observations = 8
Maximum allowed number of iterations = 500
Convergence tolerance factor = 1.000000E-010
Stopped due to: Both parameter and relative function convergence.
Number of iterations performed = 10
Final sum of squared deviations = 1.4856933E-001
Final sum of deviations = 2.8110549E-001
Standard error of estimate = 0.145685
Average deviation = 0.113038
Maximum deviation for any observation = 0.243677
Proportion of variance explained (R^2) = 0.2059  (20.59%)
Adjusted coefficient of multiple determination (Ra^2) = 0.2059  (20.59%)
Durbin-Watson test for autocorrelation = 0.674
This Durbin-Watson value indicates autocorrelation or inappropriate function.
Parameter values will be written to C:\Users\peleg\OneDrive\doktorát\experiment_disertace\výsledky\fin_výsl\syntax\typ2\FSM2_oprava\poh_FSM2\vysl_trunc_FSM2_poh\param_trunc_FSM2_poh_06.par
Analysis completed  4-Apr-2023 16:33.  Runtime = 0.00 seconds.


             ----  Descriptive Statistics for Variables  ----

 Variable    Minimum value   Maximum value    Mean value     Standard dev.
----------  --------------  --------------  --------------  --------------
         x               1           11.18          4.9425        3.267492
         y            1.78            2.29         2.10875       0.1634833


                   ----  Calculated Parameter Values  ----

 Parameter  Initial guess   Final estimate   Standard error      t      Prob(t)
----------  -------------  ----------------  --------------  ---------  -------
         b              1       0.108946911      0.01516418       7.18  0.00018

