   1: variable x,y;
   2: parameter b;
   3: function y=1.81*(x^b);
   4: Plot xlabel="x-Achse",ylabel="y-Achse";
   5: data;

Beginning computation...
Stopped due to: Both parameter and relative function convergence.


   ----  Final Results  ----

NLREG version 5.4
Copyright (c) 1992-2002 Phillip H. Sherrod.  All rights reserved.
This is a registered copy of NLREG that may not be redistributed.

Number of observations = 7
Maximum allowed number of iterations = 500
Convergence tolerance factor = 1.000000E-010
Stopped due to: Both parameter and relative function convergence.
Number of iterations performed = 10
Final sum of squared deviations = 4.7936872E-002
Final sum of deviations = 1.4053198E-001
Standard error of estimate = 0.0893839
Average deviation = 0.0674649
Maximum deviation for any observation = 0.136574
Proportion of variance explained (R^2) = 0.8950  (89.50%)
Adjusted coefficient of multiple determination (Ra^2) = 0.8950  (89.50%)
Durbin-Watson test for autocorrelation = 1.584
Parameter values will be written to C:\Users\peleg\OneDrive\doktorát\experiment_disertace\výsledky\fin_výsl\syntax\typ2\FSM2_oprava\poh_FSM2\vysl_trunc_FSM2_poh\param_trunc_FSM2_poh_03.par
Analysis completed  4-Apr-2023 16:33.  Runtime = 0.00 seconds.


             ----  Descriptive Statistics for Variables  ----

 Variable    Minimum value   Maximum value    Mean value     Standard dev.
----------  --------------  --------------  --------------  --------------
         x               1           15.64        5.234286        4.896008
         y            1.81            2.64        2.245714       0.2758537


                   ----  Calculated Parameter Values  ----

 Parameter  Initial guess   Final estimate   Standard error      t      Prob(t)
----------  -------------  ----------------  --------------  ---------  -------
         b              1        0.14964525     0.008718952      17.16  0.00001

