   1: variable x,y;
   2: parameter b;
   3: function y=1.76*(x^b);
   4: Plot xlabel="x-Achse",ylabel="y-Achse";
   5: data;

Beginning computation...
Stopped due to: Relative function convergence.


   ----  Final Results  ----

NLREG version 5.4
Copyright (c) 1992-2002 Phillip H. Sherrod.  All rights reserved.
This is a registered copy of NLREG that may not be redistributed.

Number of observations = 8
Maximum allowed number of iterations = 500
Convergence tolerance factor = 1.000000E-010
Stopped due to: Relative function convergence.
Number of iterations performed = 9
Final sum of squared deviations = 2.8592714E-001
Final sum of deviations = 5.1693949E-001
Standard error of estimate = 0.202106
Average deviation = 0.147116
Maximum deviation for any observation = 0.345738
Parameter values will be written to C:\Users\peleg\OneDrive\doktorát\experiment_disertace\výsledky\fin_výsl\syntax\typ2\FSM2_oprava\poh_FSM2\vysl_trunc_FSM2_poh\param_trunc_FSM2_poh_09.par
Analysis completed  4-Apr-2023 16:33.  Runtime = 0.00 seconds.


             ----  Descriptive Statistics for Variables  ----

 Variable    Minimum value   Maximum value    Mean value     Standard dev.
----------  --------------  --------------  --------------  --------------
         x               1           13.35         5.22625        3.898069
         y            1.76            2.39           2.205       0.1968321


                   ----  Calculated Parameter Values  ----

 Parameter  Initial guess   Final estimate   Standard error      t      Prob(t)
----------  -------------  ----------------  --------------  ---------  -------
         b              1       0.136283838      0.01945043       7.01  0.00021

