   1: variable x,y;
   2: parameter b;
   3: function y=1.98*(x^b);
   4: Plot xlabel="x-Achse",ylabel="y-Achse";
   5: data;

Beginning computation...
Stopped due to: Both parameter and relative function convergence.


   ----  Final Results  ----

NLREG version 5.4
Copyright (c) 1992-2002 Phillip H. Sherrod.  All rights reserved.
This is a registered copy of NLREG that may not be redistributed.

Number of observations = 6
Maximum allowed number of iterations = 500
Convergence tolerance factor = 1.000000E-010
Stopped due to: Both parameter and relative function convergence.
Number of iterations performed = 9
Final sum of squared deviations = 7.9212246E-002
Final sum of deviations = 1.8493348E-001
Standard error of estimate = 0.125867
Average deviation = 0.0902625
Maximum deviation for any observation = 0.178321
Proportion of variance explained (R^2) = 0.4173  (41.73%)
Adjusted coefficient of multiple determination (Ra^2) = 0.4173  (41.73%)
Durbin-Watson test for autocorrelation = 0.882
Parameter values will be written to C:\Users\peleg\OneDrive\doktorát\experiment_disertace\výsledky\fin_výsl\syntax\typ2\FSM2_oprava\poh_FSM2\vysl_trunc_FSM2_poh\param_trunc_FSM2_poh_05.par
Analysis completed  4-Apr-2023 16:33.  Runtime = 0.00 seconds.


             ----  Descriptive Statistics for Variables  ----

 Variable    Minimum value   Maximum value    Mean value     Standard dev.
----------  --------------  --------------  --------------  --------------
         x               1            8.32        3.886667         2.59173
         y            1.98            2.46        2.273333       0.1648838


                   ----  Calculated Parameter Values  ----

 Parameter  Initial guess   Final estimate   Standard error      t      Prob(t)
----------  -------------  ----------------  --------------  ---------  -------
         b              1       0.105955721      0.01623403       6.53  0.00126

