   1: variable x,y;
   2: parameter b;
   3: function y=1.78*(x^b);
   4: Plot xlabel="x-Achse",ylabel="y-Achse";
   5: data;

Beginning computation...
Stopped due to: Both parameter and relative function convergence.


   ----  Final Results  ----

NLREG version 5.4
Copyright (c) 1992-2002 Phillip H. Sherrod.  All rights reserved.
This is a registered copy of NLREG that may not be redistributed.

Number of observations = 5
Maximum allowed number of iterations = 500
Convergence tolerance factor = 1.000000E-010
Stopped due to: Both parameter and relative function convergence.
Number of iterations performed = 9
Final sum of squared deviations = 4.2776628E-002
Final sum of deviations = 1.3837615E-001
Standard error of estimate = 0.103413
Average deviation = 0.0812313
Maximum deviation for any observation = 0.13389
Proportion of variance explained (R^2) = 0.6650  (66.50%)
Adjusted coefficient of multiple determination (Ra^2) = 0.6650  (66.50%)
Durbin-Watson test for autocorrelation = 1.396
Parameter values will be written to C:\Users\peleg\OneDrive\doktorát\experiment_disertace\výsledky\fin_výsl\syntax\typ2\FSM2_oprava\poh_FSM2\vysl_trunc_FSM2_poh\param_trunc_FSM2_poh_02.par
Analysis completed  4-Apr-2023 16:33.  Runtime = 0.00 seconds.


             ----  Descriptive Statistics for Variables  ----

 Variable    Minimum value   Maximum value    Mean value     Standard dev.
----------  --------------  --------------  --------------  --------------
         x               1            7.19           3.438        2.376809
         y            1.78            2.23           2.072       0.1786617


                   ----  Calculated Parameter Values  ----

 Parameter  Initial guess   Final estimate   Standard error      t      Prob(t)
----------  -------------  ----------------  --------------  ---------  -------
         b              1       0.130778555      0.01715743       7.62  0.00159

