   1: variable x,y;
   2: parameter a,b,c;
   3: function y=a*(x^b)*exp(c*x);
   4: Plot xlabel="x-Achse",ylabel="y-Achse";
   5: data;

Beginning computation...
Stopped due to: Relative function convergence.


   ----  Final Results  ----

NLREG version 5.4
Copyright (c) 1992-2002 Phillip H. Sherrod.  All rights reserved.
This is a registered copy of NLREG that may not be redistributed.

Number of observations = 4
Maximum allowed number of iterations = 500
Convergence tolerance factor = 1.000000E-010
Stopped due to: Relative function convergence.
Number of iterations performed = 12
Final sum of squared deviations = 3.7650715E-004
Final sum of deviations = -4.5022882E-005
Standard error of estimate = 0.0194038
Average deviation = 0.00818811
Maximum deviation for any observation = 0.0139109
Proportion of variance explained (R^2) = 0.9989  (99.89%)
Adjusted coefficient of multiple determination (Ra^2) = 0.9966  (99.66%)
Durbin-Watson test for autocorrelation = 3.328
Parameter values will be written to C:\Users\peleg\OneDrive\doktorát\experiment_disertace\výsledky\fin_výsl\syntax\typ2\VKF2\pov_VKF2\vysl_compl_VKF2_pov\param_compl_VKF2_pov_07.par
Analysis completed  4-Jan-2023 19:54.  Runtime = 0.00 seconds.


             ----  Descriptive Statistics for Variables  ----

 Variable    Minimum value   Maximum value    Mean value     Standard dev.
----------  --------------  --------------  --------------  --------------
         x               1            4.61          2.6525         1.53938
         y            2.47            3.18          2.7675       0.3317002


                   ----  Calculated Parameter Values  ----

 Parameter  Initial guess   Final estimate   Standard error      t      Prob(t)
----------  -------------  ----------------  --------------  ---------  -------
         a              1        2.36122434      0.02595496      90.97  0.00700
         b              1      -0.768965357      0.02724487     -28.22  0.02255
         c              1       0.298482942      0.01165463      25.61  0.02484


                  ----  Analysis of Variance  ----

  Source     DF   Sum of Squares    Mean Square    F value   Prob(F)
----------  ----  --------------  --------------  ---------  -------
Regression     2       0.3296985       0.1648492     437.84  0.03377
Error          1    0.0003765071    0.0003765071
Total          3        0.330075

