   1: variable x,y;
   2: parameter a,b,c;
   3: function y=a*(x^b)*exp(c*x);
   4: Plot xlabel="x-Achse",ylabel="y-Achse";
   5: data;

Beginning computation...
Stopped due to: Relative function convergence.


   ----  Final Results  ----

NLREG version 5.4
Copyright (c) 1992-2002 Phillip H. Sherrod.  All rights reserved.
This is a registered copy of NLREG that may not be redistributed.

Number of observations = 5
Maximum allowed number of iterations = 500
Convergence tolerance factor = 1.000000E-010
Stopped due to: Relative function convergence.
Number of iterations performed = 16
Final sum of squared deviations = 2.7629300E-002
Final sum of deviations = 1.5801979E-003
Standard error of estimate = 0.117536
Average deviation = 0.0591304
Maximum deviation for any observation = 0.117168
Proportion of variance explained (R^2) = 0.9799  (97.99%)
Adjusted coefficient of multiple determination (Ra^2) = 0.9599  (95.99%)
Durbin-Watson test for autocorrelation = 3.010
Parameter values will be written to C:\Users\peleg\OneDrive\doktorát\experiment_disertace\výsledky\fin_výsl\syntax\typ2\VKF2\pov_VKF2\vysl_compl_VKF2_pov\param_compl_VKF2_pov_02.par
Analysis completed  4-Jan-2023 19:54.  Runtime = 0.00 seconds.


             ----  Descriptive Statistics for Variables  ----

 Variable    Minimum value   Maximum value    Mean value     Standard dev.
----------  --------------  --------------  --------------  --------------
         x               1            5.47           3.094        1.736139
         y            2.73            4.13           3.102       0.5867453


                   ----  Calculated Parameter Values  ----

 Parameter  Initial guess   Final estimate   Standard error      t      Prob(t)
----------  -------------  ----------------  --------------  ---------  -------
         a              1        3.57730081       0.1542844      23.19  0.00185
         b              1      -0.596190331       0.1100506      -5.42  0.03243
         c              1       0.137782025      0.04432935       3.11  0.08979


                  ----  Analysis of Variance  ----

  Source     DF   Sum of Squares    Mean Square    F value   Prob(F)
----------  ----  --------------  --------------  ---------  -------
Regression     2        1.349451       0.6747254      48.84  0.02006
Error          2       0.0276293      0.01381465
Total          4         1.37708

