   1: variable x,y;
   2: parameter a,b,c;
   3: function y=a*(x^b)*exp(c*x);
   4: Plot xlabel="x-Achse",ylabel="y-Achse";
   5: data;

Beginning computation...
Stopped due to: Relative function convergence.


   ----  Final Results  ----

NLREG version 5.4
Copyright (c) 1992-2002 Phillip H. Sherrod.  All rights reserved.
This is a registered copy of NLREG that may not be redistributed.

Number of observations = 5
Maximum allowed number of iterations = 500
Convergence tolerance factor = 1.000000E-010
Stopped due to: Relative function convergence.
Number of iterations performed = 17
Final sum of squared deviations = 2.1456788E-002
Final sum of deviations = -8.9970884E-006
Standard error of estimate = 0.103578
Average deviation = 0.0514755
Maximum deviation for any observation = 0.10968
Proportion of variance explained (R^2) = 0.8556  (85.56%)
Adjusted coefficient of multiple determination (Ra^2) = 0.7112  (71.12%)
Durbin-Watson test for autocorrelation = 3.108
Parameter values will be written to C:\Users\peleg\OneDrive\doktorát\experiment_disertace\výsledky\fin_výsl\syntax\typ2\VKF2\pov_VKF2\vysl_compl_VKF2_pov\param_compl_VKF2_pov_09.par
Analysis completed  4-Jan-2023 19:54.  Runtime = 0.00 seconds.


             ----  Descriptive Statistics for Variables  ----

 Variable    Minimum value   Maximum value    Mean value     Standard dev.
----------  --------------  --------------  --------------  --------------
         x               1            6.26           3.252        2.019287
         y            2.73            3.25            2.98       0.1927434


                   ----  Calculated Parameter Values  ----

 Parameter  Initial guess   Final estimate   Standard error      t      Prob(t)
----------  -------------  ----------------  --------------  ---------  -------
         a              1        3.25927567        0.105878      30.78  0.00105
         b              1     -0.0516521838      0.08704555      -0.59  0.61309
         c              1     -0.0120644888      0.03098729      -0.39  0.73457


                  ----  Analysis of Variance  ----

  Source     DF   Sum of Squares    Mean Square    F value   Prob(F)
----------  ----  --------------  --------------  ---------  -------
Regression     2       0.1271432      0.06357161       5.93  0.14439
Error          2      0.02145679      0.01072839
Total          4          0.1486

