   1: variable x,y;
   2: parameter a,b,c;
   3: function y=a*(x^b)*exp(c*x);
   4: Plot xlabel="x-Achse",ylabel="y-Achse";
   5: data;

Beginning computation...
Stopped due to: Relative function convergence.


   ----  Final Results  ----

NLREG version 5.4
Copyright (c) 1992-2002 Phillip H. Sherrod.  All rights reserved.
This is a registered copy of NLREG that may not be redistributed.

Number of observations = 6
Maximum allowed number of iterations = 500
Convergence tolerance factor = 1.000000E-010
Stopped due to: Relative function convergence.
Number of iterations performed = 20
Final sum of squared deviations = 1.4524542E-001
Final sum of deviations = 3.6377283E-004
Standard error of estimate = 0.220034
Average deviation = 0.124625
Maximum deviation for any observation = 0.27637
Proportion of variance explained (R^2) = 0.3088  (30.88%)
Adjusted coefficient of multiple determination (Ra^2) = -0.1519  (-15.19%)
Durbin-Watson test for autocorrelation = 2.483
Parameter values will be written to C:\Users\peleg\OneDrive\doktorát\experiment_disertace\výsledky\fin_výsl\syntax\typ2\VKF2\pov_VKF2\vysl_compl_VKF2_pov\param_compl_VKF2_pov_04.par
Analysis completed  4-Jan-2023 19:54.  Runtime = 0.00 seconds.


             ----  Descriptive Statistics for Variables  ----

 Variable    Minimum value   Maximum value    Mean value     Standard dev.
----------  --------------  --------------  --------------  --------------
         x               1               8        3.833333        2.483277
         y            2.89            3.48           3.145       0.2050122


                   ----  Calculated Parameter Values  ----

 Parameter  Initial guess   Final estimate   Standard error      t      Prob(t)
----------  -------------  ----------------  --------------  ---------  -------
         a              1        3.27487073       0.1799656      18.20  0.00036
         b              1      -0.127923132       0.1310114      -0.98  0.40086
         c              1      0.0274884818      0.03910682       0.70  0.53275


                  ----  Analysis of Variance  ----

  Source     DF   Sum of Squares    Mean Square    F value   Prob(F)
----------  ----  --------------  --------------  ---------  -------
Regression     2      0.06490458      0.03245229       0.67  0.57459
Error          3       0.1452454      0.04841514
Total          5         0.21015

