   1: variable x,y;
   2: parameter a,b,c;
   3: function y=a*(x^b)*exp(c*x);
   4: Plot xlabel="x-Achse",ylabel="y-Achse";
   5: data;

Beginning computation...
Stopped due to: Relative function convergence.


   ----  Final Results  ----

NLREG version 5.4
Copyright (c) 1992-2002 Phillip H. Sherrod.  All rights reserved.
This is a registered copy of NLREG that may not be redistributed.

Number of observations = 7
Maximum allowed number of iterations = 500
Convergence tolerance factor = 1.000000E-010
Stopped due to: Relative function convergence.
Number of iterations performed = 19
Final sum of squared deviations = 6.4747506E-003
Final sum of deviations = 2.2568409E-006
Standard error of estimate = 0.0402329
Average deviation = 0.0239942
Maximum deviation for any observation = 0.0550059
Proportion of variance explained (R^2) = 0.8454  (84.54%)
Adjusted coefficient of multiple determination (Ra^2) = 0.7681  (76.81%)
Durbin-Watson test for autocorrelation = 2.729
Parameter values will be written to C:\Users\peleg\OneDrive\doktorát\experiment_disertace\výsledky\fin_výsl\syntax\typ2\KFS2\poh_KFS2\vysl_compl_KFS2_poh\param_compl_KFS2_poh_slouè.par
Analysis completed  4-Jan-2023 19:54.  Runtime = 0.00 seconds.


             ----  Descriptive Statistics for Variables  ----

 Variable    Minimum value   Maximum value    Mean value     Standard dev.
----------  --------------  --------------  --------------  --------------
         x               1            8.36        4.194286        2.508166
         y            1.52            1.75        1.638571      0.08355209


                   ----  Calculated Parameter Values  ----

 Parameter  Initial guess   Final estimate   Standard error      t      Prob(t)
----------  -------------  ----------------  --------------  ---------  -------
         a              1        1.51097636      0.03117089      48.47  0.00001
         b              1      0.0224865519      0.04548811       0.49  0.64698
         c              1      0.0124387919      0.01267605       0.98  0.38201


                  ----  Analysis of Variance  ----

  Source     DF   Sum of Squares    Mean Square    F value   Prob(F)
----------  ----  --------------  --------------  ---------  -------
Regression     2      0.03541096      0.01770548      10.94  0.02390
Error          4     0.006474751     0.001618688
Total          6      0.04188571

