   1: variable x,y;
   2: parameter a,b,c;
   3: function y=a*(x^b)*exp(c*x);
   4: Plot xlabel="x-Achse",ylabel="y-Achse";
   5: data;

Beginning computation...
Stopped due to: Relative function convergence.


   ----  Final Results  ----

NLREG version 5.4
Copyright (c) 1992-2002 Phillip H. Sherrod.  All rights reserved.
This is a registered copy of NLREG that may not be redistributed.

Number of observations = 6
Maximum allowed number of iterations = 500
Convergence tolerance factor = 1.000000E-010
Stopped due to: Relative function convergence.
Number of iterations performed = 17
Final sum of squared deviations = 4.8711714E-002
Final sum of deviations = 3.2606935E-004
Standard error of estimate = 0.127425
Average deviation = 0.0698717
Maximum deviation for any observation = 0.184651
Proportion of variance explained (R^2) = 0.7689  (76.89%)
Adjusted coefficient of multiple determination (Ra^2) = 0.6149  (61.49%)
Durbin-Watson test for autocorrelation = 2.639
Parameter values will be written to C:\Users\peleg\OneDrive\doktorát\experiment_disertace\výsledky\fin_výsl\syntax\typ2\KFS2\poh_KFS2\vysl_compl_KFS2_poh\param_compl_KFS2_poh_10.par
Analysis completed  4-Jan-2023 19:54.  Runtime = 0.00 seconds.


             ----  Descriptive Statistics for Variables  ----

 Variable    Minimum value   Maximum value    Mean value     Standard dev.
----------  --------------  --------------  --------------  --------------
         x               1            6.41        3.568333        1.984444
         y            1.42            2.01            1.69        0.205329


                   ----  Calculated Parameter Values  ----

 Parameter  Initial guess   Final estimate   Standard error      t      Prob(t)
----------  -------------  ----------------  --------------  ---------  -------
         a              1        1.40850797       0.1044532      13.48  0.00088
         b              1       0.191296898       0.1976695       0.97  0.40455
         c              1    -0.00972800009      0.06395089      -0.15  0.88875


                  ----  Analysis of Variance  ----

  Source     DF   Sum of Squares    Mean Square    F value   Prob(F)
----------  ----  --------------  --------------  ---------  -------
Regression     2       0.1620883      0.08104414       4.99  0.11108
Error          3      0.04871171      0.01623724
Total          5          0.2108

