   1: variable x,y;
   2: parameter a,b,c;
   3: function y=a*(x^b)*exp(c*x);
   4: Plot xlabel="x-Achse",ylabel="y-Achse";
   5: data;

Beginning computation...
Stopped due to: Relative function convergence.


   ----  Final Results  ----

NLREG version 5.4
Copyright (c) 1992-2002 Phillip H. Sherrod.  All rights reserved.
This is a registered copy of NLREG that may not be redistributed.

Number of observations = 5
Maximum allowed number of iterations = 500
Convergence tolerance factor = 1.000000E-010
Stopped due to: Relative function convergence.
Number of iterations performed = 13
Final sum of squared deviations = 1.9128811E-002
Final sum of deviations = -1.0327970E-003
Standard error of estimate = 0.0977978
Average deviation = 0.0517593
Maximum deviation for any observation = 0.11277
Proportion of variance explained (R^2) = 0.9503  (95.03%)
Adjusted coefficient of multiple determination (Ra^2) = 0.9005  (90.05%)
Durbin-Watson test for autocorrelation = 2.676
Parameter values will be written to C:\Users\peleg\OneDrive\doktorát\experiment_disertace\výsledky\fin_výsl\syntax\typ2\KFS2\poh_KFS2\vysl_compl_KFS2_poh\param_compl_KFS2_poh_08.par
Analysis completed  4-Jan-2023 19:54.  Runtime = 0.00 seconds.


             ----  Descriptive Statistics for Variables  ----

 Variable    Minimum value   Maximum value    Mean value     Standard dev.
----------  --------------  --------------  --------------  --------------
         x               1            5.44           3.088        1.725897
         y             1.6            2.42           1.912       0.3101129


                   ----  Calculated Parameter Values  ----

 Parameter  Initial guess   Final estimate   Standard error      t      Prob(t)
----------  -------------  ----------------  --------------  ---------  -------
         a              1        2.04954581       0.1192816      17.18  0.00337
         b              1      -0.629262492       0.1500171      -4.19  0.05241
         c              1       0.173209126      0.05977343       2.90  0.10131


                  ----  Analysis of Variance  ----

  Source     DF   Sum of Squares    Mean Square    F value   Prob(F)
----------  ----  --------------  --------------  ---------  -------
Regression     2       0.3655512       0.1827756      19.11  0.04973
Error          2      0.01912881     0.009564406
Total          4         0.38468

