   1: variable x,y;
   2: parameter a,b,c;
   3: function y=a*(x^b)*exp(c*x);
   4: Plot xlabel="x-Achse",ylabel="y-Achse";
   5: data;

Beginning computation...
Stopped due to: Both parameter and relative function convergence.


   ----  Final Results  ----

NLREG version 5.4
Copyright (c) 1992-2002 Phillip H. Sherrod.  All rights reserved.
This is a registered copy of NLREG that may not be redistributed.

Number of observations = 5
Maximum allowed number of iterations = 500
Convergence tolerance factor = 1.000000E-010
Stopped due to: Both parameter and relative function convergence.
Number of iterations performed = 16
Final sum of squared deviations = 3.9141559E-004
Final sum of deviations = 3.4106511E-006
Standard error of estimate = 0.0139896
Average deviation = 0.00725983
Maximum deviation for any observation = 0.0148234
Proportion of variance explained (R^2) = 0.9886  (98.86%)
Adjusted coefficient of multiple determination (Ra^2) = 0.9772  (97.72%)
Durbin-Watson test for autocorrelation = 3.517
Parameter values will be written to C:\Users\peleg\OneDrive\doktorát\experiment_disertace\výsledky\fin_výsl\syntax\typ2\KFS2\poh_KFS2\vysl_compl_KFS2_poh\param_compl_KFS2_poh_01.par
Analysis completed  4-Jan-2023 19:54.  Runtime = 0.00 seconds.


             ----  Descriptive Statistics for Variables  ----

 Variable    Minimum value   Maximum value    Mean value     Standard dev.
----------  --------------  --------------  --------------  --------------
         x               1            5.16           3.032         1.63252
         y            1.29            1.54           1.434      0.09262829


                   ----  Calculated Parameter Values  ----

 Parameter  Initial guess   Final estimate   Standard error      t      Prob(t)
----------  -------------  ----------------  --------------  ---------  -------
         a              1        1.65888506      0.01974382      84.02  0.00014
         b              1       0.287497595       0.0319481       9.00  0.01212
         c              1      -0.139995341      0.01276927     -10.96  0.00822


                  ----  Analysis of Variance  ----

  Source     DF   Sum of Squares    Mean Square    F value   Prob(F)
----------  ----  --------------  --------------  ---------  -------
Regression     2      0.03392858      0.01696429      86.68  0.01140
Error          2    0.0003914156    0.0001957078
Total          4         0.03432

