   1: variable x,y;
   2: parameter a,b,c;
   3: function y=a*(x^b)*exp(c*x);
   4: Plot xlabel="x-Achse",ylabel="y-Achse";
   5: data;

Beginning computation...
Stopped due to: Relative function convergence.


   ----  Final Results  ----

NLREG version 5.4
Copyright (c) 1992-2002 Phillip H. Sherrod.  All rights reserved.
This is a registered copy of NLREG that may not be redistributed.

Number of observations = 6
Maximum allowed number of iterations = 500
Convergence tolerance factor = 1.000000E-010
Stopped due to: Relative function convergence.
Number of iterations performed = 19
Final sum of squared deviations = 4.3804570E-002
Final sum of deviations = 9.8473172E-005
Standard error of estimate = 0.120837
Average deviation = 0.076994
Maximum deviation for any observation = 0.155326
Proportion of variance explained (R^2) = 0.2995  (29.95%)
Adjusted coefficient of multiple determination (Ra^2) = -0.1675  (-16.75%)
Durbin-Watson test for autocorrelation = 2.425
Parameter values will be written to C:\Users\peleg\OneDrive\doktorát\experiment_disertace\výsledky\fin_výsl\syntax\typ2\KFS2\poh_KFS2\vysl_compl_KFS2_poh\param_compl_KFS2_poh_06.par
Analysis completed  4-Jan-2023 19:54.  Runtime = 0.00 seconds.


             ----  Descriptive Statistics for Variables  ----

 Variable    Minimum value   Maximum value    Mean value     Standard dev.
----------  --------------  --------------  --------------  --------------
         x               1             6.2        3.533333        1.925271
         y            1.59            1.86        1.696667       0.1118332


                   ----  Calculated Parameter Values  ----

 Parameter  Initial guess   Final estimate   Standard error      t      Prob(t)
----------  -------------  ----------------  --------------  ---------  -------
         a              1        1.63051473       0.1089118      14.97  0.00065
         b              1      -0.195315699        0.181028      -1.08  0.35964
         c              1      0.0720145791      0.06298464       1.14  0.33586


                  ----  Analysis of Variance  ----

  Source     DF   Sum of Squares    Mean Square    F value   Prob(F)
----------  ----  --------------  --------------  ---------  -------
Regression     2      0.01872876     0.009364382       0.64  0.58629
Error          3      0.04380457      0.01460152
Total          5      0.06253333

