   1: variable x,y;
   2: parameter b;
   3: function y=2.83*(x^b);
   4: Plot xlabel="x-Achse",ylabel="y-Achse";
   5: data;

Beginning computation...
Stopped due to: Relative function convergence.


   ----  Final Results  ----

NLREG version 5.4
Copyright (c) 1992-2002 Phillip H. Sherrod.  All rights reserved.
This is a registered copy of NLREG that may not be redistributed.

Number of observations = 8
Maximum allowed number of iterations = 500
Convergence tolerance factor = 1.000000E-010
Stopped due to: Relative function convergence.
Number of iterations performed = 10
Final sum of squared deviations = 3.8522246E-002
Final sum of deviations = 6.6250221E-002
Standard error of estimate = 0.0741834
Average deviation = 0.0520991
Maximum deviation for any observation = 0.124166
Proportion of variance explained (R^2) = 0.1060  (10.60%)
Adjusted coefficient of multiple determination (Ra^2) = 0.1060  (10.60%)
Durbin-Watson test for autocorrelation = 2.342
Parameter values will be written to C:\Users\peleg\OneDrive\doktorát\experiment_disertace\výsledky\fin_výsl\zvukové_jednotky\KTS\pov_KTS\tokens_pov_KTS\vysl_trunc_KTS_tokens_pov\param_trunc_tokens_pov_04.par
Analysis completed 21-Feb-2023 07:46.  Runtime = 0.00 seconds.


             ----  Descriptive Statistics for Variables  ----

 Variable    Minimum value   Maximum value    Mean value     Standard dev.
----------  --------------  --------------  --------------  --------------
         x               1            9.82          4.7275        2.869503
         y            2.67            2.91         2.81125      0.07845608


                   ----  Calculated Parameter Values  ----

 Parameter  Initial guess   Final estimate   Standard error      t      Prob(t)
----------  -------------  ----------------  --------------  ---------  -------
         b              1    -0.00711195065     0.006188066      -1.15  0.28818

