   1: variable x,y;
   2: parameter b;
   3: function y=3.08*(x^b);
   4: Plot xlabel="x-Achse",ylabel="y-Achse";
   5: data;

Beginning computation...
Stopped due to: Both parameter and relative function convergence.


   ----  Final Results  ----

NLREG version 5.4
Copyright (c) 1992-2002 Phillip H. Sherrod.  All rights reserved.
This is a registered copy of NLREG that may not be redistributed.

Number of observations = 8
Maximum allowed number of iterations = 500
Convergence tolerance factor = 1.000000E-010
Stopped due to: Both parameter and relative function convergence.
Number of iterations performed = 10
Final sum of squared deviations = 3.9282041E-002
Final sum of deviations = -1.2718440E-001
Standard error of estimate = 0.0749114
Average deviation = 0.0500332
Maximum deviation for any observation = 0.168169
Proportion of variance explained (R^2) = 0.6656  (66.56%)
Adjusted coefficient of multiple determination (Ra^2) = 0.6656  (66.56%)
Durbin-Watson test for autocorrelation = 1.537
Parameter values will be written to C:\Users\peleg\OneDrive\doktorát\experiment_disertace\výsledky\fin_výsl\zvukové_jednotky\KTS\pov_KTS\tokens_pov_KTS\vysl_trunc_KTS_tokens_pov\param_trunc_tokens_pov_06.par
Analysis completed 21-Feb-2023 07:46.  Runtime = 0.00 seconds.


             ----  Descriptive Statistics for Variables  ----

 Variable    Minimum value   Maximum value    Mean value     Standard dev.
----------  --------------  --------------  --------------  --------------
         x               1             8.8             4.6        2.622975
         y            2.67            3.08         2.78125       0.1295528


                   ----  Calculated Parameter Values  ----

 Parameter  Initial guess   Final estimate   Standard error      t      Prob(t)
----------  -------------  ----------------  --------------  ---------  -------
         b              1     -0.0729314358     0.006535966     -11.16  0.00001

