   1: variable x,y;
   2: parameter b;
   3: function y=3.05*(x^b);
   4: Plot xlabel="x-Achse",ylabel="y-Achse";
   5: data;

Beginning computation...
Stopped due to: Both parameter and relative function convergence.


   ----  Final Results  ----

NLREG version 5.4
Copyright (c) 1992-2002 Phillip H. Sherrod.  All rights reserved.
This is a registered copy of NLREG that may not be redistributed.

Number of observations = 7
Maximum allowed number of iterations = 500
Convergence tolerance factor = 1.000000E-010
Stopped due to: Both parameter and relative function convergence.
Number of iterations performed = 11
Final sum of squared deviations = 3.0305055E-002
Final sum of deviations = -1.1356281E-001
Standard error of estimate = 0.0710693
Average deviation = 0.0559081
Maximum deviation for any observation = 0.0959082
Proportion of variance explained (R^2) = 0.1124  (11.24%)
Adjusted coefficient of multiple determination (Ra^2) = 0.1124  (11.24%)
Durbin-Watson test for autocorrelation = 0.699
This Durbin-Watson value indicates autocorrelation or inappropriate function.
Parameter values will be written to C:\Users\peleg\OneDrive\doktorát\experiment_disertace\výsledky\fin_výsl\zvukové_jednotky\KTS\pov_KTS\tokens_pov_KTS\vysl_trunc_KTS_tokens_pov\param_trunc_tokens_pov_01.par
Analysis completed 21-Feb-2023 07:46.  Runtime = 0.00 seconds.


             ----  Descriptive Statistics for Variables  ----

 Variable    Minimum value   Maximum value    Mean value     Standard dev.
----------  --------------  --------------  --------------  --------------
         x               1            8.12            4.16        2.442512
         y            2.83            3.05        2.892857      0.07543525


                   ----  Calculated Parameter Values  ----

 Parameter  Initial guess   Final estimate   Standard error      t      Prob(t)
----------  -------------  ----------------  --------------  ---------  -------
         b              1     -0.0384380757     0.006695274      -5.74  0.00121

