   1: variable x,y;
   2: parameter b;
   3: function y=3.19*(x^b);
   4: Plot xlabel="x-Achse",ylabel="y-Achse";
   5: data;

Beginning computation...
Stopped due to: Both parameter and relative function convergence.


   ----  Final Results  ----

NLREG version 5.4
Copyright (c) 1992-2002 Phillip H. Sherrod.  All rights reserved.
This is a registered copy of NLREG that may not be redistributed.

Number of observations = 7
Maximum allowed number of iterations = 500
Convergence tolerance factor = 1.000000E-010
Stopped due to: Both parameter and relative function convergence.
Number of iterations performed = 10
Final sum of squared deviations = 8.2979056E-002
Final sum of deviations = -1.8626858E-001
Standard error of estimate = 0.1176
Average deviation = 0.0836221
Maximum deviation for any observation = 0.236454
Proportion of variance explained (R^2) = 0.5012  (50.12%)
Adjusted coefficient of multiple determination (Ra^2) = 0.5012  (50.12%)
Durbin-Watson test for autocorrelation = 1.034
Parameter values will be written to C:\Users\peleg\OneDrive\doktorát\experiment_disertace\výsledky\fin_výsl\zvukové_jednotky\KTS\pov_KTS\tokens_pov_KTS\vysl_trunc_KTS_tokens_pov\param_trunc_tokens_pov_02.par
Analysis completed 21-Feb-2023 07:46.  Runtime = 0.00 seconds.


             ----  Descriptive Statistics for Variables  ----

 Variable    Minimum value   Maximum value    Mean value     Standard dev.
----------  --------------  --------------  --------------  --------------
         x               1            7.82        4.117143        2.362779
         y            2.71            3.19        2.815714        0.166519


                   ----  Calculated Parameter Values  ----

 Parameter  Initial guess   Final estimate   Standard error      t      Prob(t)
----------  -------------  ----------------  --------------  ---------  -------
         b              1     -0.0951229893      0.01170055      -8.13  0.00019

