   1: variable x,y;
   2: parameter b;
   3: function y=2.91*(x^b);
   4: Plot xlabel="x-Achse",ylabel="y-Achse";
   5: data;

Beginning computation...
Stopped due to: Both parameter and relative function convergence.


   ----  Final Results  ----

NLREG version 5.4
Copyright (c) 1992-2002 Phillip H. Sherrod.  All rights reserved.
This is a registered copy of NLREG that may not be redistributed.

Number of observations = 7
Maximum allowed number of iterations = 500
Convergence tolerance factor = 1.000000E-010
Stopped due to: Both parameter and relative function convergence.
Number of iterations performed = 10
Final sum of squared deviations = 6.4418985E-003
Final sum of deviations = -3.8696201E-002
Standard error of estimate = 0.0327666
Average deviation = 0.0242126
Maximum deviation for any observation = 0.0576639
Proportion of variance explained (R^2) = 0.8806  (88.06%)
Adjusted coefficient of multiple determination (Ra^2) = 0.8806  (88.06%)
Durbin-Watson test for autocorrelation = 1.727
Parameter values will be written to C:\Users\peleg\OneDrive\doktorát\experiment_disertace\výsledky\fin_výsl\zvukové_jednotky\KTS\pov_KTS\tokens_pov_KTS\vysl_trunc_KTS_tokens_pov\param_trunc_tokens_pov_05.par
Analysis completed 21-Feb-2023 07:46.  Runtime = 0.00 seconds.


             ----  Descriptive Statistics for Variables  ----

 Variable    Minimum value   Maximum value    Mean value     Standard dev.
----------  --------------  --------------  --------------  --------------
         x               1            7.87        4.124286        2.375878
         y            2.63            2.91        2.724286      0.09484323


                   ----  Calculated Parameter Values  ----

 Parameter  Initial guess   Final estimate   Standard error      t      Prob(t)
----------  -------------  ----------------  --------------  ---------  -------
         b              1     -0.0522495835      0.00332504     -15.71  0.00001

