   1: variable x,y;
   2: parameter b;
   3: function y=2.78*(x^b);
   4: Plot xlabel="x-Achse",ylabel="y-Achse";
   5: data;

Beginning computation...
Stopped due to: Relative function convergence.


   ----  Final Results  ----

NLREG version 5.4
Copyright (c) 1992-2002 Phillip H. Sherrod.  All rights reserved.
This is a registered copy of NLREG that may not be redistributed.

Number of observations = 7
Maximum allowed number of iterations = 500
Convergence tolerance factor = 1.000000E-010
Stopped due to: Relative function convergence.
Number of iterations performed = 9
Final sum of squared deviations = 3.3115280E-002
Final sum of deviations = -4.1370204E-002
Standard error of estimate = 0.0742914
Average deviation = 0.0488892
Maximum deviation for any observation = 0.139234
Proportion of variance explained (R^2) = 0.0476  (4.76%)
Adjusted coefficient of multiple determination (Ra^2) = 0.0476  (4.76%)
Durbin-Watson test for autocorrelation = 2.019
Parameter values will be written to C:\Users\peleg\OneDrive\doktorát\experiment_disertace\výsledky\fin_výsl\zvukové_jednotky\KTS\pov_KTS\tokens_pov_KTS\vysl_trunc_KTS_tokens_pov\param_trunc_tokens_pov_10.par
Analysis completed 21-Feb-2023 07:46.  Runtime = 0.00 seconds.


             ----  Descriptive Statistics for Variables  ----

 Variable    Minimum value   Maximum value    Mean value     Standard dev.
----------  --------------  --------------  --------------  --------------
         x               1            7.81        4.115714        2.360168
         y             2.6            2.82        2.714286      0.07612646


                   ----  Calculated Parameter Values  ----

 Parameter  Initial guess   Final estimate   Standard error      t      Prob(t)
----------  -------------  ----------------  --------------  ---------  -------
         b              1     -0.0176842334     0.007455395      -2.37  0.05537

