   1: variable x,y;
   2: parameter b;
   3: function y=2.95*(x^b);
   4: Plot xlabel="x-Achse",ylabel="y-Achse";
   5: data;

Beginning computation...
Stopped due to: Both parameter and relative function convergence.


   ----  Final Results  ----

NLREG version 5.4
Copyright (c) 1992-2002 Phillip H. Sherrod.  All rights reserved.
This is a registered copy of NLREG that may not be redistributed.

Number of observations = 11
Maximum allowed number of iterations = 500
Convergence tolerance factor = 1.000000E-010
Stopped due to: Both parameter and relative function convergence.
Number of iterations performed = 11
Final sum of squared deviations = 2.1693499E-002
Final sum of deviations = -9.8348032E-002
Standard error of estimate = 0.0465763
Average deviation = 0.0364536
Maximum deviation for any observation = 0.0866003
Proportion of variance explained (R^2) = 0.5004  (50.04%)
Adjusted coefficient of multiple determination (Ra^2) = 0.5004  (50.04%)
Durbin-Watson test for autocorrelation = 1.055
Parameter values will be written to C:\Users\peleg\OneDrive\doktorát\experiment_disertace\výsledky\fin_výsl\zvukové_jednotky\KTS\pov_KTS\tokens_pov_KTS\vysl_trunc_KTS_tokens_pov\param_trunc_tokens_pov_slouè.par
Analysis completed 21-Feb-2023 07:46.  Runtime = 0.00 seconds.


             ----  Descriptive Statistics for Variables  ----

 Variable    Minimum value   Maximum value    Mean value     Standard dev.
----------  --------------  --------------  --------------  --------------
         x               1           11.91        6.082727        3.461977
         y            2.68            2.95        2.782727      0.06589247


                   ----  Calculated Parameter Values  ----

 Parameter  Initial guess   Final estimate   Standard error      t      Prob(t)
----------  -------------  ----------------  --------------  ---------  -------
         b              1     -0.0347106238     0.002914077     -11.91  0.00001

