   1: variable x,y;
   2: parameter b;
   3: function y=3.12*(x^b);
   4: Plot xlabel="x-Achse",ylabel="y-Achse";
   5: data;

Beginning computation...
Stopped due to: Relative function convergence.


   ----  Final Results  ----

NLREG version 5.4
Copyright (c) 1992-2002 Phillip H. Sherrod.  All rights reserved.
This is a registered copy of NLREG that may not be redistributed.

Number of observations = 6
Maximum allowed number of iterations = 500
Convergence tolerance factor = 1.000000E-010
Stopped due to: Relative function convergence.
Number of iterations performed = 9
Final sum of squared deviations = 1.6447363E-002
Final sum of deviations = -2.9393942E-002
Standard error of estimate = 0.0573539
Average deviation = 0.0395798
Maximum deviation for any observation = 0.100739
Proportion of variance explained (R^2) = 0.9078  (90.78%)
Adjusted coefficient of multiple determination (Ra^2) = 0.9078  (90.78%)
Durbin-Watson test for autocorrelation = 1.711
Parameter values will be written to C:\Users\peleg\OneDrive\doktorát\experiment_disertace\výsledky\fin_výsl\zvukové_jednotky\KTS\pov_KTS\tokens_pov_KTS\vysl_trunc_KTS_tokens_pov\param_trunc_tokens_pov_09.par
Analysis completed 21-Feb-2023 07:46.  Runtime = 0.00 seconds.


             ----  Descriptive Statistics for Variables  ----

 Variable    Minimum value   Maximum value    Mean value     Standard dev.
----------  --------------  --------------  --------------  --------------
         x               1            6.47        3.578333        2.001703
         y            2.62            3.12        2.796667       0.1888562


                   ----  Calculated Parameter Values  ----

 Parameter  Initial guess   Final estimate   Standard error      t      Prob(t)
----------  -------------  ----------------  --------------  ---------  -------
         b              1     -0.0987736973     0.006875889     -14.37  0.00003

