   1: variable x,y;
   2: parameter a,b;
   3: function y=a*(x^b);
   4: Plot xlabel="x-Achse",ylabel="y-Achse";
   5: data;

Beginning computation...
Stopped due to: Absolute function convergence.


   ----  Final Results  ----

NLREG version 5.4
Copyright (c) 1992-2002 Phillip H. Sherrod.  All rights reserved.
This is a registered copy of NLREG that may not be redistributed.

Number of observations = 2
Maximum allowed number of iterations = 500
Convergence tolerance factor = 1.000000E-010
Stopped due to: Absolute function convergence.
Number of iterations performed = 7
Final sum of squared deviations = 5.1899476E-023
Final sum of deviations = 8.8116181E-012
Average deviation = 4.40581E-012
Maximum deviation for any observation = 6.96287E-012
Proportion of variance explained (R^2) = 1.0000  (100.00%)
Adjusted coefficient of multiple determination (Ra^2) = 0.0000  (0.00%)
Durbin-Watson test for autocorrelation = 0.504
This Durbin-Watson value indicates autocorrelation or inappropriate function.
Parameter values will be written to C:\Users\peleg\OneDrive\doktorát\experiment_disertace\výsledky\fin_výsl\syntax\typ3\VFS3\dopVFS3\vysl_trunc_VFS3_dop\param_trunc_VFS3_dop_07.par
Analysis completed  4-Jan-2023 19:59.  Runtime = 0.00 seconds.


             ----  Descriptive Statistics for Variables  ----

 Variable    Minimum value   Maximum value    Mean value     Standard dev.
----------  --------------  --------------  --------------  --------------
         x            2.56            4.47           3.515        1.350574
         y            3.11            3.16           3.135      0.03535534


  ----  Calculated Parameter Values  ----

 Parameter  Initial guess   Final estimate 
----------  -------------  ----------------
         a              1        3.24615125
         b              1     -0.0286147126


----  Analysis of Variance  ----

  Source     DF   Sum of Squares
----------  ----  --------------
Regression     1         0.00125
Error          0   5.189948E-023
Total          1         0.00125

