   1: variable x,y;
   2: parameter a,b;
   3: function y=a*(x^b);
   4: Plot xlabel="x-Achse",ylabel="y-Achse";
   5: data;

Beginning computation...
Stopped due to: Relative function convergence.


   ----  Final Results  ----

NLREG version 5.4
Copyright (c) 1992-2002 Phillip H. Sherrod.  All rights reserved.
This is a registered copy of NLREG that may not be redistributed.

Number of observations = 4
Maximum allowed number of iterations = 500
Convergence tolerance factor = 1.000000E-010
Stopped due to: Relative function convergence.
Number of iterations performed = 10
Final sum of squared deviations = 2.2515861E-001
Final sum of deviations = -3.9073307E-005
Standard error of estimate = 0.335528
Average deviation = 0.205966
Maximum deviation for any observation = 0.356922
Proportion of variance explained (R^2) = 0.0197  (1.97%)
Adjusted coefficient of multiple determination (Ra^2) = -0.4705  (-47.05%)
Durbin-Watson test for autocorrelation = 2.347
Parameter values will be written to C:\Users\peleg\OneDrive\doktorát\experiment_disertace\výsledky\fin_výsl\syntax\typ3\VFS3\dopVFS3\vysl_trunc_VFS3_dop\param_trunc_VFS3_dop_03.par
Analysis completed  4-Jan-2023 19:59.  Runtime = 0.00 seconds.


             ----  Descriptive Statistics for Variables  ----

 Variable    Minimum value   Maximum value    Mean value     Standard dev.
----------  --------------  --------------  --------------  --------------
         x            1.77             5.7          3.6175        1.661092
         y            2.69            3.35          3.0075       0.2766918


                   ----  Calculated Parameter Values  ----

 Parameter  Initial guess   Final estimate   Standard error      t      Prob(t)
----------  -------------  ----------------  --------------  ---------  -------
         a              1        3.10025912       0.5096213       6.08  0.02597
         b              1     -0.0253795643       0.1299648      -0.20  0.86321


                  ----  Analysis of Variance  ----

  Source     DF   Sum of Squares    Mean Square    F value   Prob(F)
----------  ----  --------------  --------------  ---------  -------
Regression     1     0.004516391     0.004516391       0.04  0.85977
Error          2       0.2251586       0.1125793
Total          3        0.229675

