   1: variable x,y;
   2: parameter a,b;
   3: function y=a*(x^b);
   4: Plot xlabel="x-Achse",ylabel="y-Achse";
   5: data;

Beginning computation...
Stopped due to: Both parameter and relative function convergence.


   ----  Final Results  ----

NLREG version 5.4
Copyright (c) 1992-2002 Phillip H. Sherrod.  All rights reserved.
This is a registered copy of NLREG that may not be redistributed.

Number of observations = 4
Maximum allowed number of iterations = 500
Convergence tolerance factor = 1.000000E-010
Stopped due to: Both parameter and relative function convergence.
Number of iterations performed = 10
Final sum of squared deviations = 1.7904404E-001
Final sum of deviations = -5.1637109E-003
Standard error of estimate = 0.299202
Average deviation = 0.192149
Maximum deviation for any observation = 0.312161
Proportion of variance explained (R^2) = 0.8097  (80.97%)
Adjusted coefficient of multiple determination (Ra^2) = 0.7146  (71.46%)
Durbin-Watson test for autocorrelation = 2.070
Parameter values will be written to C:\Users\peleg\OneDrive\doktorát\experiment_disertace\výsledky\fin_výsl\syntax\typ3\VFS3\dopVFS3\vysl_trunc_VFS3_dop\param_trunc_VFS3_dop_01.par
Analysis completed  4-Jan-2023 19:59.  Runtime = 0.00 seconds.


             ----  Descriptive Statistics for Variables  ----

 Variable    Minimum value   Maximum value    Mean value     Standard dev.
----------  --------------  --------------  --------------  --------------
         x            1.88            5.31          3.5475         1.45962
         y            2.65            3.86           3.375       0.5600298


                   ----  Calculated Parameter Values  ----

 Parameter  Initial guess   Final estimate   Standard error      t      Prob(t)
----------  -------------  ----------------  --------------  ---------  -------
         a              1        4.93414756       0.6483804       7.61  0.01683
         b              1      -0.323622846       0.1126945      -2.87  0.10289


                  ----  Analysis of Variance  ----

  Source     DF   Sum of Squares    Mean Square    F value   Prob(F)
----------  ----  --------------  --------------  ---------  -------
Regression     1        0.761856        0.761856       8.51  0.10016
Error          2        0.179044      0.08952202
Total          3          0.9409

