   1: variable x,y;
   2: parameter b;
   3: function y=6.69*(x^b);
   4: Plot xlabel="x-Achse",ylabel="y-Achse";
   5: data;

Beginning computation...
Stopped due to: Both parameter and relative function convergence.


   ----  Final Results  ----

NLREG version 5.4
Copyright (c) 1992-2002 Phillip H. Sherrod.  All rights reserved.
This is a registered copy of NLREG that may not be redistributed.

Number of observations = 3
Maximum allowed number of iterations = 500
Convergence tolerance factor = 1.000000E-010
Stopped due to: Both parameter and relative function convergence.
Number of iterations performed = 11
Final sum of squared deviations = 2.0056143E-001
Final sum of deviations = -1.5417439E-001
Standard error of estimate = 0.316671
Average deviation = 0.204764
Maximum deviation for any observation = 0.384233
Proportion of variance explained (R^2) = 0.8634  (86.34%)
Adjusted coefficient of multiple determination (Ra^2) = 0.8634  (86.34%)
Durbin-Watson test for autocorrelation = 2.618
Parameter values will be written to C:\Users\peleg\OneDrive\doktorát\experiment_disertace\výsledky\fin_výsl\syntax\typ1\VKS1\dop_VKS1\vysl_trunc_VKS1_dop\param_trunc_VKS1_dop_03.par
Analysis completed  4-Jan-2023 19:48.  Runtime = 0.00 seconds.


             ----  Descriptive Statistics for Variables  ----

 Variable    Minimum value   Maximum value    Mean value     Standard dev.
----------  --------------  --------------  --------------  --------------
         x               1            3.85        2.283333        1.445971
         y            5.12            6.69        5.706667       0.8568742


                   ----  Calculated Parameter Values  ----

 Parameter  Initial guess   Final estimate   Standard error      t      Prob(t)
----------  -------------  ----------------  --------------  ---------  -------
         b              1      -0.232504793      0.04121564      -5.64  0.03002

