   1: variable x,y;
   2: parameter b;
   3: function y=8.35*(x^b);
   4: Plot xlabel="x-Achse",ylabel="y-Achse";
   5: data;

Beginning computation...
Stopped due to: Relative function convergence.


   ----  Final Results  ----

NLREG version 5.4
Copyright (c) 1992-2002 Phillip H. Sherrod.  All rights reserved.
This is a registered copy of NLREG that may not be redistributed.

Number of observations = 3
Maximum allowed number of iterations = 500
Convergence tolerance factor = 1.000000E-010
Stopped due to: Relative function convergence.
Number of iterations performed = 9
Final sum of squared deviations = 6.1687063E-001
Final sum of deviations = -2.0881691E-001
Standard error of estimate = 0.55537
Average deviation = 0.363645
Maximum deviation for any observation = 0.649875
Proportion of variance explained (R^2) = 0.8969  (89.69%)
Adjusted coefficient of multiple determination (Ra^2) = 0.8969  (89.69%)
Durbin-Watson test for autocorrelation = 2.614
Parameter values will be written to C:\Users\peleg\OneDrive\doktorát\experiment_disertace\výsledky\fin_výsl\syntax\typ1\VKS1\dop_VKS1\vysl_trunc_VKS1_dop\param_trunc_VKS1_dop_01.par
Analysis completed  4-Jan-2023 19:48.  Runtime = 0.00 seconds.


             ----  Descriptive Statistics for Variables  ----

 Variable    Minimum value   Maximum value    Mean value     Standard dev.
----------  --------------  --------------  --------------  --------------
         x               1            3.84            2.28        1.440555
         y            5.17            8.35        6.366667        1.729807


                   ----  Calculated Parameter Values  ----

 Parameter  Initial guess   Final estimate   Standard error      t      Prob(t)
----------  -------------  ----------------  --------------  ---------  -------
         b              1      -0.422572888      0.07222314      -5.85  0.02799

