   1: variable x,y;
   2: parameter b;
   3: function y=6.46*(x^b);
   4: Plot xlabel="x-Achse",ylabel="y-Achse";
   5: data;

Beginning computation...
Stopped due to: Relative function convergence.


   ----  Final Results  ----

NLREG version 5.4
Copyright (c) 1992-2002 Phillip H. Sherrod.  All rights reserved.
This is a registered copy of NLREG that may not be redistributed.

Number of observations = 3
Maximum allowed number of iterations = 500
Convergence tolerance factor = 1.000000E-010
Stopped due to: Relative function convergence.
Number of iterations performed = 9
Final sum of squared deviations = 1.1330457E+000
Final sum of deviations = -3.5796806E-001
Standard error of estimate = 0.752677
Average deviation = 0.487391
Maximum deviation for any observation = 0.910071
Proportion of variance explained (R^2) = 0.5609  (56.09%)
Adjusted coefficient of multiple determination (Ra^2) = 0.5609  (56.09%)
Durbin-Watson test for autocorrelation = 2.618
Parameter values will be written to C:\Users\peleg\OneDrive\doktorát\experiment_disertace\výsledky\fin_výsl\syntax\typ1\VKS1\dop_VKS1\vysl_trunc_VKS1_dop\param_trunc_VKS1_dop_05.par
Analysis completed  4-Jan-2023 19:48.  Runtime = 0.00 seconds.


             ----  Descriptive Statistics for Variables  ----

 Variable    Minimum value   Maximum value    Mean value     Standard dev.
----------  --------------  --------------  --------------  --------------
         x               1            4.18        2.393333        1.626079
         y            4.32            6.46            5.17        1.135826


                   ----  Calculated Parameter Values  ----

 Parameter  Initial guess   Final estimate   Standard error      t      Prob(t)
----------  -------------  ----------------  --------------  ---------  -------
         b              1      -0.304703747       0.1076891      -2.83  0.10551

