   1: variable x,y;
   2: parameter b;
   3: function y=7.67*(x^b);
   4: Plot xlabel="x-Achse",ylabel="y-Achse";
   5: data;

Beginning computation...
Stopped due to: Absolute function convergence.


   ----  Final Results  ----

NLREG version 5.4
Copyright (c) 1992-2002 Phillip H. Sherrod.  All rights reserved.
This is a registered copy of NLREG that may not be redistributed.

Number of observations = 2
Maximum allowed number of iterations = 500
Convergence tolerance factor = 1.000000E-010
Stopped due to: Absolute function convergence.
Number of iterations performed = 7
Final sum of squared deviations = 2.5559093E-028
Final sum of deviations = 1.5987212E-014
Standard error of estimate = 1.59872E-014
Average deviation = 7.99361E-015
Maximum deviation for any observation = 1.59872E-014
Proportion of variance explained (R^2) = 1.0000  (100.00%)
Adjusted coefficient of multiple determination (Ra^2) = 1.0000  (100.00%)
Durbin-Watson test for autocorrelation = 1.000
Parameter values will be written to C:\Users\peleg\OneDrive\doktorát\experiment_disertace\výsledky\fin_výsl\syntax\typ1\VKS1\dop_VKS1\vysl_trunc_VKS1_dop\param_trunc_VKS1_dop_10.par
Analysis completed  4-Jan-2023 19:48.  Runtime = 0.00 seconds.


             ----  Descriptive Statistics for Variables  ----

 Variable    Minimum value   Maximum value    Mean value     Standard dev.
----------  --------------  --------------  --------------  --------------
         x               1               3               2        1.414214
         y            6.95            7.67            7.31       0.5091169


                   ----  Calculated Parameter Values  ----

 Parameter  Initial guess   Final estimate   Standard error      t      Prob(t)
----------  -------------  ----------------  --------------  ---------  -------
         b              1     -0.0897267915    2.09384E-015  -4.3E+013  0.00001

