   1: variable x,y;
   2: parameter b;
   3: function y=11.24*(x^b);
   4: Plot xlabel="x-Achse",ylabel="y-Achse";
   5: data;

Beginning computation...
Stopped due to: Relative function convergence.


   ----  Final Results  ----

NLREG version 5.4
Copyright (c) 1992-2002 Phillip H. Sherrod.  All rights reserved.
This is a registered copy of NLREG that may not be redistributed.

Number of observations = 5
Maximum allowed number of iterations = 500
Convergence tolerance factor = 1.000000E-010
Stopped due to: Relative function convergence.
Number of iterations performed = 10
Final sum of squared deviations = 4.7244893E+000
Final sum of deviations = -7.7313994E-001
Standard error of estimate = 1.08679
Average deviation = 0.74526
Maximum deviation for any observation = 1.47658
Proportion of variance explained (R^2) = 0.6115  (61.15%)
Adjusted coefficient of multiple determination (Ra^2) = 0.6115  (61.15%)
Durbin-Watson test for autocorrelation = 1.868
Parameter values will be written to C:\Users\peleg\OneDrive\doktorát\experiment_disertace\výsledky\fin_výsl\syntax\typ1\VKS1\stud_VKS1\vysl_trunc_VKS1_stud\param_trunc_VKS1_stud_08.par
Analysis completed  4-Jan-2023 19:48.  Runtime = 0.00 seconds.


             ----  Descriptive Statistics for Variables  ----

 Variable    Minimum value   Maximum value    Mean value     Standard dev.
----------  --------------  --------------  --------------  --------------
         x               1            6.08           3.216        1.952762
         y            6.63           11.24           8.266        1.743683


                   ----  Calculated Parameter Values  ----

 Parameter  Initial guess   Final estimate   Standard error      t      Prob(t)
----------  -------------  ----------------  --------------  ---------  -------
         b              1      -0.308264742      0.05763211      -5.35  0.00589

