   1: variable x,y;
   2: parameter b;
   3: function y=10.27*(x^b);
   4: Plot xlabel="x-Achse",ylabel="y-Achse";
   5: data;

Beginning computation...
Stopped due to: Both parameter and relative function convergence.


   ----  Final Results  ----

NLREG version 5.4
Copyright (c) 1992-2002 Phillip H. Sherrod.  All rights reserved.
This is a registered copy of NLREG that may not be redistributed.

Number of observations = 5
Maximum allowed number of iterations = 500
Convergence tolerance factor = 1.000000E-010
Stopped due to: Both parameter and relative function convergence.
Number of iterations performed = 11
Final sum of squared deviations = 9.1846629E-001
Final sum of deviations = -1.3952709E-001
Standard error of estimate = 0.479183
Average deviation = 0.333203
Maximum deviation for any observation = 0.763244
Proportion of variance explained (R^2) = 0.9174  (91.74%)
Adjusted coefficient of multiple determination (Ra^2) = 0.9174  (91.74%)
Durbin-Watson test for autocorrelation = 2.508
Parameter values will be written to C:\Users\peleg\OneDrive\doktorát\experiment_disertace\výsledky\fin_výsl\syntax\typ1\VKS1\stud_VKS1\vysl_trunc_VKS1_stud\param_trunc_VKS1_stud_04.par
Analysis completed  4-Jan-2023 19:48.  Runtime = 0.00 seconds.


             ----  Descriptive Statistics for Variables  ----

 Variable    Minimum value   Maximum value    Mean value     Standard dev.
----------  --------------  --------------  --------------  --------------
         x               1            6.15            3.23         1.97851
         y            5.63           10.27           7.726        1.666817


                   ----  Calculated Parameter Values  ----

 Parameter  Initial guess   Final estimate   Standard error      t      Prob(t)
----------  -------------  ----------------  --------------  ---------  -------
         b              1       -0.29882107      0.02741322     -10.90  0.00040

