   1: variable x,y;
   2: parameter b;
   3: function y=10.69*(x^b);
   4: Plot xlabel="x-Achse",ylabel="y-Achse";
   5: data;

Beginning computation...
Stopped due to: Both parameter and relative function convergence.


   ----  Final Results  ----

NLREG version 5.4
Copyright (c) 1992-2002 Phillip H. Sherrod.  All rights reserved.
This is a registered copy of NLREG that may not be redistributed.

Number of observations = 7
Maximum allowed number of iterations = 500
Convergence tolerance factor = 1.000000E-010
Stopped due to: Both parameter and relative function convergence.
Number of iterations performed = 11
Final sum of squared deviations = 8.2594119E-001
Final sum of deviations = -3.0830589E-001
Standard error of estimate = 0.371021
Average deviation = 0.291841
Maximum deviation for any observation = 0.543518
Proportion of variance explained (R^2) = 0.9369  (93.69%)
Adjusted coefficient of multiple determination (Ra^2) = 0.9369  (93.69%)
Durbin-Watson test for autocorrelation = 1.937
Parameter values will be written to C:\Users\peleg\OneDrive\doktorát\experiment_disertace\výsledky\fin_výsl\syntax\typ1\VKS1\stud_VKS1\vysl_trunc_VKS1_stud\param_trunc_VKS1_stud_slouè.par
Analysis completed  4-Jan-2023 19:48.  Runtime = 0.00 seconds.


             ----  Descriptive Statistics for Variables  ----

 Variable    Minimum value   Maximum value    Mean value     Standard dev.
----------  --------------  --------------  --------------  --------------
         x               1             7.8        4.114286        2.357561
         y             6.3           10.69        7.754286        1.476785


                   ----  Calculated Parameter Values  ----

 Parameter  Initial guess   Final estimate   Standard error      t      Prob(t)
----------  -------------  ----------------  --------------  ---------  -------
         b              1      -0.268631899       0.0146288     -18.36  0.00001

