   1: variable x,y;
   2: parameter b;
   3: function y=9.58*(x^b);
   4: Plot xlabel="x-Achse",ylabel="y-Achse";
   5: data;

Beginning computation...
Stopped due to: Relative function convergence.


   ----  Final Results  ----

NLREG version 5.4
Copyright (c) 1992-2002 Phillip H. Sherrod.  All rights reserved.
This is a registered copy of NLREG that may not be redistributed.

Number of observations = 5
Maximum allowed number of iterations = 500
Convergence tolerance factor = 1.000000E-010
Stopped due to: Relative function convergence.
Number of iterations performed = 10
Final sum of squared deviations = 1.0641641E+000
Final sum of deviations = 1.8838475E-001
Standard error of estimate = 0.515792
Average deviation = 0.345804
Maximum deviation for any observation = 0.775173
Proportion of variance explained (R^2) = 0.9053  (90.53%)
Adjusted coefficient of multiple determination (Ra^2) = 0.9053  (90.53%)
Durbin-Watson test for autocorrelation = 2.795
Parameter values will be written to C:\Users\peleg\OneDrive\doktorát\experiment_disertace\výsledky\fin_výsl\syntax\typ1\VKS1\stud_VKS1\vysl_trunc_VKS1_stud\param_trunc_VKS1_stud_07.par
Analysis completed  4-Jan-2023 19:48.  Runtime = 0.00 seconds.


             ----  Descriptive Statistics for Variables  ----

 Variable    Minimum value   Maximum value    Mean value     Standard dev.
----------  --------------  --------------  --------------  --------------
         x               1             5.5             3.1        1.746425
         y            5.88            9.58            7.27        1.675843


                   ----  Calculated Parameter Values  ----

 Parameter  Initial guess   Final estimate   Standard error      t      Prob(t)
----------  -------------  ----------------  --------------  ---------  -------
         b              1      -0.304931044      0.03226161      -9.45  0.00070

