   1: variable x,y;
   2: parameter b;
   3: function y=11.73*(x^b);
   4: Plot xlabel="x-Achse",ylabel="y-Achse";
   5: data;

Beginning computation...
Stopped due to: Relative function convergence.


   ----  Final Results  ----

NLREG version 5.4
Copyright (c) 1992-2002 Phillip H. Sherrod.  All rights reserved.
This is a registered copy of NLREG that may not be redistributed.

Number of observations = 4
Maximum allowed number of iterations = 500
Convergence tolerance factor = 1.000000E-010
Stopped due to: Relative function convergence.
Number of iterations performed = 10
Final sum of squared deviations = 7.9482880E-001
Final sum of deviations = -3.3905897E-001
Standard error of estimate = 0.514726
Average deviation = 0.355988
Maximum deviation for any observation = 0.677455
Proportion of variance explained (R^2) = 0.9199  (91.99%)
Adjusted coefficient of multiple determination (Ra^2) = 0.9199  (91.99%)
Durbin-Watson test for autocorrelation = 1.560
Parameter values will be written to C:\Users\peleg\OneDrive\doktorát\experiment_disertace\výsledky\fin_výsl\syntax\typ1\VKS1\stud_VKS1\vysl_trunc_VKS1_stud\param_trunc_VKS1_stud_10.par
Analysis completed  4-Jan-2023 19:48.  Runtime = 0.00 seconds.


             ----  Descriptive Statistics for Variables  ----

 Variable    Minimum value   Maximum value    Mean value     Standard dev.
----------  --------------  --------------  --------------  --------------
         x               1            5.18           2.795        1.787391
         y            7.65           11.73          9.0975        1.818963


                   ----  Calculated Parameter Values  ----

 Parameter  Initial guess   Final estimate   Standard error      t      Prob(t)
----------  -------------  ----------------  --------------  ---------  -------
         b              1      -0.304590187       0.0316165      -9.63  0.00237

