   1: variable x,y;
   2: parameter b;
   3: function y=8.55*(x^b);
   4: Plot xlabel="x-Achse",ylabel="y-Achse";
   5: data;

Beginning computation...
Stopped due to: Both parameter and relative function convergence.


   ----  Final Results  ----

NLREG version 5.4
Copyright (c) 1992-2002 Phillip H. Sherrod.  All rights reserved.
This is a registered copy of NLREG that may not be redistributed.

Number of observations = 4
Maximum allowed number of iterations = 500
Convergence tolerance factor = 1.000000E-010
Stopped due to: Both parameter and relative function convergence.
Number of iterations performed = 11
Final sum of squared deviations = 5.1628917E-001
Final sum of deviations = -2.4484451E-001
Standard error of estimate = 0.414845
Average deviation = 0.260099
Maximum deviation for any observation = 0.64262
Proportion of variance explained (R^2) = 0.6438  (64.38%)
Adjusted coefficient of multiple determination (Ra^2) = 0.6438  (64.38%)
Durbin-Watson test for autocorrelation = 2.647
Parameter values will be written to C:\Users\peleg\OneDrive\doktorát\experiment_disertace\výsledky\fin_výsl\syntax\typ1\VKS1\stud_VKS1\vysl_trunc_VKS1_stud\param_trunc_VKS1_stud_05.par
Analysis completed  4-Jan-2023 19:48.  Runtime = 0.00 seconds.


             ----  Descriptive Statistics for Variables  ----

 Variable    Minimum value   Maximum value    Mean value     Standard dev.
----------  --------------  --------------  --------------  --------------
         x               1             4.8             2.7        1.620699
         y            7.02            8.55          7.6025       0.6950959


                   ----  Calculated Parameter Values  ----

 Parameter  Initial guess   Final estimate   Standard error      t      Prob(t)
----------  -------------  ----------------  --------------  ---------  -------
         b              1      -0.133815932      0.02841554      -4.71  0.01812

