   1: variable x,y;
   2: parameter b;
   3: function y=1.87*(x^b);
   4: Plot xlabel="x-Achse",ylabel="y-Achse";
   5: data;

Beginning computation...
Stopped due to: Both parameter and relative function convergence.


   ----  Final Results  ----

NLREG version 5.4
Copyright (c) 1992-2002 Phillip H. Sherrod.  All rights reserved.
This is a registered copy of NLREG that may not be redistributed.

Number of observations = 5
Maximum allowed number of iterations = 500
Convergence tolerance factor = 1.000000E-010
Stopped due to: Both parameter and relative function convergence.
Number of iterations performed = 11
Final sum of squared deviations = 1.1554667E-001
Final sum of deviations = 2.5494475E-001
Standard error of estimate = 0.169961
Average deviation = 0.125657
Maximum deviation for any observation = 0.242766
Proportion of variance explained (R^2) = 0.3424  (34.24%)
Adjusted coefficient of multiple determination (Ra^2) = 0.3424  (34.24%)
Durbin-Watson test for autocorrelation = 1.082
Parameter values will be written to C:\Users\peleg\OneDrive\doktorát\experiment_disertace\výsledky\fin_výsl\syntax\typ3\FSM3_oprava\dop_FSM3\vysl_trunc_FSM3_dop\param_trunc_FSM3_dop_06.par
Analysis completed  3-Apr-2023 13:33.  Runtime = 0.00 seconds.


             ----  Descriptive Statistics for Variables  ----

 Variable    Minimum value   Maximum value    Mean value     Standard dev.
----------  --------------  --------------  --------------  --------------
         x               1           11.79            4.85        4.287004
         y            1.87             2.4           2.206       0.2095948


                   ----  Calculated Parameter Values  ----

 Parameter  Initial guess   Final estimate   Standard error      t      Prob(t)
----------  -------------  ----------------  --------------  ---------  -------
         b              1       0.110596053      0.02150187       5.14  0.00677

