   1: variable x,y;
   2: parameter b;
   3: function y=2.12*(x^b);
   4: Plot xlabel="x-Achse",ylabel="y-Achse";
   5: data;

Beginning computation...
Stopped due to: Both parameter and relative function convergence.


   ----  Final Results  ----

NLREG version 5.4
Copyright (c) 1992-2002 Phillip H. Sherrod.  All rights reserved.
This is a registered copy of NLREG that may not be redistributed.

Number of observations = 5
Maximum allowed number of iterations = 500
Convergence tolerance factor = 1.000000E-010
Stopped due to: Both parameter and relative function convergence.
Number of iterations performed = 12
Final sum of squared deviations = 1.1807894E-001
Final sum of deviations = 2.8638727E-001
Standard error of estimate = 0.171813
Average deviation = 0.118046
Maximum deviation for any observation = 0.275113
Proportion of variance explained (R^2) = 0.1963  (19.63%)
Adjusted coefficient of multiple determination (Ra^2) = 0.1963  (19.63%)
Durbin-Watson test for autocorrelation = 1.192
Parameter values will be written to C:\Users\peleg\OneDrive\doktorát\experiment_disertace\výsledky\fin_výsl\syntax\typ3\FSM3_oprava\dop_FSM3\vysl_trunc_FSM3_dop\param_trunc_FSM3_dop_10.par
Analysis completed  3-Apr-2023 13:33.  Runtime = 0.00 seconds.


             ----  Descriptive Statistics for Variables  ----

 Variable    Minimum value   Maximum value    Mean value     Standard dev.
----------  --------------  --------------  --------------  --------------
         x               1           15.81           5.608          5.9918
         y            2.12            2.62           2.426       0.1916507


                   ----  Calculated Parameter Values  ----

 Parameter  Initial guess   Final estimate   Standard error      t      Prob(t)
----------  -------------  ----------------  --------------  ---------  -------
         b              1      0.0838100015      0.01876248       4.47  0.01110

