   1: variable x,y;
   2: parameter b;
   3: function y=1.91*(x^b);
   4: Plot xlabel="x-Achse",ylabel="y-Achse";
   5: data;

Beginning computation...
Stopped due to: Relative function convergence.


   ----  Final Results  ----

NLREG version 5.4
Copyright (c) 1992-2002 Phillip H. Sherrod.  All rights reserved.
This is a registered copy of NLREG that may not be redistributed.

Number of observations = 6
Maximum allowed number of iterations = 500
Convergence tolerance factor = 1.000000E-010
Stopped due to: Relative function convergence.
Number of iterations performed = 10
Final sum of squared deviations = 4.7009682E-001
Final sum of deviations = 5.9387242E-001
Standard error of estimate = 0.306626
Average deviation = 0.220343
Maximum deviation for any observation = 0.566874
Parameter values will be written to C:\Users\peleg\OneDrive\doktorát\experiment_disertace\výsledky\fin_výsl\syntax\typ3\FSM3_oprava\dop_FSM3\vysl_trunc_FSM3_dop\param_trunc_FSM3_dop_09.par
Analysis completed  3-Apr-2023 13:33.  Runtime = 0.00 seconds.


             ----  Descriptive Statistics for Variables  ----

 Variable    Minimum value   Maximum value    Mean value     Standard dev.
----------  --------------  --------------  --------------  --------------
         x               1           16.69            5.81        5.842301
         y            1.91            2.67        2.256667       0.2529559


                   ----  Calculated Parameter Values  ----

 Parameter  Initial guess   Final estimate   Standard error      t      Prob(t)
----------  -------------  ----------------  --------------  ---------  -------
         b              1      0.0876757254      0.03287834       2.67  0.04453

