   1: variable x,y;
   2: parameter b;
   3: function y=2.08*(x^b);
   4: Plot xlabel="x-Achse",ylabel="y-Achse";
   5: data;

Beginning computation...
Stopped due to: Relative function convergence.


   ----  Final Results  ----

NLREG version 5.4
Copyright (c) 1992-2002 Phillip H. Sherrod.  All rights reserved.
This is a registered copy of NLREG that may not be redistributed.

Number of observations = 6
Maximum allowed number of iterations = 500
Convergence tolerance factor = 1.000000E-010
Stopped due to: Relative function convergence.
Number of iterations performed = 10
Final sum of squared deviations = 2.6658843E-002
Final sum of deviations = -2.6549091E-003
Standard error of estimate = 0.073019
Average deviation = 0.0473009
Maximum deviation for any observation = 0.12723
Proportion of variance explained (R^2) = 0.7237  (72.37%)
Adjusted coefficient of multiple determination (Ra^2) = 0.7237  (72.37%)
Durbin-Watson test for autocorrelation = 2.413
Parameter values will be written to C:\Users\peleg\OneDrive\doktorát\experiment_disertace\výsledky\fin_výsl\syntax\typ3\FSM3_oprava\dop_FSM3\vysl_trunc_FSM3_dop\param_trunc_FSM3_dop_08.par
Analysis completed  3-Apr-2023 13:33.  Runtime = 0.00 seconds.


             ----  Descriptive Statistics for Variables  ----

 Variable    Minimum value   Maximum value    Mean value     Standard dev.
----------  --------------  --------------  --------------  --------------
         x               1           13.62           5.395        4.720821
         y            2.08            2.46        2.241667       0.1389124


                   ----  Calculated Parameter Values  ----

 Parameter  Initial guess   Final estimate   Standard error      t      Prob(t)
----------  -------------  ----------------  --------------  ---------  -------
         b              1      0.0551535307     0.007990837       6.90  0.00098

