   1: variable x,y;
   2: parameter b;
   3: function y=1.16*(x^b);
   4: Plot xlabel="x-Achse",ylabel="y-Achse";
   5: data;

Beginning computation...
Stopped due to: Both parameter and relative function convergence.


   ----  Final Results  ----

NLREG version 5.4
Copyright (c) 1992-2002 Phillip H. Sherrod.  All rights reserved.
This is a registered copy of NLREG that may not be redistributed.

Number of observations = 5
Maximum allowed number of iterations = 500
Convergence tolerance factor = 1.000000E-010
Stopped due to: Both parameter and relative function convergence.
Number of iterations performed = 7
Final sum of squared deviations = 4.1919159E-002
Final sum of deviations = 1.1212532E-001
Standard error of estimate = 0.102371
Average deviation = 0.056875
Maximum deviation for any observation = 0.19825
Proportion of variance explained (R^2) = 0.6253  (62.53%)
Adjusted coefficient of multiple determination (Ra^2) = 0.6253  (62.53%)
Durbin-Watson test for autocorrelation = 2.232
Parameter values will be written to C:\Users\peleg\OneDrive\doktorát\experiment_disertace\výsledky\fin_výsl\syntax\typ2\KFS2\poh_KFS2\vysl_trunc_KFS2_poh\param_trunc_KFS2_poh_02.par
Analysis completed  4-Jan-2023 19:54.  Runtime = 0.00 seconds.


             ----  Descriptive Statistics for Variables  ----

 Variable    Minimum value   Maximum value    Mean value     Standard dev.
----------  --------------  --------------  --------------  --------------
         x               1            5.24           3.048        1.658771
         y            1.16            1.58           1.438       0.1672423


                   ----  Calculated Parameter Values  ----

 Parameter  Initial guess   Final estimate   Standard error      t      Prob(t)
----------  -------------  ----------------  --------------  ---------  -------
         b              1       0.199198256      0.02643039       7.54  0.00166

