   1: variable x,y;
   2: parameter b;
   3: function y=1.42*(x^b);
   4: Plot xlabel="x-Achse",ylabel="y-Achse";
   5: data;

Beginning computation...
Stopped due to: Relative function convergence.


   ----  Final Results  ----

NLREG version 5.4
Copyright (c) 1992-2002 Phillip H. Sherrod.  All rights reserved.
This is a registered copy of NLREG that may not be redistributed.

Number of observations = 6
Maximum allowed number of iterations = 500
Convergence tolerance factor = 1.000000E-010
Stopped due to: Relative function convergence.
Number of iterations performed = 7
Final sum of squared deviations = 4.9442338E-002
Final sum of deviations = -2.3223056E-002
Standard error of estimate = 0.0994408
Average deviation = 0.0662634
Maximum deviation for any observation = 0.187179
Proportion of variance explained (R^2) = 0.7655  (76.55%)
Adjusted coefficient of multiple determination (Ra^2) = 0.7655  (76.55%)
Durbin-Watson test for autocorrelation = 2.633
Parameter values will be written to C:\Users\peleg\OneDrive\doktorát\experiment_disertace\výsledky\fin_výsl\syntax\typ2\KFS2\poh_KFS2\vysl_trunc_KFS2_poh\param_trunc_KFS2_poh_10.par
Analysis completed  4-Jan-2023 19:54.  Runtime = 0.00 seconds.


             ----  Descriptive Statistics for Variables  ----

 Variable    Minimum value   Maximum value    Mean value     Standard dev.
----------  --------------  --------------  --------------  --------------
         x               1            6.41        3.568333        1.984444
         y            1.42            2.01            1.69        0.205329


                   ----  Calculated Parameter Values  ----

 Parameter  Initial guess   Final estimate   Standard error      t      Prob(t)
----------  -------------  ----------------  --------------  ---------  -------
         b              1       0.155165117      0.01769629       8.77  0.00032

