   1: variable x,y;
   2: parameter b;
   3: function y=1.3*(x^b);
   4: Plot xlabel="x-Achse",ylabel="y-Achse";
   5: data;

Beginning computation...
Stopped due to: Both parameter and relative function convergence.


   ----  Final Results  ----

NLREG version 5.4
Copyright (c) 1992-2002 Phillip H. Sherrod.  All rights reserved.
This is a registered copy of NLREG that may not be redistributed.

Number of observations = 6
Maximum allowed number of iterations = 500
Convergence tolerance factor = 1.000000E-010
Stopped due to: Both parameter and relative function convergence.
Number of iterations performed = 8
Final sum of squared deviations = 1.1473477E-001
Final sum of deviations = 2.7473857E-001
Standard error of estimate = 0.151483
Average deviation = 0.0983367
Maximum deviation for any observation = 0.257558
Proportion of variance explained (R^2) = 0.4358  (43.58%)
Adjusted coefficient of multiple determination (Ra^2) = 0.4358  (43.58%)
Durbin-Watson test for autocorrelation = 1.036
Parameter values will be written to C:\Users\peleg\OneDrive\doktorát\experiment_disertace\výsledky\fin_výsl\syntax\typ2\KFS2\poh_KFS2\vysl_trunc_KFS2_poh\param_trunc_KFS2_poh_09.par
Analysis completed  4-Jan-2023 19:54.  Runtime = 0.00 seconds.


             ----  Descriptive Statistics for Variables  ----

 Variable    Minimum value   Maximum value    Mean value     Standard dev.
----------  --------------  --------------  --------------  --------------
         x               1            7.18        3.696667        2.216318
         y             1.3            1.83           1.705        0.201668


                   ----  Calculated Parameter Values  ----

 Parameter  Initial guess   Final estimate   Standard error      t      Prob(t)
----------  -------------  ----------------  --------------  ---------  -------
         b              1       0.208797721      0.02611843       7.99  0.00049

