   1: variable x,y;
   2: parameter b;
   3: function y=1.54*(x^b);
   4: Plot xlabel="x-Achse",ylabel="y-Achse";
   5: data;

Beginning computation...
Stopped due to: Both parameter and relative function convergence.


   ----  Final Results  ----

NLREG version 5.4
Copyright (c) 1992-2002 Phillip H. Sherrod.  All rights reserved.
This is a registered copy of NLREG that may not be redistributed.

Number of observations = 6
Maximum allowed number of iterations = 500
Convergence tolerance factor = 1.000000E-010
Stopped due to: Both parameter and relative function convergence.
Number of iterations performed = 9
Final sum of squared deviations = 5.6569850E-003
Final sum of deviations = 1.8286203E-002
Standard error of estimate = 0.0336362
Average deviation = 0.0242472
Maximum deviation for any observation = 0.0496799
Proportion of variance explained (R^2) = 0.0777  (7.77%)
Adjusted coefficient of multiple determination (Ra^2) = 0.0777  (7.77%)
Durbin-Watson test for autocorrelation = 1.314
Parameter values will be written to C:\Users\peleg\OneDrive\doktorát\experiment_disertace\výsledky\fin_výsl\syntax\typ2\KFS2\poh_KFS2\vysl_trunc_KFS2_poh\param_trunc_KFS2_poh_04.par
Analysis completed  4-Jan-2023 19:54.  Runtime = 0.00 seconds.


             ----  Descriptive Statistics for Variables  ----

 Variable    Minimum value   Maximum value    Mean value     Standard dev.
----------  --------------  --------------  --------------  --------------
         x               1            6.26        3.543333        1.941975
         y            1.48            1.58        1.533333       0.0350238


                   ----  Calculated Parameter Values  ----

 Parameter  Initial guess   Final estimate   Standard error      t      Prob(t)
----------  -------------  ----------------  --------------  ---------  -------
         b              1    -0.00573952441     0.007125143      -0.81  0.45710

