   1: variable x,y;
   2: parameter b;
   3: function y=1.33*(x^b);
   4: Plot xlabel="x-Achse",ylabel="y-Achse";
   5: data;

Beginning computation...
Stopped due to: Both parameter and relative function convergence.


   ----  Final Results  ----

NLREG version 5.4
Copyright (c) 1992-2002 Phillip H. Sherrod.  All rights reserved.
This is a registered copy of NLREG that may not be redistributed.

Number of observations = 5
Maximum allowed number of iterations = 500
Convergence tolerance factor = 1.000000E-010
Stopped due to: Both parameter and relative function convergence.
Number of iterations performed = 9
Final sum of squared deviations = 3.1036513E-002
Final sum of deviations = 8.6685135E-002
Standard error of estimate = 0.0880859
Average deviation = 0.0611581
Maximum deviation for any observation = 0.123789
Proportion of variance explained (R^2) = 0.2295  (22.95%)
Adjusted coefficient of multiple determination (Ra^2) = 0.2295  (22.95%)
Durbin-Watson test for autocorrelation = 1.127
Parameter values will be written to C:\Users\peleg\OneDrive\doktorát\experiment_disertace\výsledky\fin_výsl\syntax\typ2\KFS2\poh_KFS2\vysl_trunc_KFS2_poh\param_trunc_KFS2_poh_05.par
Analysis completed  4-Jan-2023 19:54.  Runtime = 0.00 seconds.


             ----  Descriptive Statistics for Variables  ----

 Variable    Minimum value   Maximum value    Mean value     Standard dev.
----------  --------------  --------------  --------------  --------------
         x               1            5.35            3.07        1.695435
         y            1.33             1.6           1.478       0.1003494


                   ----  Calculated Parameter Values  ----

 Parameter  Initial guess   Final estimate   Standard error      t      Prob(t)
----------  -------------  ----------------  --------------  ---------  -------
         b              1       0.094937899      0.02284773       4.16  0.01420

