   1: variable x,y;
   2: parameter b;
   3: function y=1.7*(x^b);
   4: Plot xlabel="x-Achse",ylabel="y-Achse";
   5: data;

Beginning computation...
Stopped due to: Relative function convergence.


   ----  Final Results  ----

NLREG version 5.4
Copyright (c) 1992-2002 Phillip H. Sherrod.  All rights reserved.
This is a registered copy of NLREG that may not be redistributed.

Number of observations = 6
Maximum allowed number of iterations = 500
Convergence tolerance factor = 1.000000E-010
Stopped due to: Relative function convergence.
Number of iterations performed = 8
Final sum of squared deviations = 6.2587472E-002
Final sum of deviations = -1.2396825E-002
Standard error of estimate = 0.111882
Average deviation = 0.0896978
Maximum deviation for any observation = 0.162098
Parameter values will be written to C:\Users\peleg\OneDrive\doktorát\experiment_disertace\výsledky\fin_výsl\syntax\typ2\KFS2\poh_KFS2\vysl_trunc_KFS2_poh\param_trunc_KFS2_poh_06.par
Analysis completed  4-Jan-2023 19:54.  Runtime = 0.00 seconds.


             ----  Descriptive Statistics for Variables  ----

 Variable    Minimum value   Maximum value    Mean value     Standard dev.
----------  --------------  --------------  --------------  --------------
         x               1             6.2        3.533333        1.925271
         y            1.59            1.86        1.696667       0.1118332


                   ----  Calculated Parameter Values  ----

 Parameter  Initial guess   Final estimate   Standard error      t      Prob(t)
----------  -------------  ----------------  --------------  ---------  -------
         b              1   -0.000676740658      0.02134259      -0.03  0.97593

