   1: variable x,y;
   2: parameter b;
   3: function y=1.52*(x^b);
   4: Plot xlabel="x-Achse",ylabel="y-Achse";
   5: data;

Beginning computation...
Stopped due to: Both parameter and relative function convergence.


   ----  Final Results  ----

NLREG version 5.4
Copyright (c) 1992-2002 Phillip H. Sherrod.  All rights reserved.
This is a registered copy of NLREG that may not be redistributed.

Number of observations = 7
Maximum allowed number of iterations = 500
Convergence tolerance factor = 1.000000E-010
Stopped due to: Both parameter and relative function convergence.
Number of iterations performed = 9
Final sum of squared deviations = 8.1883534E-003
Final sum of deviations = -1.5825472E-002
Standard error of estimate = 0.0369422
Average deviation = 0.0278582
Maximum deviation for any observation = 0.056454
Proportion of variance explained (R^2) = 0.8045  (80.45%)
Adjusted coefficient of multiple determination (Ra^2) = 0.8045  (80.45%)
Durbin-Watson test for autocorrelation = 1.897
Parameter values will be written to C:\Users\peleg\OneDrive\doktorát\experiment_disertace\výsledky\fin_výsl\syntax\typ2\KFS2\poh_KFS2\vysl_trunc_KFS2_poh\param_trunc_KFS2_poh_slouè.par
Analysis completed  4-Jan-2023 19:54.  Runtime = 0.00 seconds.


             ----  Descriptive Statistics for Variables  ----

 Variable    Minimum value   Maximum value    Mean value     Standard dev.
----------  --------------  --------------  --------------  --------------
         x               1            8.36        4.194286        2.508166
         y            1.52            1.75        1.638571      0.08355209


                   ----  Calculated Parameter Values  ----

 Parameter  Initial guess   Final estimate   Standard error      t      Prob(t)
----------  -------------  ----------------  --------------  ---------  -------
         b              1      0.0608724849     0.005866919      10.38  0.00005

