   1: variable x,y;
   2: parameter b;
   3: function y=2.42*(x^b);
   4: Plot xlabel="x-Achse",ylabel="y-Achse";
   5: data;

Beginning computation...
Stopped due to: Both parameter and relative function convergence.


   ----  Final Results  ----

NLREG version 5.4
Copyright (c) 1992-2002 Phillip H. Sherrod.  All rights reserved.
This is a registered copy of NLREG that may not be redistributed.

Number of observations = 5
Maximum allowed number of iterations = 500
Convergence tolerance factor = 1.000000E-010
Stopped due to: Both parameter and relative function convergence.
Number of iterations performed = 9
Final sum of squared deviations = 1.0594068E-001
Final sum of deviations = -9.7338363E-002
Standard error of estimate = 0.162743
Average deviation = 0.121046
Maximum deviation for any observation = 0.253945
Proportion of variance explained (R^2) = 0.7246  (72.46%)
Adjusted coefficient of multiple determination (Ra^2) = 0.7246  (72.46%)
Durbin-Watson test for autocorrelation = 1.527
Parameter values will be written to C:\Users\peleg\OneDrive\doktorát\experiment_disertace\výsledky\fin_výsl\syntax\typ2\KFS2\poh_KFS2\vysl_trunc_KFS2_poh\param_trunc_KFS2_poh_08.par
Analysis completed  4-Jan-2023 19:54.  Runtime = 0.00 seconds.


             ----  Descriptive Statistics for Variables  ----

 Variable    Minimum value   Maximum value    Mean value     Standard dev.
----------  --------------  --------------  --------------  --------------
         x               1            5.44           3.088        1.725897
         y             1.6            2.42           1.912       0.3101129


                   ----  Calculated Parameter Values  ----

 Parameter  Initial guess   Final estimate   Standard error      t      Prob(t)
----------  -------------  ----------------  --------------  ---------  -------
         b              1      -0.242054347      0.03702784      -6.54  0.00283

