   1: variable x,y;
   2: parameter a,b,c;
   3: function y=a*(x^b)*exp(c*x);
   4: Plot xlabel="x-Achse",ylabel="y-Achse";
   5: data;

Beginning computation...
Stopped due to: Relative function convergence.


   ----  Final Results  ----

NLREG version 5.4
Copyright (c) 1992-2002 Phillip H. Sherrod.  All rights reserved.
This is a registered copy of NLREG that may not be redistributed.

Number of observations = 5
Maximum allowed number of iterations = 500
Convergence tolerance factor = 1.000000E-010
Stopped due to: Relative function convergence.
Number of iterations performed = 15
Final sum of squared deviations = 1.8618581E-002
Final sum of deviations = 2.5600275E-004
Standard error of estimate = 0.0964847
Average deviation = 0.0500993
Maximum deviation for any observation = 0.10095
Proportion of variance explained (R^2) = 0.9528  (95.28%)
Adjusted coefficient of multiple determination (Ra^2) = 0.9055  (90.55%)
Durbin-Watson test for autocorrelation = 3.514
Parameter values will be written to C:\Users\peleg\OneDrive\doktorát\experiment_disertace\výsledky\fin_výsl\slovo_morfém_foném_oprava\dop_SMF\tokens_dop_SMF\vysl_compl_SMF_tokens_dop\param_compl_tokens_dop_07.par
Analysis completed  2-Apr-2023 17:15.  Runtime = 0.00 seconds.


             ----  Descriptive Statistics for Variables  ----

 Variable    Minimum value   Maximum value    Mean value     Standard dev.
----------  --------------  --------------  --------------  --------------
         x               1            5.14           3.028        1.626014
         y            1.64            2.45           1.914       0.3138949


                   ----  Calculated Parameter Values  ----

 Parameter  Initial guess   Final estimate   Standard error      t      Prob(t)
----------  -------------  ----------------  --------------  ---------  -------
         a              1        2.15391996       0.1370973      15.71  0.00403
         b              1      -0.527912515       0.1603653      -3.29  0.08120
         c              1       0.125818502      0.06651094       1.89  0.19907


                  ----  Analysis of Variance  ----

  Source     DF   Sum of Squares    Mean Square    F value   Prob(F)
----------  ----  --------------  --------------  ---------  -------
Regression     2       0.3755014       0.1877507      20.17  0.04724
Error          2      0.01861858      0.00930929
Total          4         0.39412

