   1: variable x,y;
   2: parameter a,b,c;
   3: function y=a*(x^b)*exp(c*x);
   4: Plot xlabel="x-Achse",ylabel="y-Achse";
   5: data;

Beginning computation...
Stopped due to: Relative function convergence.


   ----  Final Results  ----

NLREG version 5.4
Copyright (c) 1992-2002 Phillip H. Sherrod.  All rights reserved.
This is a registered copy of NLREG that may not be redistributed.

Number of observations = 5
Maximum allowed number of iterations = 500
Convergence tolerance factor = 1.000000E-010
Stopped due to: Relative function convergence.
Number of iterations performed = 15
Final sum of squared deviations = 1.7405070E-002
Final sum of deviations = -1.2934310E-003
Standard error of estimate = 0.0932874
Average deviation = 0.046728
Maximum deviation for any observation = 0.102182
Proportion of variance explained (R^2) = 0.9838  (98.38%)
Adjusted coefficient of multiple determination (Ra^2) = 0.9676  (96.76%)
Durbin-Watson test for autocorrelation = 2.573
Parameter values will be written to C:\Users\peleg\OneDrive\doktorát\experiment_disertace\výsledky\fin_výsl\slovo_morfém_foném_oprava\dop_SMF\types_dop_SMF\vysl_compl_SMF_types_dop\param_compl_types_dop_07.par
Analysis completed  2-Apr-2023 17:15.  Runtime = 0.00 seconds.


             ----  Descriptive Statistics for Variables  ----

 Variable    Minimum value   Maximum value    Mean value     Standard dev.
----------  --------------  --------------  --------------  --------------
         x               1            5.16           3.032         1.63252
         y            1.66            2.94           2.096       0.5185846


                   ----  Calculated Parameter Values  ----

 Parameter  Initial guess   Final estimate   Standard error      t      Prob(t)
----------  -------------  ----------------  --------------  ---------  -------
         a              1        2.67976032       0.1534695      17.46  0.00326
         b              1      -0.584067218       0.1402529      -4.16  0.05311
         c              1      0.0976287039      0.05961035       1.64  0.24312


                  ----  Analysis of Variance  ----

  Source     DF   Sum of Squares    Mean Square    F value   Prob(F)
----------  ----  --------------  --------------  ---------  -------
Regression     2        1.058315       0.5291575      60.80  0.01618
Error          2      0.01740507     0.008702535
Total          4         1.07572

