   1: variable x,y;
   2: parameter a,b,c;
   3: function y=a*(x^b)*exp(c*x);
   4: Plot xlabel="x-Achse",ylabel="y-Achse";
   5: data;

Beginning computation...
Stopped due to: Relative function convergence.


   ----  Final Results  ----

NLREG version 5.4
Copyright (c) 1992-2002 Phillip H. Sherrod.  All rights reserved.
This is a registered copy of NLREG that may not be redistributed.

Number of observations = 5
Maximum allowed number of iterations = 500
Convergence tolerance factor = 1.000000E-010
Stopped due to: Relative function convergence.
Number of iterations performed = 15
Final sum of squared deviations = 2.1879871E-003
Final sum of deviations = 8.6625694E-006
Standard error of estimate = 0.0330756
Average deviation = 0.0163466
Maximum deviation for any observation = 0.0346121
Proportion of variance explained (R^2) = 0.9947  (99.47%)
Adjusted coefficient of multiple determination (Ra^2) = 0.9894  (98.94%)
Durbin-Watson test for autocorrelation = 3.371
Parameter values will be written to C:\Users\peleg\OneDrive\doktorát\experiment_disertace\výsledky\fin_výsl\slovo_morfém_foném_oprava\dop_SMF\tokens_dop_SMF\vysl_compl_SMF_tokens_dop\param_compl_tokens_dop_06.par
Analysis completed  2-Apr-2023 17:15.  Runtime = 0.00 seconds.


             ----  Descriptive Statistics for Variables  ----

 Variable    Minimum value   Maximum value    Mean value     Standard dev.
----------  --------------  --------------  --------------  --------------
         x               1            5.26           3.052        1.665389
         y            1.64            2.47           1.982       0.3207335


                   ----  Calculated Parameter Values  ----

 Parameter  Initial guess   Final estimate   Standard error      t      Prob(t)
----------  -------------  ----------------  --------------  ---------  -------
         a              1        2.49352581      0.05052664      49.35  0.00041
         b              1      -0.217327816      0.05141129      -4.23  0.05166
         c              1     -0.0095996116      0.02123639      -0.45  0.69554


                  ----  Analysis of Variance  ----

  Source     DF   Sum of Squares    Mean Square    F value   Prob(F)
----------  ----  --------------  --------------  ---------  -------
Regression     2        0.409292        0.204646     187.06  0.00532
Error          2     0.002187987     0.001093994
Total          4         0.41148

