   1: variable x,y;
   2: parameter a,b,c;
   3: function y=a*(x^b)*exp(c*x);
   4: Plot xlabel="x-Achse",ylabel="y-Achse";
   5: data;

Beginning computation...
Stopped due to: Relative function convergence.


   ----  Final Results  ----

NLREG version 5.4
Copyright (c) 1992-2002 Phillip H. Sherrod.  All rights reserved.
This is a registered copy of NLREG that may not be redistributed.

Number of observations = 5
Maximum allowed number of iterations = 500
Convergence tolerance factor = 1.000000E-010
Stopped due to: Relative function convergence.
Number of iterations performed = 15
Final sum of squared deviations = 5.1712768E-004
Final sum of deviations = 2.6087598E-004
Standard error of estimate = 0.0160799
Average deviation = 0.00805242
Maximum deviation for any observation = 0.018021
Proportion of variance explained (R^2) = 0.9998  (99.98%)
Adjusted coefficient of multiple determination (Ra^2) = 0.9995  (99.95%)
Durbin-Watson test for autocorrelation = 2.605
Parameter values will be written to C:\Users\peleg\OneDrive\doktorát\experiment_disertace\výsledky\fin_výsl\slovo_morfém_foném_oprava\dop_SMF\types_dop_SMF\vysl_compl_SMF_types_dop\param_compl_types_dop_06.par
Analysis completed  2-Apr-2023 17:15.  Runtime = 0.00 seconds.


             ----  Descriptive Statistics for Variables  ----

 Variable    Minimum value   Maximum value    Mean value     Standard dev.
----------  --------------  --------------  --------------  --------------
         x               1            5.27           3.054        1.668706
         y            1.65             3.5           2.278       0.7393714


                   ----  Calculated Parameter Values  ----

 Parameter  Initial guess   Final estimate   Standard error      t      Prob(t)
----------  -------------  ----------------  --------------  ---------  -------
         a              1         3.2473925      0.02936357     110.59  0.00008
         b              1      -0.639148387      0.02170657     -29.44  0.00115
         c              1       0.074270242     0.009356065       7.94  0.01550


                  ----  Analysis of Variance  ----

  Source     DF   Sum of Squares    Mean Square    F value   Prob(F)
----------  ----  --------------  --------------  ---------  -------
Regression     2        2.186163        1.093081    4227.51  0.00024
Error          2    0.0005171277    0.0002585638
Total          4         2.18668

