   1: variable x,y;
   2: parameter a,b,c;
   3: function y=a*(x^b)*exp(c*x);
   4: Plot xlabel="x-Achse",ylabel="y-Achse";
   5: data;

Beginning computation...
Stopped due to: Both parameter and relative function convergence.


   ----  Final Results  ----

NLREG version 5.4
Copyright (c) 1992-2002 Phillip H. Sherrod.  All rights reserved.
This is a registered copy of NLREG that may not be redistributed.

Number of observations = 6
Maximum allowed number of iterations = 500
Convergence tolerance factor = 1.000000E-010
Stopped due to: Both parameter and relative function convergence.
Number of iterations performed = 17
Final sum of squared deviations = 4.5333545E-003
Final sum of deviations = 2.3040470E-004
Standard error of estimate = 0.0388731
Average deviation = 0.0210845
Maximum deviation for any observation = 0.049504
Proportion of variance explained (R^2) = 0.9968  (99.68%)
Adjusted coefficient of multiple determination (Ra^2) = 0.9947  (99.47%)
Durbin-Watson test for autocorrelation = 3.124
Parameter values will be written to C:\Users\peleg\OneDrive\doktorát\experiment_disertace\výsledky\fin_výsl\slovo_morfém_foném_oprava\dop_SMF\types_dop_SMF\vysl_compl_SMF_types_dop\param_compl_types_dop_01.par
Analysis completed  2-Apr-2023 17:15.  Runtime = 0.00 seconds.


             ----  Descriptive Statistics for Variables  ----

 Variable    Minimum value   Maximum value    Mean value     Standard dev.
----------  --------------  --------------  --------------  --------------
         x               1             6.1        3.516667        1.897806
         y            1.66            3.08           2.045       0.5329071


                   ----  Calculated Parameter Values  ----

 Parameter  Initial guess   Final estimate   Standard error      t      Prob(t)
----------  -------------  ----------------  --------------  ---------  -------
         a              1        2.66592309      0.04716246      56.53  0.00001
         b              1      -0.722165617       0.0462663     -15.61  0.00057
         c              1        0.14358672       0.0176902       8.12  0.00391


                  ----  Analysis of Variance  ----

  Source     DF   Sum of Squares    Mean Square    F value   Prob(F)
----------  ----  --------------  --------------  ---------  -------
Regression     2        1.415417       0.7077083     468.33  0.00018
Error          3     0.004533354     0.001511118
Total          5         1.41995

