   1: variable x,y;
   2: parameter a,b,c;
   3: function y=a*(x^b)*exp(c*x);
   4: Plot xlabel="x-Achse",ylabel="y-Achse";
   5: data;

Beginning computation...
Stopped due to: Relative function convergence.


   ----  Final Results  ----

NLREG version 5.4
Copyright (c) 1992-2002 Phillip H. Sherrod.  All rights reserved.
This is a registered copy of NLREG that may not be redistributed.

Number of observations = 5
Maximum allowed number of iterations = 500
Convergence tolerance factor = 1.000000E-010
Stopped due to: Relative function convergence.
Number of iterations performed = 15
Final sum of squared deviations = 2.3199148E-002
Final sum of deviations = -9.6535046E-006
Standard error of estimate = 0.107701
Average deviation = 0.055935
Maximum deviation for any observation = 0.10654
Proportion of variance explained (R^2) = 0.9275  (92.75%)
Adjusted coefficient of multiple determination (Ra^2) = 0.8550  (85.50%)
Durbin-Watson test for autocorrelation = 3.499
Parameter values will be written to C:\Users\peleg\OneDrive\doktorát\experiment_disertace\výsledky\fin_výsl\slovo_morfém_foném_oprava\dop_SMF\tokens_dop_SMF\vysl_compl_SMF_tokens_dop\param_compl_tokens_dop_02.par
Analysis completed  2-Apr-2023 17:15.  Runtime = 0.00 seconds.


             ----  Descriptive Statistics for Variables  ----

 Variable    Minimum value   Maximum value    Mean value     Standard dev.
----------  --------------  --------------  --------------  --------------
         x               1            5.24           3.048        1.658771
         y            1.61            2.33            1.93       0.2828427


                   ----  Calculated Parameter Values  ----

 Parameter  Initial guess   Final estimate   Standard error      t      Prob(t)
----------  -------------  ----------------  --------------  ---------  -------
         a              1        2.38383028       0.1616563      14.75  0.00457
         b              1      -0.161974266       0.1732806      -0.93  0.44859
         c              1     -0.0204440138      0.07126029      -0.29  0.80119


                  ----  Analysis of Variance  ----

  Source     DF   Sum of Squares    Mean Square    F value   Prob(F)
----------  ----  --------------  --------------  ---------  -------
Regression     2       0.2968009       0.1484004      12.79  0.07250
Error          2      0.02319915      0.01159957
Total          4            0.32

