   1: variable x,y;
   2: parameter a,b,c;
   3: function y=a*(x^b)*exp(c*x);
   4: Plot xlabel="x-Achse",ylabel="y-Achse";
   5: data;

Beginning computation...
Stopped due to: Relative function convergence.


   ----  Final Results  ----

NLREG version 5.4
Copyright (c) 1992-2002 Phillip H. Sherrod.  All rights reserved.
This is a registered copy of NLREG that may not be redistributed.

Number of observations = 6
Maximum allowed number of iterations = 500
Convergence tolerance factor = 1.000000E-010
Stopped due to: Relative function convergence.
Number of iterations performed = 20
Final sum of squared deviations = 3.8971594E-002
Final sum of deviations = 1.6262336E-003
Standard error of estimate = 0.113976
Average deviation = 0.071197
Maximum deviation for any observation = 0.14728
Proportion of variance explained (R^2) = 0.9251  (92.51%)
Adjusted coefficient of multiple determination (Ra^2) = 0.8752  (87.52%)
Durbin-Watson test for autocorrelation = 2.280
Parameter values will be written to C:\Users\peleg\OneDrive\doktorát\experiment_disertace\výsledky\fin_výsl\slovo_morfém_foném_oprava\dop_SMF\tokens_dop_SMF\vysl_compl_SMF_tokens_dop\param_compl_tokens_dop_10.par
Analysis completed  2-Apr-2023 17:15.  Runtime = 0.00 seconds.


             ----  Descriptive Statistics for Variables  ----

 Variable    Minimum value   Maximum value    Mean value     Standard dev.
----------  --------------  --------------  --------------  --------------
         x               1            6.35        3.558333        1.967337
         y            1.53            2.46            1.84       0.3226763


                   ----  Calculated Parameter Values  ----

 Parameter  Initial guess   Final estimate   Standard error      t      Prob(t)
----------  -------------  ----------------  --------------  ---------  -------
         a              1        2.28846666       0.1253942      18.25  0.00036
         b              1       -0.38502788        0.145539      -2.65  0.07729
         c              1      0.0552772772      0.05340493       1.04  0.37676


                  ----  Analysis of Variance  ----

  Source     DF   Sum of Squares    Mean Square    F value   Prob(F)
----------  ----  --------------  --------------  ---------  -------
Regression     2       0.4816284       0.2408142      18.54  0.02048
Error          3      0.03897159      0.01299053
Total          5          0.5206

