   1: variable x,y;
   2: parameter a,b,c;
   3: function y=a*(x^b)*exp(c*x);
   4: Plot xlabel="x-Achse",ylabel="y-Achse";
   5: data;

Beginning computation...
Stopped due to: Relative function convergence.


   ----  Final Results  ----

NLREG version 5.4
Copyright (c) 1992-2002 Phillip H. Sherrod.  All rights reserved.
This is a registered copy of NLREG that may not be redistributed.

Number of observations = 5
Maximum allowed number of iterations = 500
Convergence tolerance factor = 1.000000E-010
Stopped due to: Relative function convergence.
Number of iterations performed = 15
Final sum of squared deviations = 3.6947858E-003
Final sum of deviations = 1.6940155E-004
Standard error of estimate = 0.0429813
Average deviation = 0.0223293
Maximum deviation for any observation = 0.0479221
Proportion of variance explained (R^2) = 0.9860  (98.60%)
Adjusted coefficient of multiple determination (Ra^2) = 0.9719  (97.19%)
Durbin-Watson test for autocorrelation = 2.634
Parameter values will be written to C:\Users\peleg\OneDrive\doktorát\experiment_disertace\výsledky\fin_výsl\slovo_morfém_foném_oprava\dop_SMF\tokens_dop_SMF\vysl_compl_SMF_tokens_dop\param_compl_tokens_dop_04.par
Analysis completed  2-Apr-2023 17:15.  Runtime = 0.00 seconds.


             ----  Descriptive Statistics for Variables  ----

 Variable    Minimum value   Maximum value    Mean value     Standard dev.
----------  --------------  --------------  --------------  --------------
         x               1            5.25            3.05        1.662077
         y            1.61            2.28            1.86       0.2564176


                   ----  Calculated Parameter Values  ----

 Parameter  Initial guess   Final estimate   Standard error      t      Prob(t)
----------  -------------  ----------------  --------------  ---------  -------
         a              1        2.19150839      0.06124204      35.78  0.00078
         b              1      -0.290659394       0.0714675      -4.07  0.05547
         c              1        0.03607668      0.02924506       1.23  0.34265


                  ----  Analysis of Variance  ----

  Source     DF   Sum of Squares    Mean Square    F value   Prob(F)
----------  ----  --------------  --------------  ---------  -------
Regression     2       0.2593052       0.1296526      70.18  0.01405
Error          2     0.003694786     0.001847393
Total          4           0.263

