   1: variable x,y;
   2: parameter a,b,c;
   3: function y=a*(x^b)*exp(c*x);
   4: Plot xlabel="x-Achse",ylabel="y-Achse";
   5: data;

Beginning computation...
Stopped due to: Both parameter and relative function convergence.


   ----  Final Results  ----

NLREG version 5.4
Copyright (c) 1992-2002 Phillip H. Sherrod.  All rights reserved.
This is a registered copy of NLREG that may not be redistributed.

Number of observations = 5
Maximum allowed number of iterations = 500
Convergence tolerance factor = 1.000000E-010
Stopped due to: Both parameter and relative function convergence.
Number of iterations performed = 15
Final sum of squared deviations = 6.6758520E-004
Final sum of deviations = 2.0615129E-004
Standard error of estimate = 0.01827
Average deviation = 0.00928446
Maximum deviation for any observation = 0.0182182
Proportion of variance explained (R^2) = 0.9984  (99.84%)
Adjusted coefficient of multiple determination (Ra^2) = 0.9969  (99.69%)
Durbin-Watson test for autocorrelation = 2.996
Parameter values will be written to C:\Users\peleg\OneDrive\doktorát\experiment_disertace\výsledky\fin_výsl\slovo_morfém_foném_oprava\dop_SMF\tokens_dop_SMF\vysl_compl_SMF_tokens_dop\param_compl_tokens_dop_08.par
Analysis completed  2-Apr-2023 17:15.  Runtime = 0.00 seconds.


             ----  Descriptive Statistics for Variables  ----

 Variable    Minimum value   Maximum value    Mean value     Standard dev.
----------  --------------  --------------  --------------  --------------
         x               1             5.4            3.08        1.712308
         y            1.68            2.46           1.894       0.3273072


                   ----  Calculated Parameter Values  ----

 Parameter  Initial guess   Final estimate   Standard error      t      Prob(t)
----------  -------------  ----------------  --------------  ---------  -------
         a              1        2.17054149      0.02428469      89.38  0.00013
         b              1      -0.542518528      0.02855022     -19.00  0.00276
         c              1       0.123619219      0.01155057      10.70  0.00862


                  ----  Analysis of Variance  ----

  Source     DF   Sum of Squares    Mean Square    F value   Prob(F)
----------  ----  --------------  --------------  ---------  -------
Regression     2       0.4278524       0.2139262     640.90  0.00156
Error          2    0.0006675852    0.0003337926
Total          4         0.42852

