   1: variable x,y;
   2: parameter a,b,c;
   3: function y=a*(x^b)*exp(c*x);
   4: Plot xlabel="x-Achse",ylabel="y-Achse";
   5: data;

Beginning computation...
Stopped due to: Relative function convergence.


   ----  Final Results  ----

NLREG version 5.4
Copyright (c) 1992-2002 Phillip H. Sherrod.  All rights reserved.
This is a registered copy of NLREG that may not be redistributed.

Number of observations = 5
Maximum allowed number of iterations = 500
Convergence tolerance factor = 1.000000E-010
Stopped due to: Relative function convergence.
Number of iterations performed = 15
Final sum of squared deviations = 1.4843395E-002
Final sum of deviations = 9.2827085E-004
Standard error of estimate = 0.0861493
Average deviation = 0.0497528
Maximum deviation for any observation = 0.0858801
Proportion of variance explained (R^2) = 0.9648  (96.48%)
Adjusted coefficient of multiple determination (Ra^2) = 0.9296  (92.96%)
Durbin-Watson test for autocorrelation = 2.666
Parameter values will be written to C:\Users\peleg\OneDrive\doktorát\experiment_disertace\výsledky\fin_výsl\slovo_morfém_foném_oprava\dop_SMF\tokens_dop_SMF\vysl_compl_SMF_tokens_dop\param_compl_tokens_dop_09.par
Analysis completed  2-Apr-2023 17:15.  Runtime = 0.00 seconds.


             ----  Descriptive Statistics for Variables  ----

 Variable    Minimum value   Maximum value    Mean value     Standard dev.
----------  --------------  --------------  --------------  --------------
         x               1            5.27           3.054        1.668706
         y            1.66            2.48           1.916       0.3246999


                   ----  Calculated Parameter Values  ----

 Parameter  Initial guess   Final estimate   Standard error      t      Prob(t)
----------  -------------  ----------------  --------------  ---------  -------
         a              1         2.2209017       0.1207973      18.39  0.00295
         b              1      -0.485998343       0.1378414      -3.53  0.07188
         c              1       0.102334741      0.05657808       1.81  0.21222


                  ----  Analysis of Variance  ----

  Source     DF   Sum of Squares    Mean Square    F value   Prob(F)
----------  ----  --------------  --------------  ---------  -------
Regression     2       0.4068766       0.2034383      27.41  0.03520
Error          2      0.01484339     0.007421697
Total          4         0.42172

