   1: variable x,y;
   2: parameter a,b,c;
   3: function y=a*(x^b)*exp(c*x);
   4: Plot xlabel="x-Achse",ylabel="y-Achse";
   5: data;

Beginning computation...
Stopped due to: Relative function convergence.


   ----  Final Results  ----

NLREG version 5.4
Copyright (c) 1992-2002 Phillip H. Sherrod.  All rights reserved.
This is a registered copy of NLREG that may not be redistributed.

Number of observations = 6
Maximum allowed number of iterations = 500
Convergence tolerance factor = 1.000000E-010
Stopped due to: Relative function convergence.
Number of iterations performed = 16
Final sum of squared deviations = 3.1055308E-003
Final sum of deviations = -1.0555759E-004
Standard error of estimate = 0.0321742
Average deviation = 0.0184933
Maximum deviation for any observation = 0.0417377
Proportion of variance explained (R^2) = 0.9910  (99.10%)
Adjusted coefficient of multiple determination (Ra^2) = 0.9849  (98.49%)
Durbin-Watson test for autocorrelation = 2.722
Parameter values will be written to C:\Users\peleg\OneDrive\doktorát\experiment_disertace\výsledky\fin_výsl\slovo_morfém_foném_oprava\dop_SMF\tokens_dop_SMF\vysl_compl_SMF_tokens_dop\param_compl_tokens_dop_05.par
Analysis completed  2-Apr-2023 17:15.  Runtime = 0.00 seconds.


             ----  Descriptive Statistics for Variables  ----

 Variable    Minimum value   Maximum value    Mean value     Standard dev.
----------  --------------  --------------  --------------  --------------
         x               1            6.09           3.515        1.895086
         y            1.61            2.32            1.81       0.2620687


                   ----  Calculated Parameter Values  ----

 Parameter  Initial guess   Final estimate   Standard error      t      Prob(t)
----------  -------------  ----------------  --------------  ---------  -------
         a              1        1.93787314      0.03205878      60.45  0.00001
         b              1      -0.646036449      0.04423169     -14.61  0.00070
         c              1        0.18037286      0.01621518      11.12  0.00156


                  ----  Analysis of Variance  ----

  Source     DF   Sum of Squares    Mean Square    F value   Prob(F)
----------  ----  --------------  --------------  ---------  -------
Regression     2       0.3402945       0.1701472     164.37  0.00086
Error          3     0.003105531     0.001035177
Total          5          0.3434

