   1: variable x,y;
   2: parameter a,b,c;
   3: function y=a*(x^b)*exp(c*x);
   4: Plot xlabel="x-Achse",ylabel="y-Achse";
   5: data;

Beginning computation...
Stopped due to: Relative function convergence.


   ----  Final Results  ----

NLREG version 5.4
Copyright (c) 1992-2002 Phillip H. Sherrod.  All rights reserved.
This is a registered copy of NLREG that may not be redistributed.

Number of observations = 7
Maximum allowed number of iterations = 500
Convergence tolerance factor = 1.000000E-010
Stopped due to: Relative function convergence.
Number of iterations performed = 18
Final sum of squared deviations = 2.8512830E-002
Final sum of deviations = 1.4089200E-003
Standard error of estimate = 0.0844287
Average deviation = 0.0537066
Maximum deviation for any observation = 0.0962751
Proportion of variance explained (R^2) = 0.9477  (94.77%)
Adjusted coefficient of multiple determination (Ra^2) = 0.9215  (92.15%)
Durbin-Watson test for autocorrelation = 2.380
Parameter values will be written to C:\Users\peleg\OneDrive\doktorát\experiment_disertace\výsledky\fin_výsl\slovo_morfém_foném_oprava\dop_SMF\tokens_dop_SMF\vysl_compl_SMF_tokens_dop\param_compl_tokens_dop_slouè.par
Analysis completed  2-Apr-2023 17:15.  Runtime = 0.00 seconds.


             ----  Descriptive Statistics for Variables  ----

 Variable    Minimum value   Maximum value    Mean value     Standard dev.
----------  --------------  --------------  --------------  --------------
         x               1            7.07            4.01        2.176549
         y            1.54            2.47        1.834286       0.3013225


                   ----  Calculated Parameter Values  ----

 Parameter  Initial guess   Final estimate   Standard error      t      Prob(t)
----------  -------------  ----------------  --------------  ---------  -------
         a              1        2.30498442      0.08041623      28.66  0.00001
         b              1      -0.383041846      0.09281242      -4.13  0.01453
         c              1      0.0570179276      0.03134166       1.82  0.14300


                  ----  Analysis of Variance  ----

  Source     DF   Sum of Squares    Mean Square    F value   Prob(F)
----------  ----  --------------  --------------  ---------  -------
Regression     2       0.5162586       0.2581293      36.21  0.00274
Error          4      0.02851283     0.007128207
Total          6       0.5447714

