   1: variable x,y;
   2: parameter a,b;
   3: function y=a*(x^b);
   4: Plot xlabel="x-Achse",ylabel="y-Achse";
   5: data;

Beginning computation...
Stopped due to: Parameter convergence.


   ----  Final Results  ----

NLREG version 6.6
Copyright (c) 1992-2015 Phillip H. Sherrod.

Number of observations = 2
Maximum allowed number of iterations = 500
Convergence tolerance factor = 1.000000E-010
Stopped due to: Parameter convergence.
Number of iterations performed = 11
Final sum of squared deviations = 7.8886091E-031
Final sum of deviations = 8.8817842E-016
Average deviation = 4.44089E-016
Maximum deviation for any observation = 8.88178E-016
Proportion of variance explained (R^2) = 1.0000  (100.00%)
Adjusted coefficient of multiple determination (Ra^2) = 0.0000  (0.00%)
Durbin-Watson test for autocorrelation = 1.000
Analysis completed 15-Jan-2023 12:25.  Runtime = 0.04 seconds.


             ----  Descriptive Statistics for Variables  ----

      Variable       Minimum value   Maximum value    Mean value     Standard dev.
------------------  --------------  --------------  --------------  --------------
                 x               3            5.05           4.025        1.449569
                 y            5.04            6.31           5.675       0.8980256


  ----  Calculated Parameter Values  ----

     Parameter      Initial guess   Final estimate 
------------------  -------------  ----------------
                 a              1         10.137263
                 b              1      -0.431528362


----  Analysis of Variance  ----

  Source     DF   Sum of Squares
----------  ----  --------------
Regression     1         0.80645
Error          0   7.888609E-031
Total          1         0.80645


If you haven't registered your use, please do so.  If you have, thank you.
