   1: variable x,y;
   2: parameter a,b;
   3: function y=a*(x^b);
   4: Plot xlabel="x-Achse",ylabel="y-Achse";
   5: data;

Beginning computation...
Stopped due to: Relative function convergence.


   ----  Final Results  ----

NLREG version 5.4
Copyright (c) 1992-2002 Phillip H. Sherrod.  All rights reserved.
This is a registered copy of NLREG that may not be redistributed.

Number of observations = 4
Maximum allowed number of iterations = 500
Convergence tolerance factor = 1.000000E-010
Stopped due to: Relative function convergence.
Number of iterations performed = 9
Final sum of squared deviations = 1.2065871E+000
Final sum of deviations = -1.9718686E-003
Standard error of estimate = 0.77672
Average deviation = 0.473764
Maximum deviation for any observation = 0.946542
Proportion of variance explained (R^2) = 0.1605  (16.05%)
Adjusted coefficient of multiple determination (Ra^2) = -0.2593  (-25.93%)
Durbin-Watson test for autocorrelation = 2.734
Parameter values will be written to C:\Users\peleg\OneDrive\doktorát\experiment_disertace\výsledky\fin_výsl\syntax\typ3\VFS3\studVFS3\vysl_trunc_VFS3_stud\param_trunc_VFS3_stud_05.par
Analysis completed  4-Jan-2023 19:59.  Runtime = 0.00 seconds.


             ----  Descriptive Statistics for Variables  ----

 Variable    Minimum value   Maximum value    Mean value     Standard dev.
----------  --------------  --------------  --------------  --------------
         x            1.79            5.32          3.5275        1.498163
         y             3.7            5.24            4.25       0.6921464


                   ----  Calculated Parameter Values  ----

 Parameter  Initial guess   Final estimate   Standard error      t      Prob(t)
----------  -------------  ----------------  --------------  ---------  -------
         a              1        4.97374486        1.344551       3.70  0.06593
         b              1      -0.133878478       0.2231168      -0.60  0.60941


                  ----  Analysis of Variance  ----

  Source     DF   Sum of Squares    Mean Square    F value   Prob(F)
----------  ----  --------------  --------------  ---------  -------
Regression     1       0.2306129       0.2306129       0.38  0.59943
Error          2        1.206587       0.6032936
Total          3          1.4372

