   1: variable x,y;
   2: parameter a,b;
   3: function y=a*(x^b);
   4: Plot xlabel="x-Achse",ylabel="y-Achse";
   5: data;

Beginning computation...
Stopped due to: Relative function convergence.


   ----  Final Results  ----

NLREG version 5.4
Copyright (c) 1992-2002 Phillip H. Sherrod.  All rights reserved.
This is a registered copy of NLREG that may not be redistributed.

Number of observations = 4
Maximum allowed number of iterations = 500
Convergence tolerance factor = 1.000000E-010
Stopped due to: Relative function convergence.
Number of iterations performed = 13
Final sum of squared deviations = 6.5887482E-001
Final sum of deviations = 6.9117632E-002
Standard error of estimate = 0.573966
Average deviation = 0.352739
Maximum deviation for any observation = 0.670919
Proportion of variance explained (R^2) = 0.9602  (96.02%)
Adjusted coefficient of multiple determination (Ra^2) = 0.9403  (94.03%)
Durbin-Watson test for autocorrelation = 2.300
Parameter values will be written to C:\Users\peleg\OneDrive\doktorát\experiment_disertace\výsledky\fin_výsl\syntax\typ3\VFS3\studVFS3\vysl_trunc_VFS3_stud\param_trunc_VFS3_stud_07.par
Analysis completed  4-Jan-2023 19:59.  Runtime = 0.00 seconds.


             ----  Descriptive Statistics for Variables  ----

 Variable    Minimum value   Maximum value    Mean value     Standard dev.
----------  --------------  --------------  --------------  --------------
         x            1.88            5.36            3.56         1.47982
         y            3.72               9          5.5725         2.34875


                   ----  Calculated Parameter Values  ----

 Parameter  Initial guess   Final estimate   Standard error      t      Prob(t)
----------  -------------  ----------------  --------------  ---------  -------
         a              1        15.6912605         2.10598       7.45  0.01754
         b              1      -0.920000602       0.1349405      -6.82  0.02084


                  ----  Analysis of Variance  ----

  Source     DF   Sum of Squares    Mean Square    F value   Prob(F)
----------  ----  --------------  --------------  ---------  -------
Regression     1          15.891          15.891      48.24  0.02011
Error          2       0.6588748       0.3294374
Total          3        16.54988

