   1: variable x,y;
   2: parameter a,b;
   3: function y=a*(x^b);
   4: Plot xlabel="x-Achse",ylabel="y-Achse";
   5: data;

Beginning computation...
Stopped due to: Relative function convergence.


   ----  Final Results  ----

NLREG version 5.4
Copyright (c) 1992-2002 Phillip H. Sherrod.  All rights reserved.
This is a registered copy of NLREG that may not be redistributed.

Number of observations = 3
Maximum allowed number of iterations = 500
Convergence tolerance factor = 1.000000E-010
Stopped due to: Relative function convergence.
Number of iterations performed = 12
Final sum of squared deviations = 5.2072028E-001
Final sum of deviations = -5.0738492E-003
Standard error of estimate = 0.72161
Average deviation = 0.390019
Maximum deviation for any observation = 0.582492
Proportion of variance explained (R^2) = 0.6952  (69.52%)
Adjusted coefficient of multiple determination (Ra^2) = 0.3904  (39.04%)
Durbin-Watson test for autocorrelation = 2.966
Parameter values will be written to C:\Users\peleg\OneDrive\doktorát\experiment_disertace\výsledky\fin_výsl\syntax\typ3\VFS3\studVFS3\vysl_trunc_VFS3_stud\param_trunc_VFS3_stud_03.par
Analysis completed  4-Jan-2023 19:59.  Runtime = 0.00 seconds.


             ----  Descriptive Statistics for Variables  ----

 Variable    Minimum value   Maximum value    Mean value     Standard dev.
----------  --------------  --------------  --------------  --------------
         x             2.7            5.53        4.076667        1.416557
         y            4.55            6.18        5.616667       0.9242474


                   ----  Calculated Parameter Values  ----

 Parameter  Initial guess   Final estimate   Standard error      t      Prob(t)
----------  -------------  ----------------  --------------  ---------  -------
         a              1         9.2645289        3.118981       2.97  0.20674
         b              1      -0.371240397       0.2528016      -1.47  0.38059


                  ----  Analysis of Variance  ----

  Source     DF   Sum of Squares    Mean Square    F value   Prob(F)
----------  ----  --------------  --------------  ---------  -------
Regression     1        1.187746        1.187746       2.28  0.37233
Error          1       0.5207203       0.5207203
Total          2        1.708467

