   1: variable x,y;
   2: parameter a,b;
   3: function y=a*(x^b);
   4: Plot xlabel="x-Achse",ylabel="y-Achse";
   5: data;

Beginning computation...
Stopped due to: Relative function convergence.


   ----  Final Results  ----

NLREG version 5.4
Copyright (c) 1992-2002 Phillip H. Sherrod.  All rights reserved.
This is a registered copy of NLREG that may not be redistributed.

Number of observations = 5
Maximum allowed number of iterations = 500
Convergence tolerance factor = 1.000000E-010
Stopped due to: Relative function convergence.
Number of iterations performed = 12
Final sum of squared deviations = 1.3286272E+000
Final sum of deviations = 6.5553469E-002
Standard error of estimate = 0.665489
Average deviation = 0.453217
Maximum deviation for any observation = 0.799494
Proportion of variance explained (R^2) = 0.9177  (91.77%)
Adjusted coefficient of multiple determination (Ra^2) = 0.8902  (89.02%)
Durbin-Watson test for autocorrelation = 2.233
Parameter values will be written to C:\Users\peleg\OneDrive\doktorát\experiment_disertace\výsledky\fin_výsl\syntax\typ3\VFS3\studVFS3\vysl_trunc_VFS3_stud\param_trunc_VFS3_stud_04.par
Analysis completed  4-Jan-2023 19:59.  Runtime = 0.00 seconds.


             ----  Descriptive Statistics for Variables  ----

 Variable    Minimum value   Maximum value    Mean value     Standard dev.
----------  --------------  --------------  --------------  --------------
         x            1.79            6.27           4.012        1.734667
         y            3.54            8.72            5.32        2.008793


                   ----  Calculated Parameter Values  ----

 Parameter  Initial guess   Final estimate   Standard error      t      Prob(t)
----------  -------------  ----------------  --------------  ---------  -------
         a              1        12.8166003        1.707762       7.50  0.00490
         b              1      -0.715715409       0.1204756      -5.94  0.00954


                  ----  Analysis of Variance  ----

  Source     DF   Sum of Squares    Mean Square    F value   Prob(F)
----------  ----  --------------  --------------  ---------  -------
Regression     1        14.81237        14.81237      33.45  0.01028
Error          3        1.328627       0.4428757
Total          4          16.141

