   1: variable x,y;
   2: parameter a,b;
   3: function y=a*(x^b);
   4: Plot xlabel="x-Achse",ylabel="y-Achse";
   5: data;

Beginning computation...
Stopped due to: Relative function convergence.


   ----  Final Results  ----

NLREG version 5.4
Copyright (c) 1992-2002 Phillip H. Sherrod.  All rights reserved.
This is a registered copy of NLREG that may not be redistributed.

Number of observations = 5
Maximum allowed number of iterations = 500
Convergence tolerance factor = 1.000000E-010
Stopped due to: Relative function convergence.
Number of iterations performed = 13
Final sum of squared deviations = 4.2669512E-001
Final sum of deviations = 7.8121903E-002
Standard error of estimate = 0.377136
Average deviation = 0.228097
Maximum deviation for any observation = 0.475034
Proportion of variance explained (R^2) = 0.9828  (98.28%)
Adjusted coefficient of multiple determination (Ra^2) = 0.9771  (97.71%)
Durbin-Watson test for autocorrelation = 2.112
Parameter values will be written to C:\Users\peleg\OneDrive\doktorát\experiment_disertace\výsledky\fin_výsl\syntax\typ3\VFS3\studVFS3\vysl_trunc_VFS3_stud\param_trunc_VFS3_stud_08.par
Analysis completed  4-Jan-2023 19:59.  Runtime = 0.00 seconds.


             ----  Descriptive Statistics for Variables  ----

 Variable    Minimum value   Maximum value    Mean value     Standard dev.
----------  --------------  --------------  --------------  --------------
         x            1.85             6.5            4.07        1.792205
         y            3.61            9.81            5.63        2.490954


                   ----  Calculated Parameter Values  ----

 Parameter  Initial guess   Final estimate   Standard error      t      Prob(t)
----------  -------------  ----------------  --------------  ---------  -------
         a              1        16.4556251        1.178111      13.97  0.00079
         b              1      -0.873209753      0.06721161     -12.99  0.00098


                  ----  Analysis of Variance  ----

  Source     DF   Sum of Squares    Mean Square    F value   Prob(F)
----------  ----  --------------  --------------  ---------  -------
Regression     1         24.3927         24.3927     171.50  0.00096
Error          3       0.4266951       0.1422317
Total          4         24.8194

