   1: variable x,y;
   2: parameter a,b,c;
   3: function y=a*(x^b)*exp(c*x);
   4: Plot xlabel="x-Achse",ylabel="y-Achse";
   5: data;

Beginning computation...
Stopped due to: Relative function convergence.


   ----  Final Results  ----

NLREG version 5.4
Copyright (c) 1992-2002 Phillip H. Sherrod.  All rights reserved.
This is a registered copy of NLREG that may not be redistributed.

Number of observations = 5
Maximum allowed number of iterations = 500
Convergence tolerance factor = 1.000000E-010
Stopped due to: Relative function convergence.
Number of iterations performed = 17
Final sum of squared deviations = 8.8475176E-003
Final sum of deviations = -1.0701659E-005
Standard error of estimate = 0.0665113
Average deviation = 0.0338879
Maximum deviation for any observation = 0.0694609
Proportion of variance explained (R^2) = 0.9388  (93.88%)
Adjusted coefficient of multiple determination (Ra^2) = 0.8776  (87.76%)
Durbin-Watson test for autocorrelation = 3.404
Parameter values will be written to C:\Users\peleg\OneDrive\doktorát\experiment_disertace\výsledky\fin_výsl\slovo_slabika_foném\stud_SSF\tokens_stud_SSF\vysl_compl_SSF_tokens_stud\param_compl_tokens_stud_09.par
Analysis completed  9-Mar-2023 13:16.  Runtime = 0.01 seconds.


             ----  Descriptive Statistics for Variables  ----

 Variable    Minimum value   Maximum value    Mean value     Standard dev.
----------  --------------  --------------  --------------  --------------
         x               1            5.17           3.034        1.635781
         y            2.09            2.56            2.32       0.1901315


                   ----  Calculated Parameter Values  ----

 Parameter  Initial guess   Final estimate   Standard error      t      Prob(t)
----------  -------------  ----------------  --------------  ---------  -------
         a              1        2.68214531      0.09331378      28.74  0.00121
         b              1       0.491610979      0.09532968       5.16  0.03561
         c              1      -0.204880214      0.03762149      -5.45  0.03210


                  ----  Analysis of Variance  ----

  Source     DF   Sum of Squares    Mean Square    F value   Prob(F)
----------  ----  --------------  --------------  ---------  -------
Regression     2       0.1357525      0.06787624      15.34  0.06119
Error          2     0.008847518     0.004423759
Total          4          0.1446

