   1: variable x,y;
   2: parameter a,b,c;
   3: function y=a*(x^b)*exp(c*x);
   4: Plot xlabel="x-Achse",ylabel="y-Achse";
   5: data;

Beginning computation...
Stopped due to: Both parameter and relative function convergence.


   ----  Final Results  ----

NLREG version 5.4
Copyright (c) 1992-2002 Phillip H. Sherrod.  All rights reserved.
This is a registered copy of NLREG that may not be redistributed.

Number of observations = 6
Maximum allowed number of iterations = 500
Convergence tolerance factor = 1.000000E-010
Stopped due to: Both parameter and relative function convergence.
Number of iterations performed = 18
Final sum of squared deviations = 3.0342671E-003
Final sum of deviations = 5.8488944E-005
Standard error of estimate = 0.0318029
Average deviation = 0.0208969
Maximum deviation for any observation = 0.032192
Proportion of variance explained (R^2) = 0.9915  (99.15%)
Adjusted coefficient of multiple determination (Ra^2) = 0.9858  (98.58%)
Durbin-Watson test for autocorrelation = 3.332
Parameter values will be written to C:\Users\peleg\OneDrive\doktorát\experiment_disertace\výsledky\fin_výsl\slovo_slabika_foném\stud_SSF\types_stud_SSF\vysl_compl_SSF_types_stud\param_compl_types_stud_01.par
Analysis completed  9-Mar-2023 13:16.  Runtime = 0.00 seconds.


             ----  Descriptive Statistics for Variables  ----

 Variable    Minimum value   Maximum value    Mean value     Standard dev.
----------  --------------  --------------  --------------  --------------
         x               1             6.2        3.533333        1.925271
         y            2.13            2.88           2.415       0.2668895


                   ----  Calculated Parameter Values  ----

 Parameter  Initial guess   Final estimate   Standard error      t      Prob(t)
----------  -------------  ----------------  --------------  ---------  -------
         a              1         2.8561994      0.03440209      83.02  0.00001
         b              1      -0.173853183      0.03241168      -5.36  0.01268
         c              1     0.00536667575      0.01180374       0.45  0.68024


                  ----  Analysis of Variance  ----

  Source     DF   Sum of Squares    Mean Square    F value   Prob(F)
----------  ----  --------------  --------------  ---------  -------
Regression     2       0.3531157       0.1765579     174.56  0.00079
Error          3     0.003034267     0.001011422
Total          5         0.35615

