   1: variable x,y;
   2: parameter a,b,c;
   3: function y=a*(x^b)*exp(c*x);
   4: Plot xlabel="x-Achse",ylabel="y-Achse";
   5: data;

Beginning computation...
Stopped due to: Both parameter and relative function convergence.


   ----  Final Results  ----

NLREG version 5.4
Copyright (c) 1992-2002 Phillip H. Sherrod.  All rights reserved.
This is a registered copy of NLREG that may not be redistributed.

Number of observations = 6
Maximum allowed number of iterations = 500
Convergence tolerance factor = 1.000000E-010
Stopped due to: Both parameter and relative function convergence.
Number of iterations performed = 18
Final sum of squared deviations = 4.7362782E-003
Final sum of deviations = 7.4074217E-005
Standard error of estimate = 0.0397336
Average deviation = 0.023206
Maximum deviation for any observation = 0.0536261
Proportion of variance explained (R^2) = 0.9153  (91.53%)
Adjusted coefficient of multiple determination (Ra^2) = 0.8589  (85.89%)
Durbin-Watson test for autocorrelation = 2.585
Parameter values will be written to C:\Users\peleg\OneDrive\doktorát\experiment_disertace\výsledky\fin_výsl\slovo_slabika_foném\stud_SSF\tokens_stud_SSF\vysl_compl_SSF_tokens_stud\param_compl_tokens_stud_04.par
Analysis completed  9-Mar-2023 13:16.  Runtime = 0.00 seconds.


             ----  Descriptive Statistics for Variables  ----

 Variable    Minimum value   Maximum value    Mean value     Standard dev.
----------  --------------  --------------  --------------  --------------
         x               1             6.2        3.533333        1.925271
         y            2.16            2.47        2.313333        0.105767


                   ----  Calculated Parameter Values  ----

 Parameter  Initial guess   Final estimate   Standard error      t      Prob(t)
----------  -------------  ----------------  --------------  ---------  -------
         a              1        2.48964718      0.04021572      61.91  0.00001
         b              1       0.175428371      0.04426554       3.96  0.02870
         c              1     -0.0757353227      0.01553066      -4.88  0.01648


                  ----  Analysis of Variance  ----

  Source     DF   Sum of Squares    Mean Square    F value   Prob(F)
----------  ----  --------------  --------------  ---------  -------
Regression     2      0.05119706      0.02559853      16.21  0.02464
Error          3     0.004736278     0.001578759
Total          5      0.05593333

