   1: variable x,y;
   2: parameter a,b,c;
   3: function y=a*(x^b)*exp(c*x);
   4: Plot xlabel="x-Achse",ylabel="y-Achse";
   5: data;

Beginning computation...
Stopped due to: Relative function convergence.


   ----  Final Results  ----

NLREG version 5.4
Copyright (c) 1992-2002 Phillip H. Sherrod.  All rights reserved.
This is a registered copy of NLREG that may not be redistributed.

Number of observations = 6
Maximum allowed number of iterations = 500
Convergence tolerance factor = 1.000000E-010
Stopped due to: Relative function convergence.
Number of iterations performed = 16
Final sum of squared deviations = 1.6986705E-002
Final sum of deviations = 2.6036450E-004
Standard error of estimate = 0.0752478
Average deviation = 0.0452343
Maximum deviation for any observation = 0.0990631
Proportion of variance explained (R^2) = 0.8779  (87.79%)
Adjusted coefficient of multiple determination (Ra^2) = 0.7964  (79.64%)
Durbin-Watson test for autocorrelation = 2.483
Parameter values will be written to C:\Users\peleg\OneDrive\doktorát\experiment_disertace\výsledky\fin_výsl\slovo_slabika_foném\stud_SSF\tokens_stud_SSF\vysl_compl_SSF_tokens_stud\param_compl_tokens_stud_06.par
Analysis completed  9-Mar-2023 13:16.  Runtime = 0.00 seconds.


             ----  Descriptive Statistics for Variables  ----

 Variable    Minimum value   Maximum value    Mean value     Standard dev.
----------  --------------  --------------  --------------  --------------
         x               1            6.08        3.513333        1.892371
         y            2.06            2.51        2.258333       0.1667833


                   ----  Calculated Parameter Values  ----

 Parameter  Initial guess   Final estimate   Standard error      t      Prob(t)
----------  -------------  ----------------  --------------  ---------  -------
         a              1         2.4920136      0.07991225      31.18  0.00007
         b              1       0.356913303      0.08911966       4.00  0.02792
         c              1      -0.140234536      0.03147166      -4.46  0.02104


                  ----  Analysis of Variance  ----

  Source     DF   Sum of Squares    Mean Square    F value   Prob(F)
----------  ----  --------------  --------------  ---------  -------
Regression     2       0.1220966      0.06104831      10.78  0.04268
Error          3      0.01698671     0.005662235
Total          5       0.1390833

