   1: variable x,y;
   2: parameter a,b,c;
   3: function y=a*(x^b)*exp(c*x);
   4: Plot xlabel="x-Achse",ylabel="y-Achse";
   5: data;

Beginning computation...
Stopped due to: Relative function convergence.


   ----  Final Results  ----

NLREG version 5.4
Copyright (c) 1992-2002 Phillip H. Sherrod.  All rights reserved.
This is a registered copy of NLREG that may not be redistributed.

Number of observations = 6
Maximum allowed number of iterations = 500
Convergence tolerance factor = 1.000000E-010
Stopped due to: Relative function convergence.
Number of iterations performed = 23
Final sum of squared deviations = 1.4601567E-003
Final sum of deviations = 4.8392248E-005
Standard error of estimate = 0.0220617
Average deviation = 0.014299
Maximum deviation for any observation = 0.0256848
Proportion of variance explained (R^2) = 0.9972  (99.72%)
Adjusted coefficient of multiple determination (Ra^2) = 0.9954  (99.54%)
Durbin-Watson test for autocorrelation = 2.013
Parameter values will be written to C:\Users\peleg\OneDrive\doktorát\experiment_disertace\výsledky\fin_výsl\slovo_slabika_foném\stud_SSF\types_stud_SSF\vysl_compl_SSF_types_stud\param_compl_types_stud_06.par
Analysis completed  9-Mar-2023 13:16.  Runtime = 0.00 seconds.


             ----  Descriptive Statistics for Variables  ----

 Variable    Minimum value   Maximum value    Mean value     Standard dev.
----------  --------------  --------------  --------------  --------------
         x               1            6.08        3.513333        1.892371
         y            2.09            2.99        2.431667       0.3244328


                   ----  Calculated Parameter Values  ----

 Parameter  Initial guess   Final estimate   Standard error      t      Prob(t)
----------  -------------  ----------------  --------------  ---------  -------
         a              1         2.9849823      0.02523907     118.27  0.00001
         b              1      -0.192785839      0.02270663      -8.49  0.00343
         c              1  -6.74046532E-005     0.008424641      -0.01  0.99412


                  ----  Analysis of Variance  ----

  Source     DF   Sum of Squares    Mean Square    F value   Prob(F)
----------  ----  --------------  --------------  ---------  -------
Regression     2       0.5248232       0.2624116     539.14  0.00015
Error          3     0.001460157    0.0004867189
Total          5       0.5262833

