   1: variable x,y;
   2: parameter a,b,c;
   3: function y=a*(x^b)*exp(c*x);
   4: Plot xlabel="x-Achse",ylabel="y-Achse";
   5: data;

Beginning computation...
Stopped due to: Both parameter and relative function convergence.


   ----  Final Results  ----

NLREG version 5.4
Copyright (c) 1992-2002 Phillip H. Sherrod.  All rights reserved.
This is a registered copy of NLREG that may not be redistributed.

Number of observations = 6
Maximum allowed number of iterations = 500
Convergence tolerance factor = 1.000000E-010
Stopped due to: Both parameter and relative function convergence.
Number of iterations performed = 20
Final sum of squared deviations = 6.9486843E-003
Final sum of deviations = 4.1631937E-004
Standard error of estimate = 0.0481272
Average deviation = 0.0292508
Maximum deviation for any observation = 0.0501154
Proportion of variance explained (R^2) = 0.9584  (95.84%)
Adjusted coefficient of multiple determination (Ra^2) = 0.9306  (93.06%)
Durbin-Watson test for autocorrelation = 2.491
Parameter values will be written to C:\Users\peleg\OneDrive\doktorát\experiment_disertace\výsledky\fin_výsl\slovo_slabika_foném\stud_SSF\tokens_stud_SSF\vysl_compl_SSF_tokens_stud\param_compl_tokens_stud_02.par
Analysis completed  9-Mar-2023 13:16.  Runtime = 0.00 seconds.


             ----  Descriptive Statistics for Variables  ----

 Variable    Minimum value   Maximum value    Mean value     Standard dev.
----------  --------------  --------------  --------------  --------------
         x               1            6.36            3.56        1.970178
         y            2.04            2.53        2.303333       0.1827202


                   ----  Calculated Parameter Values  ----

 Parameter  Initial guess   Final estimate   Standard error      t      Prob(t)
----------  -------------  ----------------  --------------  ---------  -------
         a              1        2.65526487      0.05066179      52.41  0.00002
         b              1       0.195306958      0.05180073       3.77  0.03266
         c              1      -0.101384922      0.01823726      -5.56  0.01148


                  ----  Analysis of Variance  ----

  Source     DF   Sum of Squares    Mean Square    F value   Prob(F)
----------  ----  --------------  --------------  ---------  -------
Regression     2       0.1599846      0.07999232      34.54  0.00849
Error          3     0.006948684     0.002316228
Total          5       0.1669333

