   1: variable x,y;
   2: parameter a,b,c;
   3: function y=a*(x^b)*exp(c*x);
   4: Plot xlabel="x-Achse",ylabel="y-Achse";
   5: data;

Beginning computation...
Stopped due to: Relative function convergence.


   ----  Final Results  ----

NLREG version 5.4
Copyright (c) 1992-2002 Phillip H. Sherrod.  All rights reserved.
This is a registered copy of NLREG that may not be redistributed.

Number of observations = 4
Maximum allowed number of iterations = 500
Convergence tolerance factor = 1.000000E-010
Stopped due to: Relative function convergence.
Number of iterations performed = 13
Final sum of squared deviations = 3.3150381E-004
Final sum of deviations = 7.4554748E-006
Standard error of estimate = 0.0182072
Average deviation = 0.0079584
Maximum deviation for any observation = 0.0135249
Proportion of variance explained (R^2) = 0.9965  (99.65%)
Adjusted coefficient of multiple determination (Ra^2) = 0.9896  (98.96%)
Durbin-Watson test for autocorrelation = 3.358
Parameter values will be written to C:\Users\peleg\OneDrive\doktorát\experiment_disertace\výsledky\fin_výsl\slovo_slabika_foném\stud_SSF\types_stud_SSF\vysl_compl_SSF_types_stud\param_compl_types_stud_09.par
Analysis completed  9-Mar-2023 13:16.  Runtime = 0.00 seconds.


             ----  Descriptive Statistics for Variables  ----

 Variable    Minimum value   Maximum value    Mean value     Standard dev.
----------  --------------  --------------  --------------  --------------
         x               1            4.25          2.5625        1.390069
         y            2.31            2.72            2.51       0.1783255


                   ----  Calculated Parameter Values  ----

 Parameter  Initial guess   Final estimate   Standard error      t      Prob(t)
----------  -------------  ----------------  --------------  ---------  -------
         a              1        2.83125538      0.03768067      75.14  0.00847
         b              1     -0.0269853594      0.03137772      -0.86  0.54782
         c              1      -0.039210711      0.01433574      -2.74  0.22314


                  ----  Analysis of Variance  ----

  Source     DF   Sum of Squares    Mean Square    F value   Prob(F)
----------  ----  --------------  --------------  ---------  -------
Regression     2       0.0950685      0.04753425     143.39  0.05895
Error          1    0.0003315038    0.0003315038
Total          3          0.0954

