   1: variable x,y;
   2: parameter a,b,c;
   3: function y=a*(x^b)*exp(c*x);
   4: Plot xlabel="x-Achse",ylabel="y-Achse";
   5: data;

Beginning computation...
Stopped due to: Relative function convergence.


   ----  Final Results  ----

NLREG version 5.4
Copyright (c) 1992-2002 Phillip H. Sherrod.  All rights reserved.
This is a registered copy of NLREG that may not be redistributed.

Number of observations = 5
Maximum allowed number of iterations = 500
Convergence tolerance factor = 1.000000E-010
Stopped due to: Relative function convergence.
Number of iterations performed = 17
Final sum of squared deviations = 3.6607678E-003
Final sum of deviations = -8.8318270E-005
Standard error of estimate = 0.042783
Average deviation = 0.0216273
Maximum deviation for any observation = 0.0494057
Proportion of variance explained (R^2) = 0.9370  (93.70%)
Adjusted coefficient of multiple determination (Ra^2) = 0.8740  (87.40%)
Durbin-Watson test for autocorrelation = 3.078
Parameter values will be written to C:\Users\peleg\OneDrive\doktorát\experiment_disertace\výsledky\fin_výsl\slovo_slabika_foném\stud_SSF\tokens_stud_SSF\vysl_compl_SSF_tokens_stud\param_compl_tokens_stud_10.par
Analysis completed  9-Mar-2023 13:16.  Runtime = 0.00 seconds.


             ----  Descriptive Statistics for Variables  ----

 Variable    Minimum value   Maximum value    Mean value     Standard dev.
----------  --------------  --------------  --------------  --------------
         x               1             5.1            3.02        1.613072
         y            2.12            2.42           2.304       0.1205404


                   ----  Calculated Parameter Values  ----

 Parameter  Initial guess   Final estimate   Standard error      t      Prob(t)
----------  -------------  ----------------  --------------  ---------  -------
         a              1         2.5579567      0.05885129      43.46  0.00053
         b              1       0.299569866      0.06222851       4.81  0.04054
         c              1      -0.130333324      0.02480423      -5.25  0.03436


                  ----  Analysis of Variance  ----

  Source     DF   Sum of Squares    Mean Square    F value   Prob(F)
----------  ----  --------------  --------------  ---------  -------
Regression     2      0.05445923      0.02722962      14.88  0.06299
Error          2     0.003660768     0.001830384
Total          4         0.05812

