   1: variable x,y;
   2: parameter a,b,c;
   3: function y=a*(x^b)*exp(c*x);
   4: Plot xlabel="x-Achse",ylabel="y-Achse";
   5: data;

Beginning computation...
Stopped due to: Relative function convergence.


   ----  Final Results  ----

NLREG version 5.4
Copyright (c) 1992-2002 Phillip H. Sherrod.  All rights reserved.
This is a registered copy of NLREG that may not be redistributed.

Number of observations = 6
Maximum allowed number of iterations = 500
Convergence tolerance factor = 1.000000E-010
Stopped due to: Relative function convergence.
Number of iterations performed = 16
Final sum of squared deviations = 2.0764937E-002
Final sum of deviations = 2.4224304E-004
Standard error of estimate = 0.0831964
Average deviation = 0.0471594
Maximum deviation for any observation = 0.105154
Proportion of variance explained (R^2) = 0.7606  (76.06%)
Adjusted coefficient of multiple determination (Ra^2) = 0.6010  (60.10%)
Durbin-Watson test for autocorrelation = 2.404
Parameter values will be written to C:\Users\peleg\OneDrive\doktorát\experiment_disertace\výsledky\fin_výsl\slovo_slabika_foném\stud_SSF\tokens_stud_SSF\vysl_compl_SSF_tokens_stud\param_compl_tokens_stud_07.par
Analysis completed  9-Mar-2023 13:16.  Runtime = 0.00 seconds.


             ----  Descriptive Statistics for Variables  ----

 Variable    Minimum value   Maximum value    Mean value     Standard dev.
----------  --------------  --------------  --------------  --------------
         x               1               6             3.5        1.870829
         y             2.1            2.46        2.293333       0.1317067


                   ----  Calculated Parameter Values  ----

 Parameter  Initial guess   Final estimate   Standard error      t      Prob(t)
----------  -------------  ----------------  --------------  ---------  -------
         a              1        2.53359807      0.08834188      28.68  0.00009
         b              1       0.117971558      0.09605581       1.23  0.30696
         c              1     -0.0657421788       0.0345496      -1.90  0.15320


                  ----  Analysis of Variance  ----

  Source     DF   Sum of Squares    Mean Square    F value   Prob(F)
----------  ----  --------------  --------------  ---------  -------
Regression     2       0.0659684       0.0329842       4.77  0.11714
Error          3      0.02076494     0.006921646
Total          5      0.08673333

