   1: variable x,y;
   2: parameter a,b,c;
   3: function y=a*(x^b)*exp(c*x);
   4: Plot xlabel="x-Achse",ylabel="y-Achse";
   5: data;

Beginning computation...
Stopped due to: Relative function convergence.


   ----  Final Results  ----

NLREG version 5.4
Copyright (c) 1992-2002 Phillip H. Sherrod.  All rights reserved.
This is a registered copy of NLREG that may not be redistributed.

Number of observations = 6
Maximum allowed number of iterations = 500
Convergence tolerance factor = 1.000000E-010
Stopped due to: Relative function convergence.
Number of iterations performed = 18
Final sum of squared deviations = 6.3567899E-003
Final sum of deviations = 1.0269868E-004
Standard error of estimate = 0.0460318
Average deviation = 0.0282664
Maximum deviation for any observation = 0.045626
Proportion of variance explained (R^2) = 0.9519  (95.19%)
Adjusted coefficient of multiple determination (Ra^2) = 0.9199  (91.99%)
Durbin-Watson test for autocorrelation = 2.253
Parameter values will be written to C:\Users\peleg\OneDrive\doktorát\experiment_disertace\výsledky\fin_výsl\slovo_slabika_foném\stud_SSF\tokens_stud_SSF\vysl_compl_SSF_tokens_stud\param_compl_tokens_stud_05.par
Analysis completed  9-Mar-2023 13:16.  Runtime = 0.00 seconds.


             ----  Descriptive Statistics for Variables  ----

 Variable    Minimum value   Maximum value    Mean value     Standard dev.
----------  --------------  --------------  --------------  --------------
         x               1             6.2        3.533333        1.925271
         y            2.15            2.53        2.341667       0.1626551


                   ----  Calculated Parameter Values  ----

 Parameter  Initial guess   Final estimate   Standard error      t      Prob(t)
----------  -------------  ----------------  --------------  ---------  -------
         a              1        2.65582936      0.04833213      54.95  0.00001
         b              1      0.0301417274      0.04948318       0.61  0.58547
         c              1     -0.0455830824      0.01769319      -2.58  0.08204


                  ----  Analysis of Variance  ----

  Source     DF   Sum of Squares    Mean Square    F value   Prob(F)
----------  ----  --------------  --------------  ---------  -------
Regression     2       0.1259265      0.06296327      29.71  0.01053
Error          3      0.00635679      0.00211893
Total          5       0.1322833

