   1: variable x,y;
   2: parameter a,b,c;
   3: function y=a*(x^b)*exp(c*x);
   4: Plot xlabel="x-Achse",ylabel="y-Achse";
   5: data;

Beginning computation...
Stopped due to: Both parameter and relative function convergence.


   ----  Final Results  ----

NLREG version 5.4
Copyright (c) 1992-2002 Phillip H. Sherrod.  All rights reserved.
This is a registered copy of NLREG that may not be redistributed.

Number of observations = 5
Maximum allowed number of iterations = 500
Convergence tolerance factor = 1.000000E-010
Stopped due to: Both parameter and relative function convergence.
Number of iterations performed = 16
Final sum of squared deviations = 1.1176985E-002
Final sum of deviations = 1.9621011E-004
Standard error of estimate = 0.0747562
Average deviation = 0.0442012
Maximum deviation for any observation = 0.0699263
Proportion of variance explained (R^2) = 0.9696  (96.96%)
Adjusted coefficient of multiple determination (Ra^2) = 0.9392  (93.92%)
Durbin-Watson test for autocorrelation = 2.561
Parameter values will be written to C:\Users\peleg\OneDrive\doktorát\experiment_disertace\výsledky\fin_výsl\slovo_slabika_foném\stud_SSF\types_stud_SSF\vysl_compl_SSF_types_stud\param_compl_types_stud_10.par
Analysis completed  9-Mar-2023 13:16.  Runtime = 0.00 seconds.


             ----  Descriptive Statistics for Variables  ----

 Variable    Minimum value   Maximum value    Mean value     Standard dev.
----------  --------------  --------------  --------------  --------------
         x               1            5.12           3.024        1.619531
         y            2.15            2.96           2.468       0.3032656


                   ----  Calculated Parameter Values  ----

 Parameter  Initial guess   Final estimate   Standard error      t      Prob(t)
----------  -------------  ----------------  --------------  ---------  -------
         a              1        2.88779504       0.1100268      26.25  0.00145
         b              1        -0.2274884      0.09729709      -2.34  0.14435
         c              1      0.0185840827      0.04019358       0.46  0.68925


                  ----  Analysis of Variance  ----

  Source     DF   Sum of Squares    Mean Square    F value   Prob(F)
----------  ----  --------------  --------------  ---------  -------
Regression     2        0.356703       0.1783515      31.91  0.03038
Error          2      0.01117699     0.005588493
Total          4         0.36788

