   1: variable x,y;
   2: parameter a,b,c;
   3: function y=a*(x^b)*exp(c*x);
   4: Plot xlabel="x-Achse",ylabel="y-Achse";
   5: data;

Beginning computation...
Stopped due to: Both parameter and relative function convergence.


   ----  Final Results  ----

NLREG version 5.4
Copyright (c) 1992-2002 Phillip H. Sherrod.  All rights reserved.
This is a registered copy of NLREG that may not be redistributed.

Number of observations = 6
Maximum allowed number of iterations = 500
Convergence tolerance factor = 1.000000E-010
Stopped due to: Both parameter and relative function convergence.
Number of iterations performed = 18
Final sum of squared deviations = 9.3138804E-003
Final sum of deviations = 2.7361781E-004
Standard error of estimate = 0.0557192
Average deviation = 0.0371122
Maximum deviation for any observation = 0.0552672
Proportion of variance explained (R^2) = 0.9038  (90.38%)
Adjusted coefficient of multiple determination (Ra^2) = 0.8396  (83.96%)
Durbin-Watson test for autocorrelation = 1.922
Parameter values will be written to C:\Users\peleg\OneDrive\doktorát\experiment_disertace\výsledky\fin_výsl\slovo_slabika_foném\stud_SSF\tokens_stud_SSF\vysl_compl_SSF_tokens_stud\param_compl_tokens_stud_01.par
Analysis completed  9-Mar-2023 13:16.  Runtime = 0.00 seconds.


             ----  Descriptive Statistics for Variables  ----

 Variable    Minimum value   Maximum value    Mean value     Standard dev.
----------  --------------  --------------  --------------  --------------
         x               1             6.2        3.533333        1.925271
         y            2.13            2.48             2.3       0.1391402


                   ----  Calculated Parameter Values  ----

 Parameter  Initial guess   Final estimate   Standard error      t      Prob(t)
----------  -------------  ----------------  --------------  ---------  -------
         a              1        2.51031845      0.05740741      43.73  0.00003
         b              1       0.266251042      0.06288758       4.23  0.02411
         c              1      -0.108214435      0.02204382      -4.91  0.01619


                  ----  Analysis of Variance  ----

  Source     DF   Sum of Squares    Mean Square    F value   Prob(F)
----------  ----  --------------  --------------  ---------  -------
Regression     2      0.08748612      0.04374306      14.09  0.02985
Error          3      0.00931388     0.003104627
Total          5          0.0968

