   1: variable x,y;
   2: parameter a,b,c;
   3: function y=a*(x^b)*exp(c*x);
   4: Plot xlabel="x-Achse",ylabel="y-Achse";
   5: data;

Beginning computation...
Stopped due to: Both parameter and relative function convergence.


   ----  Final Results  ----

NLREG version 5.4
Copyright (c) 1992-2002 Phillip H. Sherrod.  All rights reserved.
This is a registered copy of NLREG that may not be redistributed.

Number of observations = 6
Maximum allowed number of iterations = 500
Convergence tolerance factor = 1.000000E-010
Stopped due to: Both parameter and relative function convergence.
Number of iterations performed = 18
Final sum of squared deviations = 8.9248987E-004
Final sum of deviations = 3.3873630E-005
Standard error of estimate = 0.0172481
Average deviation = 0.00910355
Maximum deviation for any observation = 0.0251397
Proportion of variance explained (R^2) = 0.9967  (99.67%)
Adjusted coefficient of multiple determination (Ra^2) = 0.9945  (99.45%)
Durbin-Watson test for autocorrelation = 2.953
Parameter values will be written to C:\Users\peleg\OneDrive\doktorát\experiment_disertace\výsledky\fin_výsl\slovo_slabika_foném\stud_SSF\types_stud_SSF\vysl_compl_SSF_types_stud\param_compl_types_stud_02.par
Analysis completed  9-Mar-2023 13:16.  Runtime = 0.00 seconds.


             ----  Descriptive Statistics for Variables  ----

 Variable    Minimum value   Maximum value    Mean value     Standard dev.
----------  --------------  --------------  --------------  --------------
         x               1             6.3            3.55        1.953202
         y            2.08             2.7        2.371667       0.2330165


                   ----  Calculated Parameter Values  ----

 Parameter  Initial guess   Final estimate   Standard error      t      Prob(t)
----------  -------------  ----------------  --------------  ---------  -------
         a              1        2.81736466      0.01855489     151.84  0.00001
         b              1     -0.0253459546      0.01776178      -1.43  0.24886
         c              1     -0.0417526981     0.006386652      -6.54  0.00727


                  ----  Analysis of Variance  ----

  Source     DF   Sum of Squares    Mean Square    F value   Prob(F)
----------  ----  --------------  --------------  ---------  -------
Regression     2       0.2705908       0.1352954     454.78  0.00019
Error          3    0.0008924899    0.0002974966
Total          5       0.2714833

