   1: variable x,y;
   2: parameter a,b,c;
   3: function y=a*(x^b)*exp(c*x);
   4: Plot xlabel="x-Achse",ylabel="y-Achse";
   5: data;

Beginning computation...
Stopped due to: Relative function convergence.


   ----  Final Results  ----

NLREG version 5.4
Copyright (c) 1992-2002 Phillip H. Sherrod.  All rights reserved.
This is a registered copy of NLREG that may not be redistributed.

Number of observations = 7
Maximum allowed number of iterations = 500
Convergence tolerance factor = 1.000000E-010
Stopped due to: Relative function convergence.
Number of iterations performed = 19
Final sum of squared deviations = 1.5315252E-003
Final sum of deviations = 1.2449855E-004
Standard error of estimate = 0.0195674
Average deviation = 0.0124655
Maximum deviation for any observation = 0.0263385
Proportion of variance explained (R^2) = 0.9982  (99.82%)
Adjusted coefficient of multiple determination (Ra^2) = 0.9973  (99.73%)
Durbin-Watson test for autocorrelation = 2.447
Parameter values will be written to C:\Users\peleg\OneDrive\doktorát\experiment_disertace\výsledky\fin_výsl\slovo_slabika_foném\stud_SSF\types_stud_SSF\vysl_compl_SSF_types_stud\param_compl_types_stud_slouè.par
Analysis completed  9-Mar-2023 13:16.  Runtime = 0.02 seconds.


             ----  Descriptive Statistics for Variables  ----

 Variable    Minimum value   Maximum value    Mean value     Standard dev.
----------  --------------  --------------  --------------  --------------
         x               1            7.21            4.03        2.209744
         y            2.14            3.19        2.438571       0.3750302


                   ----  Calculated Parameter Values  ----

 Parameter  Initial guess   Final estimate   Standard error      t      Prob(t)
----------  -------------  ----------------  --------------  ---------  -------
         a              1         3.0749861      0.01854207     165.84  0.00001
         b              1      -0.313394121      0.01592626     -19.68  0.00004
         c              1      0.0352108193     0.005325662       6.61  0.00271


                  ----  Analysis of Variance  ----

  Source     DF   Sum of Squares    Mean Square    F value   Prob(F)
----------  ----  --------------  --------------  ---------  -------
Regression     2       0.8423542       0.4211771    1100.02  0.00001
Error          4     0.001531525    0.0003828813
Total          6       0.8438857

