   1: variable x,y;
   2: parameter a,b,c;
   3: function y=a*(x^b)*exp(c*x);
   4: Plot xlabel="x-Achse",ylabel="y-Achse";
   5: data;

Beginning computation...
Stopped due to: Both parameter and relative function convergence.


   ----  Final Results  ----

NLREG version 5.4
Copyright (c) 1992-2002 Phillip H. Sherrod.  All rights reserved.
This is a registered copy of NLREG that may not be redistributed.

Number of observations = 5
Maximum allowed number of iterations = 500
Convergence tolerance factor = 1.000000E-010
Stopped due to: Both parameter and relative function convergence.
Number of iterations performed = 15
Final sum of squared deviations = 2.7642478E-001
Final sum of deviations = 4.8619850E-003
Standard error of estimate = 0.371769
Average deviation = 0.191955
Maximum deviation for any observation = 0.376011
Proportion of variance explained (R^2) = 0.9427  (94.27%)
Adjusted coefficient of multiple determination (Ra^2) = 0.8854  (88.54%)
Durbin-Watson test for autocorrelation = 2.965
Parameter values will be written to C:\Users\peleg\OneDrive\doktorát\experiment_disertace\výsledky\fin_výsl\syntax\typ1\VKS1\pov_VKS1\vysl_compl_VKS1_pov\param_compl_VKS1_pov_02.par
Analysis completed  4-Jan-2023 19:48.  Runtime = 0.00 seconds.


             ----  Descriptive Statistics for Variables  ----

 Variable    Minimum value   Maximum value    Mean value     Standard dev.
----------  --------------  --------------  --------------  --------------
         x               1            5.47           3.094        1.736139
         y            5.33            7.96           6.028         1.09803


                   ----  Calculated Parameter Values  ----

 Parameter  Initial guess   Final estimate   Standard error      t      Prob(t)
----------  -------------  ----------------  --------------  ---------  -------
         a              1        6.85461303       0.4798539      14.28  0.00486
         b              1      -0.585897948       0.1792164      -3.27  0.08219
         c              1       0.139467482      0.07194071       1.94  0.19212


                  ----  Analysis of Variance  ----

  Source     DF   Sum of Squares    Mean Square    F value   Prob(F)
----------  ----  --------------  --------------  ---------  -------
Regression     2        4.546255        2.273128      16.45  0.05732
Error          2       0.2764248       0.1382124
Total          4         4.82268

