   1: variable x,y;
   2: parameter a,b,c;
   3: function y=a*(x^b)*exp(c*x);
   4: Plot xlabel="x-Achse",ylabel="y-Achse";
   5: data;

Beginning computation...
Stopped due to: Both parameter and relative function convergence.


   ----  Final Results  ----

NLREG version 5.4
Copyright (c) 1992-2002 Phillip H. Sherrod.  All rights reserved.
This is a registered copy of NLREG that may not be redistributed.

Number of observations = 8
Maximum allowed number of iterations = 500
Convergence tolerance factor = 1.000000E-010
Stopped due to: Both parameter and relative function convergence.
Number of iterations performed = 22
Final sum of squared deviations = 1.7247710E-001
Final sum of deviations = -9.6106810E-004
Standard error of estimate = 0.185729
Average deviation = 0.112839
Maximum deviation for any observation = 0.271994
Proportion of variance explained (R^2) = 0.9319  (93.19%)
Adjusted coefficient of multiple determination (Ra^2) = 0.9047  (90.47%)
Durbin-Watson test for autocorrelation = 2.152
Parameter values will be written to C:\Users\peleg\OneDrive\doktorát\experiment_disertace\výsledky\fin_výsl\syntax\typ1\VKS1\pov_VKS1\vysl_compl_VKS1_pov\param_compl_VKS1_pov_slouè.par
Analysis completed  4-Jan-2023 19:48.  Runtime = 0.00 seconds.


             ----  Descriptive Statistics for Variables  ----

 Variable    Minimum value   Maximum value    Mean value     Standard dev.
----------  --------------  --------------  --------------  --------------
         x               1            9.32           4.665        2.745505
         y            5.38            7.21         5.92125       0.6016035


                   ----  Calculated Parameter Values  ----

 Parameter  Initial guess   Final estimate   Standard error      t      Prob(t)
----------  -------------  ----------------  --------------  ---------  -------
         a              1        6.74957098       0.1451021      46.52  0.00001
         b              1       -0.34419791      0.04736155      -7.27  0.00077
         c              1      0.0703296718      0.01307983       5.38  0.00300


                  ----  Analysis of Variance  ----

  Source     DF   Sum of Squares    Mean Square    F value   Prob(F)
----------  ----  --------------  --------------  ---------  -------
Regression     2         2.36101        1.180505      34.22  0.00121
Error          5       0.1724771      0.03449542
Total          7        2.533487

