   1: variable x,y;
   2: parameter a,b,c;
   3: function y=a*(x^b)*exp(c*x);
   4: Plot xlabel="x-Achse",ylabel="y-Achse";
   5: data;

Beginning computation...
Stopped due to: Relative function convergence.


   ----  Final Results  ----

NLREG version 5.4
Copyright (c) 1992-2002 Phillip H. Sherrod.  All rights reserved.
This is a registered copy of NLREG that may not be redistributed.

Number of observations = 5
Maximum allowed number of iterations = 500
Convergence tolerance factor = 1.000000E-010
Stopped due to: Relative function convergence.
Number of iterations performed = 16
Final sum of squared deviations = 2.5528733E-001
Final sum of deviations = -3.5718343E-003
Standard error of estimate = 0.357273
Average deviation = 0.188118
Maximum deviation for any observation = 0.344466
Proportion of variance explained (R^2) = 0.9257  (92.57%)
Adjusted coefficient of multiple determination (Ra^2) = 0.8513  (85.13%)
Durbin-Watson test for autocorrelation = 2.511
Parameter values will be written to C:\Users\peleg\OneDrive\doktorát\experiment_disertace\výsledky\fin_výsl\syntax\typ1\VKS1\pov_VKS1\vysl_compl_VKS1_pov\param_compl_VKS1_pov_05.par
Analysis completed  4-Jan-2023 19:48.  Runtime = 0.00 seconds.


             ----  Descriptive Statistics for Variables  ----

 Variable    Minimum value   Maximum value    Mean value     Standard dev.
----------  --------------  --------------  --------------  --------------
         x               1            6.12           3.224        1.967455
         y            5.23            7.57           6.172       0.9266175


                   ----  Calculated Parameter Values  ----

 Parameter  Initial guess   Final estimate   Standard error      t      Prob(t)
----------  -------------  ----------------  --------------  ---------  -------
         a              1         7.0854102        0.390258      18.16  0.00302
         b              1      -0.400498204       0.1455767      -2.75  0.11063
         c              1      0.0788417708       0.0540604       1.46  0.28210


                  ----  Analysis of Variance  ----

  Source     DF   Sum of Squares    Mean Square    F value   Prob(F)
----------  ----  --------------  --------------  ---------  -------
Regression     2        3.179193        1.589596      12.45  0.07433
Error          2       0.2552873       0.1276437
Total          4         3.43448

