   1: variable x,y;
   2: parameter a,b,c;
   3: function y=a*(x^b)*exp(c*x);
   4: Plot xlabel="x-Achse",ylabel="y-Achse";
   5: data;

Beginning computation...
Stopped due to: Relative function convergence.


   ----  Final Results  ----

NLREG version 5.4
Copyright (c) 1992-2002 Phillip H. Sherrod.  All rights reserved.
This is a registered copy of NLREG that may not be redistributed.

Number of observations = 4
Maximum allowed number of iterations = 500
Convergence tolerance factor = 1.000000E-010
Stopped due to: Relative function convergence.
Number of iterations performed = 12
Final sum of squared deviations = 2.6806042E-002
Final sum of deviations = -6.9644237E-004
Standard error of estimate = 0.163726
Average deviation = 0.069404
Maximum deviation for any observation = 0.118444
Proportion of variance explained (R^2) = 0.9814  (98.14%)
Adjusted coefficient of multiple determination (Ra^2) = 0.9441  (94.41%)
Durbin-Watson test for autocorrelation = 3.334
Parameter values will be written to C:\Users\peleg\OneDrive\doktorát\experiment_disertace\výsledky\fin_výsl\syntax\typ1\VKS1\pov_VKS1\vysl_compl_VKS1_pov\param_compl_VKS1_pov_07.par
Analysis completed  4-Jan-2023 19:48.  Runtime = 0.00 seconds.


             ----  Descriptive Statistics for Variables  ----

 Variable    Minimum value   Maximum value    Mean value     Standard dev.
----------  --------------  --------------  --------------  --------------
         x               1            4.61          2.6525         1.53938
         y            4.82            6.45          5.4825       0.6922608


                   ----  Calculated Parameter Values  ----

 Parameter  Initial guess   Final estimate   Standard error      t      Prob(t)
----------  -------------  ----------------  --------------  ---------  -------
         a              1        5.12648268       0.2410137      21.27  0.02991
         b              1      -0.669907856       0.1151373      -5.82  0.10836
         c              1       0.232866473      0.04979392       4.68  0.13411


                  ----  Analysis of Variance  ----

  Source     DF   Sum of Squares    Mean Square    F value   Prob(F)
----------  ----  --------------  --------------  ---------  -------
Regression     2        1.410869       0.7054345      26.32  0.13655
Error          1      0.02680604      0.02680604
Total          3        1.437675

