   1: variable x,y;
   2: parameter a,b,c;
   3: function y=a*(x^b)*exp(c*x);
   4: Plot xlabel="x-Achse",ylabel="y-Achse";
   5: data;

Beginning computation...
Stopped due to: Relative function convergence.


   ----  Final Results  ----

NLREG version 5.4
Copyright (c) 1992-2002 Phillip H. Sherrod.  All rights reserved.
This is a registered copy of NLREG that may not be redistributed.

Number of observations = 5
Maximum allowed number of iterations = 500
Convergence tolerance factor = 1.000000E-010
Stopped due to: Relative function convergence.
Number of iterations performed = 16
Final sum of squared deviations = 1.5179811E+000
Final sum of deviations = -1.8791527E-004
Standard error of estimate = 0.871201
Average deviation = 0.412869
Maximum deviation for any observation = 0.858987
Proportion of variance explained (R^2) = 0.1085  (10.85%)
Adjusted coefficient of multiple determination (Ra^2) = -0.7829  (-78.29%)
Durbin-Watson test for autocorrelation = 3.280
Parameter values will be written to C:\Users\peleg\OneDrive\doktorát\experiment_disertace\výsledky\fin_výsl\syntax\typ1\VKS1\pov_VKS1\vysl_compl_VKS1_pov\param_compl_VKS1_pov_06.par
Analysis completed  4-Jan-2023 19:48.  Runtime = 0.00 seconds.


             ----  Descriptive Statistics for Variables  ----

 Variable    Minimum value   Maximum value    Mean value     Standard dev.
----------  --------------  --------------  --------------  --------------
         x               1            6.53           3.306        2.120891
         y            5.15            6.92            6.16       0.6524569


                   ----  Calculated Parameter Values  ----

 Parameter  Initial guess   Final estimate   Standard error      t      Prob(t)
----------  -------------  ----------------  --------------  ---------  -------
         a              1        6.38860626       0.8085958       7.90  0.01564
         b              1      -0.101775457       0.3382971      -0.30  0.79193
         c              1      0.0199576865       0.1151202       0.17  0.87832


                  ----  Analysis of Variance  ----

  Source     DF   Sum of Squares    Mean Square    F value   Prob(F)
----------  ----  --------------  --------------  ---------  -------
Regression     2       0.1848189      0.09240946       0.12  0.89146
Error          2        1.517981       0.7589905
Total          4          1.7028

