   1: variable x,y;
   2: parameter a,b,c;
   3: function y=a*(x^b)*exp(c*x);
   4: Plot xlabel="x-Achse",ylabel="y-Achse";
   5: data;

Beginning computation...
Stopped due to: Both parameter and relative function convergence.


   ----  Final Results  ----

NLREG version 5.4
Copyright (c) 1992-2002 Phillip H. Sherrod.  All rights reserved.
This is a registered copy of NLREG that may not be redistributed.

Number of observations = 5
Maximum allowed number of iterations = 500
Convergence tolerance factor = 1.000000E-010
Stopped due to: Both parameter and relative function convergence.
Number of iterations performed = 16
Final sum of squared deviations = 5.0085368E-001
Final sum of deviations = 1.6325677E-003
Standard error of estimate = 0.500427
Average deviation = 0.271321
Maximum deviation for any observation = 0.562268
Proportion of variance explained (R^2) = 0.8284  (82.84%)
Adjusted coefficient of multiple determination (Ra^2) = 0.6567  (65.67%)
Durbin-Watson test for autocorrelation = 2.647
Parameter values will be written to C:\Users\peleg\OneDrive\doktorát\experiment_disertace\výsledky\fin_výsl\syntax\typ1\VKS1\pov_VKS1\vysl_compl_VKS1_pov\param_compl_VKS1_pov_01.par
Analysis completed  4-Jan-2023 19:48.  Runtime = 0.00 seconds.


             ----  Descriptive Statistics for Variables  ----

 Variable    Minimum value   Maximum value    Mean value     Standard dev.
----------  --------------  --------------  --------------  --------------
         x               1               6             3.2        1.923538
         y            5.67               8           6.654       0.8541253


                   ----  Calculated Parameter Values  ----

 Parameter  Initial guess   Final estimate   Standard error      t      Prob(t)
----------  -------------  ----------------  --------------  ---------  -------
         a              1        7.70639514       0.5685992      13.55  0.00540
         b              1      -0.226089837       0.1952905      -1.16  0.36656
         c              1       0.022676939      0.07321815       0.31  0.78607


                  ----  Analysis of Variance  ----

  Source     DF   Sum of Squares    Mean Square    F value   Prob(F)
----------  ----  --------------  --------------  ---------  -------
Regression     2        2.417266        1.208633       4.83  0.17164
Error          2       0.5008537       0.2504268
Total          4         2.91812

