   1: variable x,y;
   2: parameter a,b,c;
   3: function y=a*(x^b)*exp(c*x);
   4: Plot xlabel="x-Achse",ylabel="y-Achse";
   5: data;

Beginning computation...
Stopped due to: Both parameter and relative function convergence.


   ----  Final Results  ----

NLREG version 5.4
Copyright (c) 1992-2002 Phillip H. Sherrod.  All rights reserved.
This is a registered copy of NLREG that may not be redistributed.

Number of observations = 4
Maximum allowed number of iterations = 500
Convergence tolerance factor = 1.000000E-010
Stopped due to: Both parameter and relative function convergence.
Number of iterations performed = 13
Final sum of squared deviations = 1.1651887E-003
Final sum of deviations = -3.7397435E-006
Standard error of estimate = 0.0341349
Average deviation = 0.0148615
Maximum deviation for any observation = 0.0256334
Proportion of variance explained (R^2) = 0.9995  (99.95%)
Adjusted coefficient of multiple determination (Ra^2) = 0.9985  (99.85%)
Durbin-Watson test for autocorrelation = 3.349
Parameter values will be written to C:\Users\peleg\OneDrive\doktorát\experiment_disertace\výsledky\fin_výsl\syntax\typ1\VKS1\pov_VKS1\vysl_compl_VKS1_pov\param_compl_VKS1_pov_03.par
Analysis completed  4-Jan-2023 19:48.  Runtime = 0.00 seconds.


             ----  Descriptive Statistics for Variables  ----

 Variable    Minimum value   Maximum value    Mean value     Standard dev.
----------  --------------  --------------  --------------  --------------
         x               1            4.27          2.5675        1.398174
         y            5.69            7.76            6.62       0.8807194


                   ----  Calculated Parameter Values  ----

 Parameter  Initial guess   Final estimate   Standard error      t      Prob(t)
----------  -------------  ----------------  --------------  ---------  -------
         a              1        7.97329696      0.07663946     104.04  0.00612
         b              1      -0.149915002      0.02208772      -6.79  0.09313
         c              1     -0.0276426425      0.01024258      -2.70  0.22591


                  ----  Analysis of Variance  ----

  Source     DF   Sum of Squares    Mean Square    F value   Prob(F)
----------  ----  --------------  --------------  ---------  -------
Regression     2        2.325835        1.162917     998.05  0.02238
Error          1     0.001165189     0.001165189
Total          3           2.327

