   1: variable x,y;
   2: parameter b;
   3: function y=2.44*(x^b);
   4: Plot xlabel="x-Achse",ylabel="y-Achse";
   5: data;

Beginning computation...
Stopped due to: Relative function convergence.


   ----  Final Results  ----

NLREG version 5.4
Copyright (c) 1992-2002 Phillip H. Sherrod.  All rights reserved.
This is a registered copy of NLREG that may not be redistributed.

Number of observations = 5
Maximum allowed number of iterations = 500
Convergence tolerance factor = 1.000000E-010
Stopped due to: Relative function convergence.
Number of iterations performed = 8
Final sum of squared deviations = 1.9849370E-002
Final sum of deviations = 6.5956672E-002
Standard error of estimate = 0.0704439
Average deviation = 0.054014
Maximum deviation for any observation = 0.0892233
Proportion of variance explained (R^2) = 0.6761  (67.61%)
Adjusted coefficient of multiple determination (Ra^2) = 0.6761  (67.61%)
Durbin-Watson test for autocorrelation = 1.151
Parameter values will be written to C:\Users\peleg\OneDrive\doktorát\experiment_disertace\výsledky\fin_výsl\slovo_slabika_foném\poh_SSF\tokens_poh_SSF\vysl_trunc_SSF_tokens_poh\param_trunc_tokens_poh_10.par
Analysis completed  9-Mar-2023 13:16.  Runtime = 0.00 seconds.


             ----  Descriptive Statistics for Variables  ----

 Variable    Minimum value   Maximum value    Mean value     Standard dev.
----------  --------------  --------------  --------------  --------------
         x               1             5.1            3.02        1.613072
         y            2.17            2.44           2.332        0.123774


                   ----  Calculated Parameter Values  ----

 Parameter  Initial guess   Final estimate   Standard error      t      Prob(t)
----------  -------------  ----------------  --------------  ---------  -------
         b              1     -0.0534777372      0.01241676      -4.31  0.01258

