   1: variable x,y;
   2: parameter b;
   3: function y=3.09*(x^b);
   4: Plot xlabel="x-Achse",ylabel="y-Achse";
   5: data;

Beginning computation...
Stopped due to: Both parameter and relative function convergence.


   ----  Final Results  ----

NLREG version 5.4
Copyright (c) 1992-2002 Phillip H. Sherrod.  All rights reserved.
This is a registered copy of NLREG that may not be redistributed.

Number of observations = 5
Maximum allowed number of iterations = 500
Convergence tolerance factor = 1.000000E-010
Stopped due to: Both parameter and relative function convergence.
Number of iterations performed = 11
Final sum of squared deviations = 1.0429405E-002
Final sum of deviations = -4.3051583E-002
Standard error of estimate = 0.0510622
Average deviation = 0.0344155
Maximum deviation for any observation = 0.0776295
Proportion of variance explained (R^2) = 0.9809  (98.09%)
Adjusted coefficient of multiple determination (Ra^2) = 0.9809  (98.09%)
Durbin-Watson test for autocorrelation = 1.190
Parameter values will be written to C:\Users\peleg\OneDrive\doktorát\experiment_disertace\výsledky\fin_výsl\slovo_slabika_foném\poh_SSF\types_poh_SSF\vysl_trunc_SSF_types_poh\param_trunc_types_poh_10.par
Analysis completed  9-Mar-2023 13:16.  Runtime = 0.00 seconds.


             ----  Descriptive Statistics for Variables  ----

 Variable    Minimum value   Maximum value    Mean value     Standard dev.
----------  --------------  --------------  --------------  --------------
         x               1             5.1            3.02        1.613072
         y            2.17            3.09           2.482       0.3691477


                   ----  Calculated Parameter Values  ----

 Parameter  Initial guess   Final estimate   Standard error      t      Prob(t)
----------  -------------  ----------------  --------------  ---------  -------
         b              1      -0.233844953     0.009078443     -25.76  0.00001

