   1: variable x,y;
   2: parameter b;
   3: function y=3.09*(x^b);
   4: Plot xlabel="x-Achse",ylabel="y-Achse";
   5: data;

Beginning computation...
Stopped due to: Relative function convergence.


   ----  Final Results  ----

NLREG version 5.4
Copyright (c) 1992-2002 Phillip H. Sherrod.  All rights reserved.
This is a registered copy of NLREG that may not be redistributed.

Number of observations = 5
Maximum allowed number of iterations = 500
Convergence tolerance factor = 1.000000E-010
Stopped due to: Relative function convergence.
Number of iterations performed = 8
Final sum of squared deviations = 7.7742902E-003
Final sum of deviations = -2.0592845E-002
Standard error of estimate = 0.044086
Average deviation = 0.0310825
Maximum deviation for any observation = 0.0618565
Proportion of variance explained (R^2) = 0.9882  (98.82%)
Adjusted coefficient of multiple determination (Ra^2) = 0.9882  (98.82%)
Durbin-Watson test for autocorrelation = 2.306
Parameter values will be written to C:\Users\peleg\OneDrive\doktorát\experiment_disertace\výsledky\fin_výsl\slovo_slabika_foném\poh_SSF\types_poh_SSF\vysl_trunc_SSF_types_poh\param_trunc_types_poh_06.par
Analysis completed  9-Mar-2023 13:16.  Runtime = 0.00 seconds.


             ----  Descriptive Statistics for Variables  ----

 Variable    Minimum value   Maximum value    Mean value     Standard dev.
----------  --------------  --------------  --------------  --------------
         x               1            5.08           3.016        1.606636
         y            2.02            3.09           2.444        0.405931


                   ----  Calculated Parameter Values  ----

 Parameter  Initial guess   Final estimate   Standard error      t      Prob(t)
----------  -------------  ----------------  --------------  ---------  -------
         b              1      -0.253620982     0.008052826     -31.49  0.00001

