   1: variable x,y;
   2: parameter b;
   3: function y=3.08*(x^b);
   4: Plot xlabel="x-Achse",ylabel="y-Achse";
   5: data;

Beginning computation...
Stopped due to: False convergence. (Answers may not be correct.)


   ----  Final Results  ----

NLREG version 5.4
Copyright (c) 1992-2002 Phillip H. Sherrod.  All rights reserved.
This is a registered copy of NLREG that may not be redistributed.

Number of observations = 5
Maximum allowed number of iterations = 500
Convergence tolerance factor = 1.000000E-010
Stopped due to: False convergence. (Answers may not be correct.)
Number of iterations performed = 12
Final sum of squared deviations = 1.5879714E-002
Final sum of deviations = -4.9128856E-002
Standard error of estimate = 0.0630074
Average deviation = 0.0432267
Maximum deviation for any observation = 0.0835024
Proportion of variance explained (R^2) = 0.9692  (96.92%)
Adjusted coefficient of multiple determination (Ra^2) = 0.9692  (96.92%)
Durbin-Watson test for autocorrelation = 1.039
Parameter values will be written to C:\Users\peleg\OneDrive\doktorát\experiment_disertace\výsledky\fin_výsl\slovo_slabika_foném\poh_SSF\types_poh_SSF\vysl_trunc_SSF_types_poh\param_trunc_types_poh_04.par
Analysis completed  9-Mar-2023 13:16.  Runtime = 0.00 seconds.


             ----  Descriptive Statistics for Variables  ----

 Variable    Minimum value   Maximum value    Mean value     Standard dev.
----------  --------------  --------------  --------------  --------------
         x               1            5.03           3.006        1.590654
         y            2.21            3.08           2.484       0.3587896


  ----  Calculated Parameter Values  ----

 Parameter  Initial guess   Final estimate 
----------  -------------  ----------------
         b              1      -0.229323193

