   1: variable x,y;
   2: parameter b;
   3: function y=3.33*(x^b);
   4: Plot xlabel="x-Achse",ylabel="y-Achse";
   5: data;

Beginning computation...
Stopped due to: Both parameter and relative function convergence.


   ----  Final Results  ----

NLREG version 5.4
Copyright (c) 1992-2002 Phillip H. Sherrod.  All rights reserved.
This is a registered copy of NLREG that may not be redistributed.

Number of observations = 6
Maximum allowed number of iterations = 500
Convergence tolerance factor = 1.000000E-010
Stopped due to: Both parameter and relative function convergence.
Number of iterations performed = 11
Final sum of squared deviations = 5.1155239E-002
Final sum of deviations = -9.9652352E-002
Standard error of estimate = 0.101149
Average deviation = 0.0760247
Maximum deviation for any observation = 0.156712
Proportion of variance explained (R^2) = 0.9461  (94.61%)
Adjusted coefficient of multiple determination (Ra^2) = 0.9461  (94.61%)
Durbin-Watson test for autocorrelation = 0.889
Parameter values will be written to C:\Users\peleg\OneDrive\doktorát\experiment_disertace\výsledky\fin_výsl\slovo_slabika_foném\poh_SSF\types_poh_SSF\vysl_trunc_SSF_types_poh\param_trunc_types_poh_slouè.par
Analysis completed  9-Mar-2023 13:16.  Runtime = 0.00 seconds.


             ----  Descriptive Statistics for Variables  ----

 Variable    Minimum value   Maximum value    Mean value     Standard dev.
----------  --------------  --------------  --------------  --------------
         x               1            6.07        3.511667         1.88966
         y            2.18            3.33             2.5       0.4357522


                   ----  Calculated Parameter Values  ----

 Parameter  Initial guess   Final estimate   Standard error      t      Prob(t)
----------  -------------  ----------------  --------------  ---------  -------
         b              1      -0.267349771      0.01472776     -18.15  0.00001

