   1: variable x,y;
   2: parameter b;
   3: function y=2.43*(x^b);
   4: Plot xlabel="x-Achse",ylabel="y-Achse";
   5: data;

Beginning computation...
Stopped due to: Both parameter and relative function convergence.


   ----  Final Results  ----

NLREG version 5.4
Copyright (c) 1992-2002 Phillip H. Sherrod.  All rights reserved.
This is a registered copy of NLREG that may not be redistributed.

Number of observations = 5
Maximum allowed number of iterations = 500
Convergence tolerance factor = 1.000000E-010
Stopped due to: Both parameter and relative function convergence.
Number of iterations performed = 8
Final sum of squared deviations = 1.3140548E-002
Final sum of deviations = 3.4144907E-002
Standard error of estimate = 0.0573161
Average deviation = 0.0404971
Maximum deviation for any observation = 0.0841703
Proportion of variance explained (R^2) = 0.3894  (38.94%)
Adjusted coefficient of multiple determination (Ra^2) = 0.3894  (38.94%)
Durbin-Watson test for autocorrelation = 2.448
Parameter values will be written to C:\Users\peleg\OneDrive\doktorát\experiment_disertace\výsledky\fin_výsl\slovo_slabika_foném\poh_SSF\tokens_poh_SSF\vysl_trunc_SSF_tokens_poh\param_trunc_tokens_poh_05.par
Analysis completed  9-Mar-2023 13:16.  Runtime = 0.00 seconds.


             ----  Descriptive Statistics for Variables  ----

 Variable    Minimum value   Maximum value    Mean value     Standard dev.
----------  --------------  --------------  --------------  --------------
         x               1            5.19           3.038        1.642322
         y            2.27            2.44           2.384      0.07334848


                   ----  Calculated Parameter Values  ----

 Parameter  Initial guess   Final estimate   Standard error      t      Prob(t)
----------  -------------  ----------------  --------------  ---------  -------
         b              1     -0.0228688006     0.009684342      -2.36  0.07754

