   1: variable x,y;
   2: parameter b;
   3: function y=2.81*(x^b);
   4: Plot xlabel="x-Achse",ylabel="y-Achse";
   5: data;

Beginning computation...
Stopped due to: Both parameter and relative function convergence.


   ----  Final Results  ----

NLREG version 5.4
Copyright (c) 1992-2002 Phillip H. Sherrod.  All rights reserved.
This is a registered copy of NLREG that may not be redistributed.

Number of observations = 5
Maximum allowed number of iterations = 500
Convergence tolerance factor = 1.000000E-010
Stopped due to: Both parameter and relative function convergence.
Number of iterations performed = 9
Final sum of squared deviations = 1.1070542E-002
Final sum of deviations = -1.8919676E-002
Standard error of estimate = 0.0526083
Average deviation = 0.0363931
Maximum deviation for any observation = 0.0733735
Proportion of variance explained (R^2) = 0.9552  (95.52%)
Adjusted coefficient of multiple determination (Ra^2) = 0.9552  (95.52%)
Durbin-Watson test for autocorrelation = 1.650
Parameter values will be written to C:\Users\peleg\OneDrive\doktorát\experiment_disertace\výsledky\fin_výsl\slovo_slabika_foném\poh_SSF\types_poh_SSF\vysl_trunc_SSF_types_poh\param_trunc_types_poh_07.par
Analysis completed  9-Mar-2023 13:16.  Runtime = 0.00 seconds.


             ----  Descriptive Statistics for Variables  ----

 Variable    Minimum value   Maximum value    Mean value     Standard dev.
----------  --------------  --------------  --------------  --------------
         x               1            5.29           3.058        1.675357
         y            2.23            2.81           2.422       0.2485357


                   ----  Calculated Parameter Values  ----

 Parameter  Initial guess   Final estimate   Standard error      t      Prob(t)
----------  -------------  ----------------  --------------  ---------  -------
         b              1      -0.156087335     0.009201355     -16.96  0.00007

