   1: variable x,y;
   2: parameter b;
   3: function y=2.44*(x^b);
   4: Plot xlabel="x-Achse",ylabel="y-Achse";
   5: data;

Beginning computation...
Stopped due to: Relative function convergence.


   ----  Final Results  ----

NLREG version 5.4
Copyright (c) 1992-2002 Phillip H. Sherrod.  All rights reserved.
This is a registered copy of NLREG that may not be redistributed.

Number of observations = 11
Maximum allowed number of iterations = 500
Convergence tolerance factor = 1.000000E-010
Stopped due to: Relative function convergence.
Number of iterations performed = 11
Final sum of squared deviations = 4.7054620E-002
Final sum of deviations = -1.2506964E-002
Standard error of estimate = 0.0685964
Average deviation = 0.0527233
Maximum deviation for any observation = 0.123269
Proportion of variance explained (R^2) = 0.7330  (73.30%)
Adjusted coefficient of multiple determination (Ra^2) = 0.7330  (73.30%)
Durbin-Watson test for autocorrelation = 1.136
Parameter values will be written to C:\Users\peleg\OneDrive\doktorát\experiment_disertace\výsledky\fin_výsl\syntax\typ1\KSM1_oprava\poh_KSM1\vysl_trunc_KSM1_poh\param_trunc_KSM1_poh_08.par
Analysis completed  5-Apr-2023 12:16.  Runtime = 0.00 seconds.


             ----  Descriptive Statistics for Variables  ----

 Variable    Minimum value   Maximum value    Mean value     Standard dev.
----------  --------------  --------------  --------------  --------------
         x               1            17.4        6.654545        4.661408
         y            2.01            2.44        2.196364       0.1327609


                   ----  Calculated Parameter Values  ----

 Parameter  Initial guess   Final estimate   Standard error      t      Prob(t)
----------  -------------  ----------------  --------------  ---------  -------
         b              1     -0.0646051921     0.005367509     -12.04  0.00001

