   1: variable x,y;
   2: parameter b;
   3: function y=3.08*(x^b);
   4: Plot xlabel="x-Achse",ylabel="y-Achse";
   5: data;

Beginning computation...
Stopped due to: Both parameter and relative function convergence.


   ----  Final Results  ----

NLREG version 5.4
Copyright (c) 1992-2002 Phillip H. Sherrod.  All rights reserved.
This is a registered copy of NLREG that may not be redistributed.

Number of observations = 10
Maximum allowed number of iterations = 500
Convergence tolerance factor = 1.000000E-010
Stopped due to: Both parameter and relative function convergence.
Number of iterations performed = 11
Final sum of squared deviations = 3.4647384E-001
Final sum of deviations = -3.9460203E-001
Standard error of estimate = 0.196207
Average deviation = 0.133242
Maximum deviation for any observation = 0.454533
Proportion of variance explained (R^2) = 0.4957  (49.57%)
Adjusted coefficient of multiple determination (Ra^2) = 0.4957  (49.57%)
Durbin-Watson test for autocorrelation = 1.043
Parameter values will be written to C:\Users\peleg\OneDrive\doktorát\experiment_disertace\výsledky\fin_výsl\syntax\typ1\KSM1_oprava\poh_KSM1\vysl_trunc_KSM1_poh\param_trunc_KSM1_poh_02.par
Analysis completed  5-Apr-2023 12:16.  Runtime = 0.00 seconds.


             ----  Descriptive Statistics for Variables  ----

 Variable    Minimum value   Maximum value    Mean value     Standard dev.
----------  --------------  --------------  --------------  --------------
         x               1            13.2            5.82        3.659326
         y             2.1            3.08           2.327       0.2762869


                   ----  Calculated Parameter Values  ----

 Parameter  Initial guess   Final estimate   Standard error      t      Prob(t)
----------  -------------  ----------------  --------------  ---------  -------
         b              1      -0.176921541      0.01678513     -10.54  0.00001

