   1: variable x,y;
   2: parameter b;
   3: function y=3.09*(x^b);
   4: Plot xlabel="x-Achse",ylabel="y-Achse";
   5: data;

Beginning computation...
Stopped due to: Both parameter and relative function convergence.


   ----  Final Results  ----

NLREG version 5.4
Copyright (c) 1992-2002 Phillip H. Sherrod.  All rights reserved.
This is a registered copy of NLREG that may not be redistributed.

Number of observations = 14
Maximum allowed number of iterations = 500
Convergence tolerance factor = 1.000000E-010
Stopped due to: Both parameter and relative function convergence.
Number of iterations performed = 12
Final sum of squared deviations = 5.6324949E-001
Final sum of deviations = -6.1070252E-001
Standard error of estimate = 0.208151
Average deviation = 0.153723
Maximum deviation for any observation = 0.400705
Proportion of variance explained (R^2) = 0.2313  (23.13%)
Adjusted coefficient of multiple determination (Ra^2) = 0.2313  (23.13%)
Durbin-Watson test for autocorrelation = 0.555
This Durbin-Watson value indicates autocorrelation or inappropriate function.
Parameter values will be written to C:\Users\peleg\OneDrive\doktorát\experiment_disertace\výsledky\fin_výsl\syntax\typ1\KSM1_oprava\poh_KSM1\vysl_trunc_KSM1_poh\param_trunc_KSM1_poh_09.par
Analysis completed  5-Apr-2023 12:16.  Runtime = 0.00 seconds.


             ----  Descriptive Statistics for Variables  ----

 Variable    Minimum value   Maximum value    Mean value     Standard dev.
----------  --------------  --------------  --------------  --------------
         x               1            25.5        8.497143        6.359012
         y            2.08            3.09        2.312857       0.2374035


                   ----  Calculated Parameter Values  ----

 Parameter  Initial guess   Final estimate   Standard error      t      Prob(t)
----------  -------------  ----------------  --------------  ---------  -------
         b              1      -0.150273744      0.01260527     -11.92  0.00001

