   1: variable x,y;
   2: parameter b;
   3: function y=3.17*(x^b);
   4: Plot xlabel="x-Achse",ylabel="y-Achse";
   5: data;

Beginning computation...
Stopped due to: Relative function convergence.


   ----  Final Results  ----

NLREG version 5.4
Copyright (c) 1992-2002 Phillip H. Sherrod.  All rights reserved.
This is a registered copy of NLREG that may not be redistributed.

Number of observations = 22
Maximum allowed number of iterations = 500
Convergence tolerance factor = 1.000000E-010
Stopped due to: Relative function convergence.
Number of iterations performed = 12
Final sum of squared deviations = 8.0413585E-001
Final sum of deviations = -7.6110574E-001
Standard error of estimate = 0.195684
Average deviation = 0.14103
Maximum deviation for any observation = 0.480528
Proportion of variance explained (R^2) = 0.3420  (34.20%)
Adjusted coefficient of multiple determination (Ra^2) = 0.3420  (34.20%)
Durbin-Watson test for autocorrelation = 0.878
Parameter values will be written to C:\Users\peleg\OneDrive\doktorát\experiment_disertace\výsledky\fin_výsl\syntax\typ1\KSM1_oprava\poh_KSM1\vysl_trunc_KSM1_poh\param_trunc_KSM1_poh_slouè.par
Analysis completed  5-Apr-2023 12:16.  Runtime = 0.00 seconds.


             ----  Descriptive Statistics for Variables  ----

 Variable    Minimum value   Maximum value    Mean value     Standard dev.
----------  --------------  --------------  --------------  --------------
         x               1            38.2        12.57727         8.80573
         y            1.96            3.17        2.251818       0.2412396


                   ----  Calculated Parameter Values  ----

 Parameter  Initial guess   Final estimate   Standard error      t      Prob(t)
----------  -------------  ----------------  --------------  ---------  -------
         b              1      -0.149403621     0.008170593     -18.29  0.00001

