   1: variable x,y;
   2: parameter a,b;
   3: function y=a*(x^b);
   4: Plot xlabel="x-Achse",ylabel="y-Achse";
   5: data;

Beginning computation...
Stopped due to: Both parameter and relative function convergence.


   ----  Final Results  ----

NLREG version 5.4
Copyright (c) 1992-2002 Phillip H. Sherrod.  All rights reserved.
This is a registered copy of NLREG that may not be redistributed.

Number of observations = 9
Maximum allowed number of iterations = 500
Convergence tolerance factor = 1.000000E-010
Stopped due to: Both parameter and relative function convergence.
Number of iterations performed = 10
Final sum of squared deviations = 3.5849882E-002
Final sum of deviations = 3.1689132E-004
Standard error of estimate = 0.071564
Average deviation = 0.0537021
Maximum deviation for any observation = 0.12079
Proportion of variance explained (R^2) = 0.6949  (69.49%)
Adjusted coefficient of multiple determination (Ra^2) = 0.6513  (65.13%)
Durbin-Watson test for autocorrelation = 0.765
This Durbin-Watson value indicates autocorrelation or inappropriate function.
Parameter values will be written to C:\Users\peleg\OneDrive\doktorát\experiment_disertace\výsledky\fin_výsl\syntax\typ1\KSM1_oprava\poh_KSM1\vysl_trunc_KSM1_poh\param_trunc_KSM1_poh_01.par
Analysis completed  5-Apr-2023 12:16.  Runtime = 0.00 seconds.


             ----  Descriptive Statistics for Variables  ----

 Variable    Minimum value   Maximum value    Mean value     Standard dev.
----------  --------------  --------------  --------------  --------------
         x            1.89           11.47        6.151111         3.05384
         y            2.27            2.64        2.411111       0.1211863


                   ----  Calculated Parameter Values  ----

 Parameter  Initial guess   Final estimate   Standard error      t      Prob(t)
----------  -------------  ----------------  --------------  ---------  -------
         a              1          2.726474      0.08513367      32.03  0.00001
         b              1     -0.0733274929       0.0180172      -4.07  0.00475


                  ----  Analysis of Variance  ----

  Source     DF   Sum of Squares    Mean Square    F value   Prob(F)
----------  ----  --------------  --------------  ---------  -------
Regression     1      0.08163901      0.08163901      15.94  0.00524
Error          7      0.03584988     0.005121412
Total          8       0.1174889

