   1: variable x,y;
   2: parameter b;
   3: function y=3.35*(x^b);
   4: Plot xlabel="x-Achse",ylabel="y-Achse";
   5: data;

Beginning computation...
Stopped due to: Both parameter and relative function convergence.


   ----  Final Results  ----

NLREG version 5.4
Copyright (c) 1992-2002 Phillip H. Sherrod.  All rights reserved.
This is a registered copy of NLREG that may not be redistributed.

Number of observations = 13
Maximum allowed number of iterations = 500
Convergence tolerance factor = 1.000000E-010
Stopped due to: Both parameter and relative function convergence.
Number of iterations performed = 11
Final sum of squared deviations = 4.5206037E-001
Final sum of deviations = -4.6989236E-001
Standard error of estimate = 0.194092
Average deviation = 0.147627
Maximum deviation for any observation = 0.430214
Proportion of variance explained (R^2) = 0.6657  (66.57%)
Adjusted coefficient of multiple determination (Ra^2) = 0.6657  (66.57%)
Durbin-Watson test for autocorrelation = 0.656
This Durbin-Watson value indicates autocorrelation or inappropriate function.
Parameter values will be written to C:\Users\peleg\OneDrive\doktorát\experiment_disertace\výsledky\fin_výsl\syntax\typ1\KSM1_oprava\poh_KSM1\vysl_trunc_KSM1_poh\param_trunc_KSM1_poh_04.par
Analysis completed  5-Apr-2023 12:16.  Runtime = 0.00 seconds.


             ----  Descriptive Statistics for Variables  ----

 Variable    Minimum value   Maximum value    Mean value     Standard dev.
----------  --------------  --------------  --------------  --------------
         x               1           15.69        7.255385        4.352826
         y             2.1            3.35        2.301538       0.3357044


                   ----  Calculated Parameter Values  ----

 Parameter  Initial guess   Final estimate   Standard error      t      Prob(t)
----------  -------------  ----------------  --------------  ---------  -------
         b              1      -0.212984988      0.01332783     -15.98  0.00001

