   1: variable x,y;
   2: parameter a,b,c;
   3: function y=a*(x^b)*exp(c*x);
   4: Plot xlabel="x-Achse",ylabel="y-Achse";
   5: data;

Beginning computation...
Stopped due to: Relative function convergence.


   ----  Final Results  ----

NLREG version 5.4
Copyright (c) 1992-2002 Phillip H. Sherrod.  All rights reserved.
This is a registered copy of NLREG that may not be redistributed.

Number of observations = 5
Maximum allowed number of iterations = 500
Convergence tolerance factor = 1.000000E-010
Stopped due to: Relative function convergence.
Number of iterations performed = 14
Final sum of squared deviations = 5.0244247E-002
Final sum of deviations = -7.6893642E-005
Standard error of estimate = 0.1585
Average deviation = 0.0796894
Maximum deviation for any observation = 0.158928
Proportion of variance explained (R^2) = 0.5669  (56.69%)
Adjusted coefficient of multiple determination (Ra^2) = 0.1337  (13.37%)
Durbin-Watson test for autocorrelation = 3.450
Parameter values will be written to C:\Users\peleg\OneDrive\doktorát\experiment_disertace\výsledky\fin_výsl\zvukové_jednotky\KTS\dop_KTS\tokens_dop_KTS\vysl_compl_KTS_tokens_dop\param_compl_tokens_dop_04.par
Analysis completed 21-Feb-2023 07:46.  Runtime = 0.00 seconds.


             ----  Descriptive Statistics for Variables  ----

 Variable    Minimum value   Maximum value    Mean value     Standard dev.
----------  --------------  --------------  --------------  --------------
         x               1             5.5             3.1        1.746425
         y            2.51             2.9            2.72       0.1702939


                   ----  Calculated Parameter Values  ----

 Parameter  Initial guess   Final estimate   Standard error      t      Prob(t)
----------  -------------  ----------------  --------------  ---------  -------
         a              1        2.47849087        0.158985      15.59  0.00409
         b              1     -0.0985107989       0.1755469      -0.56  0.63117
         c              1      0.0607507777      0.06540159       0.93  0.45101


                  ----  Analysis of Variance  ----

  Source     DF   Sum of Squares    Mean Square    F value   Prob(F)
----------  ----  --------------  --------------  ---------  -------
Regression     2      0.06575575      0.03287788       1.31  0.43314
Error          2      0.05024425      0.02512212
Total          4           0.116

