   1: variable x,y;
   2: parameter a,b,c;
   3: function y=a*(x^b)*exp(c*x);
   4: Plot xlabel="x-Achse",ylabel="y-Achse";
   5: data;

Beginning computation...
Stopped due to: Relative function convergence.


   ----  Final Results  ----

NLREG version 5.4
Copyright (c) 1992-2002 Phillip H. Sherrod.  All rights reserved.
This is a registered copy of NLREG that may not be redistributed.

Number of observations = 5
Maximum allowed number of iterations = 500
Convergence tolerance factor = 1.000000E-010
Stopped due to: Relative function convergence.
Number of iterations performed = 15
Final sum of squared deviations = 7.1774950E-003
Final sum of deviations = 5.9246080E-005
Standard error of estimate = 0.0599062
Average deviation = 0.0344244
Maximum deviation for any observation = 0.0633655
Proportion of variance explained (R^2) = 0.8829  (88.29%)
Adjusted coefficient of multiple determination (Ra^2) = 0.7657  (76.57%)
Durbin-Watson test for autocorrelation = 2.680
Parameter values will be written to C:\Users\peleg\OneDrive\doktorát\experiment_disertace\výsledky\fin_výsl\zvukové_jednotky\KTS\dop_KTS\tokens_dop_KTS\vysl_compl_KTS_tokens_dop\param_compl_tokens_dop_08.par
Analysis completed 21-Feb-2023 07:46.  Runtime = 0.00 seconds.


             ----  Descriptive Statistics for Variables  ----

 Variable    Minimum value   Maximum value    Mean value     Standard dev.
----------  --------------  --------------  --------------  --------------
         x               1            5.53           3.106        1.756753
         y            2.62            2.94           2.738        0.123774


                   ----  Calculated Parameter Values  ----

 Parameter  Initial guess   Final estimate   Standard error      t      Prob(t)
----------  -------------  ----------------  --------------  ---------  -------
         a              1        2.70218141      0.06447833      41.91  0.00057
         b              1      -0.235848917      0.06406838      -3.68  0.06652
         c              1      0.0782452075      0.02437132       3.21  0.08485


                  ----  Analysis of Variance  ----

  Source     DF   Sum of Squares    Mean Square    F value   Prob(F)
----------  ----  --------------  --------------  ---------  -------
Regression     2      0.05410251      0.02705125       7.54  0.11713
Error          2     0.007177495     0.003588747
Total          4         0.06128

