   1: variable x,y;
   2: parameter a,b,c;
   3: function y=a*(x^b)*exp(c*x);
   4: Plot xlabel="x-Achse",ylabel="y-Achse";
   5: data;

Beginning computation...
Stopped due to: Relative function convergence.


   ----  Final Results  ----

NLREG version 5.4
Copyright (c) 1992-2002 Phillip H. Sherrod.  All rights reserved.
This is a registered copy of NLREG that may not be redistributed.

Number of observations = 5
Maximum allowed number of iterations = 500
Convergence tolerance factor = 1.000000E-010
Stopped due to: Relative function convergence.
Number of iterations performed = 13
Final sum of squared deviations = 1.4572581E-003
Final sum of deviations = 9.4035047E-005
Standard error of estimate = 0.0269931
Average deviation = 0.0156671
Maximum deviation for any observation = 0.0269775
Proportion of variance explained (R^2) = 0.9959  (99.59%)
Adjusted coefficient of multiple determination (Ra^2) = 0.9918  (99.18%)
Durbin-Watson test for autocorrelation = 2.683
Parameter values will be written to C:\Users\peleg\OneDrive\doktorát\experiment_disertace\výsledky\fin_výsl\zvukové_jednotky\KTS\dop_KTS\tokens_dop_KTS\vysl_compl_KTS_tokens_dop\param_compl_tokens_dop_07.par
Analysis completed 21-Feb-2023 07:46.  Runtime = 0.00 seconds.


             ----  Descriptive Statistics for Variables  ----

 Variable    Minimum value   Maximum value    Mean value     Standard dev.
----------  --------------  --------------  --------------  --------------
         x               1            5.21           3.042        1.648884
         y            2.57            3.32           2.824       0.2977079


                   ----  Calculated Parameter Values  ----

 Parameter  Initial guess   Final estimate   Standard error      t      Prob(t)
----------  -------------  ----------------  --------------  ---------  -------
         a              1        3.17377868      0.03689611      86.02  0.00014
         b              1      -0.260682871      0.03001491      -8.69  0.01300
         c              1      0.0429894019      0.01220128       3.52  0.07197


                  ----  Analysis of Variance  ----

  Source     DF   Sum of Squares    Mean Square    F value   Prob(F)
----------  ----  --------------  --------------  ---------  -------
Regression     2       0.3530627       0.1765314     242.28  0.00411
Error          2     0.001457258    0.0007286291
Total          4         0.35452

