   1: variable x,y;
   2: parameter a,b,c;
   3: function y=a*(x^b)*exp(c*x);
   4: Plot xlabel="x-Achse",ylabel="y-Achse";
   5: data;

Beginning computation...
Stopped due to: Relative function convergence.


   ----  Final Results  ----

NLREG version 5.4
Copyright (c) 1992-2002 Phillip H. Sherrod.  All rights reserved.
This is a registered copy of NLREG that may not be redistributed.

Number of observations = 6
Maximum allowed number of iterations = 500
Convergence tolerance factor = 1.000000E-010
Stopped due to: Relative function convergence.
Number of iterations performed = 16
Final sum of squared deviations = 7.4653222E-002
Final sum of deviations = -1.5813521E-004
Standard error of estimate = 0.157748
Average deviation = 0.0981072
Maximum deviation for any observation = 0.153103
Proportion of variance explained (R^2) = 0.3766  (37.66%)
Adjusted coefficient of multiple determination (Ra^2) = -0.0390  (-3.90%)
Durbin-Watson test for autocorrelation = 2.803
Parameter values will be written to C:\Users\peleg\OneDrive\doktorát\experiment_disertace\výsledky\fin_výsl\zvukové_jednotky\KTS\dop_KTS\tokens_dop_KTS\vysl_compl_KTS_tokens_dop\param_compl_tokens_dop_01.par
Analysis completed 21-Feb-2023 07:46.  Runtime = 0.00 seconds.


             ----  Descriptive Statistics for Variables  ----

 Variable    Minimum value   Maximum value    Mean value     Standard dev.
----------  --------------  --------------  --------------  --------------
         x               1            6.55        3.591667        2.024949
         y            2.52            2.91           2.725       0.1547579


                   ----  Calculated Parameter Values  ----

 Parameter  Initial guess   Final estimate   Standard error      t      Prob(t)
----------  -------------  ----------------  --------------  ---------  -------
         a              1        2.71426269       0.1442838      18.81  0.00033
         b              1       0.183632945       0.1420028       1.29  0.28653
         c              1     -0.0558496762      0.04740638      -1.18  0.32370


                  ----  Analysis of Variance  ----

  Source     DF   Sum of Squares    Mean Square    F value   Prob(F)
----------  ----  --------------  --------------  ---------  -------
Regression     2      0.04509678      0.02254839       0.91  0.49222
Error          3      0.07465322      0.02488441
Total          5         0.11975

