   1: variable x,y;
   2: parameter a,b,c;
   3: function y=a*(x^b)*exp(c*x);
   4: Plot xlabel="x-Achse",ylabel="y-Achse";
   5: data;

Beginning computation...
Stopped due to: Relative function convergence.


   ----  Final Results  ----

NLREG version 5.4
Copyright (c) 1992-2002 Phillip H. Sherrod.  All rights reserved.
This is a registered copy of NLREG that may not be redistributed.

Number of observations = 5
Maximum allowed number of iterations = 500
Convergence tolerance factor = 1.000000E-010
Stopped due to: Relative function convergence.
Number of iterations performed = 15
Final sum of squared deviations = 1.8440141E-002
Final sum of deviations = 2.4852734E-005
Standard error of estimate = 0.0960212
Average deviation = 0.0480515
Maximum deviation for any observation = 0.10018
Proportion of variance explained (R^2) = 0.5588  (55.88%)
Adjusted coefficient of multiple determination (Ra^2) = 0.1177  (11.77%)
Durbin-Watson test for autocorrelation = 3.431
Parameter values will be written to C:\Users\peleg\OneDrive\doktorát\experiment_disertace\výsledky\fin_výsl\zvukové_jednotky\KTS\dop_KTS\tokens_dop_KTS\vysl_compl_KTS_tokens_dop\param_compl_tokens_dop_02.par
Analysis completed 21-Feb-2023 07:46.  Runtime = 0.00 seconds.


             ----  Descriptive Statistics for Variables  ----

 Variable    Minimum value   Maximum value    Mean value     Standard dev.
----------  --------------  --------------  --------------  --------------
         x               1             6.1            3.22        1.960102
         y            2.64            2.89            2.75       0.1022252


                   ----  Calculated Parameter Values  ----

 Parameter  Initial guess   Final estimate   Standard error      t      Prob(t)
----------  -------------  ----------------  --------------  ---------  -------
         a              1         2.6783457      0.09113883      29.39  0.00116
         b              1      0.0972217541       0.0926707       1.05  0.40421
         c              1     -0.0220103764      0.03225448      -0.68  0.56542


                  ----  Analysis of Variance  ----

  Source     DF   Sum of Squares    Mean Square    F value   Prob(F)
----------  ----  --------------  --------------  ---------  -------
Regression     2      0.02335986      0.01167993       1.27  0.44115
Error          2      0.01844014      0.00922007
Total          4          0.0418

