   1: variable x,y;
   2: parameter a,b,c;
   3: function y=a*(x^b)*exp(c*x);
   4: Plot xlabel="x-Achse",ylabel="y-Achse";
   5: data;

Beginning computation...
Stopped due to: Relative function convergence.


   ----  Final Results  ----

NLREG version 5.4
Copyright (c) 1992-2002 Phillip H. Sherrod.  All rights reserved.
This is a registered copy of NLREG that may not be redistributed.

Number of observations = 8
Maximum allowed number of iterations = 500
Convergence tolerance factor = 1.000000E-010
Stopped due to: Relative function convergence.
Number of iterations performed = 23
Final sum of squared deviations = 2.0148387E-003
Final sum of deviations = -1.4404910E-008
Standard error of estimate = 0.0200741
Average deviation = 0.0132617
Maximum deviation for any observation = 0.0264974
Proportion of variance explained (R^2) = 0.0348  (3.48%)
Adjusted coefficient of multiple determination (Ra^2) = -0.3513  (-35.13%)
Durbin-Watson test for autocorrelation = 2.887
Parameter values will be written to C:\Users\peleg\OneDrive\doktorát\experiment_disertace\výsledky\fin_výsl\zvukové_jednotky\KTS\dop_KTS\tokens_dop_KTS\vysl_compl_KTS_tokens_dop\param_compl_tokens_dop_slouè.par
Analysis completed 21-Feb-2023 07:46.  Runtime = 0.00 seconds.


             ----  Descriptive Statistics for Variables  ----

 Variable    Minimum value   Maximum value    Mean value     Standard dev.
----------  --------------  --------------  --------------  --------------
         x               1            8.71         4.58875        2.602501
         y            2.74            2.79         2.76125      0.01726888


                   ----  Calculated Parameter Values  ----

 Parameter  Initial guess   Final estimate   Standard error      t      Prob(t)
----------  -------------  ----------------  --------------  ---------  -------
         a              1        2.76283678      0.01584072     174.41  0.00001
         b              1     0.00443843587      0.01265867       0.35  0.74016
         c              1    -0.00141775966     0.003487595      -0.41  0.70118


                  ----  Analysis of Variance  ----

  Source     DF   Sum of Squares    Mean Square    F value   Prob(F)
----------  ----  --------------  --------------  ---------  -------
Regression     2   7.266129E-005   3.633065E-005       0.09  0.91524
Error          5     0.002014839    0.0004029677
Total          7       0.0020875

