   1: variable x,y;
   2: parameter a,b,c;
   3: function y=a*(x^b)*exp(c*x);
   4: Plot xlabel="x-Achse",ylabel="y-Achse";
   5: data;

Beginning computation...
Stopped due to: Absolute function convergence.


   ----  Final Results  ----

NLREG version 5.4
Copyright (c) 1992-2002 Phillip H. Sherrod.  All rights reserved.
This is a registered copy of NLREG that may not be redistributed.

Number of observations = 3
Maximum allowed number of iterations = 500
Convergence tolerance factor = 1.000000E-010
Stopped due to: Absolute function convergence.
Number of iterations performed = 10
Final sum of squared deviations = 3.3897552E-021
Final sum of deviations = -7.2648554E-011
Average deviation = 2.42162E-011
Maximum deviation for any observation = 5.61773E-011
Proportion of variance explained (R^2) = 1.0000  (100.00%)
Adjusted coefficient of multiple determination (Ra^2) = 0.0000  (0.00%)
Durbin-Watson test for autocorrelation = 0.552
This Durbin-Watson value indicates autocorrelation or inappropriate function.
Parameter values will be written to C:\Users\peleg\OneDrive\doktorát\experiment_disertace\výsledky\fin_výsl\syntax\typ2\VKF2\dop_VKF2\vysl_compl_VKF2_dop\param_compl_VKF2_dop_03.par
Analysis completed  4-Jan-2023 19:54.  Runtime = 0.00 seconds.


             ----  Descriptive Statistics for Variables  ----

 Variable    Minimum value   Maximum value    Mean value     Standard dev.
----------  --------------  --------------  --------------  --------------
         x               1            3.85        2.283333        1.445971
         y            2.62            2.81        2.746667       0.1096966


  ----  Calculated Parameter Values  ----

 Parameter  Initial guess   Final estimate 
----------  -------------  ----------------
         a              1        3.03597214
         b              1       0.111588423
         c              1     -0.0773472008


----  Analysis of Variance  ----

  Source     DF   Sum of Squares
----------  ----  --------------
Regression     2      0.02406667
Error          0   3.389755E-021
Total          2      0.02406667

