   1: variable x,y;
   2: parameter a,b,c;
   3: function y=a*(x^b)*exp(c*x);
   4: Plot xlabel="x-Achse",ylabel="y-Achse";
   5: data;

Beginning computation...
Stopped due to: Relative function convergence.


   ----  Final Results  ----

NLREG version 5.4
Copyright (c) 1992-2002 Phillip H. Sherrod.  All rights reserved.
This is a registered copy of NLREG that may not be redistributed.

Number of observations = 6
Maximum allowed number of iterations = 500
Convergence tolerance factor = 1.000000E-010
Stopped due to: Relative function convergence.
Number of iterations performed = 17
Final sum of squared deviations = 4.5248547E-002
Final sum of deviations = 6.8286001E-005
Standard error of estimate = 0.122812
Average deviation = 0.0685007
Maximum deviation for any observation = 0.172009
Proportion of variance explained (R^2) = 0.5067  (50.67%)
Adjusted coefficient of multiple determination (Ra^2) = 0.1779  (17.79%)
Durbin-Watson test for autocorrelation = 2.429
Parameter values will be written to C:\Users\peleg\OneDrive\doktorát\experiment_disertace\výsledky\fin_výsl\syntax\typ2\VKF2\dop_VKF2\vysl_compl_VKF2_dop\param_compl_VKF2_dop_slouè.par
Analysis completed  4-Jan-2023 19:54.  Runtime = 0.00 seconds.


             ----  Descriptive Statistics for Variables  ----

 Variable    Minimum value   Maximum value    Mean value     Standard dev.
----------  --------------  --------------  --------------  --------------
         x               1            6.62        3.603333        2.045499
         y            2.67            3.01        2.796667       0.1354499


                   ----  Calculated Parameter Values  ----

 Parameter  Initial guess   Final estimate   Standard error      t      Prob(t)
----------  -------------  ----------------  --------------  ---------  -------
         a              1        2.84109271       0.1094034      25.97  0.00013
         b              1      -0.165319013       0.1020038      -1.62  0.20352
         c              1       0.046550384      0.03447059       1.35  0.26971


                  ----  Analysis of Variance  ----

  Source     DF   Sum of Squares    Mean Square    F value   Prob(F)
----------  ----  --------------  --------------  ---------  -------
Regression     2      0.04648479      0.02324239       1.54  0.34643
Error          3      0.04524855      0.01508285
Total          5      0.09173333

