   1: variable x,y;
   2: parameter a,b,c;
   3: function y=a*(x^b)*exp(c*x);
   4: Plot xlabel="x-Achse",ylabel="y-Achse";
   5: data;

Beginning computation...
Stopped due to: Relative function convergence.


   ----  Final Results  ----

NLREG version 5.4
Copyright (c) 1992-2002 Phillip H. Sherrod.  All rights reserved.
This is a registered copy of NLREG that may not be redistributed.

Number of observations = 7
Maximum allowed number of iterations = 500
Convergence tolerance factor = 1.000000E-010
Stopped due to: Relative function convergence.
Number of iterations performed = 22
Final sum of squared deviations = 4.1286286E-001
Final sum of deviations = 1.0602280E-003
Standard error of estimate = 0.321272
Average deviation = 0.20932
Maximum deviation for any observation = 0.443741
Proportion of variance explained (R^2) = 0.8697  (86.97%)
Adjusted coefficient of multiple determination (Ra^2) = 0.8046  (80.46%)
Durbin-Watson test for autocorrelation = 2.499
Parameter values will be written to C:\Users\peleg\OneDrive\doktorát\experiment_disertace\výsledky\fin_výsl\zvukové_jednotky\VKT\stud_VKT\tokens_stud_VKT\vysl_compl_VKT_tokens_stud\param_compl_tokens_stud_07.par
Analysis completed 21-Feb-2023 07:46.  Runtime = 0.00 seconds.


             ----  Descriptive Statistics for Variables  ----

 Variable    Minimum value   Maximum value    Mean value     Standard dev.
----------  --------------  --------------  --------------  --------------
         x               1            8.82            4.26        2.638156
         y            2.96            4.82            3.84       0.7268196


                   ----  Calculated Parameter Values  ----

 Parameter  Initial guess   Final estimate   Standard error      t      Prob(t)
----------  -------------  ----------------  --------------  ---------  -------
         a              1        5.10404479        0.294087      17.36  0.00006
         b              1      -0.132024298       0.1379556      -0.96  0.39276
         c              1     -0.0311634406      0.04269105      -0.73  0.50586


                  ----  Analysis of Variance  ----

  Source     DF   Sum of Squares    Mean Square    F value   Prob(F)
----------  ----  --------------  --------------  ---------  -------
Regression     2        2.756737        1.378369      13.35  0.01697
Error          4       0.4128629       0.1032157
Total          6          3.1696

