   1: variable x,y;
   2: parameter a,b,c;
   3: function y=a*(x^b)*exp(c*x);
   4: Plot xlabel="x-Achse",ylabel="y-Achse";
   5: data;

Beginning computation...
Stopped due to: Relative function convergence.


   ----  Final Results  ----

NLREG version 5.4
Copyright (c) 1992-2002 Phillip H. Sherrod.  All rights reserved.
This is a registered copy of NLREG that may not be redistributed.

Number of observations = 7
Maximum allowed number of iterations = 500
Convergence tolerance factor = 1.000000E-010
Stopped due to: Relative function convergence.
Number of iterations performed = 34
Final sum of squared deviations = 3.8340301E-001
Final sum of deviations = -2.7294896E-004
Standard error of estimate = 0.309598
Average deviation = 0.169904
Maximum deviation for any observation = 0.516663
Proportion of variance explained (R^2) = 0.8199  (81.99%)
Adjusted coefficient of multiple determination (Ra^2) = 0.7299  (72.99%)
Durbin-Watson test for autocorrelation = 2.722
Parameter values will be written to C:\Users\peleg\OneDrive\doktorát\experiment_disertace\výsledky\fin_výsl\zvukové_jednotky\VKT\stud_VKT\tokens_stud_VKT\vysl_compl_VKT_tokens_stud\param_compl_tokens_stud_08.par
Analysis completed 21-Feb-2023 07:46.  Runtime = 0.00 seconds.


             ----  Descriptive Statistics for Variables  ----

 Variable    Minimum value   Maximum value    Mean value     Standard dev.
----------  --------------  --------------  --------------  --------------
         x            1.53              13        5.928571        3.850491
         y            2.76            4.58        3.595714       0.5957029


                   ----  Calculated Parameter Values  ----

 Parameter  Initial guess   Final estimate   Standard error      t      Prob(t)
----------  -------------  ----------------  --------------  ---------  -------
         a              1        4.81795664       0.4270237      11.28  0.00035
         b              1      -0.131243924       0.1456535      -0.90  0.41850
         c              1     -0.0159069249      0.02951019      -0.54  0.61847


                  ----  Analysis of Variance  ----

  Source     DF   Sum of Squares    Mean Square    F value   Prob(F)
----------  ----  --------------  --------------  ---------  -------
Regression     2        1.745768       0.8728842       9.11  0.03243
Error          4        0.383403      0.09585075
Total          6        2.129171

