   1: variable x,y;
   2: parameter a,b,c;
   3: function y=a*(x^b)*exp(c*x);
   4: Plot xlabel="x-Achse",ylabel="y-Achse";
   5: data;

Beginning computation...
Stopped due to: Relative function convergence.


   ----  Final Results  ----

NLREG version 5.4
Copyright (c) 1992-2002 Phillip H. Sherrod.  All rights reserved.
This is a registered copy of NLREG that may not be redistributed.

Number of observations = 5
Maximum allowed number of iterations = 500
Convergence tolerance factor = 1.000000E-010
Stopped due to: Relative function convergence.
Number of iterations performed = 39
Final sum of squared deviations = 7.3683233E-001
Final sum of deviations = -1.1867638E-003
Standard error of estimate = 0.606973
Average deviation = 0.294051
Maximum deviation for any observation = 0.673467
Proportion of variance explained (R^2) = 0.8264  (82.64%)
Adjusted coefficient of multiple determination (Ra^2) = 0.6527  (65.27%)
Durbin-Watson test for autocorrelation = 3.408
Parameter values will be written to C:\Users\peleg\OneDrive\doktorát\experiment_disertace\výsledky\fin_výsl\zvukové_jednotky\VKT\stud_VKT\tokens_stud_VKT\vysl_compl_VKT_tokens_stud\param_compl_tokens_stud_06.par
Analysis completed 21-Feb-2023 07:46.  Runtime = 0.00 seconds.


             ----  Descriptive Statistics for Variables  ----

 Variable    Minimum value   Maximum value    Mean value     Standard dev.
----------  --------------  --------------  --------------  --------------
         x             1.5           11.14            5.04        3.716692
         y            2.98            5.38           3.896        1.029966


                   ----  Calculated Parameter Values  ----

 Parameter  Initial guess   Final estimate   Standard error      t      Prob(t)
----------  -------------  ----------------  --------------  ---------  -------
         a              1        6.24164523       0.9128907       6.84  0.02073
         b              1      -0.531559643       0.3147198      -1.69  0.23328
         c              1      0.0503327265      0.07078896       0.71  0.55081


                  ----  Analysis of Variance  ----

  Source     DF   Sum of Squares    Mean Square    F value   Prob(F)
----------  ----  --------------  --------------  ---------  -------
Regression     2        3.506488        1.753244       4.76  0.17365
Error          2       0.7368323       0.3684162
Total          4         4.24332

