   1: variable x,y;
   2: parameter a,b,c;
   3: function y=a*(x^b)*exp(c*x);
   4: Plot xlabel="x-Achse",ylabel="y-Achse";
   5: data;

Beginning computation...
Stopped due to: Relative function convergence.


   ----  Final Results  ----

NLREG version 5.4
Copyright (c) 1992-2002 Phillip H. Sherrod.  All rights reserved.
This is a registered copy of NLREG that may not be redistributed.

Number of observations = 6
Maximum allowed number of iterations = 500
Convergence tolerance factor = 1.000000E-010
Stopped due to: Relative function convergence.
Number of iterations performed = 24
Final sum of squared deviations = 7.1660893E-002
Final sum of deviations = 4.0689672E-005
Standard error of estimate = 0.154554
Average deviation = 0.0761493
Maximum deviation for any observation = 0.20155
Proportion of variance explained (R^2) = 0.8098  (80.98%)
Adjusted coefficient of multiple determination (Ra^2) = 0.6829  (68.29%)
Durbin-Watson test for autocorrelation = 3.092
Parameter values will be written to C:\Users\peleg\OneDrive\doktorát\experiment_disertace\výsledky\fin_výsl\zvukové_jednotky\VKT\stud_VKT\tokens_stud_VKT\vysl_compl_VKT_tokens_stud\param_compl_tokens_stud_05.par
Analysis completed 21-Feb-2023 07:46.  Runtime = 0.00 seconds.


             ----  Descriptive Statistics for Variables  ----

 Variable    Minimum value   Maximum value    Mean value     Standard dev.
----------  --------------  --------------  --------------  --------------
         x               1           10.08            4.27         3.25271
         y            3.04            3.81        3.431667       0.2744753


                   ----  Calculated Parameter Values  ----

 Parameter  Initial guess   Final estimate   Standard error      t      Prob(t)
----------  -------------  ----------------  --------------  ---------  -------
         a              1        3.80865227       0.1259852      30.23  0.00008
         b              1     -0.0765873783      0.06955997      -1.10  0.35130
         c              1    -0.00339126059      0.01807555      -0.19  0.86315


                  ----  Analysis of Variance  ----

  Source     DF   Sum of Squares    Mean Square    F value   Prob(F)
----------  ----  --------------  --------------  ---------  -------
Regression     2       0.3050224       0.1525112       6.38  0.08298
Error          3      0.07166089      0.02388696
Total          5       0.3766833

