   1: variable x,y;
   2: parameter b;
   3: function y=2.85*(x^b);
   4: Plot xlabel="x-Achse",ylabel="y-Achse";
   5: data;

Beginning computation...
Stopped due to: Both parameter and relative function convergence.


   ----  Final Results  ----

NLREG version 5.4
Copyright (c) 1992-2002 Phillip H. Sherrod.  All rights reserved.
This is a registered copy of NLREG that may not be redistributed.

Number of observations = 6
Maximum allowed number of iterations = 500
Convergence tolerance factor = 1.000000E-010
Stopped due to: Both parameter and relative function convergence.
Number of iterations performed = 9
Final sum of squared deviations = 1.2830050E-001
Final sum of deviations = -1.4113374E-001
Standard error of estimate = 0.160188
Average deviation = 0.109175
Maximum deviation for any observation = 0.299962
Proportion of variance explained (R^2) = 0.8780  (87.80%)
Adjusted coefficient of multiple determination (Ra^2) = 0.8780  (87.80%)
Durbin-Watson test for autocorrelation = 1.308
Parameter values will be written to C:\Users\peleg\OneDrive\doktorát\experiment_disertace\výsledky\fin_výsl\slovo_morfém_foném_oprava\pov_SMF\tokens_pov_SMF\vysl_trunc_SMF_tokens_pov\param_trunc_tokens_pov_10.par
Analysis completed  2-Apr-2023 17:15.  Runtime = 0.00 seconds.


             ----  Descriptive Statistics for Variables  ----

 Variable    Minimum value   Maximum value    Mean value     Standard dev.
----------  --------------  --------------  --------------  --------------
         x               1            6.18            3.53         1.91974
         y            1.63            2.85        1.941667       0.4585811


                   ----  Calculated Parameter Values  ----

 Parameter  Initial guess   Final estimate   Standard error      t      Prob(t)
----------  -------------  ----------------  --------------  ---------  -------
         b              1      -0.360426635      0.03117745     -11.56  0.00008

