   1: variable x,y;
   2: parameter b;
   3: function y=3.66*(x^b);
   4: Plot xlabel="x-Achse",ylabel="y-Achse";
   5: data;

Beginning computation...
Stopped due to: Both parameter and relative function convergence.


   ----  Final Results  ----

NLREG version 5.4
Copyright (c) 1992-2002 Phillip H. Sherrod.  All rights reserved.
This is a registered copy of NLREG that may not be redistributed.

Number of observations = 6
Maximum allowed number of iterations = 500
Convergence tolerance factor = 1.000000E-010
Stopped due to: Both parameter and relative function convergence.
Number of iterations performed = 15
Final sum of squared deviations = 1.0744020E-001
Final sum of deviations = -7.7143098E-002
Standard error of estimate = 0.146588
Average deviation = 0.110919
Maximum deviation for any observation = 0.201232
Proportion of variance explained (R^2) = 0.9662  (96.62%)
Adjusted coefficient of multiple determination (Ra^2) = 0.9662  (96.62%)
Durbin-Watson test for autocorrelation = 1.087
Parameter values will be written to C:\Users\peleg\OneDrive\doktorát\experiment_disertace\výsledky\fin_výsl\slovo_morfém_foném_oprava\pov_SMF\types_pov_SMF\vysl_trunc_SMF_types_pov\param_trunc_types_pov_05.par
Analysis completed  2-Apr-2023 17:16.  Runtime = 0.00 seconds.


             ----  Descriptive Statistics for Variables  ----

 Variable    Minimum value   Maximum value    Mean value     Standard dev.
----------  --------------  --------------  --------------  --------------
         x               1            6.25        3.541667        1.939179
         y            1.45            3.66            2.14       0.7973958


                   ----  Calculated Parameter Values  ----

 Parameter  Initial guess   Final estimate   Standard error      t      Prob(t)
----------  -------------  ----------------  --------------  ---------  -------
         b              1      -0.532004117      0.02839405     -18.74  0.00001

