   1: variable x,y;
   2: parameter b;
   3: function y=2.91*(x^b);
   4: Plot xlabel="x-Achse",ylabel="y-Achse";
   5: data;

Beginning computation...
Stopped due to: Both parameter and relative function convergence.


   ----  Final Results  ----

NLREG version 5.4
Copyright (c) 1992-2002 Phillip H. Sherrod.  All rights reserved.
This is a registered copy of NLREG that may not be redistributed.

Number of observations = 6
Maximum allowed number of iterations = 500
Convergence tolerance factor = 1.000000E-010
Stopped due to: Both parameter and relative function convergence.
Number of iterations performed = 10
Final sum of squared deviations = 1.2951098E-001
Final sum of deviations = -1.4053304E-001
Standard error of estimate = 0.160942
Average deviation = 0.117703
Maximum deviation for any observation = 0.271702
Proportion of variance explained (R^2) = 0.8842  (88.42%)
Adjusted coefficient of multiple determination (Ra^2) = 0.8842  (88.42%)
Durbin-Watson test for autocorrelation = 1.018
Parameter values will be written to C:\Users\peleg\OneDrive\doktorát\experiment_disertace\výsledky\fin_výsl\slovo_morfém_foném_oprava\pov_SMF\tokens_pov_SMF\vysl_trunc_SMF_tokens_pov\param_trunc_tokens_pov_01.par
Analysis completed  2-Apr-2023 17:15.  Runtime = 0.00 seconds.


             ----  Descriptive Statistics for Variables  ----

 Variable    Minimum value   Maximum value    Mean value     Standard dev.
----------  --------------  --------------  --------------  --------------
         x               1            6.32        3.553333        1.958843
         y            1.64            2.91           1.975       0.4728953


                   ----  Calculated Parameter Values  ----

 Parameter  Initial guess   Final estimate   Standard error      t      Prob(t)
----------  -------------  ----------------  --------------  ---------  -------
         b              1      -0.363610164      0.03078579     -11.81  0.00008

