   1: variable x,y;
   2: parameter b;
   3: function y=3.67*(x^b);
   4: Plot xlabel="x-Achse",ylabel="y-Achse";
   5: data;

Beginning computation...
Stopped due to: Relative function convergence.


   ----  Final Results  ----

NLREG version 5.4
Copyright (c) 1992-2002 Phillip H. Sherrod.  All rights reserved.
This is a registered copy of NLREG that may not be redistributed.

Number of observations = 6
Maximum allowed number of iterations = 500
Convergence tolerance factor = 1.000000E-010
Stopped due to: Relative function convergence.
Number of iterations performed = 10
Final sum of squared deviations = 1.3232627E-001
Final sum of deviations = -9.5378891E-002
Standard error of estimate = 0.162681
Average deviation = 0.116979
Maximum deviation for any observation = 0.264647
Proportion of variance explained (R^2) = 0.9567  (95.67%)
Adjusted coefficient of multiple determination (Ra^2) = 0.9567  (95.67%)
Durbin-Watson test for autocorrelation = 0.967
Parameter values will be written to C:\Users\peleg\OneDrive\doktorát\experiment_disertace\výsledky\fin_výsl\slovo_morfém_foném_oprava\pov_SMF\types_pov_SMF\vysl_trunc_SMF_types_pov\param_trunc_types_pov_07.par
Analysis completed  2-Apr-2023 17:16.  Runtime = 0.00 seconds.


             ----  Descriptive Statistics for Variables  ----

 Variable    Minimum value   Maximum value    Mean value     Standard dev.
----------  --------------  --------------  --------------  --------------
         x               1            6.08        3.513333        1.892371
         y            1.56            3.67        2.153333       0.7819889


                   ----  Calculated Parameter Values  ----

 Parameter  Initial guess   Final estimate   Standard error      t      Prob(t)
----------  -------------  ----------------  --------------  ---------  -------
         b              1      -0.528314349      0.03126664     -16.90  0.00001

