   1: variable x,y;
   2: parameter b;
   3: function y=4.68*(x^b);
   4: Plot xlabel="x-Achse",ylabel="y-Achse";
   5: data;

Beginning computation...
Stopped due to: Relative function convergence.


   ----  Final Results  ----

NLREG version 5.4
Copyright (c) 1992-2002 Phillip H. Sherrod.  All rights reserved.
This is a registered copy of NLREG that may not be redistributed.

Number of observations = 7
Maximum allowed number of iterations = 500
Convergence tolerance factor = 1.000000E-010
Stopped due to: Relative function convergence.
Number of iterations performed = 11
Final sum of squared deviations = 3.1685993E-001
Final sum of deviations = -7.6342221E-002
Standard error of estimate = 0.229804
Average deviation = 0.17372
Maximum deviation for any observation = 0.365712
Proportion of variance explained (R^2) = 0.9569  (95.69%)
Adjusted coefficient of multiple determination (Ra^2) = 0.9569  (95.69%)
Durbin-Watson test for autocorrelation = 0.712
This Durbin-Watson value indicates autocorrelation or inappropriate function.
Parameter values will be written to C:\Users\peleg\OneDrive\doktorát\experiment_disertace\výsledky\fin_výsl\slovo_morfém_foném_oprava\pov_SMF\types_pov_SMF\vysl_trunc_SMF_types_pov\param_trunc_types_pov_slouè.par
Analysis completed  2-Apr-2023 17:16.  Runtime = 0.00 seconds.


             ----  Descriptive Statistics for Variables  ----

 Variable    Minimum value   Maximum value    Mean value     Standard dev.
----------  --------------  --------------  --------------  --------------
         x               1             7.1        4.014286        2.183597
         y            1.58            4.68        2.295714        1.107548


                   ----  Calculated Parameter Values  ----

 Parameter  Initial guess   Final estimate   Standard error      t      Prob(t)
----------  -------------  ----------------  --------------  ---------  -------
         b              1      -0.658129916      0.03773599     -17.44  0.00001

