   1: variable x,y;
   2: parameter b;
   3: function y=2.68*(x^b);
   4: Plot xlabel="x-Achse",ylabel="y-Achse";
   5: data;

Beginning computation...
Stopped due to: Both parameter and relative function convergence.


   ----  Final Results  ----

NLREG version 5.4
Copyright (c) 1992-2002 Phillip H. Sherrod.  All rights reserved.
This is a registered copy of NLREG that may not be redistributed.

Number of observations = 6
Maximum allowed number of iterations = 500
Convergence tolerance factor = 1.000000E-010
Stopped due to: Both parameter and relative function convergence.
Number of iterations performed = 9
Final sum of squared deviations = 6.5922070E-002
Final sum of deviations = -1.0142607E-001
Standard error of estimate = 0.114823
Average deviation = 0.0754225
Maximum deviation for any observation = 0.207095
Proportion of variance explained (R^2) = 0.9153  (91.53%)
Adjusted coefficient of multiple determination (Ra^2) = 0.9153  (91.53%)
Durbin-Watson test for autocorrelation = 1.428
Parameter values will be written to C:\Users\peleg\OneDrive\doktorát\experiment_disertace\výsledky\fin_výsl\slovo_morfém_foném_oprava\pov_SMF\tokens_pov_SMF\vysl_trunc_SMF_tokens_pov\param_trunc_tokens_pov_03.par
Analysis completed  2-Apr-2023 17:15.  Runtime = 0.00 seconds.


             ----  Descriptive Statistics for Variables  ----

 Variable    Minimum value   Maximum value    Mean value     Standard dev.
----------  --------------  --------------  --------------  --------------
         x               1               6             3.5        1.870829
         y            1.55            2.68            1.92       0.3944617


                   ----  Calculated Parameter Values  ----

 Parameter  Initial guess   Final estimate   Standard error      t      Prob(t)
----------  -------------  ----------------  --------------  ---------  -------
         b              1      -0.313143318      0.02222885     -14.09  0.00003

