   1: variable x,y;
   2: parameter b;
   3: function y=2.73*(x^b);
   4: Plot xlabel="x-Achse",ylabel="y-Achse";
   5: data;

Beginning computation...
Stopped due to: Both parameter and relative function convergence.


   ----  Final Results  ----

NLREG version 5.4
Copyright (c) 1992-2002 Phillip H. Sherrod.  All rights reserved.
This is a registered copy of NLREG that may not be redistributed.

Number of observations = 6
Maximum allowed number of iterations = 500
Convergence tolerance factor = 1.000000E-010
Stopped due to: Both parameter and relative function convergence.
Number of iterations performed = 9
Final sum of squared deviations = 1.4267623E-001
Final sum of deviations = -1.5879303E-001
Standard error of estimate = 0.168924
Average deviation = 0.117746
Maximum deviation for any observation = 0.302233
Proportion of variance explained (R^2) = 0.8283  (82.83%)
Adjusted coefficient of multiple determination (Ra^2) = 0.8283  (82.83%)
Durbin-Watson test for autocorrelation = 1.075
Parameter values will be written to C:\Users\peleg\OneDrive\doktorát\experiment_disertace\výsledky\fin_výsl\slovo_morfém_foném_oprava\pov_SMF\tokens_pov_SMF\vysl_trunc_SMF_tokens_pov\param_trunc_tokens_pov_02.par
Analysis completed  2-Apr-2023 17:15.  Runtime = 0.00 seconds.


             ----  Descriptive Statistics for Variables  ----

 Variable    Minimum value   Maximum value    Mean value     Standard dev.
----------  --------------  --------------  --------------  --------------
         x               1            6.25        3.541667        1.939179
         y            1.65            2.73        1.911667       0.4076477


                   ----  Calculated Parameter Values  ----

 Parameter  Initial guess   Final estimate   Standard error      t      Prob(t)
----------  -------------  ----------------  --------------  ---------  -------
         b              1      -0.329721816      0.03280115     -10.05  0.00017

