   1: variable x,y;
   2: parameter a,b;
   3: function y=a*(x^b);
   4: Plot xlabel="x-Achse",ylabel="y-Achse";
   5: data;

Beginning computation...
Stopped due to: Relative function convergence.


   ----  Final Results  ----

NLREG version 5.4
Copyright (c) 1992-2002 Phillip H. Sherrod.  All rights reserved.
This is a registered copy of NLREG that may not be redistributed.

Number of observations = 3
Maximum allowed number of iterations = 500
Convergence tolerance factor = 1.000000E-010
Stopped due to: Relative function convergence.
Number of iterations performed = 8
Final sum of squared deviations = 4.9294419E-002
Final sum of deviations = -5.4164753E-005
Standard error of estimate = 0.222023
Average deviation = 0.120364
Maximum deviation for any observation = 0.180518
Proportion of variance explained (R^2) = 0.1113  (11.13%)
Adjusted coefficient of multiple determination (Ra^2) = -0.7774  (-77.74%)
Durbin-Watson test for autocorrelation = 2.984
Parameter values will be written to C:\Users\peleg\OneDrive\doktorát\experiment_disertace\výsledky\fin_výsl\syntax\typ2\KFS2\dop_KFS2\vysl_trunc_KFS2_dop\param_trunc_KFS2_dop_10.par
Analysis completed  4-Jan-2023 19:54.  Runtime = 0.00 seconds.


             ----  Descriptive Statistics for Variables  ----

 Variable    Minimum value   Maximum value    Mean value     Standard dev.
----------  --------------  --------------  --------------  --------------
         x            1.72            4.41        3.043333        1.345523
         y            2.05            2.37        2.183333       0.1665333


                   ----  Calculated Parameter Values  ----

 Parameter  Initial guess   Final estimate   Standard error      t      Prob(t)
----------  -------------  ----------------  --------------  ---------  -------
         a              1        2.06601347        0.354817       5.82  0.10828
         b              1      0.0528338853       0.1526489       0.35  0.78787


                  ----  Analysis of Variance  ----

  Source     DF   Sum of Squares    Mean Square    F value   Prob(F)
----------  ----  --------------  --------------  ---------  -------
Regression     1     0.006172247     0.006172247       0.13  0.78348
Error          1      0.04929442      0.04929442
Total          2      0.05546667

