   1: variable x,y;
   2: parameter b;
   3: function y=2.27*(x^b);
   4: Plot xlabel="x-Achse",ylabel="y-Achse";
   5: data;

Beginning computation...
Stopped due to: Both parameter and relative function convergence.


   ----  Final Results  ----

NLREG version 5.4
Copyright (c) 1992-2002 Phillip H. Sherrod.  All rights reserved.
This is a registered copy of NLREG that may not be redistributed.

Number of observations = 6
Maximum allowed number of iterations = 500
Convergence tolerance factor = 1.000000E-010
Stopped due to: Both parameter and relative function convergence.
Number of iterations performed = 9
Final sum of squared deviations = 2.2169372E-002
Final sum of deviations = -6.8983245E-002
Standard error of estimate = 0.0665873
Average deviation = 0.0403574
Maximum deviation for any observation = 0.129649
Proportion of variance explained (R^2) = 0.9119  (91.19%)
Adjusted coefficient of multiple determination (Ra^2) = 0.9119  (91.19%)
Durbin-Watson test for autocorrelation = 1.804
Parameter values will be written to C:\Users\peleg\OneDrive\doktorát\experiment_disertace\výsledky\fin_výsl\syntax\typ2\KFS2\dop_KFS2\vysl_trunc_KFS2_dop\param_trunc_KFS2_dop_slouè.par
Analysis completed  4-Jan-2023 19:54.  Runtime = 0.00 seconds.


             ----  Descriptive Statistics for Variables  ----

 Variable    Minimum value   Maximum value    Mean value     Standard dev.
----------  --------------  --------------  --------------  --------------
         x               1            6.05        3.508333        1.884255
         y            1.63            2.27        1.843333       0.2242915


                   ----  Calculated Parameter Values  ----

 Parameter  Initial guess   Final estimate   Standard error      t      Prob(t)
----------  -------------  ----------------  --------------  ---------  -------
         b              1      -0.190178199      0.01269819     -14.98  0.00002

