   1: variable x,y;
   2: parameter b;
   3: function y=1.83*(x^b);
   4: Plot xlabel="x-Achse",ylabel="y-Achse";
   5: data;

Beginning computation...
Stopped due to: Both parameter and relative function convergence.


   ----  Final Results  ----

NLREG version 5.4
Copyright (c) 1992-2002 Phillip H. Sherrod.  All rights reserved.
This is a registered copy of NLREG that may not be redistributed.

Number of observations = 4
Maximum allowed number of iterations = 500
Convergence tolerance factor = 1.000000E-010
Stopped due to: Both parameter and relative function convergence.
Number of iterations performed = 8
Final sum of squared deviations = 3.6570062E-002
Final sum of deviations = 8.4728780E-002
Standard error of estimate = 0.110408
Average deviation = 0.0758182
Maximum deviation for any observation = 0.150906
Proportion of variance explained (R^2) = 0.6443  (64.43%)
Adjusted coefficient of multiple determination (Ra^2) = 0.6443  (64.43%)
Durbin-Watson test for autocorrelation = 1.575
Parameter values will be written to C:\Users\peleg\OneDrive\doktorát\experiment_disertace\výsledky\fin_výsl\syntax\typ2\KFS2\dop_KFS2\vysl_trunc_KFS2_dop\param_trunc_KFS2_dop_05.par
Analysis completed  4-Jan-2023 19:54.  Runtime = 0.00 seconds.


             ----  Descriptive Statistics for Variables  ----

 Variable    Minimum value   Maximum value    Mean value     Standard dev.
----------  --------------  --------------  --------------  --------------
         x               1            4.46           2.615        1.476336
         y            1.45            1.85             1.7       0.1851126


                   ----  Calculated Parameter Values  ----

 Parameter  Initial guess   Final estimate   Standard error      t      Prob(t)
----------  -------------  ----------------  --------------  ---------  -------
         b              1      -0.107077564      0.03488497      -3.07  0.05459

