   1: variable x,y;
   2: parameter a,b;
   3: function y=a*(x^b);
   4: Plot xlabel="x-Achse",ylabel="y-Achse";
   5: data;

Beginning computation...
Stopped due to: Relative function convergence.


   ----  Final Results  ----

NLREG version 5.4
Copyright (c) 1992-2002 Phillip H. Sherrod.  All rights reserved.
This is a registered copy of NLREG that may not be redistributed.

Number of observations = 3
Maximum allowed number of iterations = 500
Convergence tolerance factor = 1.000000E-010
Stopped due to: Relative function convergence.
Number of iterations performed = 9
Final sum of squared deviations = 3.0694347E-001
Final sum of deviations = -2.6577968E-003
Standard error of estimate = 0.554025
Average deviation = 0.301723
Maximum deviation for any observation = 0.451255
Proportion of variance explained (R^2) = 0.2305  (23.05%)
Adjusted coefficient of multiple determination (Ra^2) = -0.5391  (-53.91%)
Durbin-Watson test for autocorrelation = 2.998
Parameter values will be written to C:\Users\peleg\OneDrive\doktorát\experiment_disertace\výsledky\fin_výsl\syntax\typ2\KFS2\dop_KFS2\vysl_trunc_KFS2_dop\param_trunc_KFS2_dop_02.par
Analysis completed  4-Jan-2023 19:54.  Runtime = 0.00 seconds.


             ----  Descriptive Statistics for Variables  ----

 Variable    Minimum value   Maximum value    Mean value     Standard dev.
----------  --------------  --------------  --------------  --------------
         x            1.65            4.62            3.09        1.487044
         y            1.44            2.33        1.863333       0.4465796


                   ----  Calculated Parameter Values  ----

 Parameter  Initial guess   Final estimate   Standard error      t      Prob(t)
----------  -------------  ----------------  --------------  ---------  -------
         a              1        1.48796756       0.7381886       2.02  0.29318
         b              1       0.212261112       0.4169432       0.51  0.70022


                  ----  Analysis of Variance  ----

  Source     DF   Sum of Squares    Mean Square    F value   Prob(F)
----------  ----  --------------  --------------  ---------  -------
Regression     1       0.0919232       0.0919232       0.30  0.68123
Error          1       0.3069435       0.3069435
Total          2       0.3988667

