   1: variable x,y;
   2: parameter b;
   3: function y=2.67*(x^b);
   4: Plot xlabel="x-Achse",ylabel="y-Achse";
   5: data;

Beginning computation...
Stopped due to: Relative function convergence.


   ----  Final Results  ----

NLREG version 5.4
Copyright (c) 1992-2002 Phillip H. Sherrod.  All rights reserved.
This is a registered copy of NLREG that may not be redistributed.

Number of observations = 5
Maximum allowed number of iterations = 500
Convergence tolerance factor = 1.000000E-010
Stopped due to: Relative function convergence.
Number of iterations performed = 9
Final sum of squared deviations = 5.9404521E-001
Final sum of deviations = -2.2223415E-001
Standard error of estimate = 0.385372
Average deviation = 0.278143
Maximum deviation for any observation = 0.50733
Proportion of variance explained (R^2) = 0.3815  (38.15%)
Adjusted coefficient of multiple determination (Ra^2) = 0.3815  (38.15%)
Durbin-Watson test for autocorrelation = 1.919
Parameter values will be written to C:\Users\peleg\OneDrive\doktorát\experiment_disertace\výsledky\fin_výsl\syntax\typ2\KFS2\dop_KFS2\vysl_trunc_KFS2_dop\param_trunc_KFS2_dop_04.par
Analysis completed  4-Jan-2023 19:54.  Runtime = 0.00 seconds.


             ----  Descriptive Statistics for Variables  ----

 Variable    Minimum value   Maximum value    Mean value     Standard dev.
----------  --------------  --------------  --------------  --------------
         x               1             5.3            3.06         1.67869
         y            1.51            2.67           1.934       0.4900306


                   ----  Calculated Parameter Values  ----

 Parameter  Initial guess   Final estimate   Standard error      t      Prob(t)
----------  -------------  ----------------  --------------  ---------  -------
         b              1      -0.328769662      0.08964973      -3.67  0.02144

