   1: variable x,y;
   2: parameter b;
   3: function y=2.43*(x^b);
   4: Plot xlabel="x-Achse",ylabel="y-Achse";
   5: data;

Beginning computation...
Stopped due to: Both parameter and relative function convergence.


   ----  Final Results  ----

NLREG version 5.4
Copyright (c) 1992-2002 Phillip H. Sherrod.  All rights reserved.
This is a registered copy of NLREG that may not be redistributed.

Number of observations = 4
Maximum allowed number of iterations = 500
Convergence tolerance factor = 1.000000E-010
Stopped due to: Both parameter and relative function convergence.
Number of iterations performed = 10
Final sum of squared deviations = 2.1432316E-002
Final sum of deviations = -3.9992946E-002
Standard error of estimate = 0.0845228
Average deviation = 0.0545374
Maximum deviation for any observation = 0.129071
Proportion of variance explained (R^2) = 0.9522  (95.22%)
Adjusted coefficient of multiple determination (Ra^2) = 0.9522  (95.22%)
Durbin-Watson test for autocorrelation = 2.603
Parameter values will be written to C:\Users\peleg\OneDrive\doktorát\experiment_disertace\výsledky\fin_výsl\syntax\typ2\KFS2\dop_KFS2\vysl_trunc_KFS2_dop\param_trunc_KFS2_dop_08.par
Analysis completed  4-Jan-2023 19:54.  Runtime = 0.00 seconds.


             ----  Descriptive Statistics for Variables  ----

 Variable    Minimum value   Maximum value    Mean value     Standard dev.
----------  --------------  --------------  --------------  --------------
         x               1            4.21          2.5525        1.373933
         y            1.53            2.43          1.8775       0.3865553


                   ----  Calculated Parameter Values  ----

 Parameter  Initial guess   Final estimate   Standard error      t      Prob(t)
----------  -------------  ----------------  --------------  ---------  -------
         b              1      -0.333049919      0.02686335     -12.40  0.00113

