   1: variable x,y;
   2: parameter a,b,c;
   3: function y=a*(x^b)*exp(-c*x);
   4: Plot xlabel="x-Achse",ylabel="y-Achse";
   5: data;

Beginning computation...
Stopped due to: Both parameter and relative function convergence.


   ----  Final Results  ----

NLREG version 5.4
Copyright (c) 1992-2002 Phillip H. Sherrod.  All rights reserved.
This is a registered copy of NLREG that may not be redistributed.

Number of observations = 28
Maximum allowed number of iterations = 500
Convergence tolerance factor = 1.000000E-010
Stopped due to: Both parameter and relative function convergence.
Number of iterations performed = 17
Final sum of squared deviations = 9.1451993E-002
Final sum of deviations = -3.3208361E-004
Standard error of estimate = 0.0604821
Average deviation = 0.0456919
Maximum deviation for any observation = 0.15482
Proportion of variance explained (R^2) = 0.3897  (38.97%)
Adjusted coefficient of multiple determination (Ra^2) = 0.3409  (34.09%)
Durbin-Watson test for autocorrelation = 1.287
Parameter values will be written to C:\Users\peleg\OneDrive\doktorát\experiment_disertace\výsledky\fin_výsl\syntax\typ3\FSM3\pov_FSM3\vysl_compl_FSM3_pov_minus_c\param_compl_FSM3_pov_slouè_minus_c.par
Analysis completed  8-Apr-2023 09:59.  Runtime = 0.00 seconds.


             ----  Descriptive Statistics for Variables  ----

 Variable    Minimum value   Maximum value    Mean value     Standard dev.
----------  --------------  --------------  --------------  --------------
         x               1           53.64        15.78143        11.24864
         y            1.93            2.33        2.243571      0.07449655


                   ----  Calculated Parameter Values  ----

 Parameter  Initial guess   Final estimate   Standard error      t      Prob(t)
----------  -------------  ----------------  --------------  ---------  -------
         a              1        2.08940555      0.04028564      51.86  0.00001
         b              1      0.0429381135      0.01211217       3.55  0.00158
         c              1     0.00219718277    0.0009457761       2.32  0.02860


                  ----  Analysis of Variance  ----

  Source     DF   Sum of Squares    Mean Square    F value   Prob(F)
----------  ----  --------------  --------------  ---------  -------
Regression     2      0.05839086      0.02919543       7.98  0.00209
Error         25      0.09145199      0.00365808
Total         27       0.1498429

