   1: variable x,y;
   2: parameter a,b,c;
   3: function y=a*(x^b)*exp(-c*x);
   4: Plot xlabel="x-Achse",ylabel="y-Achse";
   5: data;

Beginning computation...
Stopped due to: Relative function convergence.


   ----  Final Results  ----

NLREG version 5.4
Copyright (c) 1992-2002 Phillip H. Sherrod.  All rights reserved.
This is a registered copy of NLREG that may not be redistributed.

Number of observations = 11
Maximum allowed number of iterations = 500
Convergence tolerance factor = 1.000000E-010
Stopped due to: Relative function convergence.
Number of iterations performed = 13
Final sum of squared deviations = 1.0436014E-001
Final sum of deviations = -2.1713603E-004
Standard error of estimate = 0.114215
Average deviation = 0.0819695
Maximum deviation for any observation = 0.171092
Proportion of variance explained (R^2) = 0.4334  (43.34%)
Adjusted coefficient of multiple determination (Ra^2) = 0.2918  (29.18%)
Durbin-Watson test for autocorrelation = 2.143
Parameter values will be written to C:\Users\peleg\OneDrive\doktorát\experiment_disertace\výsledky\fin_výsl\syntax\typ3\FSM3\pov_FSM3\vysl_compl_FSM3_pov_minus_c\param_compl_FSM3_pov_02_minus_c.par
Analysis completed  8-Apr-2023 09:59.  Runtime = 0.00 seconds.


             ----  Descriptive Statistics for Variables  ----

 Variable    Minimum value   Maximum value    Mean value     Standard dev.
----------  --------------  --------------  --------------  --------------
         x               1              26        9.055455        7.735763
         y            1.92            2.47            2.22       0.1357203


                   ----  Calculated Parameter Values  ----

 Parameter  Initial guess   Final estimate   Standard error      t      Prob(t)
----------  -------------  ----------------  --------------  ---------  -------
         a              1        2.03134628      0.08547631      23.77  0.00001
         b              1      0.0944916954      0.04110193       2.30  0.05055
         c              1     0.00929311315     0.005143206       1.81  0.10841


                  ----  Analysis of Variance  ----

  Source     DF   Sum of Squares    Mean Square    F value   Prob(F)
----------  ----  --------------  --------------  ---------  -------
Regression     2      0.07983986      0.03991993       3.06  0.10303
Error          8       0.1043601      0.01304502
Total         10          0.1842

