   1: variable x,y;
   2: parameter a,b,c;
   3: function y=a*(x^b)*exp(c*x);
   4: Plot xlabel="x-Achse",ylabel="y-Achse";
   5: data;

Beginning computation...
Stopped due to: Singular convergence.  Mutually dependent parameters?


   ----  Final Results  ----

NLREG version 5.4
Copyright (c) 1992-2002 Phillip H. Sherrod.  All rights reserved.
This is a registered copy of NLREG that may not be redistributed.

Number of observations = 11
Maximum allowed number of iterations = 500
Convergence tolerance factor = 1.000000E-010
Stopped due to: Singular convergence.  Mutually dependent parameters?
Number of iterations performed = 17
Final sum of squared deviations = 4.8721944E+001
Final sum of deviations = 2.1974978E+001
Standard error of estimate = 2.46784
Average deviation = 2.00181
Maximum deviation for any observation = 2.50987
Parameter values will be written to C:\Users\peleg\OneDrive\doktorát\experiment_disertace\výsledky\fin_výsl\syntax\typ3\FSM3_oprava\pov_FSM3\vysl_compl_FSM3_pov\param_compl_FSM3_pov_10.par
Analysis completed  3-Apr-2023 13:33.  Runtime = 0.00 seconds.


             ----  Descriptive Statistics for Variables  ----

 Variable    Minimum value   Maximum value    Mean value     Standard dev.
----------  --------------  --------------  --------------  --------------
         x               1           18.08        6.902727        4.939713
         y            1.83            2.51        2.208182        0.184652


  ----  Calculated Parameter Values  ----

 Parameter  Initial guess   Final estimate 
----------  -------------  ----------------
         a              1   3.57384608E-006
         b              1      -0.162903783
         c              1       0.765657178


                  ----  Analysis of Variance  ----

  Source     DF   Sum of Squares    Mean Square    F value   Prob(F)
----------  ----  --------------  --------------  ---------  -------
Regression     2               0               0       0.00  1.00000
Error          8        48.72194        6.090243
Total         10       0.3409636

