   1: variable x,y;
   2: parameter a,b,c;
   3: function y=a*(x^b)*exp(-c*x);
   4: Plot xlabel="x-Achse",ylabel="y-Achse";
   5: data;

Beginning computation...
Stopped due to: Relative function convergence.


   ----  Final Results  ----

NLREG version 5.4
Copyright (c) 1992-2002 Phillip H. Sherrod.  All rights reserved.
This is a registered copy of NLREG that may not be redistributed.

Number of observations = 12
Maximum allowed number of iterations = 500
Convergence tolerance factor = 1.000000E-010
Stopped due to: Relative function convergence.
Number of iterations performed = 14
Final sum of squared deviations = 6.5204243E-002
Final sum of deviations = -1.8367646E-004
Standard error of estimate = 0.0851171
Average deviation = 0.0596547
Maximum deviation for any observation = 0.146319
Proportion of variance explained (R^2) = 0.4253  (42.53%)
Adjusted coefficient of multiple determination (Ra^2) = 0.2976  (29.76%)
Durbin-Watson test for autocorrelation = 1.740
Parameter values will be written to C:\Users\peleg\OneDrive\doktorát\experiment_disertace\výsledky\fin_výsl\syntax\typ3\FSM3\pov_FSM3\vysl_compl_FSM3_pov_minus_c\param_compl_FSM3_pov_05_minus_c.par
Analysis completed  8-Apr-2023 09:59.  Runtime = 0.00 seconds.


             ----  Descriptive Statistics for Variables  ----

 Variable    Minimum value   Maximum value    Mean value     Standard dev.
----------  --------------  --------------  --------------  --------------
         x               1            30.4        9.391667        8.424299
         y            1.89            2.26        2.143333       0.1015635


                   ----  Calculated Parameter Values  ----

 Parameter  Initial guess   Final estimate   Standard error      t      Prob(t)
----------  -------------  ----------------  --------------  ---------  -------
         a              1        2.00624037      0.06295763      31.87  0.00001
         b              1      0.0429077067      0.02762247       1.55  0.15476
         c              1     0.00149258948     0.003096337       0.48  0.64128


                  ----  Analysis of Variance  ----

  Source     DF   Sum of Squares    Mean Square    F value   Prob(F)
----------  ----  --------------  --------------  ---------  -------
Regression     2      0.04826242      0.02413121       3.33  0.08267
Error          9      0.06520424     0.007244916
Total         11       0.1134667

