   1: variable x,y;
   2: parameter a,b,c;
   3: function y=a*(x^b)*exp(-c*x);
   4: Plot xlabel="x-Achse",ylabel="y-Achse";
   5: data;

Beginning computation...
Stopped due to: Both parameter and relative function convergence.


   ----  Final Results  ----

NLREG version 5.4
Copyright (c) 1992-2002 Phillip H. Sherrod.  All rights reserved.
This is a registered copy of NLREG that may not be redistributed.

Number of observations = 11
Maximum allowed number of iterations = 500
Convergence tolerance factor = 1.000000E-010
Stopped due to: Both parameter and relative function convergence.
Number of iterations performed = 14
Final sum of squared deviations = 1.3406960E-001
Final sum of deviations = -2.1572237E-004
Standard error of estimate = 0.129455
Average deviation = 0.0790177
Maximum deviation for any observation = 0.258764
Proportion of variance explained (R^2) = 0.6068  (60.68%)
Adjusted coefficient of multiple determination (Ra^2) = 0.5085  (50.85%)
Durbin-Watson test for autocorrelation = 2.852
Parameter values will be written to C:\Users\peleg\OneDrive\doktorát\experiment_disertace\výsledky\fin_výsl\syntax\typ3\FSM3\pov_FSM3\vysl_compl_FSM3_pov_minus_c\param_compl_FSM3_pov_10_minus_c.par
Analysis completed  8-Apr-2023 09:59.  Runtime = 0.00 seconds.


             ----  Descriptive Statistics for Variables  ----

 Variable    Minimum value   Maximum value    Mean value     Standard dev.
----------  --------------  --------------  --------------  --------------
         x               1           18.08        6.902727        4.939713
         y            1.83            2.51        2.208182        0.184652


                   ----  Calculated Parameter Values  ----

 Parameter  Initial guess   Final estimate   Standard error      t      Prob(t)
----------  -------------  ----------------  --------------  ---------  -------
         a              1        1.89023412       0.0974803      19.39  0.00001
         b              1       0.157158248      0.05836404       2.69  0.02738
         c              1      0.0156315399     0.009380522       1.67  0.13420


                  ----  Analysis of Variance  ----

  Source     DF   Sum of Squares    Mean Square    F value   Prob(F)
----------  ----  --------------  --------------  ---------  -------
Regression     2        0.206894        0.103447       6.17  0.02391
Error          8       0.1340696       0.0167587
Total         10       0.3409636

