   1: variable x,y;
   2: parameter a,b,c;
   3: function y=a*(x^b)*exp(-c*x);
   4: Plot xlabel="x-Achse",ylabel="y-Achse";
   5: data;

Beginning computation...
Stopped due to: Relative function convergence.


   ----  Final Results  ----

NLREG version 5.4
Copyright (c) 1992-2002 Phillip H. Sherrod.  All rights reserved.
This is a registered copy of NLREG that may not be redistributed.

Number of observations = 12
Maximum allowed number of iterations = 500
Convergence tolerance factor = 1.000000E-010
Stopped due to: Relative function convergence.
Number of iterations performed = 13
Final sum of squared deviations = 1.1871262E-001
Final sum of deviations = -1.5275835E-004
Standard error of estimate = 0.114849
Average deviation = 0.0712744
Maximum deviation for any observation = 0.2679
Proportion of variance explained (R^2) = 0.3357  (33.57%)
Adjusted coefficient of multiple determination (Ra^2) = 0.1880  (18.80%)
Durbin-Watson test for autocorrelation = 2.182
Parameter values will be written to C:\Users\peleg\OneDrive\doktorát\experiment_disertace\výsledky\fin_výsl\syntax\typ3\FSM3\pov_FSM3\vysl_compl_FSM3_pov_minus_c\param_compl_FSM3_pov_09_minus_c.par
Analysis completed  8-Apr-2023 09:59.  Runtime = 0.00 seconds.


             ----  Descriptive Statistics for Variables  ----

 Variable    Minimum value   Maximum value    Mean value     Standard dev.
----------  --------------  --------------  --------------  --------------
         x               1           21.37            7.64        5.730332
         y            1.93            2.33        2.194167       0.1274547


                   ----  Calculated Parameter Values  ----

 Parameter  Initial guess   Final estimate   Standard error      t      Prob(t)
----------  -------------  ----------------  --------------  ---------  -------
         a              1        2.02517461      0.08668692      23.36  0.00001
         b              1      0.0673809906      0.04430648       1.52  0.16264
         c              1     0.00497095826     0.006433837       0.77  0.45955


                  ----  Analysis of Variance  ----

  Source     DF   Sum of Squares    Mean Square    F value   Prob(F)
----------  ----  --------------  --------------  ---------  -------
Regression     2      0.05997904      0.02998952       2.27  0.15877
Error          9       0.1187126      0.01319029
Total         11       0.1786917

