   1: variable x,y;
   2: parameter a,b,c;
   3: function y=a*(x^b)*exp(-c*x);
   4: Plot xlabel="x-Achse",ylabel="y-Achse";
   5: data;

Beginning computation...
Stopped due to: Relative function convergence.


   ----  Final Results  ----

NLREG version 5.4
Copyright (c) 1992-2002 Phillip H. Sherrod.  All rights reserved.
This is a registered copy of NLREG that may not be redistributed.

Number of observations = 14
Maximum allowed number of iterations = 500
Convergence tolerance factor = 1.000000E-010
Stopped due to: Relative function convergence.
Number of iterations performed = 13
Final sum of squared deviations = 9.8959658E-002
Final sum of deviations = -2.0649189E-004
Standard error of estimate = 0.094849
Average deviation = 0.0727281
Maximum deviation for any observation = 0.144683
Proportion of variance explained (R^2) = 0.3338  (33.38%)
Adjusted coefficient of multiple determination (Ra^2) = 0.2127  (21.27%)
Durbin-Watson test for autocorrelation = 2.137
Parameter values will be written to C:\Users\peleg\OneDrive\doktorát\experiment_disertace\výsledky\fin_výsl\syntax\typ3\FSM3\pov_FSM3\vysl_compl_FSM3_pov_minus_c\param_compl_FSM3_pov_06_minus_c.par
Analysis completed  8-Apr-2023 09:59.  Runtime = 0.00 seconds.


             ----  Descriptive Statistics for Variables  ----

 Variable    Minimum value   Maximum value    Mean value     Standard dev.
----------  --------------  --------------  --------------  --------------
         x               1           32.14        9.602857         8.13425
         y               2            2.43        2.274286       0.1068942


                   ----  Calculated Parameter Values  ----

 Parameter  Initial guess   Final estimate   Standard error      t      Prob(t)
----------  -------------  ----------------  --------------  ---------  -------
         a              1        2.13826191      0.06933353      30.84  0.00001
         b              1      0.0618205098      0.02708951       2.28  0.04338
         c              1     0.00598641232     0.003046616       1.96  0.07518


                  ----  Analysis of Variance  ----

  Source     DF   Sum of Squares    Mean Square    F value   Prob(F)
----------  ----  --------------  --------------  ---------  -------
Regression     2       0.0495832       0.0247916       2.76  0.10711
Error         11      0.09895966     0.008996333
Total         13       0.1485429

